#
# There is insufficient memory for the Java Runtime Environment to continue.
# Native memory allocation (malloc) failed to allocate 32744 bytes for ChunkPool::allocate
# Possible reasons:
#   The system is out of physical RAM or swap space
#   The process is running with CompressedOops enabled, and the Java Heap may be blocking the growth of the native heap
# Possible solutions:
#   Reduce memory load on the system
#   Increase physical memory or swap space
#   Check if swap backing store is full
#   Decrease Java heap size (-Xmx/-Xms)
#   Decrease number of Java threads
#   Decrease Java thread stack sizes (-Xss)
#   Set larger code cache with -XX:ReservedCodeCacheSize=
#   JVM is running with Unscaled Compressed Oops mode in which the Java heap is
#     placed in the first 4GB address space. The Java Heap base address is the
#     maximum limit for the native heap growth. Please use -XX:HeapBaseMinAddress
#     to set the Java Heap base and to place the Java Heap above 4GB virtual address.
# This output file may be truncated or incomplete.
#
#  Out of Memory Error (arena.cpp:78), pid=7836, tid=8052
#
# JRE version: Java(TM) SE Runtime Environment (17.0.1+12) (build 17.0.1+12-LTS-39)
# Java VM: Java HotSpot(TM) 64-Bit Server VM (17.0.1+12-LTS-39, mixed mode, sharing, tiered, compressed oops, compressed class ptrs, g1 gc, windows-amd64)
# No core dump will be written. Minidumps are not enabled by default on client versions of Windows
#

---------------  S U M M A R Y ------------

Command Line: -ea -Dfile.encoding=Cp1252 -XX:+ShowCodeDetailsInExceptionMessages org.testng.remote.RemoteTestNG -serport 60006 -protocol json -d G:\AutomationProject\test-output G:\AutomationProject\testng.xml

Host: Intel(R) Core(TM) i5-7200U CPU @ 2.50GHz, 4 cores, 3G,  Windows 10 , 64 bit Build 19041 (10.0.19041.292)
Time: Tue Mar  8 12:26:47 2022 Egypt Standard Time elapsed time: 23.523377 seconds (0d 0h 0m 23s)

---------------  T H R E A D  ---------------

Current thread (0x00000266919a4990):  JavaThread "C2 CompilerThread0" daemon [_thread_in_native, id=8052, stack(0x000000c893500000,0x000000c893600000)]


Current CompileTask:
C2:  23523 2488   !   4       jdk.internal.loader.URLClassPath$JarLoader::getResource (354 bytes)

Stack: [0x000000c893500000,0x000000c893600000]
Native frames: (J=compiled Java code, j=interpreted, Vv=VM code, C=native code)
V  [jvm.dll+0x66fa1a]
V  [jvm.dll+0x7ce5a4]
V  [jvm.dll+0x7cfd4e]
V  [jvm.dll+0x7d03b3]
V  [jvm.dll+0x242b05]
V  [jvm.dll+0xaa2a0]
V  [jvm.dll+0xaa5ec]
V  [jvm.dll+0x365470]
V  [jvm.dll+0x3649c1]
V  [jvm.dll+0x364a04]
V  [jvm.dll+0x55a8c5]
V  [jvm.dll+0x55b0f3]
V  [jvm.dll+0x329f80]
V  [jvm.dll+0x3293fa]
V  [jvm.dll+0x215bf1]
V  [jvm.dll+0x215011]
V  [jvm.dll+0x1a168d]
V  [jvm.dll+0x224848]
V  [jvm.dll+0x2229ac]
V  [jvm.dll+0x78435b]
V  [jvm.dll+0x77e91a]
V  [jvm.dll+0x66e845]
C  [ucrtbase.dll+0x214c2]
C  [KERNEL32.DLL+0x16fd4]
C  [ntdll.dll+0x4cec1]


---------------  P R O C E S S  ---------------

Threads class SMR info:
_java_thread_list=0x00000266ac9c8080, length=30, elements={
0x00000266918dbd30, 0x000002669198c8c0, 0x000002669198f3e0, 0x00000266919a0ee0,
0x00000266919a28a0, 0x00000266919a3250, 0x00000266919a3c00, 0x00000266919a4990,
0x00000266919ae970, 0x00000266ac9a9150, 0x00000266ad44c8b0, 0x00000266ad459070,
0x00000266ad85b750, 0x00000266addf69f0, 0x00000266ade68030, 0x00000266ade68500,
0x00000266ae61e030, 0x00000266ae8188c0, 0x00000266adee0c90, 0x00000266adee02f0,
0x00000266adee1fd0, 0x00000266adee3310, 0x00000266adee37e0, 0x00000266adee07c0,
0x00000266adee2970, 0x00000266adee1b00, 0x00000266adee2e40, 0x00000266adedfe20,
0x00000266adee1630, 0x00000266b11ef440
}

Java Threads: ( => current thread )
  0x00000266918dbd30 JavaThread "Forwarding newSession on session null to remote" [_thread_blocked, id=12208, stack(0x000000c892800000,0x000000c892900000)]
  0x000002669198c8c0 JavaThread "Reference Handler" daemon [_thread_blocked, id=4768, stack(0x000000c892f00000,0x000000c893000000)]
  0x000002669198f3e0 JavaThread "Finalizer" daemon [_thread_blocked, id=12012, stack(0x000000c893000000,0x000000c893100000)]
  0x00000266919a0ee0 JavaThread "Signal Dispatcher" daemon [_thread_blocked, id=2840, stack(0x000000c893100000,0x000000c893200000)]
  0x00000266919a28a0 JavaThread "Attach Listener" daemon [_thread_blocked, id=2324, stack(0x000000c893200000,0x000000c893300000)]
  0x00000266919a3250 JavaThread "Service Thread" daemon [_thread_blocked, id=8412, stack(0x000000c893300000,0x000000c893400000)]
  0x00000266919a3c00 JavaThread "Monitor Deflation Thread" daemon [_thread_blocked, id=2252, stack(0x000000c893400000,0x000000c893500000)]
=>0x00000266919a4990 JavaThread "C2 CompilerThread0" daemon [_thread_in_native, id=8052, stack(0x000000c893500000,0x000000c893600000)]
  0x00000266919ae970 JavaThread "C1 CompilerThread0" daemon [_thread_blocked, id=5732, stack(0x000000c893600000,0x000000c893700000)]
  0x00000266ac9a9150 JavaThread "Sweeper thread" daemon [_thread_blocked, id=6192, stack(0x000000c893700000,0x000000c893800000)]
  0x00000266ad44c8b0 JavaThread "Notification Thread" daemon [_thread_blocked, id=11800, stack(0x000000c893800000,0x000000c893900000)]
  0x00000266ad459070 JavaThread "Common-Cleaner" daemon [_thread_blocked, id=8516, stack(0x000000c893a00000,0x000000c893b00000)]
  0x00000266ad85b750 JavaThread "ReaderThread" [_thread_in_native, id=6748, stack(0x000000c893c00000,0x000000c893d00000)]
  0x00000266addf69f0 JavaThread "ForkJoinPool.commonPool-worker-1" daemon [_thread_blocked, id=7652, stack(0x000000c894200000,0x000000c894300000)]
  0x00000266ade68030 JavaThread "ForkJoinPool.commonPool-worker-2" daemon [_thread_blocked, id=10140, stack(0x000000c894300000,0x000000c894400000)]
  0x00000266ade68500 JavaThread "ForkJoinPool.commonPool-worker-3" daemon [_thread_blocked, id=8188, stack(0x000000c894400000,0x000000c894500000)]
  0x00000266ae61e030 JavaThread "Java2D Disposer" daemon [_thread_blocked, id=10864, stack(0x000000c894100000,0x000000c894200000)]
  0x00000266ae8188c0 JavaThread "AWT-Shutdown" [_thread_blocked, id=3572, stack(0x000000c894500000,0x000000c894600000)]
  0x00000266adee0c90 JavaThread "AWT-Windows" daemon [_thread_in_native, id=1176, stack(0x000000c894600000,0x000000c894700000)]
  0x00000266adee02f0 JavaThread "pool-1-thread-1" [_thread_blocked, id=9748, stack(0x000000c894800000,0x000000c894900000)]
  0x00000266adee1fd0 JavaThread "pool-2-thread-1" [_thread_blocked, id=9048, stack(0x000000c894900000,0x000000c894a00000)]
  0x00000266adee3310 JavaThread "AsyncHttpClient-1-1" daemon [_thread_blocked, id=11384, stack(0x000000c894b00000,0x000000c894c00000)]
  0x00000266adee37e0 JavaThread "Exec Default Executor" daemon [_thread_in_native, id=5148, stack(0x000000c894c00000,0x000000c894d00000)]
  0x00000266adee07c0 JavaThread "Driver Service Executor" daemon [_thread_blocked, id=6824, stack(0x000000c894d00000,0x000000c894e00000)]
  0x00000266adee2970 JavaThread "Driver Service Executor" daemon [_thread_blocked, id=7372, stack(0x000000c894e00000,0x000000c894f00000)]
  0x00000266adee1b00 JavaThread "UrlChecker-2" daemon [_thread_blocked, id=6000, stack(0x000000c894f00000,0x000000c895000000)]
  0x00000266adee2e40 JavaThread "Exec Stream Pumper" daemon [_thread_in_native, id=4892, stack(0x000000c894700000,0x000000c894800000)]
  0x00000266adedfe20 JavaThread "Exec Stream Pumper" daemon [_thread_in_native, id=9820, stack(0x000000c895000000,0x000000c895100000)]
  0x00000266adee1630 JavaThread "Keep-Alive-Timer" daemon [_thread_blocked, id=10572, stack(0x000000c895100000,0x000000c895200000)]
  0x00000266b11ef440 JavaThread "AsyncHttpClient-1-2" daemon [_thread_in_native, id=9364, stack(0x000000c895200000,0x000000c895300000)]

Other Threads:
  0x0000026691985d50 VMThread "VM Thread" [stack: 0x000000c892e00000,0x000000c892f00000] [id=11828]
  0x00000266ad4503d0 WatcherThread [stack: 0x000000c893900000,0x000000c893a00000] [id=11496]
  0x00000266919081e0 GCTaskThread "GC Thread#0" [stack: 0x000000c892900000,0x000000c892a00000] [id=5548]
  0x00000266addf9610 GCTaskThread "GC Thread#1" [stack: 0x000000c893d00000,0x000000c893e00000] [id=9928]
  0x00000266addea450 GCTaskThread "GC Thread#2" [stack: 0x000000c893e00000,0x000000c893f00000] [id=8372]
  0x00000266addea700 GCTaskThread "GC Thread#3" [stack: 0x000000c893f00000,0x000000c894000000] [id=8152]
  0x0000026691911a30 ConcurrentGCThread "G1 Main Marker" [stack: 0x000000c892a00000,0x000000c892b00000] [id=10020]
  0x0000026691912d20 ConcurrentGCThread "G1 Conc#0" [stack: 0x000000c892b00000,0x000000c892c00000] [id=10620]
  0x0000026691952470 ConcurrentGCThread "G1 Refine#0" [stack: 0x000000c892c00000,0x000000c892d00000] [id=7384]
  0x00000266addf8220 ConcurrentGCThread "G1 Refine#1" [stack: 0x000000c894000000,0x000000c894100000] [id=1888]
  0x00000266ae384640 ConcurrentGCThread "G1 Refine#2" [stack: 0x000000c894a00000,0x000000c894b00000] [id=11628]
  0x0000026691952e90 ConcurrentGCThread "G1 Service" [stack: 0x000000c892d00000,0x000000c892e00000] [id=1608]

Threads with active compile tasks:
C2 CompilerThread0    23714 2488   !   4       jdk.internal.loader.URLClassPath$JarLoader::getResource (354 bytes)

VM state: not at safepoint (normal execution)

VM Mutex/Monitor currently owned by a thread: None

OutOfMemory and StackOverflow Exception counts:
OutOfMemoryError java_heap_errors=1
LinkageErrors=51

Heap address: 0x00000000c3800000, size: 968 MB, Compressed Oops mode: 32-bit

CDS archive(s) mapped at: [0x0000000800000000-0x0000000800bc0000-0x0000000800bc0000), size 12320768, SharedBaseAddress: 0x0000000800000000, ArchiveRelocationMode: 0.
Compressed class space mapped at: 0x0000000800c00000-0x0000000840c00000, reserved size: 1073741824
Narrow klass base: 0x0000000800000000, Narrow klass shift: 0, Narrow klass range: 0x100000000

GC Precious Log:
 CPUs: 4 total, 4 available
 Memory: 3869M
 Large Page Support: Disabled
 NUMA Support: Disabled
 Compressed Oops: Enabled (32-bit)
 Heap Region Size: 1M
 Heap Min Capacity: 8M
 Heap Initial Capacity: 62M
 Heap Max Capacity: 968M
 Pre-touch: Disabled
 Parallel Workers: 4
 Concurrent Workers: 1
 Concurrent Refinement Workers: 4
 Periodic GC: Disabled

Heap:
 garbage-first heap   total 160768K, used 110003K [0x00000000c3800000, 0x0000000100000000)
  region size 1024K, 11 young (11264K), 1 survivors (1024K)
 Metaspace       used 24397K, committed 24640K, reserved 1073152K
  class space    used 2902K, committed 3008K, reserved 1048576K

Heap Regions: E=young(eden), S=young(survivor), O=old, HS=humongous(starts), HC=humongous(continues), CS=collection set, F=free, OA=open archive, CA=closed archive, TAMS=top-at-mark-start (previous, next)
|   0|0x00000000c3800000, 0x00000000c3900000, 0x00000000c3900000|100%| O|  |TAMS 0x00000000c3900000, 0x00000000c3800000| Untracked 
|   1|0x00000000c3900000, 0x00000000c3a00000, 0x00000000c3a00000|100%| O|  |TAMS 0x00000000c3a00000, 0x00000000c3900000| Untracked 
|   2|0x00000000c3a00000, 0x00000000c3b00000, 0x00000000c3b00000|100%| O|  |TAMS 0x00000000c3b00000, 0x00000000c3a00000| Untracked 
|   3|0x00000000c3b00000, 0x00000000c3c00000, 0x00000000c3c00000|100%| O|  |TAMS 0x00000000c3c00000, 0x00000000c3b00000| Untracked 
|   4|0x00000000c3c00000, 0x00000000c3d00000, 0x00000000c3d00000|100%| O|  |TAMS 0x00000000c3d00000, 0x00000000c3c00000| Untracked 
|   5|0x00000000c3d00000, 0x00000000c3e00000, 0x00000000c3e00000|100%| O|  |TAMS 0x00000000c3e00000, 0x00000000c3d00000| Untracked 
|   6|0x00000000c3e00000, 0x00000000c3f00000, 0x00000000c3f00000|100%|HS|  |TAMS 0x00000000c3f00000, 0x00000000c3e00000| Complete 
|   7|0x00000000c3f00000, 0x00000000c4000000, 0x00000000c4000000|100%|HC|  |TAMS 0x00000000c4000000, 0x00000000c3f00000| Complete 
|   8|0x00000000c4000000, 0x00000000c4100000, 0x00000000c4100000|100%|HC|  |TAMS 0x00000000c4100000, 0x00000000c4000000| Complete 
|   9|0x00000000c4100000, 0x00000000c4200000, 0x00000000c4200000|100%|HC|  |TAMS 0x00000000c4200000, 0x00000000c4100000| Complete 
|  10|0x00000000c4200000, 0x00000000c4300000, 0x00000000c4300000|100%|HC|  |TAMS 0x00000000c4300000, 0x00000000c4200000| Complete 
|  11|0x00000000c4300000, 0x00000000c4400000, 0x00000000c4400000|100%|HS|  |TAMS 0x00000000c4400000, 0x00000000c4300000| Complete 
|  12|0x00000000c4400000, 0x00000000c4500000, 0x00000000c4500000|100%|HC|  |TAMS 0x00000000c4500000, 0x00000000c4400000| Complete 
|  13|0x00000000c4500000, 0x00000000c4600000, 0x00000000c4600000|100%|HC|  |TAMS 0x00000000c4600000, 0x00000000c4500000| Complete 
|  14|0x00000000c4600000, 0x00000000c4700000, 0x00000000c4700000|100%|HC|  |TAMS 0x00000000c4700000, 0x00000000c4600000| Complete 
|  15|0x00000000c4700000, 0x00000000c4800000, 0x00000000c4800000|100%|HC|  |TAMS 0x00000000c4800000, 0x00000000c4700000| Complete 
|  16|0x00000000c4800000, 0x00000000c4800000, 0x00000000c4900000|  0%| F|  |TAMS 0x00000000c4800000, 0x00000000c4800000| Untracked 
|  17|0x00000000c4900000, 0x00000000c4a00000, 0x00000000c4a00000|100%|HS|  |TAMS 0x00000000c4a00000, 0x00000000c4900000| Complete 
|  18|0x00000000c4a00000, 0x00000000c4b00000, 0x00000000c4b00000|100%|HC|  |TAMS 0x00000000c4b00000, 0x00000000c4a00000| Complete 
|  19|0x00000000c4b00000, 0x00000000c4c00000, 0x00000000c4c00000|100%|HC|  |TAMS 0x00000000c4c00000, 0x00000000c4b00000| Complete 
|  20|0x00000000c4c00000, 0x00000000c4d00000, 0x00000000c4d00000|100%|HC|  |TAMS 0x00000000c4d00000, 0x00000000c4c00000| Complete 
|  21|0x00000000c4d00000, 0x00000000c4e00000, 0x00000000c4e00000|100%|HC|  |TAMS 0x00000000c4e00000, 0x00000000c4d00000| Complete 
|  22|0x00000000c4e00000, 0x00000000c4f00000, 0x00000000c4f00000|100%|HS|  |TAMS 0x00000000c4f00000, 0x00000000c4e00000| Complete 
|  23|0x00000000c4f00000, 0x00000000c5000000, 0x00000000c5000000|100%|HC|  |TAMS 0x00000000c5000000, 0x00000000c4f00000| Complete 
|  24|0x00000000c5000000, 0x00000000c5100000, 0x00000000c5100000|100%|HC|  |TAMS 0x00000000c5100000, 0x00000000c5000000| Complete 
|  25|0x00000000c5100000, 0x00000000c5200000, 0x00000000c5200000|100%|HC|  |TAMS 0x00000000c5200000, 0x00000000c5100000| Complete 
|  26|0x00000000c5200000, 0x00000000c5300000, 0x00000000c5300000|100%|HC|  |TAMS 0x00000000c5300000, 0x00000000c5200000| Complete 
|  27|0x00000000c5300000, 0x00000000c5400000, 0x00000000c5400000|100%|HS|  |TAMS 0x00000000c5300000, 0x00000000c5300000| Complete 
|  28|0x00000000c5400000, 0x00000000c5500000, 0x00000000c5500000|100%|HC|  |TAMS 0x00000000c5400000, 0x00000000c5400000| Complete 
|  29|0x00000000c5500000, 0x00000000c5600000, 0x00000000c5600000|100%|HC|  |TAMS 0x00000000c5500000, 0x00000000c5500000| Complete 
|  30|0x00000000c5600000, 0x00000000c5700000, 0x00000000c5700000|100%|HC|  |TAMS 0x00000000c5600000, 0x00000000c5600000| Complete 
|  31|0x00000000c5700000, 0x00000000c5800000, 0x00000000c5800000|100%|HC|  |TAMS 0x00000000c5700000, 0x00000000c5700000| Complete 
|  32|0x00000000c5800000, 0x00000000c5900000, 0x00000000c5900000|100%| O|  |TAMS 0x00000000c5900000, 0x00000000c5800000| Untracked 
|  33|0x00000000c5900000, 0x00000000c5a00000, 0x00000000c5a00000|100%| O|  |TAMS 0x00000000c5a00000, 0x00000000c5900000| Untracked 
|  34|0x00000000c5a00000, 0x00000000c5b00000, 0x00000000c5b00000|100%|HS|  |TAMS 0x00000000c5a00000, 0x00000000c5a00000| Complete 
|  35|0x00000000c5b00000, 0x00000000c5c00000, 0x00000000c5c00000|100%|HC|  |TAMS 0x00000000c5b00000, 0x00000000c5b00000| Complete 
|  36|0x00000000c5c00000, 0x00000000c5d00000, 0x00000000c5d00000|100%|HC|  |TAMS 0x00000000c5c00000, 0x00000000c5c00000| Complete 
|  37|0x00000000c5d00000, 0x00000000c5e00000, 0x00000000c5e00000|100%|HC|  |TAMS 0x00000000c5d00000, 0x00000000c5d00000| Complete 
|  38|0x00000000c5e00000, 0x00000000c5f00000, 0x00000000c5f00000|100%|HC|  |TAMS 0x00000000c5e00000, 0x00000000c5e00000| Complete 
|  39|0x00000000c5f00000, 0x00000000c6000000, 0x00000000c6000000|100%| O|  |TAMS 0x00000000c6000000, 0x00000000c5f00000| Untracked 
|  40|0x00000000c6000000, 0x00000000c6100000, 0x00000000c6100000|100%|HS|  |TAMS 0x00000000c6100000, 0x00000000c6000000| Complete 
|  41|0x00000000c6100000, 0x00000000c6200000, 0x00000000c6200000|100%|HC|  |TAMS 0x00000000c6200000, 0x00000000c6100000| Complete 
|  42|0x00000000c6200000, 0x00000000c6300000, 0x00000000c6300000|100%|HS|  |TAMS 0x00000000c6200000, 0x00000000c6200000| Complete 
|  43|0x00000000c6300000, 0x00000000c6400000, 0x00000000c6400000|100%|HC|  |TAMS 0x00000000c6300000, 0x00000000c6300000| Complete 
|  44|0x00000000c6400000, 0x00000000c6500000, 0x00000000c6500000|100%|HC|  |TAMS 0x00000000c6400000, 0x00000000c6400000| Complete 
|  45|0x00000000c6500000, 0x00000000c6600000, 0x00000000c6600000|100%|HC|  |TAMS 0x00000000c6500000, 0x00000000c6500000| Complete 
|  46|0x00000000c6600000, 0x00000000c6700000, 0x00000000c6700000|100%|HC|  |TAMS 0x00000000c6600000, 0x00000000c6600000| Complete 
|  47|0x00000000c6700000, 0x00000000c6800000, 0x00000000c6800000|100%|HS|  |TAMS 0x00000000c6700000, 0x00000000c6700000| Complete 
|  48|0x00000000c6800000, 0x00000000c6900000, 0x00000000c6900000|100%|HC|  |TAMS 0x00000000c6800000, 0x00000000c6800000| Complete 
|  49|0x00000000c6900000, 0x00000000c6a00000, 0x00000000c6a00000|100%|HC|  |TAMS 0x00000000c6900000, 0x00000000c6900000| Complete 
|  50|0x00000000c6a00000, 0x00000000c6b00000, 0x00000000c6b00000|100%|HC|  |TAMS 0x00000000c6a00000, 0x00000000c6a00000| Complete 
|  51|0x00000000c6b00000, 0x00000000c6c00000, 0x00000000c6c00000|100%|HC|  |TAMS 0x00000000c6b00000, 0x00000000c6b00000| Complete 
|  52|0x00000000c6c00000, 0x00000000c6d00000, 0x00000000c6d00000|100%|HS|  |TAMS 0x00000000c6c00000, 0x00000000c6c00000| Complete 
|  53|0x00000000c6d00000, 0x00000000c6e00000, 0x00000000c6e00000|100%|HC|  |TAMS 0x00000000c6d00000, 0x00000000c6d00000| Complete 
|  54|0x00000000c6e00000, 0x00000000c6f00000, 0x00000000c6f00000|100%|HC|  |TAMS 0x00000000c6e00000, 0x00000000c6e00000| Complete 
|  55|0x00000000c6f00000, 0x00000000c7000000, 0x00000000c7000000|100%|HC|  |TAMS 0x00000000c6f00000, 0x00000000c6f00000| Complete 
|  56|0x00000000c7000000, 0x00000000c7100000, 0x00000000c7100000|100%|HC|  |TAMS 0x00000000c7000000, 0x00000000c7000000| Complete 
|  57|0x00000000c7100000, 0x00000000c7200000, 0x00000000c7200000|100%|HS|  |TAMS 0x00000000c7200000, 0x00000000c7100000| Complete 
|  58|0x00000000c7200000, 0x00000000c7300000, 0x00000000c7300000|100%|HC|  |TAMS 0x00000000c7300000, 0x00000000c7200000| Complete 
|  59|0x00000000c7300000, 0x00000000c7400000, 0x00000000c7400000|100%|HC|  |TAMS 0x00000000c7400000, 0x00000000c7300000| Complete 
|  60|0x00000000c7400000, 0x00000000c7500000, 0x00000000c7500000|100%|HC|  |TAMS 0x00000000c7500000, 0x00000000c7400000| Complete 
|  61|0x00000000c7500000, 0x00000000c7600000, 0x00000000c7600000|100%|HC|  |TAMS 0x00000000c7600000, 0x00000000c7500000| Complete 
|  62|0x00000000c7600000, 0x00000000c7600000, 0x00000000c7700000|  0%| F|  |TAMS 0x00000000c7600000, 0x00000000c7600000| Untracked 
|  63|0x00000000c7700000, 0x00000000c7700000, 0x00000000c7800000|  0%| F|  |TAMS 0x00000000c7700000, 0x00000000c7700000| Untracked 
|  64|0x00000000c7800000, 0x00000000c7800000, 0x00000000c7900000|  0%| F|  |TAMS 0x00000000c7800000, 0x00000000c7800000| Untracked 
|  65|0x00000000c7900000, 0x00000000c793de00, 0x00000000c7a00000| 24%| O|  |TAMS 0x00000000c793d000, 0x00000000c7900000| Untracked 
|  66|0x00000000c7a00000, 0x00000000c7a00000, 0x00000000c7b00000|  0%| F|  |TAMS 0x00000000c7a00000, 0x00000000c7a00000| Untracked 
|  67|0x00000000c7b00000, 0x00000000c7b00000, 0x00000000c7c00000|  0%| F|  |TAMS 0x00000000c7b00000, 0x00000000c7b00000| Untracked 
|  68|0x00000000c7c00000, 0x00000000c7c00000, 0x00000000c7d00000|  0%| F|  |TAMS 0x00000000c7c00000, 0x00000000c7c00000| Untracked 
|  69|0x00000000c7d00000, 0x00000000c7d00000, 0x00000000c7e00000|  0%| F|  |TAMS 0x00000000c7d00000, 0x00000000c7d00000| Untracked 
|  70|0x00000000c7e00000, 0x00000000c7f00000, 0x00000000c7f00000|100%| O|  |TAMS 0x00000000c7f00000, 0x00000000c7e00000| Untracked 
|  71|0x00000000c7f00000, 0x00000000c8000000, 0x00000000c8000000|100%| O|  |TAMS 0x00000000c8000000, 0x00000000c7f00000| Complete 
|  72|0x00000000c8000000, 0x00000000c8100000, 0x00000000c8100000|100%|HS|  |TAMS 0x00000000c8100000, 0x00000000c8000000| Complete 
|  73|0x00000000c8100000, 0x00000000c8200000, 0x00000000c8200000|100%|HC|  |TAMS 0x00000000c8200000, 0x00000000c8100000| Complete 
|  74|0x00000000c8200000, 0x00000000c8300000, 0x00000000c8300000|100%|HC|  |TAMS 0x00000000c8300000, 0x00000000c8200000| Complete 
|  75|0x00000000c8300000, 0x00000000c8400000, 0x00000000c8400000|100%|HC|  |TAMS 0x00000000c8400000, 0x00000000c8300000| Complete 
|  76|0x00000000c8400000, 0x00000000c8500000, 0x00000000c8500000|100%|HC|  |TAMS 0x00000000c8500000, 0x00000000c8400000| Complete 
|  77|0x00000000c8500000, 0x00000000c8600000, 0x00000000c8600000|100%|HS|  |TAMS 0x00000000c8500000, 0x00000000c8500000| Complete 
|  78|0x00000000c8600000, 0x00000000c8700000, 0x00000000c8700000|100%|HC|  |TAMS 0x00000000c8600000, 0x00000000c8600000| Complete 
|  79|0x00000000c8700000, 0x00000000c8800000, 0x00000000c8800000|100%|HC|  |TAMS 0x00000000c8700000, 0x00000000c8700000| Complete 
|  80|0x00000000c8800000, 0x00000000c8900000, 0x00000000c8900000|100%|HC|  |TAMS 0x00000000c8800000, 0x00000000c8800000| Complete 
|  81|0x00000000c8900000, 0x00000000c8a00000, 0x00000000c8a00000|100%|HC|  |TAMS 0x00000000c8900000, 0x00000000c8900000| Complete 
|  82|0x00000000c8a00000, 0x00000000c8b00000, 0x00000000c8b00000|100%|HS|  |TAMS 0x00000000c8a00000, 0x00000000c8a00000| Complete 
|  83|0x00000000c8b00000, 0x00000000c8c00000, 0x00000000c8c00000|100%|HC|  |TAMS 0x00000000c8b00000, 0x00000000c8b00000| Complete 
|  84|0x00000000c8c00000, 0x00000000c8d00000, 0x00000000c8d00000|100%|HC|  |TAMS 0x00000000c8c00000, 0x00000000c8c00000| Complete 
|  85|0x00000000c8d00000, 0x00000000c8e00000, 0x00000000c8e00000|100%|HC|  |TAMS 0x00000000c8d00000, 0x00000000c8d00000| Complete 
|  86|0x00000000c8e00000, 0x00000000c8f00000, 0x00000000c8f00000|100%|HC|  |TAMS 0x00000000c8e00000, 0x00000000c8e00000| Complete 
|  87|0x00000000c8f00000, 0x00000000c9000000, 0x00000000c9000000|100%|HS|  |TAMS 0x00000000c8f00000, 0x00000000c8f00000| Complete 
|  88|0x00000000c9000000, 0x00000000c9100000, 0x00000000c9100000|100%|HC|  |TAMS 0x00000000c9000000, 0x00000000c9000000| Complete 
|  89|0x00000000c9100000, 0x00000000c9200000, 0x00000000c9200000|100%|HC|  |TAMS 0x00000000c9100000, 0x00000000c9100000| Complete 
|  90|0x00000000c9200000, 0x00000000c9300000, 0x00000000c9300000|100%|HC|  |TAMS 0x00000000c9200000, 0x00000000c9200000| Complete 
|  91|0x00000000c9300000, 0x00000000c9400000, 0x00000000c9400000|100%|HC|  |TAMS 0x00000000c9300000, 0x00000000c9300000| Complete 
|  92|0x00000000c9400000, 0x00000000c9500000, 0x00000000c9500000|100%|HS|  |TAMS 0x00000000c9400000, 0x00000000c9400000| Complete 
|  93|0x00000000c9500000, 0x00000000c9600000, 0x00000000c9600000|100%|HC|  |TAMS 0x00000000c9500000, 0x00000000c9500000| Complete 
|  94|0x00000000c9600000, 0x00000000c9700000, 0x00000000c9700000|100%|HC|  |TAMS 0x00000000c9600000, 0x00000000c9600000| Complete 
|  95|0x00000000c9700000, 0x00000000c9800000, 0x00000000c9800000|100%|HC|  |TAMS 0x00000000c9700000, 0x00000000c9700000| Complete 
|  96|0x00000000c9800000, 0x00000000c9900000, 0x00000000c9900000|100%|HC|  |TAMS 0x00000000c9800000, 0x00000000c9800000| Complete 
|  97|0x00000000c9900000, 0x00000000c9a00000, 0x00000000c9a00000|100%|HS|  |TAMS 0x00000000c9900000, 0x00000000c9900000| Complete 
|  98|0x00000000c9a00000, 0x00000000c9b00000, 0x00000000c9b00000|100%|HC|  |TAMS 0x00000000c9a00000, 0x00000000c9a00000| Complete 
|  99|0x00000000c9b00000, 0x00000000c9c00000, 0x00000000c9c00000|100%|HC|  |TAMS 0x00000000c9b00000, 0x00000000c9b00000| Complete 
| 100|0x00000000c9c00000, 0x00000000c9d00000, 0x00000000c9d00000|100%|HC|  |TAMS 0x00000000c9c00000, 0x00000000c9c00000| Complete 
| 101|0x00000000c9d00000, 0x00000000c9e00000, 0x00000000c9e00000|100%|HC|  |TAMS 0x00000000c9d00000, 0x00000000c9d00000| Complete 
| 102|0x00000000c9e00000, 0x00000000c9f00000, 0x00000000c9f00000|100%|HS|  |TAMS 0x00000000c9e00000, 0x00000000c9e00000| Complete 
| 103|0x00000000c9f00000, 0x00000000ca000000, 0x00000000ca000000|100%|HC|  |TAMS 0x00000000c9f00000, 0x00000000c9f00000| Complete 
| 104|0x00000000ca000000, 0x00000000ca100000, 0x00000000ca100000|100%|HC|  |TAMS 0x00000000ca000000, 0x00000000ca000000| Complete 
| 105|0x00000000ca100000, 0x00000000ca200000, 0x00000000ca200000|100%|HC|  |TAMS 0x00000000ca100000, 0x00000000ca100000| Complete 
| 106|0x00000000ca200000, 0x00000000ca300000, 0x00000000ca300000|100%|HC|  |TAMS 0x00000000ca200000, 0x00000000ca200000| Complete 
| 107|0x00000000ca300000, 0x00000000ca300000, 0x00000000ca400000|  0%| F|  |TAMS 0x00000000ca300000, 0x00000000ca300000| Untracked 
| 108|0x00000000ca400000, 0x00000000ca400000, 0x00000000ca500000|  0%| F|  |TAMS 0x00000000ca400000, 0x00000000ca400000| Untracked 
| 109|0x00000000ca500000, 0x00000000ca500000, 0x00000000ca600000|  0%| F|  |TAMS 0x00000000ca500000, 0x00000000ca500000| Untracked 
| 110|0x00000000ca600000, 0x00000000ca600000, 0x00000000ca700000|  0%| F|  |TAMS 0x00000000ca600000, 0x00000000ca600000| Untracked 
| 111|0x00000000ca700000, 0x00000000ca700000, 0x00000000ca800000|  0%| F|  |TAMS 0x00000000ca700000, 0x00000000ca700000| Untracked 
| 112|0x00000000ca800000, 0x00000000ca800000, 0x00000000ca900000|  0%| F|  |TAMS 0x00000000ca800000, 0x00000000ca800000| Untracked 
| 113|0x00000000ca900000, 0x00000000ca900000, 0x00000000caa00000|  0%| F|  |TAMS 0x00000000ca900000, 0x00000000ca900000| Untracked 
| 114|0x00000000caa00000, 0x00000000caa00000, 0x00000000cab00000|  0%| F|  |TAMS 0x00000000caa00000, 0x00000000caa00000| Untracked 
| 115|0x00000000cab00000, 0x00000000cab00000, 0x00000000cac00000|  0%| F|  |TAMS 0x00000000cab00000, 0x00000000cab00000| Untracked 
| 116|0x00000000cac00000, 0x00000000cac00000, 0x00000000cad00000|  0%| F|  |TAMS 0x00000000cac00000, 0x00000000cac00000| Untracked 
| 117|0x00000000cad00000, 0x00000000cad00000, 0x00000000cae00000|  0%| F|  |TAMS 0x00000000cad00000, 0x00000000cad00000| Untracked 
| 118|0x00000000cae00000, 0x00000000cae00000, 0x00000000caf00000|  0%| F|  |TAMS 0x00000000cae00000, 0x00000000cae00000| Untracked 
| 119|0x00000000caf00000, 0x00000000caf00000, 0x00000000cb000000|  0%| F|  |TAMS 0x00000000caf00000, 0x00000000caf00000| Untracked 
| 120|0x00000000cb000000, 0x00000000cb000000, 0x00000000cb100000|  0%| F|  |TAMS 0x00000000cb000000, 0x00000000cb000000| Untracked 
| 121|0x00000000cb100000, 0x00000000cb100000, 0x00000000cb200000|  0%| F|  |TAMS 0x00000000cb100000, 0x00000000cb100000| Untracked 
| 122|0x00000000cb200000, 0x00000000cb200000, 0x00000000cb300000|  0%| F|  |TAMS 0x00000000cb200000, 0x00000000cb200000| Untracked 
| 123|0x00000000cb300000, 0x00000000cb300000, 0x00000000cb400000|  0%| F|  |TAMS 0x00000000cb300000, 0x00000000cb300000| Untracked 
| 124|0x00000000cb400000, 0x00000000cb400000, 0x00000000cb500000|  0%| F|  |TAMS 0x00000000cb400000, 0x00000000cb400000| Untracked 
| 125|0x00000000cb500000, 0x00000000cb500000, 0x00000000cb600000|  0%| F|  |TAMS 0x00000000cb500000, 0x00000000cb500000| Untracked 
| 126|0x00000000cb600000, 0x00000000cb600000, 0x00000000cb700000|  0%| F|  |TAMS 0x00000000cb600000, 0x00000000cb600000| Untracked 
| 127|0x00000000cb700000, 0x00000000cb700000, 0x00000000cb800000|  0%| F|  |TAMS 0x00000000cb700000, 0x00000000cb700000| Untracked 
| 128|0x00000000cb800000, 0x00000000cb800000, 0x00000000cb900000|  0%| F|  |TAMS 0x00000000cb800000, 0x00000000cb800000| Untracked 
| 129|0x00000000cb900000, 0x00000000cb900000, 0x00000000cba00000|  0%| F|  |TAMS 0x00000000cb900000, 0x00000000cb900000| Untracked 
| 130|0x00000000cba00000, 0x00000000cba00000, 0x00000000cbb00000|  0%| F|  |TAMS 0x00000000cba00000, 0x00000000cba00000| Untracked 
| 131|0x00000000cbb00000, 0x00000000cbb00000, 0x00000000cbc00000|  0%| F|  |TAMS 0x00000000cbb00000, 0x00000000cbb00000| Untracked 
| 132|0x00000000cbc00000, 0x00000000cbc00000, 0x00000000cbd00000|  0%| F|  |TAMS 0x00000000cbc00000, 0x00000000cbc00000| Untracked 
| 133|0x00000000cbd00000, 0x00000000cbd00000, 0x00000000cbe00000|  0%| F|  |TAMS 0x00000000cbd00000, 0x00000000cbd00000| Untracked 
| 134|0x00000000cbe00000, 0x00000000cbe00000, 0x00000000cbf00000|  0%| F|  |TAMS 0x00000000cbe00000, 0x00000000cbe00000| Untracked 
| 135|0x00000000cbf00000, 0x00000000cbf00000, 0x00000000cc000000|  0%| F|  |TAMS 0x00000000cbf00000, 0x00000000cbf00000| Untracked 
| 136|0x00000000cc000000, 0x00000000cc000000, 0x00000000cc100000|  0%| F|  |TAMS 0x00000000cc000000, 0x00000000cc000000| Untracked 
| 137|0x00000000cc100000, 0x00000000cc100000, 0x00000000cc200000|  0%| F|  |TAMS 0x00000000cc100000, 0x00000000cc100000| Untracked 
| 138|0x00000000cc200000, 0x00000000cc200000, 0x00000000cc300000|  0%| F|  |TAMS 0x00000000cc200000, 0x00000000cc200000| Untracked 
| 139|0x00000000cc300000, 0x00000000cc300000, 0x00000000cc400000|  0%| F|  |TAMS 0x00000000cc300000, 0x00000000cc300000| Untracked 
| 140|0x00000000cc400000, 0x00000000cc400000, 0x00000000cc500000|  0%| F|  |TAMS 0x00000000cc400000, 0x00000000cc400000| Untracked 
| 141|0x00000000cc500000, 0x00000000cc500000, 0x00000000cc600000|  0%| F|  |TAMS 0x00000000cc500000, 0x00000000cc500000| Untracked 
| 142|0x00000000cc600000, 0x00000000cc600000, 0x00000000cc700000|  0%| F|  |TAMS 0x00000000cc600000, 0x00000000cc600000| Untracked 
| 143|0x00000000cc700000, 0x00000000cc700000, 0x00000000cc800000|  0%| F|  |TAMS 0x00000000cc700000, 0x00000000cc700000| Untracked 
| 144|0x00000000cc800000, 0x00000000cc800000, 0x00000000cc900000|  0%| F|  |TAMS 0x00000000cc800000, 0x00000000cc800000| Untracked 
| 145|0x00000000cc900000, 0x00000000cc900000, 0x00000000cca00000|  0%| F|  |TAMS 0x00000000cc900000, 0x00000000cc900000| Untracked 
| 146|0x00000000cca00000, 0x00000000ccaed550, 0x00000000ccb00000| 92%| E|  |TAMS 0x00000000cca00000, 0x00000000cca00000| Complete 
| 147|0x00000000ccb00000, 0x00000000ccc00000, 0x00000000ccc00000|100%| E|CS|TAMS 0x00000000ccb00000, 0x00000000ccb00000| Complete 
| 148|0x00000000ccc00000, 0x00000000ccd00000, 0x00000000ccd00000|100%| E|CS|TAMS 0x00000000ccc00000, 0x00000000ccc00000| Complete 
| 149|0x00000000ccd00000, 0x00000000cce00000, 0x00000000cce00000|100%| E|CS|TAMS 0x00000000ccd00000, 0x00000000ccd00000| Complete 
| 150|0x00000000cce00000, 0x00000000ccf00000, 0x00000000ccf00000|100%| E|CS|TAMS 0x00000000cce00000, 0x00000000cce00000| Complete 
| 151|0x00000000ccf00000, 0x00000000cd000000, 0x00000000cd000000|100%| E|CS|TAMS 0x00000000ccf00000, 0x00000000ccf00000| Complete 
| 152|0x00000000cd000000, 0x00000000cd100000, 0x00000000cd100000|100%| E|CS|TAMS 0x00000000cd000000, 0x00000000cd000000| Complete 
| 153|0x00000000cd100000, 0x00000000cd200000, 0x00000000cd200000|100%| E|CS|TAMS 0x00000000cd100000, 0x00000000cd100000| Complete 
| 154|0x00000000cd200000, 0x00000000cd22ee08, 0x00000000cd300000| 18%| S|CS|TAMS 0x00000000cd200000, 0x00000000cd200000| Complete 
| 155|0x00000000cd300000, 0x00000000cd400000, 0x00000000cd400000|100%| E|CS|TAMS 0x00000000cd300000, 0x00000000cd300000| Complete 
| 156|0x00000000cd400000, 0x00000000cd500000, 0x00000000cd500000|100%| E|CS|TAMS 0x00000000cd400000, 0x00000000cd400000| Complete 

Card table byte_map: [0x00000266a82d0000,0x00000266a84c0000] _byte_map_base: 0x00000266a7cb4000

Marking Bits (Prev, Next): (CMBitMap*) 0x0000026691909840, (CMBitMap*) 0x0000026691909800
 Prev Bits: [0x00000266a95d0000, 0x00000266aa4f0000)
 Next Bits: [0x00000266a86b0000, 0x00000266a95d0000)

Polling page: 0x000002668f7c0000

Metaspace:

Usage:
  Non-class:     20.99 MB used.
      Class:      2.83 MB used.
       Both:     23.83 MB used.

Virtual space:
  Non-class space:       24.00 MB reserved,      21.12 MB ( 88%) committed,  3 nodes.
      Class space:        1.00 GB reserved,       2.94 MB ( <1%) committed,  1 nodes.
             Both:        1.02 GB reserved,      24.06 MB (  2%) committed. 

Chunk freelists:
   Non-Class:  2.31 MB
       Class:  1.02 MB
        Both:  3.33 MB

MaxMetaspaceSize: unlimited
CompressedClassSpaceSize: 1.00 GB
Initial GC threshold: 21.00 MB
Current GC threshold: 37.00 MB
CDS: on
MetaspaceReclaimPolicy: balanced
 - commit_granule_bytes: 65536.
 - commit_granule_words: 8192.
 - virtual_space_node_default_size: 1048576.
 - enlarge_chunks_in_place: 1.
 - new_chunks_are_fully_committed: 0.
 - uncommit_free_chunks: 1.
 - use_allocation_guard: 0.
 - handle_deallocations: 1.


Internal statistics:

num_allocs_failed_limit: 3.
num_arena_births: 226.
num_arena_deaths: 0.
num_vsnodes_births: 4.
num_vsnodes_deaths: 0.
num_space_committed: 385.
num_space_uncommitted: 0.
num_chunks_returned_to_freelist: 3.
num_chunks_taken_from_freelist: 773.
num_chunk_merges: 3.
num_chunk_splits: 519.
num_chunks_enlarged: 400.
num_purges: 0.
num_inconsistent_stats: 0.

CodeHeap 'non-profiled nmethods': size=120000Kb used=1294Kb max_used=1294Kb free=118705Kb
 bounds [0x00000266a0bb0000, 0x00000266a0e20000, 0x00000266a80e0000]
CodeHeap 'profiled nmethods': size=120000Kb used=4895Kb max_used=4895Kb free=115105Kb
 bounds [0x0000026699680000, 0x0000026699b50000, 0x00000266a0bb0000]
CodeHeap 'non-nmethods': size=5760Kb used=1339Kb max_used=1379Kb free=4420Kb
 bounds [0x00000266990e0000, 0x0000026699350000, 0x0000026699680000]
 total_blobs=3185 nmethods=2517 adapters=580
 compilation: enabled
              stopped_count=0, restarted_count=0
 full_count=0

Compilation events (20 events):
Event: 23.323 Thread 0x00000266919ae970 2496       3       java.util.TreeMap$PrivateEntryIterator::nextEntry (54 bytes)
Event: 23.324 Thread 0x00000266919ae970 nmethod 2496 0x0000026699b36610 code [0x0000026699b367e0, 0x0000026699b36bc8]
Event: 23.341 Thread 0x00000266919ae970 2497       3       java.util.stream.ReduceOps$ReduceOp::<init> (10 bytes)
Event: 23.341 Thread 0x00000266919ae970 nmethod 2497 0x0000026699b36d10 code [0x0000026699b36ea0, 0x0000026699b37058]
Event: 23.349 Thread 0x00000266919ae970 2499   !   3       java.lang.invoke.MemberName::getFieldType (176 bytes)
Event: 23.351 Thread 0x00000266919ae970 nmethod 2499 0x0000026699b37110 code [0x0000026699b37440, 0x0000026699b389b8]
Event: 23.353 Thread 0x00000266919ae970 2500       3       java.lang.invoke.InvokerBytecodeGenerator::emitStoreResult (27 bytes)
Event: 23.354 Thread 0x00000266919ae970 nmethod 2500 0x0000026699b39090 code [0x0000026699b39240, 0x0000026699b39428]
Event: 23.354 Thread 0x00000266919ae970 2501       3       java.lang.invoke.LambdaForm$NamedFunction::intrinsicName (21 bytes)
Event: 23.354 Thread 0x00000266919ae970 nmethod 2501 0x0000026699b39510 code [0x0000026699b396c0, 0x0000026699b39908]
Event: 23.354 Thread 0x00000266919ae970 2506       3       java.lang.reflect.Modifier::isPrivate (12 bytes)
Event: 23.354 Thread 0x00000266919ae970 nmethod 2506 0x0000026699b39a10 code [0x0000026699b39ba0, 0x0000026699b39cf8]
Event: 23.354 Thread 0x00000266919ae970 2502       3       java.lang.invoke.LambdaForm$NamedFunction::member (26 bytes)
Event: 23.354 Thread 0x00000266919ae970 nmethod 2502 0x0000026699b39d90 code [0x0000026699b39f20, 0x0000026699b3a038]
Event: 23.354 Thread 0x00000266919ae970 2503       3       java.lang.invoke.InvokerBytecodeGenerator::isStaticallyInvocable (165 bytes)
Event: 23.357 Thread 0x00000266919ae970 nmethod 2503 0x0000026699b3a110 code [0x0000026699b3a540, 0x0000026699b3c248]
Event: 23.357 Thread 0x00000266919ae970 2504       3       java.lang.invoke.MemberName::isPrivate (8 bytes)
Event: 23.357 Thread 0x00000266919ae970 nmethod 2504 0x0000026699b3ca10 code [0x0000026699b3cba0, 0x0000026699b3cd78]
Event: 23.357 Thread 0x00000266919ae970 2505       3       java.lang.invoke.InvokerBytecodeGenerator::emitStaticInvoke (258 bytes)
Event: 23.360 Thread 0x00000266919ae970 nmethod 2505 0x0000026699b3ce10 code [0x0000026699b3d120, 0x0000026699b3e0a8]

GC Heap History (20 events):
Event: 20.415 GC heap before
{Heap before GC invocations=95 (full 0):
 garbage-first heap   total 160768K, used 69883K [0x00000000c3800000, 0x0000000100000000)
  region size 1024K, 2 young (2048K), 1 survivors (1024K)
 Metaspace       used 21947K, committed 22208K, reserved 1073152K
  class space    used 2561K, committed 2688K, reserved 1048576K
}
Event: 20.417 GC heap after
{Heap after GC invocations=96 (full 0):
 garbage-first heap   total 160768K, used 54578K [0x00000000c3800000, 0x0000000100000000)
  region size 1024K, 1 young (1024K), 1 survivors (1024K)
 Metaspace       used 21947K, committed 22208K, reserved 1073152K
  class space    used 2561K, committed 2688K, reserved 1048576K
}
Event: 20.613 GC heap before
{Heap before GC invocations=96 (full 0):
 garbage-first heap   total 160768K, used 70962K [0x00000000c3800000, 0x0000000100000000)
  region size 1024K, 3 young (3072K), 1 survivors (1024K)
 Metaspace       used 21953K, committed 22208K, reserved 1073152K
  class space    used 2561K, committed 2688K, reserved 1048576K
}
Event: 20.614 GC heap after
{Heap after GC invocations=97 (full 0):
 garbage-first heap   total 160768K, used 44308K [0x00000000c3800000, 0x0000000100000000)
  region size 1024K, 1 young (1024K), 1 survivors (1024K)
 Metaspace       used 21953K, committed 22208K, reserved 1073152K
  class space    used 2561K, committed 2688K, reserved 1048576K
}
Event: 21.080 GC heap before
{Heap before GC invocations=97 (full 0):
 garbage-first heap   total 160768K, used 71956K [0x00000000c3800000, 0x0000000100000000)
  region size 1024K, 4 young (4096K), 1 survivors (1024K)
 Metaspace       used 21981K, committed 22208K, reserved 1073152K
  class space    used 2561K, committed 2688K, reserved 1048576K
}
Event: 21.081 GC heap after
{Heap after GC invocations=98 (full 0):
 garbage-first heap   total 160768K, used 54578K [0x00000000c3800000, 0x0000000100000000)
  region size 1024K, 1 young (1024K), 1 survivors (1024K)
 Metaspace       used 21981K, committed 22208K, reserved 1073152K
  class space    used 2561K, committed 2688K, reserved 1048576K
}
Event: 21.199 GC heap before
{Heap before GC invocations=98 (full 0):
 garbage-first heap   total 160768K, used 69938K [0x00000000c3800000, 0x0000000100000000)
  region size 1024K, 2 young (2048K), 1 survivors (1024K)
 Metaspace       used 21983K, committed 22208K, reserved 1073152K
  class space    used 2561K, committed 2688K, reserved 1048576K
}
Event: 21.200 GC heap after
{Heap after GC invocations=99 (full 0):
 garbage-first heap   total 160768K, used 44302K [0x00000000c3800000, 0x0000000100000000)
  region size 1024K, 1 young (1024K), 1 survivors (1024K)
 Metaspace       used 21983K, committed 22208K, reserved 1073152K
  class space    used 2561K, committed 2688K, reserved 1048576K
}
Event: 21.477 GC heap before
{Heap before GC invocations=99 (full 0):
 garbage-first heap   total 160768K, used 69902K [0x00000000c3800000, 0x0000000100000000)
  region size 1024K, 2 young (2048K), 1 survivors (1024K)
 Metaspace       used 21983K, committed 22208K, reserved 1073152K
  class space    used 2561K, committed 2688K, reserved 1048576K
}
Event: 21.478 GC heap after
{Heap after GC invocations=100 (full 0):
 garbage-first heap   total 160768K, used 54562K [0x00000000c3800000, 0x0000000100000000)
  region size 1024K, 1 young (1024K), 1 survivors (1024K)
 Metaspace       used 21983K, committed 22208K, reserved 1073152K
  class space    used 2561K, committed 2688K, reserved 1048576K
}
Event: 21.666 GC heap before
{Heap before GC invocations=100 (full 0):
 garbage-first heap   total 160768K, used 69922K [0x00000000c3800000, 0x0000000100000000)
  region size 1024K, 2 young (2048K), 1 survivors (1024K)
 Metaspace       used 21983K, committed 22208K, reserved 1073152K
  class space    used 2561K, committed 2688K, reserved 1048576K
}
Event: 21.667 GC heap after
{Heap after GC invocations=101 (full 0):
 garbage-first heap   total 160768K, used 44310K [0x00000000c3800000, 0x0000000100000000)
  region size 1024K, 1 young (1024K), 1 survivors (1024K)
 Metaspace       used 21983K, committed 22208K, reserved 1073152K
  class space    used 2561K, committed 2688K, reserved 1048576K
}
Event: 21.996 GC heap before
{Heap before GC invocations=101 (full 0):
 garbage-first heap   total 160768K, used 70934K [0x00000000c3800000, 0x0000000100000000)
  region size 1024K, 3 young (3072K), 1 survivors (1024K)
 Metaspace       used 21983K, committed 22208K, reserved 1073152K
  class space    used 2561K, committed 2688K, reserved 1048576K
}
Event: 21.997 GC heap after
{Heap after GC invocations=102 (full 0):
 garbage-first heap   total 160768K, used 54601K [0x00000000c3800000, 0x0000000100000000)
  region size 1024K, 1 young (1024K), 1 survivors (1024K)
 Metaspace       used 21983K, committed 22208K, reserved 1073152K
  class space    used 2561K, committed 2688K, reserved 1048576K
}
Event: 22.199 GC heap before
{Heap before GC invocations=102 (full 0):
 garbage-first heap   total 160768K, used 69961K [0x00000000c3800000, 0x0000000100000000)
  region size 1024K, 2 young (2048K), 1 survivors (1024K)
 Metaspace       used 21983K, committed 22208K, reserved 1073152K
  class space    used 2561K, committed 2688K, reserved 1048576K
}
Event: 22.200 GC heap after
{Heap after GC invocations=103 (full 0):
 garbage-first heap   total 160768K, used 44325K [0x00000000c3800000, 0x0000000100000000)
  region size 1024K, 1 young (1024K), 1 survivors (1024K)
 Metaspace       used 21983K, committed 22208K, reserved 1073152K
  class space    used 2561K, committed 2688K, reserved 1048576K
}
Event: 22.572 GC heap before
{Heap before GC invocations=103 (full 0):
 garbage-first heap   total 160768K, used 72997K [0x00000000c3800000, 0x0000000100000000)
  region size 1024K, 5 young (5120K), 1 survivors (1024K)
 Metaspace       used 22229K, committed 22464K, reserved 1073152K
  class space    used 2601K, committed 2752K, reserved 1048576K
}
Event: 22.573 GC heap after
{Heap after GC invocations=104 (full 0):
 garbage-first heap   total 160768K, used 54660K [0x00000000c3800000, 0x0000000100000000)
  region size 1024K, 1 young (1024K), 1 survivors (1024K)
 Metaspace       used 22229K, committed 22464K, reserved 1073152K
  class space    used 2601K, committed 2752K, reserved 1048576K
}
Event: 22.702 GC heap before
{Heap before GC invocations=104 (full 0):
 garbage-first heap   total 160768K, used 71044K [0x00000000c3800000, 0x0000000100000000)
  region size 1024K, 3 young (3072K), 1 survivors (1024K)
 Metaspace       used 22476K, committed 22656K, reserved 1073152K
  class space    used 2640K, committed 2752K, reserved 1048576K
}
Event: 22.705 GC heap after
{Heap after GC invocations=105 (full 0):
 garbage-first heap   total 160768K, used 44467K [0x00000000c3800000, 0x0000000100000000)
  region size 1024K, 1 young (1024K), 1 survivors (1024K)
 Metaspace       used 22476K, committed 22656K, reserved 1073152K
  class space    used 2640K, committed 2752K, reserved 1048576K
}

Deoptimization events (20 events):
Event: 22.475 Thread 0x00000266918dbd30 Uncommon trap: trap_request=0xffffff45 fr.pc=0x00000266a0c43654 relative=0x00000000000056f4
Event: 22.475 Thread 0x00000266918dbd30 Uncommon trap: reason=unstable_if action=reinterpret pc=0x00000266a0c43654 method=jdk.internal.org.objectweb.asm.Type.getArgumentsAndReturnSizes(Ljava/lang/String;)I @ 123 c2
Event: 22.475 Thread 0x00000266918dbd30 DEOPT PACKING pc=0x00000266a0c43654 sp=0x000000c8928fb640
Event: 22.475 Thread 0x00000266918dbd30 DEOPT UNPACKING pc=0x00000266991323a3 sp=0x000000c8928fb4f8 mode 2
Event: 22.607 Thread 0x00000266918dbd30 Uncommon trap: trap_request=0xffffffde fr.pc=0x00000266a0c9fe9c relative=0x00000000000004bc
Event: 22.607 Thread 0x00000266918dbd30 Uncommon trap: reason=class_check action=maybe_recompile pc=0x00000266a0c9fe9c method=java.util.regex.Pattern$Start.match(Ljava/util/regex/Matcher;ILjava/lang/CharSequence;)Z @ 44 c2
Event: 22.607 Thread 0x00000266918dbd30 DEOPT PACKING pc=0x00000266a0c9fe9c sp=0x000000c8928fc650
Event: 22.607 Thread 0x00000266918dbd30 DEOPT UNPACKING pc=0x00000266991323a3 sp=0x000000c8928fc5a0 mode 2
Event: 22.608 Thread 0x00000266918dbd30 Uncommon trap: trap_request=0xffffffde fr.pc=0x00000266a0c9fe9c relative=0x00000000000004bc
Event: 22.608 Thread 0x00000266918dbd30 Uncommon trap: reason=class_check action=maybe_recompile pc=0x00000266a0c9fe9c method=java.util.regex.Pattern$Start.match(Ljava/util/regex/Matcher;ILjava/lang/CharSequence;)Z @ 44 c2
Event: 22.608 Thread 0x00000266918dbd30 DEOPT PACKING pc=0x00000266a0c9fe9c sp=0x000000c8928fc650
Event: 22.608 Thread 0x00000266918dbd30 DEOPT UNPACKING pc=0x00000266991323a3 sp=0x000000c8928fc5a0 mode 2
Event: 22.608 Thread 0x00000266918dbd30 Uncommon trap: trap_request=0xffffffde fr.pc=0x00000266a0c9fe9c relative=0x00000000000004bc
Event: 22.608 Thread 0x00000266918dbd30 Uncommon trap: reason=class_check action=maybe_recompile pc=0x00000266a0c9fe9c method=java.util.regex.Pattern$Start.match(Ljava/util/regex/Matcher;ILjava/lang/CharSequence;)Z @ 44 c2
Event: 22.608 Thread 0x00000266918dbd30 DEOPT PACKING pc=0x00000266a0c9fe9c sp=0x000000c8928fc650
Event: 22.608 Thread 0x00000266918dbd30 DEOPT UNPACKING pc=0x00000266991323a3 sp=0x000000c8928fc5a0 mode 2
Event: 22.797 Thread 0x00000266918dbd30 Uncommon trap: trap_request=0xffffff45 fr.pc=0x00000266a0c36204 relative=0x0000000000000084
Event: 22.797 Thread 0x00000266918dbd30 Uncommon trap: reason=unstable_if action=reinterpret pc=0x00000266a0c36204 method=java.lang.CharacterDataLatin1.isWhitespace(I)Z @ 14 c2
Event: 22.797 Thread 0x00000266918dbd30 DEOPT PACKING pc=0x00000266a0c36204 sp=0x000000c8928fcf60
Event: 22.797 Thread 0x00000266918dbd30 DEOPT UNPACKING pc=0x00000266991323a3 sp=0x000000c8928fced0 mode 2

Classes unloaded (0 events):
No events

Classes redefined (0 events):
No events

Internal exceptions (20 events):
Event: 19.899 Thread 0x00000266adee1b00 Exception <a 'java/net/SocketException'{0x00000000cd401000}: Socket is not connected: shutdown> (0x00000000cd401000) 
thrown [t:\workspace\open\src\hotspot\share\prims\jni.cpp, line 535]
Event: 20.227 Thread 0x00000266adee1b00 Exception <a 'java/net/ConnectException'{0x00000000cd4ca308}: Connection refused: no further information> (0x00000000cd4ca308) 
thrown [t:\workspace\open\src\hotspot\share\prims\jni.cpp, line 535]
Event: 20.227 Thread 0x00000266adee1b00 Exception <a 'java/net/SocketException'{0x00000000cd4ca640}: Socket is not connected: shutdown> (0x00000000cd4ca640) 
thrown [t:\workspace\open\src\hotspot\share\prims\jni.cpp, line 535]
Event: 20.558 Thread 0x00000266adee1b00 Exception <a 'java/net/ConnectException'{0x00000000cd4c0cd8}: Connection refused: no further information> (0x00000000cd4c0cd8) 
thrown [t:\workspace\open\src\hotspot\share\prims\jni.cpp, line 535]
Event: 20.559 Thread 0x00000266adee1b00 Exception <a 'java/net/SocketException'{0x00000000cd4c1010}: Socket is not connected: shutdown> (0x00000000cd4c1010) 
thrown [t:\workspace\open\src\hotspot\share\prims\jni.cpp, line 535]
Event: 20.882 Thread 0x00000266adee1b00 Exception <a 'java/net/ConnectException'{0x00000000cd200f18}: Connection refused: no further information> (0x00000000cd200f18) 
thrown [t:\workspace\open\src\hotspot\share\prims\jni.cpp, line 535]
Event: 20.882 Thread 0x00000266adee1b00 Exception <a 'java/net/SocketException'{0x00000000cd201250}: Socket is not connected: shutdown> (0x00000000cd201250) 
thrown [t:\workspace\open\src\hotspot\share\prims\jni.cpp, line 535]
Event: 21.211 Thread 0x00000266adee1b00 Exception <a 'java/net/ConnectException'{0x00000000cd44a308}: Connection refused: no further information> (0x00000000cd44a308) 
thrown [t:\workspace\open\src\hotspot\share\prims\jni.cpp, line 535]
Event: 21.211 Thread 0x00000266adee1b00 Exception <a 'java/net/SocketException'{0x00000000cd44a640}: Socket is not connected: shutdown> (0x00000000cd44a640) 
thrown [t:\workspace\open\src\hotspot\share\prims\jni.cpp, line 535]
Event: 21.541 Thread 0x00000266adee1b00 Exception <a 'java/net/ConnectException'{0x00000000cd4c2828}: Connection refused: no further information> (0x00000000cd4c2828) 
thrown [t:\workspace\open\src\hotspot\share\prims\jni.cpp, line 535]
Event: 21.542 Thread 0x00000266adee1b00 Exception <a 'java/net/SocketException'{0x00000000cd4c2b60}: Socket is not connected: shutdown> (0x00000000cd4c2b60) 
thrown [t:\workspace\open\src\hotspot\share\prims\jni.cpp, line 535]
Event: 21.870 Thread 0x00000266adee1b00 Exception <a 'java/net/ConnectException'{0x00000000cd4cb0b8}: Connection refused: no further information> (0x00000000cd4cb0b8) 
thrown [t:\workspace\open\src\hotspot\share\prims\jni.cpp, line 535]
Event: 21.870 Thread 0x00000266adee1b00 Exception <a 'java/net/SocketException'{0x00000000cd4cb3f0}: Socket is not connected: shutdown> (0x00000000cd4cb3f0) 
thrown [t:\workspace\open\src\hotspot\share\prims\jni.cpp, line 535]
Event: 22.475 Thread 0x00000266918dbd30 Exception <a 'java/lang/NoSuchMethodError'{0x00000000cd1e9990}: 'double java.lang.invoke.DirectMethodHandle$Holder.invokeVirtual(java.lang.Object, java.lang.Object)'> (0x00000000cd1e9990) 
thrown [t:\workspace\open\src\hotspot\share\interpreter\linkResolver.cpp, line 766]
Event: 22.477 Thread 0x00000266918dbd30 Exception <a 'java/lang/NoSuchMethodError'{0x00000000cd1f03e0}: 'float java.lang.invoke.DirectMethodHandle$Holder.invokeVirtual(java.lang.Object, java.lang.Object)'> (0x00000000cd1f03e0) 
thrown [t:\workspace\open\src\hotspot\share\interpreter\linkResolver.cpp, line 766]
Event: 22.479 Thread 0x00000266918dbd30 Exception <a 'java/lang/NoSuchMethodError'{0x00000000cd1f9668}: 'long java.lang.invoke.DirectMethodHandle$Holder.invokeVirtual(java.lang.Object, java.lang.Object)'> (0x00000000cd1f9668) 
thrown [t:\workspace\open\src\hotspot\share\interpreter\linkResolver.cpp, line 766]
Event: 22.742 Thread 0x00000266918dbd30 Exception <a 'java/lang/NoSuchMethodError'{0x00000000cd42c1e8}: 'void java.lang.invoke.DirectMethodHandle$Holder.invokeStatic(java.lang.Object, java.lang.Object, int)'> (0x00000000cd42c1e8) 
thrown [t:\workspace\open\src\hotspot\share\interpreter\linkResolver.cpp, line 766]
Event: 22.808 Thread 0x00000266918dbd30 Exception <a 'java/lang/NoSuchMethodError'{0x00000000cd3619e8}: 'java.lang.Object java.lang.invoke.DirectMethodHandle$Holder.newInvokeSpecial(java.lang.Object, java.lang.Object, java.lang.Object, java.lang.Object, java.lang.Object)'> (0x00000000cd3619e8) 
thrown [t:\workspace\open\src\hotspot\share\interpreter\linkResolver.cpp, line 766]
Event: 22.878 Thread 0x00000266918dbd30 Exception <a 'java/lang/NoSuchMethodError'{0x00000000cd18c8c8}: 'int java.lang.invoke.DirectMethodHandle$Holder.invokeSpecialIFC(java.lang.Object, java.lang.Object, java.lang.Object)'> (0x00000000cd18c8c8) 
thrown [t:\workspace\open\src\hotspot\share\interpreter\linkResolver.cpp, line 766]
Event: 23.250 Thread 0x00000266918dbd30 Exception <a 'java/lang/NoSuchMethodError'{0x00000000ccec57d0}: 'void java.lang.invoke.DirectMethodHandle$Holder.invokeSpecial(java.lang.Object, java.lang.Object, java.lang.Object, java.lang.Object, java.lang.Object, java.lang.Object)'> (0x00000000ccec57d0) 
thrown [t:\workspace\open\src\hotspot\share\interpreter\linkResolver.cpp, line 766]

VM Operations (20 events):
Event: 21.996 Executing VM operation: G1TryInitiateConcMark
Event: 21.997 Executing VM operation: G1TryInitiateConcMark done
Event: 22.199 Executing VM operation: G1TryInitiateConcMark
Event: 22.200 Executing VM operation: G1TryInitiateConcMark done
Event: 22.427 Executing VM operation: HandshakeAllThreads
Event: 22.427 Executing VM operation: HandshakeAllThreads done
Event: 22.427 Executing VM operation: HandshakeAllThreads
Event: 22.427 Executing VM operation: HandshakeAllThreads done
Event: 22.429 Executing VM operation: HandshakeAllThreads
Event: 22.429 Executing VM operation: HandshakeAllThreads done
Event: 22.525 Executing VM operation: G1TryInitiateConcMark
Event: 22.573 Executing VM operation: G1TryInitiateConcMark done
Event: 22.702 Executing VM operation: CollectForMetadataAllocation
Event: 22.705 Executing VM operation: CollectForMetadataAllocation done
Event: 22.735 Executing VM operation: G1Concurrent
Event: 22.738 Executing VM operation: G1Concurrent done
Event: 22.750 Executing VM operation: G1Concurrent
Event: 22.778 Executing VM operation: G1Concurrent done
Event: 22.993 Executing VM operation: HandshakeAllThreads
Event: 22.993 Executing VM operation: HandshakeAllThreads done

Events (20 events):
Event: 22.799 loading class java/util/stream/ReduceOps$CountingSink$OfRef
Event: 22.800 loading class java/util/stream/ReduceOps$CountingSink
Event: 22.800 loading class java/util/stream/ReduceOps$CountingSink done
Event: 22.800 loading class java/util/stream/ReduceOps$CountingSink$OfRef done
Event: 22.882 loading class java/io/ObjectInputStream
Event: 22.917 loading class java/io/ObjectInput
Event: 22.917 loading class java/io/ObjectInput done
Event: 22.917 loading class java/io/ObjectStreamConstants
Event: 22.918 loading class java/io/ObjectStreamConstants done
Event: 22.918 loading class java/io/ObjectInputStream done
Event: 22.918 loading class java/io/ObjectOutputStream
Event: 22.918 loading class java/io/ObjectOutput
Event: 22.919 loading class java/io/ObjectOutput done
Event: 22.919 loading class java/io/ObjectOutputStream done
Event: 22.992 loading class java/util/ArrayList$ListItr
Event: 22.992 loading class java/util/ArrayList$ListItr done
Event: 23.308 loading class java/nio/channels/ClosedChannelException
Event: 23.308 loading class java/nio/channels/ClosedChannelException done
Event: 23.425 loading class java/io/FileReader
Event: 23.425 loading class java/io/FileReader done


Dynamic libraries:
0x00007ff709060000 - 0x00007ff709070000 	C:\Program Files\Java\jdk-17.0.1\bin\javaw.exe
0x00007ffe3cff0000 - 0x00007ffe3d1e5000 	C:\Windows\SYSTEM32\ntdll.dll
0x00007ffe3cb40000 - 0x00007ffe3cbfd000 	C:\Windows\System32\KERNEL32.DLL
0x00007ffe3ad80000 - 0x00007ffe3b047000 	C:\Windows\System32\KERNELBASE.dll
0x00007ffe3a730000 - 0x00007ffe3a830000 	C:\Windows\System32\ucrtbase.dll
0x00007ffe24d60000 - 0x00007ffe24d78000 	C:\Program Files\Java\jdk-17.0.1\bin\jli.dll
0x00007ffe3c6d0000 - 0x00007ffe3c77a000 	C:\Windows\System32\ADVAPI32.dll
0x00007ffe3ca30000 - 0x00007ffe3cace000 	C:\Windows\System32\msvcrt.dll
0x00007ffe3b7d0000 - 0x00007ffe3b86b000 	C:\Windows\System32\sechost.dll
0x00007ffe3b870000 - 0x00007ffe3b994000 	C:\Windows\System32\RPCRT4.dll
0x00007ffe3ce10000 - 0x00007ffe3cfb0000 	C:\Windows\System32\USER32.dll
0x00007ffe3a960000 - 0x00007ffe3a982000 	C:\Windows\System32\win32u.dll
0x00007ffe3b110000 - 0x00007ffe3b13a000 	C:\Windows\System32\GDI32.dll
0x00007ffe3a9e0000 - 0x00007ffe3aae9000 	C:\Windows\System32\gdi32full.dll
0x00007ffe3acb0000 - 0x00007ffe3ad4d000 	C:\Windows\System32\msvcp_win.dll
0x00007ffe19cb0000 - 0x00007ffe19f4b000 	C:\Windows\WinSxS\amd64_microsoft.windows.common-controls_6595b64144ccf1df_6.0.19041.488_none_ca04af081b815d21\COMCTL32.dll
0x00007ffe323c0000 - 0x00007ffe323ca000 	C:\Windows\SYSTEM32\VERSION.dll
0x00007ffe32770000 - 0x00007ffe3278a000 	C:\Program Files\Java\jdk-17.0.1\bin\VCRUNTIME140.dll
0x00007ffe3ba50000 - 0x00007ffe3ba80000 	C:\Windows\System32\IMM32.DLL
0x00007ffe32b00000 - 0x00007ffe32b0c000 	C:\Program Files\Java\jdk-17.0.1\bin\vcruntime140_1.dll
0x00007ffe19390000 - 0x00007ffe1941d000 	C:\Program Files\Java\jdk-17.0.1\bin\msvcp140.dll
0x00007ffdeeab0000 - 0x00007ffdef66e000 	C:\Program Files\Java\jdk-17.0.1\bin\server\jvm.dll
0x00007ffe3b5b0000 - 0x00007ffe3b5b8000 	C:\Windows\System32\PSAPI.DLL
0x00007ffe22fa0000 - 0x00007ffe22fa9000 	C:\Windows\SYSTEM32\WSOCK32.dll
0x00007ffe3c2f0000 - 0x00007ffe3c35b000 	C:\Windows\System32\WS2_32.dll
0x00007ffe2ae90000 - 0x00007ffe2aeb7000 	C:\Windows\SYSTEM32\WINMM.dll
0x00007ffe39020000 - 0x00007ffe39033000 	C:\Windows\SYSTEM32\kernel.appcore.dll
0x00007ffe327e0000 - 0x00007ffe327ea000 	C:\Program Files\Java\jdk-17.0.1\bin\jimage.dll
0x00007ffe38580000 - 0x00007ffe38764000 	C:\Windows\SYSTEM32\DBGHELP.DLL
0x00007ffe1e210000 - 0x00007ffe1e23c000 	C:\Windows\SYSTEM32\dbgcore.DLL
0x00007ffe3a8e0000 - 0x00007ffe3a95f000 	C:\Windows\System32\bcryptPrimitives.dll
0x00007ffe24b60000 - 0x00007ffe24b85000 	C:\Program Files\Java\jdk-17.0.1\bin\java.dll
0x00007ffe02090000 - 0x00007ffe02166000 	C:\Program Files\Java\jdk-17.0.1\bin\svml.dll
0x00007ffe3ba80000 - 0x00007ffe3c1c1000 	C:\Windows\System32\SHELL32.dll
0x00007ffe38770000 - 0x00007ffe38f03000 	C:\Windows\SYSTEM32\windows.storage.dll
0x00007ffe3c370000 - 0x00007ffe3c6c5000 	C:\Windows\System32\combase.dll
0x00007ffe3a1a0000 - 0x00007ffe3a1cc000 	C:\Windows\SYSTEM32\Wldp.dll
0x00007ffe3b9a0000 - 0x00007ffe3ba4e000 	C:\Windows\System32\SHCORE.dll
0x00007ffe3b0b0000 - 0x00007ffe3b105000 	C:\Windows\System32\shlwapi.dll
0x00007ffe3a660000 - 0x00007ffe3a686000 	C:\Windows\SYSTEM32\profapi.dll
0x00007ffe24b20000 - 0x00007ffe24b39000 	C:\Program Files\Java\jdk-17.0.1\bin\net.dll
0x00007ffe2c7c0000 - 0x00007ffe2c8c0000 	C:\Windows\SYSTEM32\WINHTTP.dll
0x00007ffe39f20000 - 0x00007ffe39f8a000 	C:\Windows\system32\mswsock.dll
0x00007ffe24790000 - 0x00007ffe247a5000 	C:\Program Files\Java\jdk-17.0.1\bin\nio.dll
0x00007ffe23f40000 - 0x00007ffe23f58000 	C:\Program Files\Java\jdk-17.0.1\bin\zip.dll
0x00007ffe39c00000 - 0x00007ffe39ccb000 	C:\Windows\SYSTEM32\DNSAPI.dll
0x00007ffe39bc0000 - 0x00007ffe39bfb000 	C:\Windows\SYSTEM32\IPHLPAPI.DLL
0x00007ffe3cb30000 - 0x00007ffe3cb39000 	C:\Windows\System32\NSI.dll
0x00007ffe2c1f0000 - 0x00007ffe2c1fa000 	C:\Windows\System32\rasadhlp.dll
0x00007ffe2c0f0000 - 0x00007ffe2c16f000 	C:\Windows\System32\fwpuclnt.dll
0x00007ffe3ad50000 - 0x00007ffe3ad77000 	C:\Windows\System32\bcrypt.dll
0x00007ffe3a0f0000 - 0x00007ffe3a108000 	C:\Windows\SYSTEM32\CRYPTSP.dll
0x00007ffe39840000 - 0x00007ffe39874000 	C:\Windows\system32\rsaenh.dll
0x00007ffe3a620000 - 0x00007ffe3a64e000 	C:\Windows\SYSTEM32\USERENV.dll
0x00007ffe3a110000 - 0x00007ffe3a11c000 	C:\Windows\SYSTEM32\CRYPTBASE.dll
0x00007ffe31280000 - 0x00007ffe31297000 	C:\Windows\SYSTEM32\dhcpcsvc6.DLL
0x00007ffe2fcd0000 - 0x00007ffe2fced000 	C:\Windows\SYSTEM32\dhcpcsvc.DLL
0x00007ffe0e140000 - 0x00007ffe0e157000 	C:\Windows\system32\napinsp.dll
0x00007ffe0c290000 - 0x00007ffe0c2ab000 	C:\Windows\system32\pnrpnsp.dll
0x00007ffe231b0000 - 0x00007ffe231c5000 	C:\Windows\system32\wshbth.dll
0x00007ffe35a90000 - 0x00007ffe35aad000 	C:\Windows\system32\NLAapi.dll
0x00007ffe0c270000 - 0x00007ffe0c282000 	C:\Windows\System32\winrnr.dll
0x00007ffe34480000 - 0x00007ffe34490000 	C:\Program Files\Java\jdk-17.0.1\bin\verify.dll
0x00007ffdfafd0000 - 0x00007ffdfb15f000 	C:\Program Files\Java\jdk-17.0.1\bin\awt.dll
0x00007ffe3cc00000 - 0x00007ffe3cccd000 	C:\Windows\System32\OLEAUT32.dll
0x00007ffe375f0000 - 0x00007ffe37680000 	C:\Windows\SYSTEM32\apphelp.dll
0x00007ffe37f00000 - 0x00007ffe37f2f000 	C:\Windows\system32\DWMAPI.DLL
0x00007ffe37720000 - 0x00007ffe377bf000 	C:\Windows\system32\uxtheme.dll
0x00007ffe21ac0000 - 0x00007ffe21be5000 	C:\Windows\system32\opengl32.dll
0x00007ffe21a90000 - 0x00007ffe21abc000 	C:\Windows\SYSTEM32\GLU32.dll
0x00007ffe3c1d0000 - 0x00007ffe3c2e5000 	C:\Windows\System32\MSCTF.dll
0x00007ffe3b6a0000 - 0x00007ffe3b7c9000 	C:\Windows\System32\ole32.dll
0x00007ffe34470000 - 0x00007ffe34479000 	C:\Program Files\Java\jdk-17.0.1\bin\management.dll
0x00007ffe329f0000 - 0x00007ffe329fb000 	C:\Program Files\Java\jdk-17.0.1\bin\management_ext.dll
0x00007ffe35bb0000 - 0x00007ffe35bbe000 	C:\Program Files\Java\jdk-17.0.1\bin\sunmscapi.dll
0x00007ffe3ab50000 - 0x00007ffe3acad000 	C:\Windows\System32\CRYPT32.dll
0x00007ffe3a210000 - 0x00007ffe3a237000 	C:\Windows\SYSTEM32\ncrypt.dll
0x00007ffe3a1d0000 - 0x00007ffe3a20b000 	C:\Windows\SYSTEM32\NTASN1.dll
0x00007ffe34460000 - 0x00007ffe34467000 	C:\Windows\system32\wshunix.dll

dbghelp: loaded successfully - version: 4.0.5 - missing functions: none
symbol engine: initialized successfully - sym options: 0x614 - pdb path: .;C:\Program Files\Java\jdk-17.0.1\bin;C:\Windows\SYSTEM32;C:\Windows\WinSxS\amd64_microsoft.windows.common-controls_6595b64144ccf1df_6.0.19041.488_none_ca04af081b815d21;C:\Program Files\Java\jdk-17.0.1\bin\server

VM Arguments:
jvm_args: -ea -Dfile.encoding=Cp1252 -XX:+ShowCodeDetailsInExceptionMessages 
java_command: org.testng.remote.RemoteTestNG -serport 60006 -protocol json -d G:\AutomationProject\test-output G:\AutomationProject\testng.xml
java_class_path (initial): C:\Users\acs\eclipse\java-2021-12\eclipse\configuration\org.eclipse.osgi\430\0\.cp\lib\testng-remote.jar;G:\AutomationProject\target\test-classes;G:\AutomationProject\target\classes;G:\selenium\ATUTestRecorder_2.1.jar;C:\Users\acs\.m2\repository\net\jodah\failsafe\2.4.4\failsafe-2.4.4.jar;C:\Users\acs\.p2\pool\plugins\org.testng_7.4.0.r202105021533.jar;C:\Users\acs\.p2\pool\plugins\com.beust.jcommander_1.78.0.jar;C:\Users\acs\.p2\pool\plugins\org.apache-extras.beanshell.bsh_2.0.0.b6.jar;C:\Users\acs\.p2\pool\plugins\org.yaml.snakeyaml_1.21.0.jar;C:\Users\acs\.p2\pool\plugins\org.webjars.jquery_3.5.1.jar;C:\Users\acs\.m2\repository\org\seleniumhq\selenium\selenium-java\4.1.2\selenium-java-4.1.2.jar;C:\Users\acs\.m2\repository\org\seleniumhq\selenium\selenium-api\4.1.2\selenium-api-4.1.2.jar;C:\Users\acs\.m2\repository\org\seleniumhq\selenium\selenium-chrome-driver\4.1.2\selenium-chrome-driver-4.1.2.jar;C:\Users\acs\.m2\repository\com\google\auto\service\auto-service-annotations\1.0.1\auto-service-annotations-1.0.1.jar;C:\Users\acs\.m2\repository\com\google\auto\service\auto-service\1.0.1\auto-service-1.0.1.jar;C:\Users\acs\.m2\repository\com\google\auto\auto-common\1.2\auto-common-1.2.jar;C:\Users\acs\.m2\repository\com\google\guava\guava\31.0.1-jre\guava-31.0.1-jre.jar;C:\Users\acs\.m2\repository\com\google\guava\failureaccess\1.0.1\failureaccess-1.0.1.jar;C:\Users\acs\.m2\repository\com\google\guava\listenablefuture\9999.0-empty-to-avoid-conflict-with-guava\listenablefuture-9999.0-empty-to-avoid-conflict-with-guava.jar;C:\Users\acs\.m2\repository\org\checkerframework\checker-qual\3.12.0\checker-qual-3.12.0.jar;C:\Users\acs\.m2\repository\com\google\errorprone\error_prone_annotations\2.7.1\error_prone_annotations-2.7.1.jar;C:\Users\acs\.m2\repository\com\google\j2objc\j2objc-annotations\1.3\j2objc-annotations-1.3.jar;C:\Users\acs\.m2\repository\org\seleniumhq\selenium\selenium-chromium-driver\4.1.2\selenium-chromium-driver-4.1.2.jar;C:\U
Launcher Type: SUN_STANDARD

[Global flags]
     intx CICompilerCount                          = 3                                         {product} {ergonomic}
     uint ConcGCThreads                            = 1                                         {product} {ergonomic}
     uint G1ConcRefinementThreads                  = 4                                         {product} {ergonomic}
   size_t G1HeapRegionSize                         = 1048576                                   {product} {ergonomic}
    uintx GCDrainStackTargetSize                   = 64                                        {product} {ergonomic}
   size_t InitialHeapSize                          = 65011712                                  {product} {ergonomic}
   size_t MarkStackSize                            = 4194304                                   {product} {ergonomic}
   size_t MaxHeapSize                              = 1015021568                                {product} {ergonomic}
   size_t MaxNewSize                               = 608174080                                 {product} {ergonomic}
   size_t MinHeapDeltaBytes                        = 1048576                                   {product} {ergonomic}
   size_t MinHeapSize                              = 8388608                                   {product} {ergonomic}
    uintx NonNMethodCodeHeapSize                   = 5832780                                {pd product} {ergonomic}
    uintx NonProfiledCodeHeapSize                  = 122912730                              {pd product} {ergonomic}
    uintx ProfiledCodeHeapSize                     = 122912730                              {pd product} {ergonomic}
    uintx ReservedCodeCacheSize                    = 251658240                              {pd product} {ergonomic}
     bool SegmentedCodeCache                       = true                                      {product} {ergonomic}
     bool ShowCodeDetailsInExceptionMessages       = true                                   {manageable} {command line}
   size_t SoftMaxHeapSize                          = 1015021568                             {manageable} {ergonomic}
     bool UseCompressedClassPointers               = true                           {product lp64_product} {ergonomic}
     bool UseCompressedOops                        = true                           {product lp64_product} {ergonomic}
     bool UseG1GC                                  = true                                      {product} {ergonomic}
     bool UseLargePagesIndividualAllocation        = false                                  {pd product} {ergonomic}

Logging:
Log output configuration:
 #0: stdout all=warning uptime,level,tags
 #1: stderr all=off uptime,level,tags

Environment Variables:
JAVA_HOME=C:\Program Files\Java\jdk-17.0.1
PATH=C:\Program Files (x86)\VMware\VMware Workstation\bin\;C:\Program Files\Common Files\Oracle\Java\javapath;C:\Windows\system32;C:\Windows;C:\Windows\System32\Wbem;C:\Windows\System32\WindowsPowerShell\v1.0\;C:\Windows\System32\OpenSSH\;C:\Program Files\Microsoft SQL Server\Client SDK\ODBC\170\Tools\Binn\;C:\Program Files (x86)\Microsoft SQL Server\150\Tools\Binn\;C:\Program Files\Microsoft SQL Server\150\Tools\Binn\;C:\Program Files\Microsoft SQL Server\150\DTS\Binn\;C:\Program Files (x86)\Microsoft SQL Server\150\DTS\Binn\;C:\Program Files\Java\jdk-17.0.1\bin;C:\Program Files\Azure Data Studio\bin;C:\Program Files\dotnet\;C:\Program Files\Git\cmd;C:\Program Files\Git\mingw64\bin;C:\Program Files\Git\usr\bin;G:\selenium\Maven\apache-maven-3.8.4\bin;C:\Program Files\nodejs\;C:\strawberry\c\bin;C:\strawberry\perl\bin;C:\Users\acs\AppData\Local\Microsoft\WindowsApps;G:\Visual_Studio_Code\Microsoft VS Code\bin;C:\Program Files\Azure Data Studio\bin;G:\CodeBlocks\setup\CodeBlocks\MinGW\bin;C:\Users\acs\.dotnet\tools;C:\Users\acs\AppData\Roaming\npm
USERNAME=acs
OS=Windows_NT
PROCESSOR_IDENTIFIER=Intel64 Family 6 Model 142 Stepping 9, GenuineIntel



---------------  S Y S T E M  ---------------

OS:
 Windows 10 , 64 bit Build 19041 (10.0.19041.292)
OS uptime: 2 days 12:29 hours

CPU: total 4 (initial active 4) (2 cores per cpu, 2 threads per core) family 6 model 142 stepping 9 microcode 0xb4, cx8, cmov, fxsr, ht, mmx, 3dnowpref, sse, sse2, sse3, ssse3, sse4.1, sse4.2, popcnt, lzcnt, tsc, tscinvbit, avx, avx2, aes, erms, clmul, bmi1, bmi2, adx, fma, vzeroupper, clflush, clflushopt

Memory: 4k page, system-wide physical 3869M (346M free)
TotalPageFile size 5758M (AvailPageFile size 2M)
current process WorkingSet (physical memory assigned to process): 227M, peak: 227M
current process commit charge ("private bytes"): 302M, peak: 302M

vm_info: Java HotSpot(TM) 64-Bit Server VM (17.0.1+12-LTS-39) for windows-amd64 JRE (17.0.1+12-LTS-39), built on Sep 27 2021 18:41:35 by "mach5one" with MS VC++ 16.8 (VS2019)

END.
