#
# There is insufficient memory for the Java Runtime Environment to continue.
# Native memory allocation (malloc) failed to allocate 375072 bytes for Chunk::new
# Possible reasons:
#   The system is out of physical RAM or swap space
#   The process is running with CompressedOops enabled, and the Java Heap may be blocking the growth of the native heap
# Possible solutions:
#   Reduce memory load on the system
#   Increase physical memory or swap space
#   Check if swap backing store is full
#   Decrease Java heap size (-Xmx/-Xms)
#   Decrease number of Java threads
#   Decrease Java thread stack sizes (-Xss)
#   Set larger code cache with -XX:ReservedCodeCacheSize=
#   JVM is running with Unscaled Compressed Oops mode in which the Java heap is
#     placed in the first 4GB address space. The Java Heap base address is the
#     maximum limit for the native heap growth. Please use -XX:HeapBaseMinAddress
#     to set the Java Heap base and to place the Java Heap above 4GB virtual address.
# This output file may be truncated or incomplete.
#
#  Out of Memory Error (arena.cpp:189), pid=5236, tid=12716
#
# JRE version: Java(TM) SE Runtime Environment (17.0.1+12) (build 17.0.1+12-LTS-39)
# Java VM: Java HotSpot(TM) 64-Bit Server VM (17.0.1+12-LTS-39, mixed mode, sharing, tiered, compressed oops, compressed class ptrs, g1 gc, windows-amd64)
# No core dump will be written. Minidumps are not enabled by default on client versions of Windows
#

---------------  S U M M A R Y ------------

Command Line: -ea -Dfile.encoding=Cp1252 -XX:+ShowCodeDetailsInExceptionMessages org.testng.remote.RemoteTestNG -serport 63597 -protocol json -d G:\AutomationProject\test-output C:\Users\acs\AppData\Local\Temp\testng-eclipse-1327347262\testng-customsuite.xml

Host: Intel(R) Core(TM) i5-7200U CPU @ 2.50GHz, 4 cores, 3G,  Windows 10 , 64 bit Build 19041 (10.0.19041.292)
Time: Thu Mar  3 20:17:07 2022 Egypt Standard Time elapsed time: 15.682458 seconds (0d 0h 0m 15s)

---------------  T H R E A D  ---------------

Current thread (0x00000194b7c16380):  JavaThread "C2 CompilerThread0" daemon [_thread_in_native, id=12716, stack(0x000000182a300000,0x000000182a400000)]


Current CompileTask:
C2:  15682 2467 %     4       atu.testrecorder.media.quicktime.AnimationCodec::encodeDelta24 @ 460 (796 bytes)

Stack: [0x000000182a300000,0x000000182a400000]
Native frames: (J=compiled Java code, j=interpreted, Vv=VM code, C=native code)
V  [jvm.dll+0x66fa1a]
V  [jvm.dll+0x7ce5a4]
V  [jvm.dll+0x7cfd4e]
V  [jvm.dll+0x7d03b3]
V  [jvm.dll+0x242b05]
V  [jvm.dll+0xaa05b]
V  [jvm.dll+0xaa5ec]
V  [jvm.dll+0x35fa07]
V  [jvm.dll+0x1b95b2]
V  [jvm.dll+0x215d49]
V  [jvm.dll+0x215011]
V  [jvm.dll+0x1a168d]
V  [jvm.dll+0x224848]
V  [jvm.dll+0x2229ac]
V  [jvm.dll+0x78435b]
V  [jvm.dll+0x77e91a]
V  [jvm.dll+0x66e845]
C  [ucrtbase.dll+0x214c2]
C  [KERNEL32.DLL+0x16fd4]
C  [ntdll.dll+0x4cec1]


---------------  P R O C E S S  ---------------

Threads class SMR info:
_java_thread_list=0x00000194bbd79db0, length=29, elements={
0x000001949cbaec30, 0x000001949cc62f50, 0x000001949cc64910, 0x000001949cc74870,
0x000001949cc75220, 0x000001949cc77be0, 0x000001949cc7ba90, 0x00000194b7c16380,
0x000001949cc7c440, 0x00000194b7c1ef00, 0x00000194b8856800, 0x00000194b8863090,
0x00000194b8f9b710, 0x00000194b929c2f0, 0x00000194b929cc90, 0x00000194b987b160,
0x00000194b92ca3d0, 0x00000194b92c9a30, 0x00000194b92c9560, 0x00000194b92c7d50,
0x00000194b92cad70, 0x00000194b92c9f00, 0x00000194b92cb240, 0x00000194b92c7880,
0x00000194b92ca8a0, 0x00000194b92c8bc0, 0x00000194b92c9090, 0x00000194bba79dc0,
0x00000194bba74250
}

Java Threads: ( => current thread )
  0x000001949cbaec30 JavaThread "Forwarding get on session 3a8212ac0bbe63942b25e9176f79a58d to remote" [_thread_blocked, id=1972, stack(0x0000001829600000,0x0000001829700000)]
  0x000001949cc62f50 JavaThread "Reference Handler" daemon [_thread_blocked, id=13244, stack(0x0000001829d00000,0x0000001829e00000)]
  0x000001949cc64910 JavaThread "Finalizer" daemon [_thread_blocked, id=14928, stack(0x0000001829e00000,0x0000001829f00000)]
  0x000001949cc74870 JavaThread "Signal Dispatcher" daemon [_thread_blocked, id=12064, stack(0x0000001829f00000,0x000000182a000000)]
  0x000001949cc75220 JavaThread "Attach Listener" daemon [_thread_blocked, id=3136, stack(0x000000182a000000,0x000000182a100000)]
  0x000001949cc77be0 JavaThread "Service Thread" daemon [_thread_blocked, id=14724, stack(0x000000182a100000,0x000000182a200000)]
  0x000001949cc7ba90 JavaThread "Monitor Deflation Thread" daemon [_thread_blocked, id=10744, stack(0x000000182a200000,0x000000182a300000)]
=>0x00000194b7c16380 JavaThread "C2 CompilerThread0" daemon [_thread_in_native, id=12716, stack(0x000000182a300000,0x000000182a400000)]
  0x000001949cc7c440 JavaThread "C1 CompilerThread0" daemon [_thread_blocked, id=7872, stack(0x000000182a400000,0x000000182a500000)]
  0x00000194b7c1ef00 JavaThread "Sweeper thread" daemon [_thread_blocked, id=7404, stack(0x000000182a500000,0x000000182a600000)]
  0x00000194b8856800 JavaThread "Notification Thread" daemon [_thread_blocked, id=15132, stack(0x000000182a600000,0x000000182a700000)]
  0x00000194b8863090 JavaThread "Common-Cleaner" daemon [_thread_blocked, id=12984, stack(0x000000182a800000,0x000000182a900000)]
  0x00000194b8f9b710 JavaThread "ReaderThread" [_thread_in_native, id=9476, stack(0x000000182aa00000,0x000000182ab00000)]
  0x00000194b929c2f0 JavaThread "Java2D Disposer" daemon [_thread_blocked, id=8928, stack(0x000000182b000000,0x000000182b100000)]
  0x00000194b929cc90 JavaThread "AWT-Windows" daemon [_thread_in_native, id=13156, stack(0x000000182b200000,0x000000182b300000)]
  0x00000194b987b160 JavaThread "pool-1-thread-1" [_thread_in_native, id=6760, stack(0x000000182b400000,0x000000182b500000)]
  0x00000194b92ca3d0 JavaThread "pool-2-thread-1" [_thread_blocked, id=1876, stack(0x000000182b500000,0x000000182b600000)]
  0x00000194b92c9a30 JavaThread "ForkJoinPool.commonPool-worker-1" daemon [_thread_blocked, id=7236, stack(0x000000182b600000,0x000000182b700000)]
  0x00000194b92c9560 JavaThread "AsyncHttpClient-1-1" daemon [_thread_blocked, id=8580, stack(0x000000182b700000,0x000000182b800000)]
  0x00000194b92c7d50 JavaThread "Exec Default Executor" daemon [_thread_in_native, id=2504, stack(0x000000182b800000,0x000000182b900000)]
  0x00000194b92cad70 JavaThread "Driver Service Executor" daemon [_thread_blocked, id=3560, stack(0x000000182b900000,0x000000182ba00000)]
  0x00000194b92c9f00 JavaThread "Driver Service Executor" daemon [_thread_blocked, id=14448, stack(0x000000182ba00000,0x000000182bb00000)]
  0x00000194b92cb240 JavaThread "UrlChecker-2" daemon [_thread_blocked, id=12664, stack(0x000000182bb00000,0x000000182bc00000)]
  0x00000194b92c7880 JavaThread "Exec Stream Pumper" daemon [_thread_in_native, id=1564, stack(0x000000182bc00000,0x000000182bd00000)]
  0x00000194b92ca8a0 JavaThread "Exec Stream Pumper" daemon [_thread_in_native, id=5068, stack(0x000000182bd00000,0x000000182be00000)]
  0x00000194b92c8bc0 JavaThread "AsyncHttpClient-1-2" daemon [_thread_in_native, id=4912, stack(0x000000182bf00000,0x000000182c000000)]
  0x00000194b92c9090 JavaThread "AsyncHttpClient-1-3" daemon [_thread_in_native, id=12264, stack(0x000000182be00000,0x000000182bf00000)]
  0x00000194bba79dc0 JavaThread "AsyncHttpClient-1-4" daemon [_thread_in_native, id=15248, stack(0x000000182c000000,0x000000182c100000)]
  0x00000194bba74250 JavaThread "AWT-Shutdown" [_thread_blocked, id=14960, stack(0x000000182af00000,0x000000182b000000)]

Other Threads:
  0x000001949cc5ccf0 VMThread "VM Thread" [stack: 0x0000001829c00000,0x0000001829d00000] [id=14048]
  0x000001949cbfa7c0 WatcherThread [stack: 0x000000182a700000,0x000000182a800000] [id=4532]
  0x000001949cbdaee0 GCTaskThread "GC Thread#0" [stack: 0x0000001829700000,0x0000001829800000] [id=932]
  0x00000194b91f3040 GCTaskThread "GC Thread#1" [stack: 0x000000182ab00000,0x000000182ac00000] [id=10664]
  0x00000194b91b2020 GCTaskThread "GC Thread#2" [stack: 0x000000182ac00000,0x000000182ad00000] [id=9336]
  0x00000194b91ec020 GCTaskThread "GC Thread#3" [stack: 0x000000182ad00000,0x000000182ae00000] [id=7296]
  0x000001949cbe4a30 ConcurrentGCThread "G1 Main Marker" [stack: 0x0000001829800000,0x0000001829900000] [id=8656]
  0x000001949cbe5ae0 ConcurrentGCThread "G1 Conc#0" [stack: 0x0000001829900000,0x0000001829a00000] [id=13112]
  0x000001949cc2a4e0 ConcurrentGCThread "G1 Refine#0" [stack: 0x0000001829a00000,0x0000001829b00000] [id=10936]
  0x00000194b91ec6e0 ConcurrentGCThread "G1 Refine#1" [stack: 0x000000182ae00000,0x000000182af00000] [id=11500]
  0x000001949cc2aca0 ConcurrentGCThread "G1 Service" [stack: 0x0000001829b00000,0x0000001829c00000] [id=13304]

Threads with active compile tasks:
C2 CompilerThread0    15708 2467 %     4       atu.testrecorder.media.quicktime.AnimationCodec::encodeDelta24 @ 460 (796 bytes)

VM state: not at safepoint (normal execution)

VM Mutex/Monitor currently owned by a thread: None

Heap address: 0x00000000c3800000, size: 968 MB, Compressed Oops mode: 32-bit

CDS archive(s) mapped at: [0x0000000800000000-0x0000000800bc0000-0x0000000800bc0000), size 12320768, SharedBaseAddress: 0x0000000800000000, ArchiveRelocationMode: 0.
Compressed class space mapped at: 0x0000000800c00000-0x0000000840c00000, reserved size: 1073741824
Narrow klass base: 0x0000000800000000, Narrow klass shift: 0, Narrow klass range: 0x100000000

GC Precious Log:
 CPUs: 4 total, 4 available
 Memory: 3869M
 Large Page Support: Disabled
 NUMA Support: Disabled
 Compressed Oops: Enabled (32-bit)
 Heap Region Size: 1M
 Heap Min Capacity: 8M
 Heap Initial Capacity: 62M
 Heap Max Capacity: 968M
 Pre-touch: Disabled
 Parallel Workers: 4
 Concurrent Workers: 1
 Concurrent Refinement Workers: 4
 Periodic GC: Disabled

Heap:
 garbage-first heap   total 189440K, used 77999K [0x00000000c3800000, 0x0000000100000000)
  region size 1024K, 3 young (3072K), 1 survivors (1024K)
 Metaspace       used 25520K, committed 25728K, reserved 1073152K
  class space    used 3107K, committed 3200K, reserved 1048576K

Heap Regions: E=young(eden), S=young(survivor), O=old, HS=humongous(starts), HC=humongous(continues), CS=collection set, F=free, OA=open archive, CA=closed archive, TAMS=top-at-mark-start (previous, next)
|   0|0x00000000c3800000, 0x00000000c3900000, 0x00000000c3900000|100%| O|  |TAMS 0x00000000c3900000, 0x00000000c3900000| Untracked 
|   1|0x00000000c3900000, 0x00000000c3a00000, 0x00000000c3a00000|100%| O|  |TAMS 0x00000000c3a00000, 0x00000000c3a00000| Untracked 
|   2|0x00000000c3a00000, 0x00000000c3b00000, 0x00000000c3b00000|100%| O|  |TAMS 0x00000000c3b00000, 0x00000000c3b00000| Untracked 
|   3|0x00000000c3b00000, 0x00000000c3c00000, 0x00000000c3c00000|100%| O|  |TAMS 0x00000000c3c00000, 0x00000000c3c00000| Untracked 
|   4|0x00000000c3c00000, 0x00000000c3d00000, 0x00000000c3d00000|100%|HS|  |TAMS 0x00000000c3d00000, 0x00000000c3d00000| Complete 
|   5|0x00000000c3d00000, 0x00000000c3e00000, 0x00000000c3e00000|100%|HC|  |TAMS 0x00000000c3e00000, 0x00000000c3e00000| Complete 
|   6|0x00000000c3e00000, 0x00000000c3f00000, 0x00000000c3f00000|100%|HC|  |TAMS 0x00000000c3f00000, 0x00000000c3f00000| Complete 
|   7|0x00000000c3f00000, 0x00000000c4000000, 0x00000000c4000000|100%|HC|  |TAMS 0x00000000c4000000, 0x00000000c4000000| Complete 
|   8|0x00000000c4000000, 0x00000000c4100000, 0x00000000c4100000|100%|HC|  |TAMS 0x00000000c4100000, 0x00000000c4100000| Complete 
|   9|0x00000000c4100000, 0x00000000c4200000, 0x00000000c4200000|100%| O|  |TAMS 0x00000000c4200000, 0x00000000c4200000| Untracked 
|  10|0x00000000c4200000, 0x00000000c4300000, 0x00000000c4300000|100%| O|  |TAMS 0x00000000c4300000, 0x00000000c4300000| Untracked 
|  11|0x00000000c4300000, 0x00000000c4400000, 0x00000000c4400000|100%|HS|  |TAMS 0x00000000c4300000, 0x00000000c4300000| Complete 
|  12|0x00000000c4400000, 0x00000000c4500000, 0x00000000c4500000|100%|HC|  |TAMS 0x00000000c4400000, 0x00000000c4400000| Complete 
|  13|0x00000000c4500000, 0x00000000c4600000, 0x00000000c4600000|100%|HC|  |TAMS 0x00000000c4500000, 0x00000000c4500000| Complete 
|  14|0x00000000c4600000, 0x00000000c4700000, 0x00000000c4700000|100%|HC|  |TAMS 0x00000000c4600000, 0x00000000c4600000| Complete 
|  15|0x00000000c4700000, 0x00000000c4800000, 0x00000000c4800000|100%|HC|  |TAMS 0x00000000c4700000, 0x00000000c4700000| Complete 
|  16|0x00000000c4800000, 0x00000000c4900000, 0x00000000c4900000|100%|HS|  |TAMS 0x00000000c4900000, 0x00000000c4900000| Complete 
|  17|0x00000000c4900000, 0x00000000c4a00000, 0x00000000c4a00000|100%|HS|  |TAMS 0x00000000c4a00000, 0x00000000c4a00000| Complete 
|  18|0x00000000c4a00000, 0x00000000c4b00000, 0x00000000c4b00000|100%|HC|  |TAMS 0x00000000c4b00000, 0x00000000c4b00000| Complete 
|  19|0x00000000c4b00000, 0x00000000c4c00000, 0x00000000c4c00000|100%|HC|  |TAMS 0x00000000c4c00000, 0x00000000c4c00000| Complete 
|  20|0x00000000c4c00000, 0x00000000c4d00000, 0x00000000c4d00000|100%|HC|  |TAMS 0x00000000c4d00000, 0x00000000c4d00000| Complete 
|  21|0x00000000c4d00000, 0x00000000c4e00000, 0x00000000c4e00000|100%|HC|  |TAMS 0x00000000c4e00000, 0x00000000c4e00000| Complete 
|  22|0x00000000c4e00000, 0x00000000c4f00000, 0x00000000c4f00000|100%|HS|  |TAMS 0x00000000c4e00000, 0x00000000c4e00000| Complete 
|  23|0x00000000c4f00000, 0x00000000c5000000, 0x00000000c5000000|100%|HC|  |TAMS 0x00000000c4f00000, 0x00000000c4f00000| Complete 
|  24|0x00000000c5000000, 0x00000000c5100000, 0x00000000c5100000|100%|HC|  |TAMS 0x00000000c5000000, 0x00000000c5000000| Complete 
|  25|0x00000000c5100000, 0x00000000c5200000, 0x00000000c5200000|100%|HC|  |TAMS 0x00000000c5100000, 0x00000000c5100000| Complete 
|  26|0x00000000c5200000, 0x00000000c5300000, 0x00000000c5300000|100%|HC|  |TAMS 0x00000000c5200000, 0x00000000c5200000| Complete 
|  27|0x00000000c5300000, 0x00000000c5400000, 0x00000000c5400000|100%|HS|  |TAMS 0x00000000c5300000, 0x00000000c5400000| Complete 
|  28|0x00000000c5400000, 0x00000000c5500000, 0x00000000c5500000|100%|HC|  |TAMS 0x00000000c5400000, 0x00000000c5500000| Complete 
|  29|0x00000000c5500000, 0x00000000c5600000, 0x00000000c5600000|100%|HC|  |TAMS 0x00000000c5500000, 0x00000000c5600000| Complete 
|  30|0x00000000c5600000, 0x00000000c5700000, 0x00000000c5700000|100%|HC|  |TAMS 0x00000000c5600000, 0x00000000c5700000| Complete 
|  31|0x00000000c5700000, 0x00000000c5800000, 0x00000000c5800000|100%|HC|  |TAMS 0x00000000c5700000, 0x00000000c5800000| Complete 
|  32|0x00000000c5800000, 0x00000000c5900000, 0x00000000c5900000|100%| O|  |TAMS 0x00000000c5900000, 0x00000000c5900000| Untracked 
|  33|0x00000000c5900000, 0x00000000c5a00000, 0x00000000c5a00000|100%| O|  |TAMS 0x00000000c5a00000, 0x00000000c5a00000| Untracked 
|  34|0x00000000c5a00000, 0x00000000c5b00000, 0x00000000c5b00000|100%|HS|  |TAMS 0x00000000c5a00000, 0x00000000c5b00000| Complete 
|  35|0x00000000c5b00000, 0x00000000c5c00000, 0x00000000c5c00000|100%|HC|  |TAMS 0x00000000c5b00000, 0x00000000c5c00000| Complete 
|  36|0x00000000c5c00000, 0x00000000c5d00000, 0x00000000c5d00000|100%|HC|  |TAMS 0x00000000c5c00000, 0x00000000c5d00000| Complete 
|  37|0x00000000c5d00000, 0x00000000c5e00000, 0x00000000c5e00000|100%|HC|  |TAMS 0x00000000c5d00000, 0x00000000c5e00000| Complete 
|  38|0x00000000c5e00000, 0x00000000c5f00000, 0x00000000c5f00000|100%|HC|  |TAMS 0x00000000c5e00000, 0x00000000c5f00000| Complete 
|  39|0x00000000c5f00000, 0x00000000c6000000, 0x00000000c6000000|100%|HS|  |TAMS 0x00000000c5f00000, 0x00000000c6000000| Complete 
|  40|0x00000000c6000000, 0x00000000c6100000, 0x00000000c6100000|100%|HC|  |TAMS 0x00000000c6000000, 0x00000000c6100000| Complete 
|  41|0x00000000c6100000, 0x00000000c6200000, 0x00000000c6200000|100%|HC|  |TAMS 0x00000000c6100000, 0x00000000c6200000| Complete 
|  42|0x00000000c6200000, 0x00000000c6300000, 0x00000000c6300000|100%|HC|  |TAMS 0x00000000c6200000, 0x00000000c6300000| Complete 
|  43|0x00000000c6300000, 0x00000000c6400000, 0x00000000c6400000|100%|HC|  |TAMS 0x00000000c6300000, 0x00000000c6400000| Complete 
|  44|0x00000000c6400000, 0x00000000c6400000, 0x00000000c6500000|  0%| F|  |TAMS 0x00000000c6400000, 0x00000000c6400000| Untracked 
|  45|0x00000000c6500000, 0x00000000c6500000, 0x00000000c6600000|  0%| F|  |TAMS 0x00000000c6500000, 0x00000000c6500000| Untracked 
|  46|0x00000000c6600000, 0x00000000c6600000, 0x00000000c6700000|  0%| F|  |TAMS 0x00000000c6600000, 0x00000000c6600000| Untracked 
|  47|0x00000000c6700000, 0x00000000c6700000, 0x00000000c6800000|  0%| F|  |TAMS 0x00000000c6700000, 0x00000000c6700000| Untracked 
|  48|0x00000000c6800000, 0x00000000c6800000, 0x00000000c6900000|  0%| F|  |TAMS 0x00000000c6800000, 0x00000000c6800000| Untracked 
|  49|0x00000000c6900000, 0x00000000c6a00000, 0x00000000c6a00000|100%|HS|  |TAMS 0x00000000c6a00000, 0x00000000c6a00000| Complete 
|  50|0x00000000c6a00000, 0x00000000c6b00000, 0x00000000c6b00000|100%|HC|  |TAMS 0x00000000c6b00000, 0x00000000c6b00000| Complete 
|  51|0x00000000c6b00000, 0x00000000c6c00000, 0x00000000c6c00000|100%|HC|  |TAMS 0x00000000c6c00000, 0x00000000c6c00000| Complete 
|  52|0x00000000c6c00000, 0x00000000c6d00000, 0x00000000c6d00000|100%|HC|  |TAMS 0x00000000c6d00000, 0x00000000c6d00000| Complete 
|  53|0x00000000c6d00000, 0x00000000c6e00000, 0x00000000c6e00000|100%|HC|  |TAMS 0x00000000c6e00000, 0x00000000c6e00000| Complete 
|  54|0x00000000c6e00000, 0x00000000c6f00000, 0x00000000c6f00000|100%|HC|  |TAMS 0x00000000c6f00000, 0x00000000c6f00000| Complete 
|  55|0x00000000c6f00000, 0x00000000c7000000, 0x00000000c7000000|100%|HC|  |TAMS 0x00000000c7000000, 0x00000000c7000000| Complete 
|  56|0x00000000c7000000, 0x00000000c7100000, 0x00000000c7100000|100%|HC|  |TAMS 0x00000000c7100000, 0x00000000c7100000| Complete 
|  57|0x00000000c7100000, 0x00000000c7200000, 0x00000000c7200000|100%|HC|  |TAMS 0x00000000c7200000, 0x00000000c7200000| Complete 
|  58|0x00000000c7200000, 0x00000000c7300000, 0x00000000c7300000|100%|HC|  |TAMS 0x00000000c7300000, 0x00000000c7300000| Complete 
|  59|0x00000000c7300000, 0x00000000c7400000, 0x00000000c7400000|100%|HC|  |TAMS 0x00000000c7400000, 0x00000000c7400000| Complete 
|  60|0x00000000c7400000, 0x00000000c7500000, 0x00000000c7500000|100%|HC|  |TAMS 0x00000000c7500000, 0x00000000c7500000| Complete 
|  61|0x00000000c7500000, 0x00000000c7600000, 0x00000000c7600000|100%|HC|  |TAMS 0x00000000c7600000, 0x00000000c7600000| Complete 
|  62|0x00000000c7600000, 0x00000000c7700000, 0x00000000c7700000|100%|HC|  |TAMS 0x00000000c7700000, 0x00000000c7700000| Complete 
|  63|0x00000000c7700000, 0x00000000c7800000, 0x00000000c7800000|100%|HC|  |TAMS 0x00000000c7800000, 0x00000000c7800000| Complete 
|  64|0x00000000c7800000, 0x00000000c7900000, 0x00000000c7900000|100%|HC|  |TAMS 0x00000000c7900000, 0x00000000c7900000| Complete 
|  65|0x00000000c7900000, 0x00000000c7a00000, 0x00000000c7a00000|100%|HC|  |TAMS 0x00000000c7a00000, 0x00000000c7a00000| Complete 
|  66|0x00000000c7a00000, 0x00000000c7b00000, 0x00000000c7b00000|100%|HS|  |TAMS 0x00000000c7a00000, 0x00000000c7b00000| Complete 
|  67|0x00000000c7b00000, 0x00000000c7c00000, 0x00000000c7c00000|100%|HC|  |TAMS 0x00000000c7b00000, 0x00000000c7c00000| Complete 
|  68|0x00000000c7c00000, 0x00000000c7d00000, 0x00000000c7d00000|100%|HC|  |TAMS 0x00000000c7c00000, 0x00000000c7d00000| Complete 
|  69|0x00000000c7d00000, 0x00000000c7e00000, 0x00000000c7e00000|100%|HC|  |TAMS 0x00000000c7d00000, 0x00000000c7e00000| Complete 
|  70|0x00000000c7e00000, 0x00000000c7f00000, 0x00000000c7f00000|100%|HC|  |TAMS 0x00000000c7e00000, 0x00000000c7f00000| Complete 
|  71|0x00000000c7f00000, 0x00000000c8000000, 0x00000000c8000000|100%|HS|  |TAMS 0x00000000c7f00000, 0x00000000c8000000| Complete 
|  72|0x00000000c8000000, 0x00000000c8100000, 0x00000000c8100000|100%|HC|  |TAMS 0x00000000c8000000, 0x00000000c8100000| Complete 
|  73|0x00000000c8100000, 0x00000000c8200000, 0x00000000c8200000|100%|HC|  |TAMS 0x00000000c8100000, 0x00000000c8200000| Complete 
|  74|0x00000000c8200000, 0x00000000c8300000, 0x00000000c8300000|100%|HC|  |TAMS 0x00000000c8200000, 0x00000000c8300000| Complete 
|  75|0x00000000c8300000, 0x00000000c8400000, 0x00000000c8400000|100%|HC|  |TAMS 0x00000000c8300000, 0x00000000c8400000| Complete 
|  76|0x00000000c8400000, 0x00000000c8400000, 0x00000000c8500000|  0%| F|  |TAMS 0x00000000c8400000, 0x00000000c8400000| Untracked 
|  77|0x00000000c8500000, 0x00000000c8500000, 0x00000000c8600000|  0%| F|  |TAMS 0x00000000c8500000, 0x00000000c8500000| Untracked 
|  78|0x00000000c8600000, 0x00000000c8600000, 0x00000000c8700000|  0%| F|  |TAMS 0x00000000c8600000, 0x00000000c8600000| Untracked 
|  79|0x00000000c8700000, 0x00000000c8700000, 0x00000000c8800000|  0%| F|  |TAMS 0x00000000c8700000, 0x00000000c8700000| Untracked 
|  80|0x00000000c8800000, 0x00000000c8800000, 0x00000000c8900000|  0%| F|  |TAMS 0x00000000c8800000, 0x00000000c8800000| Untracked 
|  81|0x00000000c8900000, 0x00000000c8a00000, 0x00000000c8a00000|100%| O|  |TAMS 0x00000000c8a00000, 0x00000000c8a00000| Untracked 
|  82|0x00000000c8a00000, 0x00000000c8b00000, 0x00000000c8b00000|100%| O|  |TAMS 0x00000000c8b00000, 0x00000000c8b00000| Untracked 
|  83|0x00000000c8b00000, 0x00000000c8b00000, 0x00000000c8c00000|  0%| F|  |TAMS 0x00000000c8b00000, 0x00000000c8b00000| Untracked 
|  84|0x00000000c8c00000, 0x00000000c8d00000, 0x00000000c8d00000|100%| O|  |TAMS 0x00000000c8c1c800, 0x00000000c8d00000| Untracked 
|  85|0x00000000c8d00000, 0x00000000c8d00000, 0x00000000c8e00000|  0%| F|  |TAMS 0x00000000c8d00000, 0x00000000c8d00000| Untracked 
|  86|0x00000000c8e00000, 0x00000000c8e00000, 0x00000000c8f00000|  0%| F|  |TAMS 0x00000000c8e00000, 0x00000000c8e00000| Untracked 
|  87|0x00000000c8f00000, 0x00000000c8f00000, 0x00000000c9000000|  0%| F|  |TAMS 0x00000000c8f00000, 0x00000000c8f00000| Untracked 
|  88|0x00000000c9000000, 0x00000000c9000000, 0x00000000c9100000|  0%| F|  |TAMS 0x00000000c9000000, 0x00000000c9000000| Untracked 
|  89|0x00000000c9100000, 0x00000000c9100000, 0x00000000c9200000|  0%| F|  |TAMS 0x00000000c9100000, 0x00000000c9100000| Untracked 
|  90|0x00000000c9200000, 0x00000000c9200000, 0x00000000c9300000|  0%| F|  |TAMS 0x00000000c9200000, 0x00000000c9200000| Untracked 
|  91|0x00000000c9300000, 0x00000000c9300000, 0x00000000c9400000|  0%| F|  |TAMS 0x00000000c9300000, 0x00000000c9300000| Untracked 
|  92|0x00000000c9400000, 0x00000000c9400000, 0x00000000c9500000|  0%| F|  |TAMS 0x00000000c9400000, 0x00000000c9400000| Untracked 
|  93|0x00000000c9500000, 0x00000000c9500000, 0x00000000c9600000|  0%| F|  |TAMS 0x00000000c9500000, 0x00000000c9500000| Untracked 
|  94|0x00000000c9600000, 0x00000000c9600000, 0x00000000c9700000|  0%| F|  |TAMS 0x00000000c9600000, 0x00000000c9600000| Untracked 
|  95|0x00000000c9700000, 0x00000000c9700000, 0x00000000c9800000|  0%| F|  |TAMS 0x00000000c9700000, 0x00000000c9700000| Untracked 
|  96|0x00000000c9800000, 0x00000000c9800000, 0x00000000c9900000|  0%| F|  |TAMS 0x00000000c9800000, 0x00000000c9800000| Untracked 
|  97|0x00000000c9900000, 0x00000000c9900000, 0x00000000c9a00000|  0%| F|  |TAMS 0x00000000c9900000, 0x00000000c9900000| Untracked 
|  98|0x00000000c9a00000, 0x00000000c9a00000, 0x00000000c9b00000|  0%| F|  |TAMS 0x00000000c9a00000, 0x00000000c9a00000| Untracked 
|  99|0x00000000c9b00000, 0x00000000c9b00000, 0x00000000c9c00000|  0%| F|  |TAMS 0x00000000c9b00000, 0x00000000c9b00000| Untracked 
| 100|0x00000000c9c00000, 0x00000000c9c00000, 0x00000000c9d00000|  0%| F|  |TAMS 0x00000000c9c00000, 0x00000000c9c00000| Untracked 
| 101|0x00000000c9d00000, 0x00000000c9d00000, 0x00000000c9e00000|  0%| F|  |TAMS 0x00000000c9d00000, 0x00000000c9d00000| Untracked 
| 102|0x00000000c9e00000, 0x00000000c9e00000, 0x00000000c9f00000|  0%| F|  |TAMS 0x00000000c9e00000, 0x00000000c9e00000| Untracked 
| 103|0x00000000c9f00000, 0x00000000c9f00000, 0x00000000ca000000|  0%| F|  |TAMS 0x00000000c9f00000, 0x00000000c9f00000| Untracked 
| 104|0x00000000ca000000, 0x00000000ca000000, 0x00000000ca100000|  0%| F|  |TAMS 0x00000000ca000000, 0x00000000ca000000| Untracked 
| 105|0x00000000ca100000, 0x00000000ca100000, 0x00000000ca200000|  0%| F|  |TAMS 0x00000000ca100000, 0x00000000ca100000| Untracked 
| 106|0x00000000ca200000, 0x00000000ca200000, 0x00000000ca300000|  0%| F|  |TAMS 0x00000000ca200000, 0x00000000ca200000| Untracked 
| 107|0x00000000ca300000, 0x00000000ca300000, 0x00000000ca400000|  0%| F|  |TAMS 0x00000000ca300000, 0x00000000ca300000| Untracked 
| 108|0x00000000ca400000, 0x00000000ca400000, 0x00000000ca500000|  0%| F|  |TAMS 0x00000000ca400000, 0x00000000ca400000| Untracked 
| 109|0x00000000ca500000, 0x00000000ca500000, 0x00000000ca600000|  0%| F|  |TAMS 0x00000000ca500000, 0x00000000ca500000| Untracked 
| 110|0x00000000ca600000, 0x00000000ca600000, 0x00000000ca700000|  0%| F|  |TAMS 0x00000000ca600000, 0x00000000ca600000| Untracked 
| 111|0x00000000ca700000, 0x00000000ca700000, 0x00000000ca800000|  0%| F|  |TAMS 0x00000000ca700000, 0x00000000ca700000| Untracked 
| 112|0x00000000ca800000, 0x00000000ca800000, 0x00000000ca900000|  0%| F|  |TAMS 0x00000000ca800000, 0x00000000ca800000| Untracked 
| 113|0x00000000ca900000, 0x00000000ca900000, 0x00000000caa00000|  0%| F|  |TAMS 0x00000000ca900000, 0x00000000ca900000| Untracked 
| 114|0x00000000caa00000, 0x00000000caa00000, 0x00000000cab00000|  0%| F|  |TAMS 0x00000000caa00000, 0x00000000caa00000| Untracked 
| 115|0x00000000cab00000, 0x00000000cab00000, 0x00000000cac00000|  0%| F|  |TAMS 0x00000000cab00000, 0x00000000cab00000| Untracked 
| 116|0x00000000cac00000, 0x00000000cac00000, 0x00000000cad00000|  0%| F|  |TAMS 0x00000000cac00000, 0x00000000cac00000| Untracked 
| 117|0x00000000cad00000, 0x00000000cad00000, 0x00000000cae00000|  0%| F|  |TAMS 0x00000000cad00000, 0x00000000cad00000| Untracked 
| 118|0x00000000cae00000, 0x00000000cae00000, 0x00000000caf00000|  0%| F|  |TAMS 0x00000000cae00000, 0x00000000cae00000| Untracked 
| 119|0x00000000caf00000, 0x00000000caf00000, 0x00000000cb000000|  0%| F|  |TAMS 0x00000000caf00000, 0x00000000caf00000| Untracked 
| 120|0x00000000cb000000, 0x00000000cb000000, 0x00000000cb100000|  0%| F|  |TAMS 0x00000000cb000000, 0x00000000cb000000| Untracked 
| 121|0x00000000cb100000, 0x00000000cb100000, 0x00000000cb200000|  0%| F|  |TAMS 0x00000000cb100000, 0x00000000cb100000| Untracked 
| 122|0x00000000cb200000, 0x00000000cb200000, 0x00000000cb300000|  0%| F|  |TAMS 0x00000000cb200000, 0x00000000cb200000| Untracked 
| 123|0x00000000cb300000, 0x00000000cb300000, 0x00000000cb400000|  0%| F|  |TAMS 0x00000000cb300000, 0x00000000cb300000| Untracked 
| 124|0x00000000cb400000, 0x00000000cb400000, 0x00000000cb500000|  0%| F|  |TAMS 0x00000000cb400000, 0x00000000cb400000| Untracked 
| 125|0x00000000cb500000, 0x00000000cb500000, 0x00000000cb600000|  0%| F|  |TAMS 0x00000000cb500000, 0x00000000cb500000| Untracked 
| 126|0x00000000cb600000, 0x00000000cb600000, 0x00000000cb700000|  0%| F|  |TAMS 0x00000000cb600000, 0x00000000cb600000| Untracked 
| 127|0x00000000cb700000, 0x00000000cb700000, 0x00000000cb800000|  0%| F|  |TAMS 0x00000000cb700000, 0x00000000cb700000| Untracked 
| 128|0x00000000cb800000, 0x00000000cb800000, 0x00000000cb900000|  0%| F|  |TAMS 0x00000000cb800000, 0x00000000cb800000| Untracked 
| 129|0x00000000cb900000, 0x00000000cb900000, 0x00000000cba00000|  0%| F|  |TAMS 0x00000000cb900000, 0x00000000cb900000| Untracked 
| 130|0x00000000cba00000, 0x00000000cba00000, 0x00000000cbb00000|  0%| F|  |TAMS 0x00000000cba00000, 0x00000000cba00000| Untracked 
| 131|0x00000000cbb00000, 0x00000000cbb00000, 0x00000000cbc00000|  0%| F|  |TAMS 0x00000000cbb00000, 0x00000000cbb00000| Untracked 
| 132|0x00000000cbc00000, 0x00000000cbc00000, 0x00000000cbd00000|  0%| F|  |TAMS 0x00000000cbc00000, 0x00000000cbc00000| Untracked 
| 133|0x00000000cbd00000, 0x00000000cbd00000, 0x00000000cbe00000|  0%| F|  |TAMS 0x00000000cbd00000, 0x00000000cbd00000| Untracked 
| 134|0x00000000cbe00000, 0x00000000cbe00000, 0x00000000cbf00000|  0%| F|  |TAMS 0x00000000cbe00000, 0x00000000cbe00000| Untracked 
| 135|0x00000000cbf00000, 0x00000000cbf00000, 0x00000000cc000000|  0%| F|  |TAMS 0x00000000cbf00000, 0x00000000cbf00000| Untracked 
| 136|0x00000000cc000000, 0x00000000cc000000, 0x00000000cc100000|  0%| F|  |TAMS 0x00000000cc000000, 0x00000000cc000000| Untracked 
| 137|0x00000000cc100000, 0x00000000cc100000, 0x00000000cc200000|  0%| F|  |TAMS 0x00000000cc100000, 0x00000000cc100000| Untracked 
| 138|0x00000000cc200000, 0x00000000cc200000, 0x00000000cc300000|  0%| F|  |TAMS 0x00000000cc200000, 0x00000000cc200000| Untracked 
| 139|0x00000000cc300000, 0x00000000cc300000, 0x00000000cc400000|  0%| F|  |TAMS 0x00000000cc300000, 0x00000000cc300000| Untracked 
| 140|0x00000000cc400000, 0x00000000cc400000, 0x00000000cc500000|  0%| F|  |TAMS 0x00000000cc400000, 0x00000000cc400000| Untracked 
| 141|0x00000000cc500000, 0x00000000cc500000, 0x00000000cc600000|  0%| F|  |TAMS 0x00000000cc500000, 0x00000000cc500000| Untracked 
| 142|0x00000000cc600000, 0x00000000cc600000, 0x00000000cc700000|  0%| F|  |TAMS 0x00000000cc600000, 0x00000000cc600000| Untracked 
| 143|0x00000000cc700000, 0x00000000cc700000, 0x00000000cc800000|  0%| F|  |TAMS 0x00000000cc700000, 0x00000000cc700000| Untracked 
| 144|0x00000000cc800000, 0x00000000cc800000, 0x00000000cc900000|  0%| F|  |TAMS 0x00000000cc800000, 0x00000000cc800000| Untracked 
| 145|0x00000000cc900000, 0x00000000cc900000, 0x00000000cca00000|  0%| F|  |TAMS 0x00000000cc900000, 0x00000000cc900000| Untracked 
| 146|0x00000000cca00000, 0x00000000cca00000, 0x00000000ccb00000|  0%| F|  |TAMS 0x00000000cca00000, 0x00000000cca00000| Untracked 
| 147|0x00000000ccb00000, 0x00000000ccb00000, 0x00000000ccc00000|  0%| F|  |TAMS 0x00000000ccb00000, 0x00000000ccb00000| Untracked 
| 148|0x00000000ccc00000, 0x00000000ccc00000, 0x00000000ccd00000|  0%| F|  |TAMS 0x00000000ccc00000, 0x00000000ccc00000| Untracked 
| 149|0x00000000ccd00000, 0x00000000ccd00000, 0x00000000cce00000|  0%| F|  |TAMS 0x00000000ccd00000, 0x00000000ccd00000| Untracked 
| 150|0x00000000cce00000, 0x00000000cce00000, 0x00000000ccf00000|  0%| F|  |TAMS 0x00000000cce00000, 0x00000000cce00000| Untracked 
| 151|0x00000000ccf00000, 0x00000000ccf00000, 0x00000000cd000000|  0%| F|  |TAMS 0x00000000ccf00000, 0x00000000ccf00000| Untracked 
| 152|0x00000000cd000000, 0x00000000cd000000, 0x00000000cd100000|  0%| F|  |TAMS 0x00000000cd000000, 0x00000000cd000000| Untracked 
| 153|0x00000000cd100000, 0x00000000cd100000, 0x00000000cd200000|  0%| F|  |TAMS 0x00000000cd100000, 0x00000000cd100000| Untracked 
| 154|0x00000000cd200000, 0x00000000cd200000, 0x00000000cd300000|  0%| F|  |TAMS 0x00000000cd200000, 0x00000000cd200000| Untracked 
| 155|0x00000000cd300000, 0x00000000cd300000, 0x00000000cd400000|  0%| F|  |TAMS 0x00000000cd300000, 0x00000000cd300000| Untracked 
| 156|0x00000000cd400000, 0x00000000cd400000, 0x00000000cd500000|  0%| F|  |TAMS 0x00000000cd400000, 0x00000000cd400000| Untracked 
| 157|0x00000000cd500000, 0x00000000cd500000, 0x00000000cd600000|  0%| F|  |TAMS 0x00000000cd500000, 0x00000000cd500000| Untracked 
| 158|0x00000000cd600000, 0x00000000cd600000, 0x00000000cd700000|  0%| F|  |TAMS 0x00000000cd600000, 0x00000000cd600000| Untracked 
| 159|0x00000000cd700000, 0x00000000cd700000, 0x00000000cd800000|  0%| F|  |TAMS 0x00000000cd700000, 0x00000000cd700000| Untracked 
| 160|0x00000000cd800000, 0x00000000cd800000, 0x00000000cd900000|  0%| F|  |TAMS 0x00000000cd800000, 0x00000000cd800000| Untracked 
| 161|0x00000000cd900000, 0x00000000cd900000, 0x00000000cda00000|  0%| F|  |TAMS 0x00000000cd900000, 0x00000000cd900000| Untracked 
| 162|0x00000000cda00000, 0x00000000cda00000, 0x00000000cdb00000|  0%| F|  |TAMS 0x00000000cda00000, 0x00000000cda00000| Untracked 
| 163|0x00000000cdb00000, 0x00000000cdb00000, 0x00000000cdc00000|  0%| F|  |TAMS 0x00000000cdb00000, 0x00000000cdb00000| Untracked 
| 164|0x00000000cdc00000, 0x00000000cdc00000, 0x00000000cdd00000|  0%| F|  |TAMS 0x00000000cdc00000, 0x00000000cdc00000| Untracked 
| 165|0x00000000cdd00000, 0x00000000cdd00000, 0x00000000cde00000|  0%| F|  |TAMS 0x00000000cdd00000, 0x00000000cdd00000| Untracked 
| 166|0x00000000cde00000, 0x00000000cde00000, 0x00000000cdf00000|  0%| F|  |TAMS 0x00000000cde00000, 0x00000000cde00000| Untracked 
| 167|0x00000000cdf00000, 0x00000000cdf00000, 0x00000000ce000000|  0%| F|  |TAMS 0x00000000cdf00000, 0x00000000cdf00000| Untracked 
| 168|0x00000000ce000000, 0x00000000ce000000, 0x00000000ce100000|  0%| F|  |TAMS 0x00000000ce000000, 0x00000000ce000000| Untracked 
| 169|0x00000000ce100000, 0x00000000ce100000, 0x00000000ce200000|  0%| F|  |TAMS 0x00000000ce100000, 0x00000000ce100000| Untracked 
| 170|0x00000000ce200000, 0x00000000ce200000, 0x00000000ce300000|  0%| F|  |TAMS 0x00000000ce200000, 0x00000000ce200000| Untracked 
| 171|0x00000000ce300000, 0x00000000ce300000, 0x00000000ce400000|  0%| F|  |TAMS 0x00000000ce300000, 0x00000000ce300000| Untracked 
| 172|0x00000000ce400000, 0x00000000ce400000, 0x00000000ce500000|  0%| F|  |TAMS 0x00000000ce400000, 0x00000000ce400000| Untracked 
| 173|0x00000000ce500000, 0x00000000ce500000, 0x00000000ce600000|  0%| F|  |TAMS 0x00000000ce500000, 0x00000000ce500000| Untracked 
| 174|0x00000000ce600000, 0x00000000ce600000, 0x00000000ce700000|  0%| F|  |TAMS 0x00000000ce600000, 0x00000000ce600000| Untracked 
| 175|0x00000000ce700000, 0x00000000ce7a9800, 0x00000000ce800000| 66%| O|  |TAMS 0x00000000ce700000, 0x00000000ce7a9800| Untracked 
| 176|0x00000000ce800000, 0x00000000ce800000, 0x00000000ce900000|  0%| F|  |TAMS 0x00000000ce800000, 0x00000000ce800000| Untracked 
| 177|0x00000000ce900000, 0x00000000ce900000, 0x00000000cea00000|  0%| F|  |TAMS 0x00000000ce900000, 0x00000000ce900000| Untracked 
| 178|0x00000000cea00000, 0x00000000cea00000, 0x00000000ceb00000|  0%| F|  |TAMS 0x00000000cea00000, 0x00000000cea00000| Untracked 
| 179|0x00000000ceb00000, 0x00000000ceb00000, 0x00000000cec00000|  0%| F|  |TAMS 0x00000000ceb00000, 0x00000000ceb00000| Untracked 
| 180|0x00000000cec00000, 0x00000000cec00000, 0x00000000ced00000|  0%| F|  |TAMS 0x00000000cec00000, 0x00000000cec00000| Untracked 
| 181|0x00000000ced00000, 0x00000000ced82450, 0x00000000cee00000| 50%| S|CS|TAMS 0x00000000ced00000, 0x00000000ced00000| Complete 
| 182|0x00000000cee00000, 0x00000000cee00000, 0x00000000cef00000|  0%| F|  |TAMS 0x00000000cee00000, 0x00000000cee00000| Untracked 
| 183|0x00000000cef00000, 0x00000000cef80800, 0x00000000cf000000| 50%| E|  |TAMS 0x00000000cef00000, 0x00000000cef00000| Complete 
| 184|0x00000000cf000000, 0x00000000cf100000, 0x00000000cf100000|100%| E|CS|TAMS 0x00000000cf000000, 0x00000000cf000000| Complete 

Card table byte_map: [0x00000194b35a0000,0x00000194b3790000] _byte_map_base: 0x00000194b2f84000

Marking Bits (Prev, Next): (CMBitMap*) 0x000001949cbdc800, (CMBitMap*) 0x000001949cbdc840
 Prev Bits: [0x00000194b3980000, 0x00000194b48a0000)
 Next Bits: [0x00000194b48a0000, 0x00000194b57c0000)

Polling page: 0x000001949aa60000

Metaspace:

Usage:
  Non-class:     21.89 MB used.
      Class:      3.03 MB used.
       Both:     24.92 MB used.

Virtual space:
  Non-class space:       24.00 MB reserved,      22.00 MB ( 92%) committed,  3 nodes.
      Class space:        1.00 GB reserved,       3.12 MB ( <1%) committed,  1 nodes.
             Both:        1.02 GB reserved,      25.12 MB (  2%) committed. 

Chunk freelists:
   Non-Class:  1.62 MB
       Class:  913.00 KB
        Both:  2.52 MB

MaxMetaspaceSize: unlimited
CompressedClassSpaceSize: 1.00 GB
Initial GC threshold: 21.00 MB
Current GC threshold: 41.81 MB
CDS: on
MetaspaceReclaimPolicy: balanced
 - commit_granule_bytes: 65536.
 - commit_granule_words: 8192.
 - virtual_space_node_default_size: 1048576.
 - enlarge_chunks_in_place: 1.
 - new_chunks_are_fully_committed: 0.
 - uncommit_free_chunks: 1.
 - use_allocation_guard: 0.
 - handle_deallocations: 1.


Internal statistics:

num_allocs_failed_limit: 3.
num_arena_births: 228.
num_arena_deaths: 0.
num_vsnodes_births: 4.
num_vsnodes_deaths: 0.
num_space_committed: 402.
num_space_uncommitted: 0.
num_chunks_returned_to_freelist: 3.
num_chunks_taken_from_freelist: 841.
num_chunk_merges: 3.
num_chunk_splits: 562.
num_chunks_enlarged: 444.
num_purges: 0.
num_inconsistent_stats: 0.

CodeHeap 'non-profiled nmethods': size=120000Kb used=1365Kb max_used=1365Kb free=118634Kb
 bounds [0x00000194abe80000, 0x00000194ac0f0000, 0x00000194b33b0000]
CodeHeap 'profiled nmethods': size=120000Kb used=4780Kb max_used=4780Kb free=115220Kb
 bounds [0x00000194a4950000, 0x00000194a4e00000, 0x00000194abe80000]
CodeHeap 'non-nmethods': size=5760Kb used=1358Kb max_used=1430Kb free=4401Kb
 bounds [0x00000194a43b0000, 0x00000194a4620000, 0x00000194a4950000]
 total_blobs=3165 nmethods=2465 adapters=612
 compilation: enabled
              stopped_count=0, restarted_count=0
 full_count=0

Compilation events (20 events):
Event: 14.508 Thread 0x000001949cc7c440 nmethod 2456 0x00000194a4df2d90 code [0x00000194a4df2f20, 0x00000194a4df3038]
Event: 14.508 Thread 0x000001949cc7c440 2457       1       sun.awt.Win32GraphicsDevice::getDefaultScaleX (5 bytes)
Event: 14.508 Thread 0x000001949cc7c440 nmethod 2457 0x00000194abfd4510 code [0x00000194abfd46a0, 0x00000194abfd4778]
Event: 14.508 Thread 0x000001949cc7c440 2458       1       sun.awt.Win32GraphicsDevice::getDefaultScaleY (5 bytes)
Event: 14.508 Thread 0x000001949cc7c440 nmethod 2458 0x00000194abfd4810 code [0x00000194abfd49a0, 0x00000194abfd4a78]
Event: 14.508 Thread 0x000001949cc7c440 2459       1       java.awt.geom.AffineTransform::getScaleX (5 bytes)
Event: 14.508 Thread 0x000001949cc7c440 nmethod 2459 0x00000194abfd4b10 code [0x00000194abfd4ca0, 0x00000194abfd4d78]
Event: 14.508 Thread 0x000001949cc7c440 2460       1       java.awt.geom.AffineTransform::getScaleY (5 bytes)
Event: 14.508 Thread 0x000001949cc7c440 nmethod 2460 0x00000194abfd4e10 code [0x00000194abfd4fa0, 0x00000194abfd5078]
Event: 14.526 Thread 0x000001949cc7c440 2461       3       java.awt.Rectangle::<init> (9 bytes)
Event: 14.527 Thread 0x000001949cc7c440 nmethod 2461 0x00000194a4df3110 code [0x00000194a4df32c0, 0x00000194a4df3558]
Event: 14.547 Thread 0x000001949cc7c440 2462       3       sun.java2d.SurfaceData::getSourceSurfaceData (110 bytes)
Event: 14.548 Thread 0x000001949cc7c440 nmethod 2462 0x00000194a4df3690 code [0x00000194a4df38e0, 0x00000194a4df4428]
Event: 14.548 Thread 0x000001949cc7c440 2463       3       java.awt.Rectangle::intersection (180 bytes)
Event: 14.549 Thread 0x000001949cc7c440 nmethod 2463 0x00000194a4df4810 code [0x00000194a4df49e0, 0x00000194a4df4ed8]
Event: 14.741 Thread 0x000001949cc7c440 2465       3       sun.java2d.loops.Blit::getFromCache (93 bytes)
Event: 14.742 Thread 0x000001949cc7c440 nmethod 2465 0x00000194a4df5090 code [0x00000194a4df5300, 0x00000194a4df5ab8]
Event: 15.619 Thread 0x000001949cc7c440 2466 %     3       atu.testrecorder.media.quicktime.AnimationCodec::encodeDelta24 @ 460 (796 bytes)
Event: 15.624 Thread 0x000001949cc7c440 nmethod 2466% 0x00000194a4df5e10 code [0x00000194a4df6300, 0x00000194a4df9ce8]
Event: 15.624 Thread 0x00000194b7c16380 2467 %     4       atu.testrecorder.media.quicktime.AnimationCodec::encodeDelta24 @ 460 (796 bytes)

GC Heap History (20 events):
Event: 6.924 GC heap before
{Heap before GC invocations=40 (full 0):
 garbage-first heap   total 189440K, used 88533K [0x00000000c3800000, 0x0000000100000000)
  region size 1024K, 4 young (4096K), 1 survivors (1024K)
 Metaspace       used 23613K, committed 23872K, reserved 1073152K
  class space    used 2846K, committed 3008K, reserved 1048576K
}
Event: 6.926 GC heap after
{Heap after GC invocations=41 (full 0):
 garbage-first heap   total 189440K, used 65898K [0x00000000c3800000, 0x0000000100000000)
  region size 1024K, 1 young (1024K), 1 survivors (1024K)
 Metaspace       used 23613K, committed 23872K, reserved 1073152K
  class space    used 2846K, committed 3008K, reserved 1048576K
}
Event: 7.129 GC heap before
{Heap before GC invocations=41 (full 0):
 garbage-first heap   total 189440K, used 86378K [0x00000000c3800000, 0x0000000100000000)
  region size 1024K, 2 young (2048K), 1 survivors (1024K)
 Metaspace       used 23624K, committed 23936K, reserved 1073152K
  class space    used 2846K, committed 3008K, reserved 1048576K
}
Event: 7.133 GC heap after
{Heap after GC invocations=42 (full 0):
 garbage-first heap   total 189440K, used 65892K [0x00000000c3800000, 0x0000000100000000)
  region size 1024K, 1 young (1024K), 1 survivors (1024K)
 Metaspace       used 23624K, committed 23936K, reserved 1073152K
  class space    used 2846K, committed 3008K, reserved 1048576K
}
Event: 7.377 GC heap before
{Heap before GC invocations=42 (full 0):
 garbage-first heap   total 189440K, used 86372K [0x00000000c3800000, 0x0000000100000000)
  region size 1024K, 2 young (2048K), 1 survivors (1024K)
 Metaspace       used 23624K, committed 23936K, reserved 1073152K
  class space    used 2846K, committed 3008K, reserved 1048576K
}
Event: 7.378 GC heap after
{Heap after GC invocations=43 (full 0):
 garbage-first heap   total 189440K, used 65901K [0x00000000c3800000, 0x0000000100000000)
  region size 1024K, 1 young (1024K), 1 survivors (1024K)
 Metaspace       used 23624K, committed 23936K, reserved 1073152K
  class space    used 2846K, committed 3008K, reserved 1048576K
}
Event: 7.644 GC heap before
{Heap before GC invocations=43 (full 0):
 garbage-first heap   total 189440K, used 92525K [0x00000000c3800000, 0x0000000100000000)
  region size 1024K, 8 young (8192K), 1 survivors (1024K)
 Metaspace       used 24820K, committed 25024K, reserved 1073152K
  class space    used 3024K, committed 3136K, reserved 1048576K
}
Event: 7.647 GC heap after
{Heap after GC invocations=44 (full 0):
 garbage-first heap   total 189440K, used 66439K [0x00000000c3800000, 0x0000000100000000)
  region size 1024K, 1 young (1024K), 1 survivors (1024K)
 Metaspace       used 24820K, committed 25024K, reserved 1073152K
  class space    used 3024K, committed 3136K, reserved 1048576K
}
Event: 7.859 GC heap before
{Heap before GC invocations=44 (full 0):
 garbage-first heap   total 189440K, used 85895K [0x00000000c3800000, 0x0000000100000000)
  region size 1024K, 6 young (6144K), 1 survivors (1024K)
 Metaspace       used 25414K, committed 25600K, reserved 1073152K
  class space    used 3099K, committed 3200K, reserved 1048576K
}
Event: 7.861 GC heap after
{Heap after GC invocations=45 (full 0):
 garbage-first heap   total 189440K, used 61777K [0x00000000c3800000, 0x0000000100000000)
  region size 1024K, 1 young (1024K), 1 survivors (1024K)
 Metaspace       used 25414K, committed 25600K, reserved 1073152K
  class space    used 3099K, committed 3200K, reserved 1048576K
}
Event: 14.445 GC heap before
{Heap before GC invocations=46 (full 0):
 garbage-first heap   total 189440K, used 181585K [0x00000000c3800000, 0x0000000100000000)
  region size 1024K, 4 young (4096K), 1 survivors (1024K)
 Metaspace       used 25513K, committed 25728K, reserved 1073152K
  class space    used 3107K, committed 3200K, reserved 1048576K
}
Event: 14.447 GC heap after
{Heap after GC invocations=47 (full 0):
 garbage-first heap   total 189440K, used 164391K [0x00000000c3800000, 0x0000000100000000)
  region size 1024K, 2 young (2048K), 2 survivors (2048K)
 Metaspace       used 25513K, committed 25728K, reserved 1073152K
  class space    used 3107K, committed 3200K, reserved 1048576K
}
Event: 14.502 GC heap before
{Heap before GC invocations=47 (full 0):
 garbage-first heap   total 189440K, used 179751K [0x00000000c3800000, 0x0000000100000000)
  region size 1024K, 3 young (3072K), 2 survivors (2048K)
 Metaspace       used 25516K, committed 25728K, reserved 1073152K
  class space    used 3107K, committed 3200K, reserved 1048576K
}
Event: 14.507 GC heap after
{Heap after GC invocations=48 (full 0):
 garbage-first heap   total 189440K, used 61650K [0x00000000c3800000, 0x0000000100000000)
  region size 1024K, 1 young (1024K), 1 survivors (1024K)
 Metaspace       used 25516K, committed 25728K, reserved 1073152K
  class space    used 3107K, committed 3200K, reserved 1048576K
}
Event: 14.618 GC heap before
{Heap before GC invocations=48 (full 0):
 garbage-first heap   total 189440K, used 82130K [0x00000000c3800000, 0x0000000100000000)
  region size 1024K, 2 young (2048K), 1 survivors (1024K)
 Metaspace       used 25518K, committed 25728K, reserved 1073152K
  class space    used 3107K, committed 3200K, reserved 1048576K
}
Event: 14.620 GC heap after
{Heap after GC invocations=49 (full 0):
 garbage-first heap   total 189440K, used 66779K [0x00000000c3800000, 0x0000000100000000)
  region size 1024K, 1 young (1024K), 1 survivors (1024K)
 Metaspace       used 25518K, committed 25728K, reserved 1073152K
  class space    used 3107K, committed 3200K, reserved 1048576K
}
Event: 14.687 GC heap before
{Heap before GC invocations=49 (full 0):
 garbage-first heap   total 189440K, used 82139K [0x00000000c3800000, 0x0000000100000000)
  region size 1024K, 2 young (2048K), 1 survivors (1024K)
 Metaspace       used 25518K, committed 25728K, reserved 1073152K
  class space    used 3107K, committed 3200K, reserved 1048576K
}
Event: 14.689 GC heap after
{Heap after GC invocations=50 (full 0):
 garbage-first heap   total 189440K, used 61641K [0x00000000c3800000, 0x0000000100000000)
  region size 1024K, 1 young (1024K), 1 survivors (1024K)
 Metaspace       used 25518K, committed 25728K, reserved 1073152K
  class space    used 3107K, committed 3200K, reserved 1048576K
}
Event: 14.778 GC heap before
{Heap before GC invocations=50 (full 0):
 garbage-first heap   total 189440K, used 83145K [0x00000000c3800000, 0x0000000100000000)
  region size 1024K, 3 young (3072K), 1 survivors (1024K)
 Metaspace       used 25520K, committed 25728K, reserved 1073152K
  class space    used 3107K, committed 3200K, reserved 1048576K
}
Event: 14.795 GC heap after
{Heap after GC invocations=51 (full 0):
 garbage-first heap   total 189440K, used 66735K [0x00000000c3800000, 0x0000000100000000)
  region size 1024K, 1 young (1024K), 1 survivors (1024K)
 Metaspace       used 25520K, committed 25728K, reserved 1073152K
  class space    used 3107K, committed 3200K, reserved 1048576K
}

Deoptimization events (20 events):
Event: 6.691 Thread 0x00000194b987b160 DEOPT PACKING pc=0x00000194abf14ccc sp=0x000000182b4fe9f0
Event: 6.691 Thread 0x00000194b987b160 DEOPT UNPACKING pc=0x00000194a44023a3 sp=0x000000182b4fea08 mode 2
Event: 6.722 Thread 0x00000194b987b160 DEOPT PACKING pc=0x00000194a4d6ff55 sp=0x000000182b4fe930
Event: 6.722 Thread 0x00000194b987b160 DEOPT UNPACKING pc=0x00000194a4402b43 sp=0x000000182b4fdef0 mode 0
Event: 6.921 Thread 0x00000194b987b160 Uncommon trap: trap_request=0xffffff45 fr.pc=0x00000194abf1e72c relative=0x000000000000208c
Event: 6.921 Thread 0x00000194b987b160 Uncommon trap: reason=unstable_if action=reinterpret pc=0x00000194abf1e72c method=atu.testrecorder.media.quicktime.AnimationCodec.encodeDelta24(Ljavax/imageio/stream/ImageOutputStream;[I[IIIII)V @ 562 c2
Event: 6.921 Thread 0x00000194b987b160 DEOPT PACKING pc=0x00000194abf1e72c sp=0x000000182b4fe9f0
Event: 6.922 Thread 0x00000194b987b160 DEOPT UNPACKING pc=0x00000194a44023a3 sp=0x000000182b4fea08 mode 2
Event: 7.562 Thread 0x000001949cbaec30 Uncommon trap: trap_request=0xffffff45 fr.pc=0x00000194abeeaa54 relative=0x0000000000000f34
Event: 7.562 Thread 0x000001949cbaec30 Uncommon trap: reason=unstable_if action=reinterpret pc=0x00000194abeeaa54 method=java.util.concurrent.ConcurrentHashMap.putVal(Ljava/lang/Object;Ljava/lang/Object;Z)Ljava/lang/Object; @ 256 c2
Event: 7.562 Thread 0x000001949cbaec30 DEOPT PACKING pc=0x00000194abeeaa54 sp=0x00000018296fc650
Event: 7.562 Thread 0x000001949cbaec30 DEOPT UNPACKING pc=0x00000194a44023a3 sp=0x00000018296fc5c8 mode 2
Event: 15.619 Thread 0x00000194b987b160 Uncommon trap: trap_request=0xffffff45 fr.pc=0x00000194abfa8ea4 relative=0x0000000000003384
Event: 15.619 Thread 0x00000194b987b160 Uncommon trap: reason=unstable_if action=reinterpret pc=0x00000194abfa8ea4 method=atu.testrecorder.media.quicktime.AnimationCodec.encodeDelta24(Ljavax/imageio/stream/ImageOutputStream;[I[IIIII)V @ 711 c2
Event: 15.619 Thread 0x00000194b987b160 DEOPT PACKING pc=0x00000194abfa8ea4 sp=0x000000182b4fe940
Event: 15.619 Thread 0x00000194b987b160 DEOPT UNPACKING pc=0x00000194a44023a3 sp=0x000000182b4fe938 mode 2
Event: 15.619 Thread 0x00000194b987b160 Uncommon trap: trap_request=0xffffff45 fr.pc=0x00000194abf9ca34 relative=0x0000000000002974
Event: 15.619 Thread 0x00000194b987b160 Uncommon trap: reason=unstable_if action=reinterpret pc=0x00000194abf9ca34 method=atu.testrecorder.media.quicktime.AnimationCodec.encodeDelta24(Ljavax/imageio/stream/ImageOutputStream;[I[IIIII)V @ 711 c2
Event: 15.619 Thread 0x00000194b987b160 DEOPT PACKING pc=0x00000194abf9ca34 sp=0x000000182b4fe940
Event: 15.619 Thread 0x00000194b987b160 DEOPT UNPACKING pc=0x00000194a44023a3 sp=0x000000182b4fe938 mode 2

Classes unloaded (0 events):
No events

Classes redefined (0 events):
No events

Internal exceptions (20 events):
Event: 2.471 Thread 0x00000194b92c7d50 Exception <a 'java/lang/NoSuchMethodError'{0x00000000c9f25d98}: 'java.lang.Object java.lang.invoke.DirectMethodHandle$Holder.newInvokeSpecial(java.lang.Object, java.lang.Object, long)'> (0x00000000c9f25d98) 
thrown [t:\workspace\open\src\hotspot\share\interpreter\linkResolver.cpp, line 766]
Event: 2.471 Thread 0x00000194b92c7d50 Exception <a 'java/lang/NoSuchMethodError'{0x00000000c9f29908}: 'java.lang.Object java.lang.invoke.Invokers$Holder.linkToTargetMethod(java.lang.Object, long, java.lang.Object)'> (0x00000000c9f29908) 
thrown [t:\workspace\open\src\hotspot\share\interpreter\linkResolver.cpp, line 766]
Event: 2.492 Thread 0x00000194b92cb240 Exception <a 'java/net/ConnectException'{0x00000000c9f8f698}: Connection refused: no further information> (0x00000000c9f8f698) 
thrown [t:\workspace\open\src\hotspot\share\prims\jni.cpp, line 535]
Event: 2.492 Thread 0x00000194b92cb240 Exception <a 'java/net/SocketException'{0x00000000c9f8f9d0}: Socket is not connected: shutdown> (0x00000000c9f8f9d0) 
thrown [t:\workspace\open\src\hotspot\share\prims\jni.cpp, line 535]
Event: 2.549 Thread 0x00000194b92cb240 Exception <a 'java/net/ConnectException'{0x00000000c9f90968}: Connection refused: no further information> (0x00000000c9f90968) 
thrown [t:\workspace\open\src\hotspot\share\prims\jni.cpp, line 535]
Event: 2.549 Thread 0x00000194b92cb240 Exception <a 'java/net/SocketException'{0x00000000c9f90ca0}: Socket is not connected: shutdown> (0x00000000c9f90ca0) 
thrown [t:\workspace\open\src\hotspot\share\prims\jni.cpp, line 535]
Event: 2.632 Thread 0x00000194b92cb240 Exception <a 'java/net/ConnectException'{0x00000000ca7605f0}: Connection refused: no further information> (0x00000000ca7605f0) 
thrown [t:\workspace\open\src\hotspot\share\prims\jni.cpp, line 535]
Event: 2.632 Thread 0x00000194b92cb240 Exception <a 'java/net/SocketException'{0x00000000ca760928}: Socket is not connected: shutdown> (0x00000000ca760928) 
thrown [t:\workspace\open\src\hotspot\share\prims\jni.cpp, line 535]
Event: 2.820 Thread 0x00000194b92cb240 Exception <a 'java/net/ConnectException'{0x00000000ca7618c0}: Connection refused: no further information> (0x00000000ca7618c0) 
thrown [t:\workspace\open\src\hotspot\share\prims\jni.cpp, line 535]
Event: 2.820 Thread 0x00000194b92cb240 Exception <a 'java/net/SocketException'{0x00000000ca761bf8}: Socket is not connected: shutdown> (0x00000000ca761bf8) 
thrown [t:\workspace\open\src\hotspot\share\prims\jni.cpp, line 535]
Event: 3.190 Thread 0x000001949cbaec30 Exception <a 'java/lang/NoSuchMethodError'{0x00000000cee69240}: 'double java.lang.invoke.DirectMethodHandle$Holder.invokeVirtual(java.lang.Object, java.lang.Object)'> (0x00000000cee69240) 
thrown [t:\workspace\open\src\hotspot\share\interpreter\linkResolver.cpp, line 766]
Event: 3.192 Thread 0x000001949cbaec30 Exception <a 'java/lang/NoSuchMethodError'{0x00000000cee6fc90}: 'float java.lang.invoke.DirectMethodHandle$Holder.invokeVirtual(java.lang.Object, java.lang.Object)'> (0x00000000cee6fc90) 
thrown [t:\workspace\open\src\hotspot\share\interpreter\linkResolver.cpp, line 766]
Event: 3.195 Thread 0x000001949cbaec30 Exception <a 'java/lang/NoSuchMethodError'{0x00000000cee78f18}: 'long java.lang.invoke.DirectMethodHandle$Holder.invokeVirtual(java.lang.Object, java.lang.Object)'> (0x00000000cee78f18) 
thrown [t:\workspace\open\src\hotspot\share\interpreter\linkResolver.cpp, line 766]
Event: 3.242 Thread 0x000001949cbaec30 Exception <a 'java/lang/NoSuchMethodError'{0x00000000cec462d8}: 'void java.lang.invoke.DirectMethodHandle$Holder.invokeStatic(java.lang.Object, java.lang.Object, int)'> (0x00000000cec462d8) 
thrown [t:\workspace\open\src\hotspot\share\interpreter\linkResolver.cpp, line 766]
Event: 3.277 Thread 0x000001949cbaec30 Exception <a 'java/lang/NoSuchMethodError'{0x00000000cebfa948}: 'java.lang.Object java.lang.invoke.DirectMethodHandle$Holder.newInvokeSpecial(java.lang.Object, java.lang.Object, java.lang.Object, java.lang.Object, java.lang.Object)'> (0x00000000cebfa948) 
thrown [t:\workspace\open\src\hotspot\share\interpreter\linkResolver.cpp, line 766]
Event: 3.299 Thread 0x000001949cbaec30 Exception <a 'java/lang/NoSuchMethodError'{0x00000000ceacab58}: 'int java.lang.invoke.DirectMethodHandle$Holder.invokeSpecialIFC(java.lang.Object, java.lang.Object, java.lang.Object)'> (0x00000000ceacab58) 
thrown [t:\workspace\open\src\hotspot\share\interpreter\linkResolver.cpp, line 766]
Event: 3.448 Thread 0x000001949cbaec30 Exception <a 'java/lang/NoSuchMethodError'{0x00000000cef14128}: 'void java.lang.invoke.DirectMethodHandle$Holder.invokeSpecial(java.lang.Object, java.lang.Object, java.lang.Object, java.lang.Object, java.lang.Object, java.lang.Object)'> (0x00000000cef14128) 
thrown [t:\workspace\open\src\hotspot\share\interpreter\linkResolver.cpp, line 766]
Event: 7.519 Thread 0x000001949cbaec30 Exception <a 'java/lang/NoSuchMethodError'{0x00000000ceb17898}: 'java.lang.Object java.lang.invoke.DirectMethodHandle$Holder.invokeSpecialIFC(java.lang.Object, java.lang.Object, java.lang.Object)'> (0x00000000ceb17898) 
thrown [t:\workspace\open\src\hotspot\share\interpreter\linkResolver.cpp, line 766]
Event: 7.526 Thread 0x000001949cbaec30 Exception <a 'java/lang/NoSuchMethodError'{0x00000000ceb421c8}: 'void java.lang.invoke.DirectMethodHandle$Holder.invokeSpecial(java.lang.Object, java.lang.Object, java.lang.Object)'> (0x00000000ceb421c8) 
thrown [t:\workspace\open\src\hotspot\share\interpreter\linkResolver.cpp, line 766]
Event: 7.569 Thread 0x000001949cbaec30 Exception <a 'java/lang/ClassNotFoundException'{0x00000000cebc49e0}: sun/util/logging/resources/spi/loggingProvider> (0x00000000cebc49e0) 
thrown [t:\workspace\open\src\hotspot\share\classfile\systemDictionary.cpp, line 256]

VM Operations (20 events):
Event: 7.896 Executing VM operation: G1Concurrent
Event: 7.897 Executing VM operation: G1Concurrent done
Event: 8.897 Executing VM operation: Cleanup
Event: 8.897 Executing VM operation: Cleanup done
Event: 9.910 Executing VM operation: Cleanup
Event: 9.910 Executing VM operation: Cleanup done
Event: 10.915 Executing VM operation: Cleanup
Event: 10.915 Executing VM operation: Cleanup done
Event: 13.922 Executing VM operation: Cleanup
Event: 13.922 Executing VM operation: Cleanup done
Event: 14.445 Executing VM operation: G1CollectForAllocation
Event: 14.447 Executing VM operation: G1CollectForAllocation done
Event: 14.502 Executing VM operation: G1CollectForAllocation
Event: 14.508 Executing VM operation: G1CollectForAllocation done
Event: 14.618 Executing VM operation: G1TryInitiateConcMark
Event: 14.620 Executing VM operation: G1TryInitiateConcMark done
Event: 14.687 Executing VM operation: G1TryInitiateConcMark
Event: 14.689 Executing VM operation: G1TryInitiateConcMark done
Event: 14.778 Executing VM operation: G1TryInitiateConcMark
Event: 14.795 Executing VM operation: G1TryInitiateConcMark done

Events (20 events):
Event: 7.714 loading class java/util/Base64$Encoder done
Event: 7.717 Thread 0x00000194bba79dc0 Thread added: 0x00000194bba79dc0
Event: 7.719 loading class java/util/concurrent/CompletableFuture$UniExceptionally
Event: 7.719 loading class java/util/concurrent/CompletableFuture$UniCompletion
Event: 7.719 loading class java/util/concurrent/CompletableFuture$UniCompletion done
Event: 7.719 loading class java/util/concurrent/CompletableFuture$UniExceptionally done
Event: 7.836 loading class java/util/stream/SortedOps$SizedRefSortingSink
Event: 7.837 loading class java/util/stream/SortedOps$AbstractRefSortingSink
Event: 7.837 loading class java/util/stream/SortedOps$AbstractRefSortingSink done
Event: 7.837 loading class java/util/stream/SortedOps$SizedRefSortingSink done
Event: 8.179 Thread 0x00000194b92c8220 Thread exited: 0x00000194b92c8220
Event: 8.447 Thread 0x00000194bb8bbba0 Thread exited: 0x00000194bb8bbba0
Event: 9.068 loading class java/util/IdentityHashMap$ValueIterator
Event: 9.069 loading class java/util/IdentityHashMap$ValueIterator done
Event: 9.069 loading class sun/awt/AppContext$PostShutdownEventRunnable
Event: 9.070 loading class sun/awt/AppContext$PostShutdownEventRunnable done
Event: 9.070 loading class sun/awt/AWTAutoShutdown$1
Event: 9.070 loading class sun/awt/AWTAutoShutdown$1 done
Event: 9.070 Thread 0x00000194b929c7c0 Thread exited: 0x00000194b929c7c0
Event: 13.377 Thread 0x00000194bba74250 Thread added: 0x00000194bba74250


Dynamic libraries:
0x00007ff6976a0000 - 0x00007ff6976b0000 	C:\Program Files\Java\jdk-17.0.1\bin\javaw.exe
0x00007ffa02930000 - 0x00007ffa02b25000 	C:\Windows\SYSTEM32\ntdll.dll
0x00007ffa010a0000 - 0x00007ffa0115d000 	C:\Windows\System32\KERNEL32.DLL
0x00007ffa00150000 - 0x00007ffa00417000 	C:\Windows\System32\KERNELBASE.dll
0x00007ffa004a0000 - 0x00007ffa005a0000 	C:\Windows\System32\ucrtbase.dll
0x00007ff9fab60000 - 0x00007ff9fab7a000 	C:\Program Files\Java\jdk-17.0.1\bin\VCRUNTIME140.dll
0x00007ff9f9cf0000 - 0x00007ff9f9d08000 	C:\Program Files\Java\jdk-17.0.1\bin\jli.dll
0x00007ffa02540000 - 0x00007ffa025ea000 	C:\Windows\System32\ADVAPI32.dll
0x00007ffa00990000 - 0x00007ffa00a2e000 	C:\Windows\System32\msvcrt.dll
0x00007ffa01420000 - 0x00007ffa014bb000 	C:\Windows\System32\sechost.dll
0x00007ffa01c10000 - 0x00007ffa01d34000 	C:\Windows\System32\RPCRT4.dll
0x00007ffa01d40000 - 0x00007ffa01ee0000 	C:\Windows\System32\USER32.dll
0x00007ffa00120000 - 0x00007ffa00142000 	C:\Windows\System32\win32u.dll
0x00007ffa02050000 - 0x00007ffa0207a000 	C:\Windows\System32\GDI32.dll
0x00007ff9e0ca0000 - 0x00007ff9e0f3b000 	C:\Windows\WinSxS\amd64_microsoft.windows.common-controls_6595b64144ccf1df_6.0.19041.488_none_ca04af081b815d21\COMCTL32.dll
0x00007ffa005a0000 - 0x00007ffa006a9000 	C:\Windows\System32\gdi32full.dll
0x00007ffa00760000 - 0x00007ffa007fd000 	C:\Windows\System32\msvcp_win.dll
0x00007ff9f8ec0000 - 0x00007ff9f8eca000 	C:\Windows\SYSTEM32\VERSION.dll
0x00007ffa02020000 - 0x00007ffa02050000 	C:\Windows\System32\IMM32.DLL
0x00007ff9fca50000 - 0x00007ff9fca5c000 	C:\Program Files\Java\jdk-17.0.1\bin\vcruntime140_1.dll
0x00007ff9d31f0000 - 0x00007ff9d327d000 	C:\Program Files\Java\jdk-17.0.1\bin\msvcp140.dll
0x00007ff9b3db0000 - 0x00007ff9b496e000 	C:\Program Files\Java\jdk-17.0.1\bin\server\jvm.dll
0x00007ffa02730000 - 0x00007ffa02738000 	C:\Windows\System32\PSAPI.DLL
0x00007ff9e6090000 - 0x00007ff9e6099000 	C:\Windows\SYSTEM32\WSOCK32.dll
0x00007ff9eb580000 - 0x00007ff9eb5a7000 	C:\Windows\SYSTEM32\WINMM.dll
0x00007ffa026c0000 - 0x00007ffa0272b000 	C:\Windows\System32\WS2_32.dll
0x00007ff9fe060000 - 0x00007ff9fe073000 	C:\Windows\SYSTEM32\kernel.appcore.dll
0x00007ff9fafd0000 - 0x00007ff9fafda000 	C:\Program Files\Java\jdk-17.0.1\bin\jimage.dll
0x00007ff9fdd70000 - 0x00007ff9fdf54000 	C:\Windows\SYSTEM32\DBGHELP.DLL
0x00007ff9ebe60000 - 0x00007ff9ebe8c000 	C:\Windows\SYSTEM32\dbgcore.DLL
0x00007ffa00420000 - 0x00007ffa0049f000 	C:\Windows\System32\bcryptPrimitives.dll
0x00007ff9f8590000 - 0x00007ff9f85b5000 	C:\Program Files\Java\jdk-17.0.1\bin\java.dll
0x00007ff9d2940000 - 0x00007ff9d2a16000 	C:\Program Files\Java\jdk-17.0.1\bin\svml.dll
0x00007ffa014c0000 - 0x00007ffa01c01000 	C:\Windows\System32\SHELL32.dll
0x00007ff9fe1d0000 - 0x00007ff9fe963000 	C:\Windows\SYSTEM32\windows.storage.dll
0x00007ffa02100000 - 0x00007ffa02455000 	C:\Windows\System32\combase.dll
0x00007ff9ffae0000 - 0x00007ff9ffb0c000 	C:\Windows\SYSTEM32\Wldp.dll
0x00007ffa00a40000 - 0x00007ffa00aee000 	C:\Windows\System32\SHCORE.dll
0x00007ffa02080000 - 0x00007ffa020d5000 	C:\Windows\System32\shlwapi.dll
0x00007ff9fffa0000 - 0x00007ff9fffc6000 	C:\Windows\SYSTEM32\profapi.dll
0x00007ff9f9490000 - 0x00007ff9f94a9000 	C:\Program Files\Java\jdk-17.0.1\bin\net.dll
0x00007ff9eb480000 - 0x00007ff9eb580000 	C:\Windows\SYSTEM32\WINHTTP.dll
0x00007ff9ff860000 - 0x00007ff9ff8ca000 	C:\Windows\system32\mswsock.dll
0x00007ff9f8570000 - 0x00007ff9f8585000 	C:\Program Files\Java\jdk-17.0.1\bin\nio.dll
0x00007ff9f7220000 - 0x00007ff9f7238000 	C:\Program Files\Java\jdk-17.0.1\bin\zip.dll
0x00007ff9ff5a0000 - 0x00007ff9ff66b000 	C:\Windows\SYSTEM32\DNSAPI.dll
0x00007ff9ff500000 - 0x00007ff9ff53b000 	C:\Windows\SYSTEM32\IPHLPAPI.DLL
0x00007ffa00a30000 - 0x00007ffa00a39000 	C:\Windows\System32\NSI.dll
0x00007ff9e9b80000 - 0x00007ff9e9b8a000 	C:\Windows\System32\rasadhlp.dll
0x00007ff9eb390000 - 0x00007ff9eb40f000 	C:\Windows\System32\fwpuclnt.dll
0x00007ffa00800000 - 0x00007ffa00827000 	C:\Windows\System32\bcrypt.dll
0x00007ff9ffa30000 - 0x00007ff9ffa48000 	C:\Windows\SYSTEM32\CRYPTSP.dll
0x00007ff9ff180000 - 0x00007ff9ff1b4000 	C:\Windows\system32\rsaenh.dll
0x00007ff9fff60000 - 0x00007ff9fff8e000 	C:\Windows\SYSTEM32\USERENV.dll
0x00007ff9ffa50000 - 0x00007ff9ffa5c000 	C:\Windows\SYSTEM32\CRYPTBASE.dll
0x00007ff9f5f50000 - 0x00007ff9f5f67000 	C:\Windows\SYSTEM32\dhcpcsvc6.DLL
0x00007ff9f5f30000 - 0x00007ff9f5f4d000 	C:\Windows\SYSTEM32\dhcpcsvc.DLL
0x00007ff9cff80000 - 0x00007ff9d010f000 	C:\Program Files\Java\jdk-17.0.1\bin\awt.dll
0x00007ffa025f0000 - 0x00007ffa026bd000 	C:\Windows\System32\OLEAUT32.dll
0x00007ff9fd590000 - 0x00007ff9fd620000 	C:\Windows\SYSTEM32\apphelp.dll
0x00007ff9fd840000 - 0x00007ff9fd86f000 	C:\Windows\system32\DWMAPI.DLL
0x00007ff9fd740000 - 0x00007ff9fd7df000 	C:\Windows\system32\uxtheme.dll
0x00007ff9e5070000 - 0x00007ff9e5195000 	C:\Windows\system32\opengl32.dll
0x00007ff9e5040000 - 0x00007ff9e506c000 	C:\Windows\SYSTEM32\GLU32.dll
0x00007ffa027d0000 - 0x00007ffa028e5000 	C:\Windows\System32\MSCTF.dll
0x00007ffa01ef0000 - 0x00007ffa02019000 	C:\Windows\System32\ole32.dll
0x00007ff9fae20000 - 0x00007ff9fae30000 	C:\Program Files\Java\jdk-17.0.1\bin\verify.dll
0x00007ff9fac80000 - 0x00007ff9fac89000 	C:\Program Files\Java\jdk-17.0.1\bin\management.dll
0x00007ff9fac50000 - 0x00007ff9fac5b000 	C:\Program Files\Java\jdk-17.0.1\bin\management_ext.dll
0x00007ff9fad20000 - 0x00007ff9fad2e000 	C:\Program Files\Java\jdk-17.0.1\bin\sunmscapi.dll
0x00007ffa00830000 - 0x00007ffa0098d000 	C:\Windows\System32\CRYPT32.dll
0x00007ff9ffb50000 - 0x00007ff9ffb77000 	C:\Windows\SYSTEM32\ncrypt.dll
0x00007ff9ffb10000 - 0x00007ff9ffb4b000 	C:\Windows\SYSTEM32\NTASN1.dll
0x00007ff9fab50000 - 0x00007ff9fab57000 	C:\Windows\system32\wshunix.dll
0x00007ff9ca440000 - 0x00007ff9ca457000 	C:\Windows\system32\napinsp.dll
0x00007ff9c79c0000 - 0x00007ff9c79db000 	C:\Windows\system32\pnrpnsp.dll
0x00007ff9e7360000 - 0x00007ff9e7375000 	C:\Windows\system32\wshbth.dll
0x00007ff9f71e0000 - 0x00007ff9f71fd000 	C:\Windows\system32\NLAapi.dll
0x00007ff9c69a0000 - 0x00007ff9c69b2000 	C:\Windows\System32\winrnr.dll
0x00007ff9ddb30000 - 0x00007ff9ddbdc000 	C:\Windows\SYSTEM32\TextShaping.dll

dbghelp: loaded successfully - version: 4.0.5 - missing functions: none
symbol engine: initialized successfully - sym options: 0x614 - pdb path: .;C:\Program Files\Java\jdk-17.0.1\bin;C:\Windows\SYSTEM32;C:\Windows\WinSxS\amd64_microsoft.windows.common-controls_6595b64144ccf1df_6.0.19041.488_none_ca04af081b815d21;C:\Program Files\Java\jdk-17.0.1\bin\server

VM Arguments:
jvm_args: -ea -Dfile.encoding=Cp1252 -XX:+ShowCodeDetailsInExceptionMessages 
java_command: org.testng.remote.RemoteTestNG -serport 63597 -protocol json -d G:\AutomationProject\test-output C:\Users\acs\AppData\Local\Temp\testng-eclipse-1327347262\testng-customsuite.xml
java_class_path (initial): C:\Users\acs\eclipse\java-2021-12\eclipse\configuration\org.eclipse.osgi\430\0\.cp\lib\testng-remote.jar;G:\AutomationProject\target\test-classes;G:\AutomationProject\target\classes;G:\selenium\ATUTestRecorder_2.1.jar;C:\Users\acs\.m2\repository\net\jodah\failsafe\2.4.4\failsafe-2.4.4.jar;C:\Users\acs\.p2\pool\plugins\org.testng_7.4.0.r202105021533.jar;C:\Users\acs\.p2\pool\plugins\com.beust.jcommander_1.78.0.jar;C:\Users\acs\.p2\pool\plugins\org.apache-extras.beanshell.bsh_2.0.0.b6.jar;C:\Users\acs\.p2\pool\plugins\org.yaml.snakeyaml_1.21.0.jar;C:\Users\acs\.p2\pool\plugins\org.webjars.jquery_3.5.1.jar;C:\Users\acs\.m2\repository\org\seleniumhq\selenium\selenium-java\4.1.2\selenium-java-4.1.2.jar;C:\Users\acs\.m2\repository\org\seleniumhq\selenium\selenium-api\4.1.2\selenium-api-4.1.2.jar;C:\Users\acs\.m2\repository\org\seleniumhq\selenium\selenium-chrome-driver\4.1.2\selenium-chrome-driver-4.1.2.jar;C:\Users\acs\.m2\repository\com\google\auto\service\auto-service-annotations\1.0.1\auto-service-annotations-1.0.1.jar;C:\Users\acs\.m2\repository\com\google\auto\service\auto-service\1.0.1\auto-service-1.0.1.jar;C:\Users\acs\.m2\repository\com\google\auto\auto-common\1.2\auto-common-1.2.jar;C:\Users\acs\.m2\repository\com\google\guava\guava\31.0.1-jre\guava-31.0.1-jre.jar;C:\Users\acs\.m2\repository\com\google\guava\failureaccess\1.0.1\failureaccess-1.0.1.jar;C:\Users\acs\.m2\repository\com\google\guava\listenablefuture\9999.0-empty-to-avoid-conflict-with-guava\listenablefuture-9999.0-empty-to-avoid-conflict-with-guava.jar;C:\Users\acs\.m2\repository\org\checkerframework\checker-qual\3.12.0\checker-qual-3.12.0.jar;C:\Users\acs\.m2\repository\com\google\errorprone\error_prone_annotations\2.7.1\error_prone_annotations-2.7.1.jar;C:\Users\acs\.m2\repository\com\google\j2objc\j2objc-annotations\1.3\j2objc-annotations-1.3.jar;C:\Users\acs\.m2\repository\org\seleniumhq\selenium\selenium-chromium-driver\4.1.2\selenium-chromium-driver-4.1.2.jar;C:\U
Launcher Type: SUN_STANDARD

[Global flags]
     intx CICompilerCount                          = 3                                         {product} {ergonomic}
     uint ConcGCThreads                            = 1                                         {product} {ergonomic}
     uint G1ConcRefinementThreads                  = 4                                         {product} {ergonomic}
   size_t G1HeapRegionSize                         = 1048576                                   {product} {ergonomic}
    uintx GCDrainStackTargetSize                   = 64                                        {product} {ergonomic}
   size_t InitialHeapSize                          = 65011712                                  {product} {ergonomic}
   size_t MarkStackSize                            = 4194304                                   {product} {ergonomic}
   size_t MaxHeapSize                              = 1015021568                                {product} {ergonomic}
   size_t MaxNewSize                               = 608174080                                 {product} {ergonomic}
   size_t MinHeapDeltaBytes                        = 1048576                                   {product} {ergonomic}
   size_t MinHeapSize                              = 8388608                                   {product} {ergonomic}
    uintx NonNMethodCodeHeapSize                   = 5832780                                {pd product} {ergonomic}
    uintx NonProfiledCodeHeapSize                  = 122912730                              {pd product} {ergonomic}
    uintx ProfiledCodeHeapSize                     = 122912730                              {pd product} {ergonomic}
    uintx ReservedCodeCacheSize                    = 251658240                              {pd product} {ergonomic}
     bool SegmentedCodeCache                       = true                                      {product} {ergonomic}
     bool ShowCodeDetailsInExceptionMessages       = true                                   {manageable} {command line}
   size_t SoftMaxHeapSize                          = 1015021568                             {manageable} {ergonomic}
     bool UseCompressedClassPointers               = true                           {product lp64_product} {ergonomic}
     bool UseCompressedOops                        = true                           {product lp64_product} {ergonomic}
     bool UseG1GC                                  = true                                      {product} {ergonomic}
     bool UseLargePagesIndividualAllocation        = false                                  {pd product} {ergonomic}

Logging:
Log output configuration:
 #0: stdout all=warning uptime,level,tags
 #1: stderr all=off uptime,level,tags

Environment Variables:
JAVA_HOME=C:\Program Files\Java\jdk-17.0.1
PATH=C:\Program Files (x86)\VMware\VMware Workstation\bin\;C:\Program Files\Common Files\Oracle\Java\javapath;C:\Windows\system32;C:\Windows;C:\Windows\System32\Wbem;C:\Windows\System32\WindowsPowerShell\v1.0\;C:\Windows\System32\OpenSSH\;C:\Program Files\Microsoft SQL Server\Client SDK\ODBC\170\Tools\Binn\;C:\Program Files (x86)\Microsoft SQL Server\150\Tools\Binn\;C:\Program Files\Microsoft SQL Server\150\Tools\Binn\;C:\Program Files\Microsoft SQL Server\150\DTS\Binn\;C:\Program Files (x86)\Microsoft SQL Server\150\DTS\Binn\;C:\Program Files\Java\jdk-17.0.1\bin;C:\Program Files\Azure Data Studio\bin;C:\Program Files\dotnet\;C:\Program Files\Git\cmd;C:\Program Files\Git\mingw64\bin;C:\Program Files\Git\usr\bin;G:\selenium\Maven\apache-maven-3.8.4\bin;C:\Program Files\nodejs\;C:\strawberry\c\bin;C:\strawberry\perl\bin;C:\Users\acs\AppData\Local\Microsoft\WindowsApps;G:\Visual_Studio_Code\Microsoft VS Code\bin;C:\Program Files\Azure Data Studio\bin;G:\CodeBlocks\setup\CodeBlocks\MinGW\bin;C:\Users\acs\.dotnet\tools;C:\Users\acs\AppData\Roaming\npm
USERNAME=acs
OS=Windows_NT
PROCESSOR_IDENTIFIER=Intel64 Family 6 Model 142 Stepping 9, GenuineIntel



---------------  S Y S T E M  ---------------

OS:
 Windows 10 , 64 bit Build 19041 (10.0.19041.292)
OS uptime: 1 days 6:18 hours

CPU: total 4 (initial active 4) (2 cores per cpu, 2 threads per core) family 6 model 142 stepping 9 microcode 0xb4, cx8, cmov, fxsr, ht, mmx, 3dnowpref, sse, sse2, sse3, ssse3, sse4.1, sse4.2, popcnt, lzcnt, tsc, tscinvbit, avx, avx2, aes, erms, clmul, bmi1, bmi2, adx, fma, vzeroupper, clflush, clflushopt

Memory: 4k page, system-wide physical 3869M (416M free)
TotalPageFile size 5758M (AvailPageFile size 5M)
current process WorkingSet (physical memory assigned to process): 312M, peak: 312M
current process commit charge ("private bytes"): 360M, peak: 378M

vm_info: Java HotSpot(TM) 64-Bit Server VM (17.0.1+12-LTS-39) for windows-amd64 JRE (17.0.1+12-LTS-39), built on Sep 27 2021 18:41:35 by "mach5one" with MS VC++ 16.8 (VS2019)

END.
