#
# There is insufficient memory for the Java Runtime Environment to continue.
# Native memory allocation (malloc) failed to allocate 32744 bytes for ChunkPool::allocate
# Possible reasons:
#   The system is out of physical RAM or swap space
#   The process is running with CompressedOops enabled, and the Java Heap may be blocking the growth of the native heap
# Possible solutions:
#   Reduce memory load on the system
#   Increase physical memory or swap space
#   Check if swap backing store is full
#   Decrease Java heap size (-Xmx/-Xms)
#   Decrease number of Java threads
#   Decrease Java thread stack sizes (-Xss)
#   Set larger code cache with -XX:ReservedCodeCacheSize=
#   JVM is running with Unscaled Compressed Oops mode in which the Java heap is
#     placed in the first 4GB address space. The Java Heap base address is the
#     maximum limit for the native heap growth. Please use -XX:HeapBaseMinAddress
#     to set the Java Heap base and to place the Java Heap above 4GB virtual address.
# This output file may be truncated or incomplete.
#
#  Out of Memory Error (arena.cpp:78), pid=11084, tid=13492
#
# JRE version: Java(TM) SE Runtime Environment (17.0.1+12) (build 17.0.1+12-LTS-39)
# Java VM: Java HotSpot(TM) 64-Bit Server VM (17.0.1+12-LTS-39, mixed mode, sharing, tiered, compressed oops, compressed class ptrs, g1 gc, windows-amd64)
# No core dump will be written. Minidumps are not enabled by default on client versions of Windows
#

---------------  S U M M A R Y ------------

Command Line: -ea -Dfile.encoding=Cp1252 -XX:+ShowCodeDetailsInExceptionMessages org.testng.remote.RemoteTestNG -serport 63527 -protocol json -d G:\AutomationProject\test-output C:\Users\acs\AppData\Local\Temp\testng-eclipse--20152300\testng-customsuite.xml

Host: Intel(R) Core(TM) i5-7200U CPU @ 2.50GHz, 4 cores, 3G,  Windows 10 , 64 bit Build 19041 (10.0.19041.292)
Time: Thu Mar  3 20:14:11 2022 Egypt Standard Time elapsed time: 27.124974 seconds (0d 0h 0m 27s)

---------------  T H R E A D  ---------------

Current thread (0x000002177a9b20d0):  JavaThread "C2 CompilerThread0" daemon [_thread_in_native, id=13492, stack(0x000000353fb00000,0x000000353fc00000)]


Current CompileTask:
C2:  27125 2488   !   4       jdk.internal.loader.URLClassPath$JarLoader::getResource (354 bytes)

Stack: [0x000000353fb00000,0x000000353fc00000]
Native frames: (J=compiled Java code, j=interpreted, Vv=VM code, C=native code)
V  [jvm.dll+0x66fa1a]
V  [jvm.dll+0x7ce5a4]
V  [jvm.dll+0x7cfd4e]
V  [jvm.dll+0x7d03b3]
V  [jvm.dll+0x242b05]
V  [jvm.dll+0xaa2a0]
V  [jvm.dll+0xaa5ec]
V  [jvm.dll+0x11b5b8]
V  [jvm.dll+0x698e6b]
V  [jvm.dll+0x1b99e4]
V  [jvm.dll+0x215d49]
V  [jvm.dll+0x215011]
V  [jvm.dll+0x1a168d]
V  [jvm.dll+0x224848]
V  [jvm.dll+0x2229ac]
V  [jvm.dll+0x78435b]
V  [jvm.dll+0x77e91a]
V  [jvm.dll+0x66e845]
C  [ucrtbase.dll+0x214c2]
C  [KERNEL32.DLL+0x16fd4]
C  [ntdll.dll+0x4cec1]


---------------  P R O C E S S  ---------------

Threads class SMR info:
_java_thread_list=0x000002177e5f4ef0, length=29, elements={
0x000002176e94e120, 0x000002176ea04f40, 0x000002176ea06fe0, 0x000002176ea18ca0,
0x000002176ea1c280, 0x000002176ea1cc50, 0x000002177a9bfed0, 0x000002177a9b20d0,
0x000002177a9b25e0, 0x000002177a9b2af0, 0x000002177a9bf530, 0x000002177a9c0870,
0x000002177a9bd850, 0x000002177a9bceb0, 0x000002177a9bfa00, 0x000002177a9be6c0,
0x000002177a9beb90, 0x000002177a9bd380, 0x000002177a9bf060, 0x000002177c49d0a0,
0x000002177c49cbd0, 0x000002177c49d570, 0x000002177c49df10, 0x000002177c49da40,
0x000002177c49e8b0, 0x000002177c49e3e0, 0x000002177c49f250, 0x000002177c49ed80,
0x000002177c49f720
}

Java Threads: ( => current thread )
  0x000002176e94e120 JavaThread "Forwarding get on session 874f25106639f0ab254b5bc41f857a27 to remote" [_thread_blocked, id=11572, stack(0x000000353ee00000,0x000000353ef00000)]
  0x000002176ea04f40 JavaThread "Reference Handler" daemon [_thread_blocked, id=6184, stack(0x000000353f500000,0x000000353f600000)]
  0x000002176ea06fe0 JavaThread "Finalizer" daemon [_thread_blocked, id=13904, stack(0x000000353f600000,0x000000353f700000)]
  0x000002176ea18ca0 JavaThread "Signal Dispatcher" daemon [_thread_blocked, id=13552, stack(0x000000353f700000,0x000000353f800000)]
  0x000002176ea1c280 JavaThread "Attach Listener" daemon [_thread_blocked, id=14292, stack(0x000000353f800000,0x000000353f900000)]
  0x000002176ea1cc50 JavaThread "Service Thread" daemon [_thread_blocked, id=14424, stack(0x000000353f900000,0x000000353fa00000)]
  0x000002177a9bfed0 JavaThread "Monitor Deflation Thread" daemon [_thread_blocked, id=9720, stack(0x000000353fa00000,0x000000353fb00000)]
=>0x000002177a9b20d0 JavaThread "C2 CompilerThread0" daemon [_thread_in_native, id=13492, stack(0x000000353fb00000,0x000000353fc00000)]
  0x000002177a9b25e0 JavaThread "C1 CompilerThread0" daemon [_thread_in_native, id=11700, stack(0x000000353fc00000,0x000000353fd00000)]
  0x000002177a9b2af0 JavaThread "Sweeper thread" daemon [_thread_blocked, id=10992, stack(0x000000353fd00000,0x000000353fe00000)]
  0x000002177a9bf530 JavaThread "Notification Thread" daemon [_thread_blocked, id=1312, stack(0x000000353fe00000,0x000000353ff00000)]
  0x000002177a9c0870 JavaThread "Common-Cleaner" daemon [_thread_blocked, id=2332, stack(0x0000003540000000,0x0000003540100000)]
  0x000002177a9bd850 JavaThread "ReaderThread" [_thread_in_native, id=14672, stack(0x0000003540300000,0x0000003540400000)]
  0x000002177a9bceb0 JavaThread "Java2D Disposer" daemon [_thread_blocked, id=9332, stack(0x0000003540800000,0x0000003540900000)]
  0x000002177a9bfa00 JavaThread "AWT-Shutdown" [_thread_blocked, id=1604, stack(0x0000003540900000,0x0000003540a00000)]
  0x000002177a9be6c0 JavaThread "AWT-Windows" daemon [_thread_in_native, id=10496, stack(0x0000003540a00000,0x0000003540b00000)]
  0x000002177a9beb90 JavaThread "pool-1-thread-1" [_thread_in_native, id=124, stack(0x0000003540c00000,0x0000003540d00000)]
  0x000002177a9bd380 JavaThread "pool-2-thread-1" [_thread_blocked, id=12368, stack(0x0000003540d00000,0x0000003540e00000)]
  0x000002177a9bf060 JavaThread "ForkJoinPool.commonPool-worker-1" daemon [_thread_blocked, id=8004, stack(0x0000003540e00000,0x0000003540f00000)]
  0x000002177c49d0a0 JavaThread "AsyncHttpClient-1-1" daemon [_thread_blocked, id=260, stack(0x0000003541000000,0x0000003541100000)]
  0x000002177c49cbd0 JavaThread "Exec Default Executor" daemon [_thread_in_native, id=11956, stack(0x0000003541100000,0x0000003541200000)]
  0x000002177c49d570 JavaThread "Driver Service Executor" daemon [_thread_blocked, id=2584, stack(0x0000003541200000,0x0000003541300000)]
  0x000002177c49df10 JavaThread "Driver Service Executor" daemon [_thread_blocked, id=7284, stack(0x0000003541300000,0x0000003541400000)]
  0x000002177c49da40 JavaThread "UrlChecker-2" daemon [_thread_blocked, id=14284, stack(0x0000003541400000,0x0000003541500000)]
  0x000002177c49e8b0 JavaThread "Exec Stream Pumper" daemon [_thread_in_native, id=14788, stack(0x0000003541500000,0x0000003541600000)]
  0x000002177c49e3e0 JavaThread "Exec Stream Pumper" daemon [_thread_in_native, id=14156, stack(0x0000003541600000,0x0000003541700000)]
  0x000002177c49f250 JavaThread "AsyncHttpClient-1-2" daemon [_thread_in_native, id=8692, stack(0x0000003541800000,0x0000003541900000)]
  0x000002177c49ed80 JavaThread "AsyncHttpClient-1-3" daemon [_thread_in_native, id=7628, stack(0x0000003540100000,0x0000003540200000)]
  0x000002177c49f720 JavaThread "AsyncHttpClient-1-4" daemon [_thread_in_native, id=2236, stack(0x0000003540b00000,0x0000003540c00000)]

Other Threads:
  0x000002176e9fa670 VMThread "VM Thread" [stack: 0x000000353f400000,0x000000353f500000] [id=248]
  0x000002176e98fde0 WatcherThread [stack: 0x000000353ff00000,0x0000003540000000] [id=12484]
  0x000002176e97b6d0 GCTaskThread "GC Thread#0" [stack: 0x000000353ef00000,0x000000353f000000] [id=1648]
  0x000002177be17d80 GCTaskThread "GC Thread#1" [stack: 0x0000003540400000,0x0000003540500000] [id=1336]
  0x000002177bda8230 GCTaskThread "GC Thread#2" [stack: 0x0000003540500000,0x0000003540600000] [id=14736]
  0x000002177bde0cd0 GCTaskThread "GC Thread#3" [stack: 0x0000003540600000,0x0000003540700000] [id=14784]
  0x000002176e984f20 ConcurrentGCThread "G1 Main Marker" [stack: 0x000000353f000000,0x000000353f100000] [id=4336]
  0x000002176e9860d0 ConcurrentGCThread "G1 Conc#0" [stack: 0x000000353f100000,0x000000353f200000] [id=4376]
  0x000002176e9c9d20 ConcurrentGCThread "G1 Refine#0" [stack: 0x000000353f200000,0x000000353f300000] [id=12736]
  0x000002177be47450 ConcurrentGCThread "G1 Refine#1" [stack: 0x0000003540700000,0x0000003540800000] [id=12644]
  0x000002177c4330e0 ConcurrentGCThread "G1 Refine#2" [stack: 0x0000003540f00000,0x0000003541000000] [id=11848]
  0x000002176e9cb360 ConcurrentGCThread "G1 Service" [stack: 0x000000353f300000,0x000000353f400000] [id=2176]

Threads with active compile tasks:
C2 CompilerThread0    27756 2488   !   4       jdk.internal.loader.URLClassPath$JarLoader::getResource (354 bytes)
C1 CompilerThread0    27756 2558       3       java.util.TreeMap::fixAfterInsertion (267 bytes)

VM state: not at safepoint (normal execution)

VM Mutex/Monitor currently owned by a thread: None

Heap address: 0x00000000c3800000, size: 968 MB, Compressed Oops mode: 32-bit

CDS archive(s) mapped at: [0x0000000800000000-0x0000000800bc0000-0x0000000800bc0000), size 12320768, SharedBaseAddress: 0x0000000800000000, ArchiveRelocationMode: 0.
Compressed class space mapped at: 0x0000000800c00000-0x0000000840c00000, reserved size: 1073741824
Narrow klass base: 0x0000000800000000, Narrow klass shift: 0, Narrow klass range: 0x100000000

GC Precious Log:
 CPUs: 4 total, 4 available
 Memory: 3869M
 Large Page Support: Disabled
 NUMA Support: Disabled
 Compressed Oops: Enabled (32-bit)
 Heap Region Size: 1M
 Heap Min Capacity: 8M
 Heap Initial Capacity: 62M
 Heap Max Capacity: 968M
 Pre-touch: Disabled
 Parallel Workers: 4
 Concurrent Workers: 1
 Concurrent Refinement Workers: 4
 Periodic GC: Disabled

Heap:
 garbage-first heap   total 220160K, used 97222K [0x00000000c3800000, 0x0000000100000000)
  region size 1024K, 7 young (7168K), 1 survivors (1024K)
 Metaspace       used 25657K, committed 25920K, reserved 1073152K
  class space    used 3105K, committed 3200K, reserved 1048576K

Heap Regions: E=young(eden), S=young(survivor), O=old, HS=humongous(starts), HC=humongous(continues), CS=collection set, F=free, OA=open archive, CA=closed archive, TAMS=top-at-mark-start (previous, next)
|   0|0x00000000c3800000, 0x00000000c3900000, 0x00000000c3900000|100%| O|  |TAMS 0x00000000c3800000, 0x00000000c3900000| Untracked 
|   1|0x00000000c3900000, 0x00000000c3a00000, 0x00000000c3a00000|100%| O|  |TAMS 0x00000000c3a00000, 0x00000000c3a00000| Untracked 
|   2|0x00000000c3a00000, 0x00000000c3b00000, 0x00000000c3b00000|100%| O|  |TAMS 0x00000000c3b00000, 0x00000000c3b00000| Untracked 
|   3|0x00000000c3b00000, 0x00000000c3c00000, 0x00000000c3c00000|100%| O|  |TAMS 0x00000000c3c00000, 0x00000000c3c00000| Untracked 
|   4|0x00000000c3c00000, 0x00000000c3d00000, 0x00000000c3d00000|100%| O|  |TAMS 0x00000000c3d00000, 0x00000000c3d00000| Untracked 
|   5|0x00000000c3d00000, 0x00000000c3e00000, 0x00000000c3e00000|100%|HS|  |TAMS 0x00000000c3e00000, 0x00000000c3e00000| Complete 
|   6|0x00000000c3e00000, 0x00000000c3f00000, 0x00000000c3f00000|100%|HC|  |TAMS 0x00000000c3f00000, 0x00000000c3f00000| Complete 
|   7|0x00000000c3f00000, 0x00000000c4000000, 0x00000000c4000000|100%|HC|  |TAMS 0x00000000c4000000, 0x00000000c4000000| Complete 
|   8|0x00000000c4000000, 0x00000000c4100000, 0x00000000c4100000|100%|HC|  |TAMS 0x00000000c4100000, 0x00000000c4100000| Complete 
|   9|0x00000000c4100000, 0x00000000c4200000, 0x00000000c4200000|100%|HC|  |TAMS 0x00000000c4200000, 0x00000000c4200000| Complete 
|  10|0x00000000c4200000, 0x00000000c4300000, 0x00000000c4300000|100%| O|  |TAMS 0x00000000c4300000, 0x00000000c4300000| Untracked 
|  11|0x00000000c4300000, 0x00000000c4400000, 0x00000000c4400000|100%|HS|  |TAMS 0x00000000c4300000, 0x00000000c4400000| Complete 
|  12|0x00000000c4400000, 0x00000000c4500000, 0x00000000c4500000|100%|HC|  |TAMS 0x00000000c4400000, 0x00000000c4500000| Complete 
|  13|0x00000000c4500000, 0x00000000c4600000, 0x00000000c4600000|100%|HC|  |TAMS 0x00000000c4500000, 0x00000000c4600000| Complete 
|  14|0x00000000c4600000, 0x00000000c4700000, 0x00000000c4700000|100%|HC|  |TAMS 0x00000000c4600000, 0x00000000c4700000| Complete 
|  15|0x00000000c4700000, 0x00000000c4800000, 0x00000000c4800000|100%|HC|  |TAMS 0x00000000c4700000, 0x00000000c4800000| Complete 
|  16|0x00000000c4800000, 0x00000000c4900000, 0x00000000c4900000|100%|HS|  |TAMS 0x00000000c4900000, 0x00000000c4900000| Complete 
|  17|0x00000000c4900000, 0x00000000c4a00000, 0x00000000c4a00000|100%|HS|  |TAMS 0x00000000c4a00000, 0x00000000c4a00000| Complete 
|  18|0x00000000c4a00000, 0x00000000c4b00000, 0x00000000c4b00000|100%|HC|  |TAMS 0x00000000c4b00000, 0x00000000c4b00000| Complete 
|  19|0x00000000c4b00000, 0x00000000c4c00000, 0x00000000c4c00000|100%|HC|  |TAMS 0x00000000c4c00000, 0x00000000c4c00000| Complete 
|  20|0x00000000c4c00000, 0x00000000c4d00000, 0x00000000c4d00000|100%|HC|  |TAMS 0x00000000c4d00000, 0x00000000c4d00000| Complete 
|  21|0x00000000c4d00000, 0x00000000c4e00000, 0x00000000c4e00000|100%|HC|  |TAMS 0x00000000c4e00000, 0x00000000c4e00000| Complete 
|  22|0x00000000c4e00000, 0x00000000c4f00000, 0x00000000c4f00000|100%|HS|  |TAMS 0x00000000c4e00000, 0x00000000c4e00000| Complete 
|  23|0x00000000c4f00000, 0x00000000c5000000, 0x00000000c5000000|100%|HC|  |TAMS 0x00000000c4f00000, 0x00000000c4f00000| Complete 
|  24|0x00000000c5000000, 0x00000000c5100000, 0x00000000c5100000|100%|HC|  |TAMS 0x00000000c5000000, 0x00000000c5000000| Complete 
|  25|0x00000000c5100000, 0x00000000c5200000, 0x00000000c5200000|100%|HC|  |TAMS 0x00000000c5100000, 0x00000000c5100000| Complete 
|  26|0x00000000c5200000, 0x00000000c5300000, 0x00000000c5300000|100%|HC|  |TAMS 0x00000000c5200000, 0x00000000c5200000| Complete 
|  27|0x00000000c5300000, 0x00000000c5400000, 0x00000000c5400000|100%|HS|  |TAMS 0x00000000c5300000, 0x00000000c5300000| Complete 
|  28|0x00000000c5400000, 0x00000000c5500000, 0x00000000c5500000|100%|HC|  |TAMS 0x00000000c5400000, 0x00000000c5400000| Complete 
|  29|0x00000000c5500000, 0x00000000c5600000, 0x00000000c5600000|100%|HC|  |TAMS 0x00000000c5500000, 0x00000000c5500000| Complete 
|  30|0x00000000c5600000, 0x00000000c5700000, 0x00000000c5700000|100%|HC|  |TAMS 0x00000000c5600000, 0x00000000c5600000| Complete 
|  31|0x00000000c5700000, 0x00000000c5800000, 0x00000000c5800000|100%|HC|  |TAMS 0x00000000c5700000, 0x00000000c5700000| Complete 
|  32|0x00000000c5800000, 0x00000000c5900000, 0x00000000c5900000|100%| O|  |TAMS 0x00000000c5900000, 0x00000000c5900000| Untracked 
|  33|0x00000000c5900000, 0x00000000c5a00000, 0x00000000c5a00000|100%| O|  |TAMS 0x00000000c5a00000, 0x00000000c5a00000| Untracked 
|  34|0x00000000c5a00000, 0x00000000c5b00000, 0x00000000c5b00000|100%|HS|  |TAMS 0x00000000c5a00000, 0x00000000c5a00000| Complete 
|  35|0x00000000c5b00000, 0x00000000c5c00000, 0x00000000c5c00000|100%|HC|  |TAMS 0x00000000c5b00000, 0x00000000c5b00000| Complete 
|  36|0x00000000c5c00000, 0x00000000c5d00000, 0x00000000c5d00000|100%|HC|  |TAMS 0x00000000c5c00000, 0x00000000c5c00000| Complete 
|  37|0x00000000c5d00000, 0x00000000c5e00000, 0x00000000c5e00000|100%|HC|  |TAMS 0x00000000c5d00000, 0x00000000c5d00000| Complete 
|  38|0x00000000c5e00000, 0x00000000c5f00000, 0x00000000c5f00000|100%|HC|  |TAMS 0x00000000c5e00000, 0x00000000c5e00000| Complete 
|  39|0x00000000c5f00000, 0x00000000c6000000, 0x00000000c6000000|100%|HS|  |TAMS 0x00000000c5f00000, 0x00000000c5f00000| Complete 
|  40|0x00000000c6000000, 0x00000000c6100000, 0x00000000c6100000|100%|HC|  |TAMS 0x00000000c6000000, 0x00000000c6000000| Complete 
|  41|0x00000000c6100000, 0x00000000c6200000, 0x00000000c6200000|100%|HC|  |TAMS 0x00000000c6100000, 0x00000000c6100000| Complete 
|  42|0x00000000c6200000, 0x00000000c6300000, 0x00000000c6300000|100%|HC|  |TAMS 0x00000000c6200000, 0x00000000c6200000| Complete 
|  43|0x00000000c6300000, 0x00000000c6400000, 0x00000000c6400000|100%|HC|  |TAMS 0x00000000c6300000, 0x00000000c6300000| Complete 
|  44|0x00000000c6400000, 0x00000000c6500000, 0x00000000c6500000|100%|HS|  |TAMS 0x00000000c6400000, 0x00000000c6500000| Complete 
|  45|0x00000000c6500000, 0x00000000c6600000, 0x00000000c6600000|100%|HC|  |TAMS 0x00000000c6500000, 0x00000000c6600000| Complete 
|  46|0x00000000c6600000, 0x00000000c6700000, 0x00000000c6700000|100%|HC|  |TAMS 0x00000000c6600000, 0x00000000c6700000| Complete 
|  47|0x00000000c6700000, 0x00000000c6800000, 0x00000000c6800000|100%|HC|  |TAMS 0x00000000c6700000, 0x00000000c6800000| Complete 
|  48|0x00000000c6800000, 0x00000000c6900000, 0x00000000c6900000|100%|HC|  |TAMS 0x00000000c6800000, 0x00000000c6900000| Complete 
|  49|0x00000000c6900000, 0x00000000c6a00000, 0x00000000c6a00000|100%|HS|  |TAMS 0x00000000c6900000, 0x00000000c6a00000| Complete 
|  50|0x00000000c6a00000, 0x00000000c6b00000, 0x00000000c6b00000|100%|HC|  |TAMS 0x00000000c6a00000, 0x00000000c6b00000| Complete 
|  51|0x00000000c6b00000, 0x00000000c6c00000, 0x00000000c6c00000|100%|HC|  |TAMS 0x00000000c6b00000, 0x00000000c6c00000| Complete 
|  52|0x00000000c6c00000, 0x00000000c6d00000, 0x00000000c6d00000|100%|HC|  |TAMS 0x00000000c6c00000, 0x00000000c6d00000| Complete 
|  53|0x00000000c6d00000, 0x00000000c6e00000, 0x00000000c6e00000|100%|HC|  |TAMS 0x00000000c6d00000, 0x00000000c6e00000| Complete 
|  54|0x00000000c6e00000, 0x00000000c6f00000, 0x00000000c6f00000|100%| O|  |TAMS 0x00000000c6e00000, 0x00000000c6f00000| Untracked 
|  55|0x00000000c6f00000, 0x00000000c7000000, 0x00000000c7000000|100%| O|  |TAMS 0x00000000c7000000, 0x00000000c7000000| Untracked 
|  56|0x00000000c7000000, 0x00000000c7100000, 0x00000000c7100000|100%| O|  |TAMS 0x00000000c7067c00, 0x00000000c7100000| Untracked 
|  57|0x00000000c7100000, 0x00000000c7200000, 0x00000000c7200000|100%|HS|  |TAMS 0x00000000c7100000, 0x00000000c7200000| Complete 
|  58|0x00000000c7200000, 0x00000000c7300000, 0x00000000c7300000|100%|HC|  |TAMS 0x00000000c7200000, 0x00000000c7300000| Complete 
|  59|0x00000000c7300000, 0x00000000c7400000, 0x00000000c7400000|100%|HC|  |TAMS 0x00000000c7300000, 0x00000000c7400000| Complete 
|  60|0x00000000c7400000, 0x00000000c7500000, 0x00000000c7500000|100%|HC|  |TAMS 0x00000000c7400000, 0x00000000c7500000| Complete 
|  61|0x00000000c7500000, 0x00000000c7600000, 0x00000000c7600000|100%|HC|  |TAMS 0x00000000c7500000, 0x00000000c7600000| Complete 
|  62|0x00000000c7600000, 0x00000000c7700000, 0x00000000c7700000|100%|HC|  |TAMS 0x00000000c7600000, 0x00000000c7700000| Complete 
|  63|0x00000000c7700000, 0x00000000c7800000, 0x00000000c7800000|100%|HC|  |TAMS 0x00000000c7700000, 0x00000000c7800000| Complete 
|  64|0x00000000c7800000, 0x00000000c7900000, 0x00000000c7900000|100%|HC|  |TAMS 0x00000000c7800000, 0x00000000c7900000| Complete 
|  65|0x00000000c7900000, 0x00000000c7a00000, 0x00000000c7a00000|100%|HC|  |TAMS 0x00000000c7900000, 0x00000000c7a00000| Complete 
|  66|0x00000000c7a00000, 0x00000000c7b00000, 0x00000000c7b00000|100%|HC|  |TAMS 0x00000000c7a00000, 0x00000000c7b00000| Complete 
|  67|0x00000000c7b00000, 0x00000000c7c00000, 0x00000000c7c00000|100%|HC|  |TAMS 0x00000000c7b00000, 0x00000000c7c00000| Complete 
|  68|0x00000000c7c00000, 0x00000000c7d00000, 0x00000000c7d00000|100%|HC|  |TAMS 0x00000000c7c00000, 0x00000000c7d00000| Complete 
|  69|0x00000000c7d00000, 0x00000000c7e00000, 0x00000000c7e00000|100%|HC|  |TAMS 0x00000000c7d00000, 0x00000000c7e00000| Complete 
|  70|0x00000000c7e00000, 0x00000000c7f00000, 0x00000000c7f00000|100%|HC|  |TAMS 0x00000000c7e00000, 0x00000000c7f00000| Complete 
|  71|0x00000000c7f00000, 0x00000000c8000000, 0x00000000c8000000|100%|HC|  |TAMS 0x00000000c7f00000, 0x00000000c8000000| Complete 
|  72|0x00000000c8000000, 0x00000000c8100000, 0x00000000c8100000|100%|HC|  |TAMS 0x00000000c8000000, 0x00000000c8100000| Complete 
|  73|0x00000000c8100000, 0x00000000c8200000, 0x00000000c8200000|100%|HC|  |TAMS 0x00000000c8100000, 0x00000000c8200000| Complete 
|  74|0x00000000c8200000, 0x00000000c8300000, 0x00000000c8300000|100%|HS|  |TAMS 0x00000000c8200000, 0x00000000c8300000| Complete 
|  75|0x00000000c8300000, 0x00000000c8400000, 0x00000000c8400000|100%|HC|  |TAMS 0x00000000c8300000, 0x00000000c8400000| Complete 
|  76|0x00000000c8400000, 0x00000000c8500000, 0x00000000c8500000|100%|HC|  |TAMS 0x00000000c8400000, 0x00000000c8500000| Complete 
|  77|0x00000000c8500000, 0x00000000c8600000, 0x00000000c8600000|100%|HC|  |TAMS 0x00000000c8500000, 0x00000000c8600000| Complete 
|  78|0x00000000c8600000, 0x00000000c8700000, 0x00000000c8700000|100%|HC|  |TAMS 0x00000000c8600000, 0x00000000c8700000| Complete 
|  79|0x00000000c8700000, 0x00000000c8800000, 0x00000000c8800000|100%|HS|  |TAMS 0x00000000c8700000, 0x00000000c8800000| Complete 
|  80|0x00000000c8800000, 0x00000000c8900000, 0x00000000c8900000|100%|HC|  |TAMS 0x00000000c8800000, 0x00000000c8900000| Complete 
|  81|0x00000000c8900000, 0x00000000c8a00000, 0x00000000c8a00000|100%|HC|  |TAMS 0x00000000c8900000, 0x00000000c8a00000| Complete 
|  82|0x00000000c8a00000, 0x00000000c8b00000, 0x00000000c8b00000|100%|HC|  |TAMS 0x00000000c8a00000, 0x00000000c8b00000| Complete 
|  83|0x00000000c8b00000, 0x00000000c8c00000, 0x00000000c8c00000|100%|HC|  |TAMS 0x00000000c8b00000, 0x00000000c8c00000| Complete 
|  84|0x00000000c8c00000, 0x00000000c8d00000, 0x00000000c8d00000|100%|HS|  |TAMS 0x00000000c8c00000, 0x00000000c8d00000| Complete 
|  85|0x00000000c8d00000, 0x00000000c8e00000, 0x00000000c8e00000|100%|HC|  |TAMS 0x00000000c8d00000, 0x00000000c8e00000| Complete 
|  86|0x00000000c8e00000, 0x00000000c8f00000, 0x00000000c8f00000|100%|HC|  |TAMS 0x00000000c8e00000, 0x00000000c8f00000| Complete 
|  87|0x00000000c8f00000, 0x00000000c9000000, 0x00000000c9000000|100%|HC|  |TAMS 0x00000000c8f00000, 0x00000000c9000000| Complete 
|  88|0x00000000c9000000, 0x00000000c9100000, 0x00000000c9100000|100%|HC|  |TAMS 0x00000000c9000000, 0x00000000c9100000| Complete 
|  89|0x00000000c9100000, 0x00000000c9100000, 0x00000000c9200000|  0%| F|  |TAMS 0x00000000c9100000, 0x00000000c9100000| Untracked 
|  90|0x00000000c9200000, 0x00000000c9200000, 0x00000000c9300000|  0%| F|  |TAMS 0x00000000c9200000, 0x00000000c9200000| Untracked 
|  91|0x00000000c9300000, 0x00000000c9300000, 0x00000000c9400000|  0%| F|  |TAMS 0x00000000c9300000, 0x00000000c9300000| Untracked 
|  92|0x00000000c9400000, 0x00000000c9400000, 0x00000000c9500000|  0%| F|  |TAMS 0x00000000c9400000, 0x00000000c9400000| Untracked 
|  93|0x00000000c9500000, 0x00000000c9500000, 0x00000000c9600000|  0%| F|  |TAMS 0x00000000c9500000, 0x00000000c9500000| Untracked 
|  94|0x00000000c9600000, 0x00000000c966cc00, 0x00000000c9700000| 42%| O|  |TAMS 0x00000000c9600000, 0x00000000c966c200| Untracked 
|  95|0x00000000c9700000, 0x00000000c9700000, 0x00000000c9800000|  0%| F|  |TAMS 0x00000000c9700000, 0x00000000c9700000| Untracked 
|  96|0x00000000c9800000, 0x00000000c9800000, 0x00000000c9900000|  0%| F|  |TAMS 0x00000000c9800000, 0x00000000c9800000| Untracked 
|  97|0x00000000c9900000, 0x00000000c9900000, 0x00000000c9a00000|  0%| F|  |TAMS 0x00000000c9900000, 0x00000000c9900000| Untracked 
|  98|0x00000000c9a00000, 0x00000000c9a00000, 0x00000000c9b00000|  0%| F|  |TAMS 0x00000000c9a00000, 0x00000000c9a00000| Untracked 
|  99|0x00000000c9b00000, 0x00000000c9b00000, 0x00000000c9c00000|  0%| F|  |TAMS 0x00000000c9b00000, 0x00000000c9b00000| Untracked 
| 100|0x00000000c9c00000, 0x00000000c9c00000, 0x00000000c9d00000|  0%| F|  |TAMS 0x00000000c9c00000, 0x00000000c9c00000| Untracked 
| 101|0x00000000c9d00000, 0x00000000c9d00000, 0x00000000c9e00000|  0%| F|  |TAMS 0x00000000c9d00000, 0x00000000c9d00000| Untracked 
| 102|0x00000000c9e00000, 0x00000000c9e00000, 0x00000000c9f00000|  0%| F|  |TAMS 0x00000000c9e00000, 0x00000000c9e00000| Untracked 
| 103|0x00000000c9f00000, 0x00000000c9f00000, 0x00000000ca000000|  0%| F|  |TAMS 0x00000000c9f00000, 0x00000000c9f00000| Untracked 
| 104|0x00000000ca000000, 0x00000000ca000000, 0x00000000ca100000|  0%| F|  |TAMS 0x00000000ca000000, 0x00000000ca000000| Untracked 
| 105|0x00000000ca100000, 0x00000000ca100000, 0x00000000ca200000|  0%| F|  |TAMS 0x00000000ca100000, 0x00000000ca100000| Untracked 
| 106|0x00000000ca200000, 0x00000000ca200000, 0x00000000ca300000|  0%| F|  |TAMS 0x00000000ca200000, 0x00000000ca200000| Untracked 
| 107|0x00000000ca300000, 0x00000000ca300000, 0x00000000ca400000|  0%| F|  |TAMS 0x00000000ca300000, 0x00000000ca300000| Untracked 
| 108|0x00000000ca400000, 0x00000000ca400000, 0x00000000ca500000|  0%| F|  |TAMS 0x00000000ca400000, 0x00000000ca400000| Untracked 
| 109|0x00000000ca500000, 0x00000000ca500000, 0x00000000ca600000|  0%| F|  |TAMS 0x00000000ca500000, 0x00000000ca500000| Untracked 
| 110|0x00000000ca600000, 0x00000000ca600000, 0x00000000ca700000|  0%| F|  |TAMS 0x00000000ca600000, 0x00000000ca600000| Untracked 
| 111|0x00000000ca700000, 0x00000000ca700000, 0x00000000ca800000|  0%| F|  |TAMS 0x00000000ca700000, 0x00000000ca700000| Untracked 
| 112|0x00000000ca800000, 0x00000000ca800000, 0x00000000ca900000|  0%| F|  |TAMS 0x00000000ca800000, 0x00000000ca800000| Untracked 
| 113|0x00000000ca900000, 0x00000000ca900000, 0x00000000caa00000|  0%| F|  |TAMS 0x00000000ca900000, 0x00000000ca900000| Untracked 
| 114|0x00000000caa00000, 0x00000000caa00000, 0x00000000cab00000|  0%| F|  |TAMS 0x00000000caa00000, 0x00000000caa00000| Untracked 
| 115|0x00000000cab00000, 0x00000000cab00000, 0x00000000cac00000|  0%| F|  |TAMS 0x00000000cab00000, 0x00000000cab00000| Untracked 
| 116|0x00000000cac00000, 0x00000000cac00000, 0x00000000cad00000|  0%| F|  |TAMS 0x00000000cac00000, 0x00000000cac00000| Untracked 
| 117|0x00000000cad00000, 0x00000000cad00000, 0x00000000cae00000|  0%| F|  |TAMS 0x00000000cad00000, 0x00000000cad00000| Untracked 
| 118|0x00000000cae00000, 0x00000000cae00000, 0x00000000caf00000|  0%| F|  |TAMS 0x00000000cae00000, 0x00000000cae00000| Untracked 
| 119|0x00000000caf00000, 0x00000000caf00000, 0x00000000cb000000|  0%| F|  |TAMS 0x00000000caf00000, 0x00000000caf00000| Untracked 
| 120|0x00000000cb000000, 0x00000000cb000000, 0x00000000cb100000|  0%| F|  |TAMS 0x00000000cb000000, 0x00000000cb000000| Untracked 
| 121|0x00000000cb100000, 0x00000000cb100000, 0x00000000cb200000|  0%| F|  |TAMS 0x00000000cb100000, 0x00000000cb100000| Untracked 
| 122|0x00000000cb200000, 0x00000000cb200000, 0x00000000cb300000|  0%| F|  |TAMS 0x00000000cb200000, 0x00000000cb200000| Untracked 
| 123|0x00000000cb300000, 0x00000000cb300000, 0x00000000cb400000|  0%| F|  |TAMS 0x00000000cb300000, 0x00000000cb300000| Untracked 
| 124|0x00000000cb400000, 0x00000000cb400000, 0x00000000cb500000|  0%| F|  |TAMS 0x00000000cb400000, 0x00000000cb400000| Untracked 
| 125|0x00000000cb500000, 0x00000000cb500000, 0x00000000cb600000|  0%| F|  |TAMS 0x00000000cb500000, 0x00000000cb500000| Untracked 
| 126|0x00000000cb600000, 0x00000000cb600000, 0x00000000cb700000|  0%| F|  |TAMS 0x00000000cb600000, 0x00000000cb600000| Untracked 
| 127|0x00000000cb700000, 0x00000000cb700000, 0x00000000cb800000|  0%| F|  |TAMS 0x00000000cb700000, 0x00000000cb700000| Untracked 
| 128|0x00000000cb800000, 0x00000000cb800000, 0x00000000cb900000|  0%| F|  |TAMS 0x00000000cb800000, 0x00000000cb800000| Untracked 
| 129|0x00000000cb900000, 0x00000000cb900000, 0x00000000cba00000|  0%| F|  |TAMS 0x00000000cb900000, 0x00000000cb900000| Untracked 
| 130|0x00000000cba00000, 0x00000000cba00000, 0x00000000cbb00000|  0%| F|  |TAMS 0x00000000cba00000, 0x00000000cba00000| Untracked 
| 131|0x00000000cbb00000, 0x00000000cbb00000, 0x00000000cbc00000|  0%| F|  |TAMS 0x00000000cbb00000, 0x00000000cbb00000| Untracked 
| 132|0x00000000cbc00000, 0x00000000cbc00000, 0x00000000cbd00000|  0%| F|  |TAMS 0x00000000cbc00000, 0x00000000cbc00000| Untracked 
| 133|0x00000000cbd00000, 0x00000000cbd00000, 0x00000000cbe00000|  0%| F|  |TAMS 0x00000000cbd00000, 0x00000000cbd00000| Untracked 
| 134|0x00000000cbe00000, 0x00000000cbe00000, 0x00000000cbf00000|  0%| F|  |TAMS 0x00000000cbe00000, 0x00000000cbe00000| Untracked 
| 135|0x00000000cbf00000, 0x00000000cbf00000, 0x00000000cc000000|  0%| F|  |TAMS 0x00000000cbf00000, 0x00000000cbf00000| Untracked 
| 136|0x00000000cc000000, 0x00000000cc000000, 0x00000000cc100000|  0%| F|  |TAMS 0x00000000cc000000, 0x00000000cc000000| Untracked 
| 137|0x00000000cc100000, 0x00000000cc100000, 0x00000000cc200000|  0%| F|  |TAMS 0x00000000cc100000, 0x00000000cc100000| Untracked 
| 138|0x00000000cc200000, 0x00000000cc200000, 0x00000000cc300000|  0%| F|  |TAMS 0x00000000cc200000, 0x00000000cc200000| Untracked 
| 139|0x00000000cc300000, 0x00000000cc300000, 0x00000000cc400000|  0%| F|  |TAMS 0x00000000cc300000, 0x00000000cc300000| Untracked 
| 140|0x00000000cc400000, 0x00000000cc400000, 0x00000000cc500000|  0%| F|  |TAMS 0x00000000cc400000, 0x00000000cc400000| Untracked 
| 141|0x00000000cc500000, 0x00000000cc500000, 0x00000000cc600000|  0%| F|  |TAMS 0x00000000cc500000, 0x00000000cc500000| Untracked 
| 142|0x00000000cc600000, 0x00000000cc600000, 0x00000000cc700000|  0%| F|  |TAMS 0x00000000cc600000, 0x00000000cc600000| Untracked 
| 143|0x00000000cc700000, 0x00000000cc700000, 0x00000000cc800000|  0%| F|  |TAMS 0x00000000cc700000, 0x00000000cc700000| Untracked 
| 144|0x00000000cc800000, 0x00000000cc800000, 0x00000000cc900000|  0%| F|  |TAMS 0x00000000cc800000, 0x00000000cc800000| Untracked 
| 145|0x00000000cc900000, 0x00000000cc900000, 0x00000000cca00000|  0%| F|  |TAMS 0x00000000cc900000, 0x00000000cc900000| Untracked 
| 146|0x00000000cca00000, 0x00000000cca00000, 0x00000000ccb00000|  0%| F|  |TAMS 0x00000000cca00000, 0x00000000cca00000| Untracked 
| 147|0x00000000ccb00000, 0x00000000ccb00000, 0x00000000ccc00000|  0%| F|  |TAMS 0x00000000ccb00000, 0x00000000ccb00000| Untracked 
| 148|0x00000000ccc00000, 0x00000000ccc00000, 0x00000000ccd00000|  0%| F|  |TAMS 0x00000000ccc00000, 0x00000000ccc00000| Untracked 
| 149|0x00000000ccd00000, 0x00000000ccd00000, 0x00000000cce00000|  0%| F|  |TAMS 0x00000000ccd00000, 0x00000000ccd00000| Untracked 
| 150|0x00000000cce00000, 0x00000000cce00000, 0x00000000ccf00000|  0%| F|  |TAMS 0x00000000cce00000, 0x00000000cce00000| Untracked 
| 151|0x00000000ccf00000, 0x00000000ccf00000, 0x00000000cd000000|  0%| F|  |TAMS 0x00000000ccf00000, 0x00000000ccf00000| Untracked 
| 152|0x00000000cd000000, 0x00000000cd000000, 0x00000000cd100000|  0%| F|  |TAMS 0x00000000cd000000, 0x00000000cd000000| Untracked 
| 153|0x00000000cd100000, 0x00000000cd100000, 0x00000000cd200000|  0%| F|  |TAMS 0x00000000cd100000, 0x00000000cd100000| Untracked 
| 154|0x00000000cd200000, 0x00000000cd200000, 0x00000000cd300000|  0%| F|  |TAMS 0x00000000cd200000, 0x00000000cd200000| Untracked 
| 155|0x00000000cd300000, 0x00000000cd300000, 0x00000000cd400000|  0%| F|  |TAMS 0x00000000cd300000, 0x00000000cd300000| Untracked 
| 156|0x00000000cd400000, 0x00000000cd400000, 0x00000000cd500000|  0%| F|  |TAMS 0x00000000cd400000, 0x00000000cd400000| Untracked 
| 157|0x00000000cd500000, 0x00000000cd500000, 0x00000000cd600000|  0%| F|  |TAMS 0x00000000cd500000, 0x00000000cd500000| Untracked 
| 158|0x00000000cd600000, 0x00000000cd600000, 0x00000000cd700000|  0%| F|  |TAMS 0x00000000cd600000, 0x00000000cd600000| Untracked 
| 159|0x00000000cd700000, 0x00000000cd700000, 0x00000000cd800000|  0%| F|  |TAMS 0x00000000cd700000, 0x00000000cd700000| Untracked 
| 160|0x00000000cd800000, 0x00000000cd800000, 0x00000000cd900000|  0%| F|  |TAMS 0x00000000cd800000, 0x00000000cd800000| Untracked 
| 161|0x00000000cd900000, 0x00000000cd900000, 0x00000000cda00000|  0%| F|  |TAMS 0x00000000cd900000, 0x00000000cd900000| Untracked 
| 162|0x00000000cda00000, 0x00000000cda00000, 0x00000000cdb00000|  0%| F|  |TAMS 0x00000000cda00000, 0x00000000cda00000| Untracked 
| 163|0x00000000cdb00000, 0x00000000cdb00000, 0x00000000cdc00000|  0%| F|  |TAMS 0x00000000cdb00000, 0x00000000cdb00000| Untracked 
| 164|0x00000000cdc00000, 0x00000000cdc00000, 0x00000000cdd00000|  0%| F|  |TAMS 0x00000000cdc00000, 0x00000000cdc00000| Untracked 
| 165|0x00000000cdd00000, 0x00000000cdd00000, 0x00000000cde00000|  0%| F|  |TAMS 0x00000000cdd00000, 0x00000000cdd00000| Untracked 
| 166|0x00000000cde00000, 0x00000000cde00000, 0x00000000cdf00000|  0%| F|  |TAMS 0x00000000cde00000, 0x00000000cde00000| Untracked 
| 167|0x00000000cdf00000, 0x00000000cdf00000, 0x00000000ce000000|  0%| F|  |TAMS 0x00000000cdf00000, 0x00000000cdf00000| Untracked 
| 168|0x00000000ce000000, 0x00000000ce000000, 0x00000000ce100000|  0%| F|  |TAMS 0x00000000ce000000, 0x00000000ce000000| Untracked 
| 169|0x00000000ce100000, 0x00000000ce100000, 0x00000000ce200000|  0%| F|  |TAMS 0x00000000ce100000, 0x00000000ce100000| Untracked 
| 170|0x00000000ce200000, 0x00000000ce200000, 0x00000000ce300000|  0%| F|  |TAMS 0x00000000ce200000, 0x00000000ce200000| Untracked 
| 171|0x00000000ce300000, 0x00000000ce300000, 0x00000000ce400000|  0%| F|  |TAMS 0x00000000ce300000, 0x00000000ce300000| Untracked 
| 172|0x00000000ce400000, 0x00000000ce400000, 0x00000000ce500000|  0%| F|  |TAMS 0x00000000ce400000, 0x00000000ce400000| Untracked 
| 173|0x00000000ce500000, 0x00000000ce500000, 0x00000000ce600000|  0%| F|  |TAMS 0x00000000ce500000, 0x00000000ce500000| Untracked 
| 174|0x00000000ce600000, 0x00000000ce600000, 0x00000000ce700000|  0%| F|  |TAMS 0x00000000ce600000, 0x00000000ce600000| Untracked 
| 175|0x00000000ce700000, 0x00000000ce700000, 0x00000000ce800000|  0%| F|  |TAMS 0x00000000ce700000, 0x00000000ce700000| Untracked 
| 176|0x00000000ce800000, 0x00000000ce800000, 0x00000000ce900000|  0%| F|  |TAMS 0x00000000ce800000, 0x00000000ce800000| Untracked 
| 177|0x00000000ce900000, 0x00000000ce900000, 0x00000000cea00000|  0%| F|  |TAMS 0x00000000ce900000, 0x00000000ce900000| Untracked 
| 178|0x00000000cea00000, 0x00000000cea00000, 0x00000000ceb00000|  0%| F|  |TAMS 0x00000000cea00000, 0x00000000cea00000| Untracked 
| 179|0x00000000ceb00000, 0x00000000ceb00000, 0x00000000cec00000|  0%| F|  |TAMS 0x00000000ceb00000, 0x00000000ceb00000| Untracked 
| 180|0x00000000cec00000, 0x00000000cec00000, 0x00000000ced00000|  0%| F|  |TAMS 0x00000000cec00000, 0x00000000cec00000| Untracked 
| 181|0x00000000ced00000, 0x00000000ced00000, 0x00000000cee00000|  0%| F|  |TAMS 0x00000000ced00000, 0x00000000ced00000| Untracked 
| 182|0x00000000cee00000, 0x00000000cee00000, 0x00000000cef00000|  0%| F|  |TAMS 0x00000000cee00000, 0x00000000cee00000| Untracked 
| 183|0x00000000cef00000, 0x00000000cef00000, 0x00000000cf000000|  0%| F|  |TAMS 0x00000000cef00000, 0x00000000cef00000| Untracked 
| 184|0x00000000cf000000, 0x00000000cf000000, 0x00000000cf100000|  0%| F|  |TAMS 0x00000000cf000000, 0x00000000cf000000| Untracked 
| 185|0x00000000cf100000, 0x00000000cf100000, 0x00000000cf200000|  0%| F|  |TAMS 0x00000000cf100000, 0x00000000cf100000| Untracked 
| 186|0x00000000cf200000, 0x00000000cf200000, 0x00000000cf300000|  0%| F|  |TAMS 0x00000000cf200000, 0x00000000cf200000| Untracked 
| 187|0x00000000cf300000, 0x00000000cf300000, 0x00000000cf400000|  0%| F|  |TAMS 0x00000000cf300000, 0x00000000cf300000| Untracked 
| 188|0x00000000cf400000, 0x00000000cf400000, 0x00000000cf500000|  0%| F|  |TAMS 0x00000000cf400000, 0x00000000cf400000| Untracked 
| 189|0x00000000cf500000, 0x00000000cf500000, 0x00000000cf600000|  0%| F|  |TAMS 0x00000000cf500000, 0x00000000cf500000| Untracked 
| 190|0x00000000cf600000, 0x00000000cf600000, 0x00000000cf700000|  0%| F|  |TAMS 0x00000000cf600000, 0x00000000cf600000| Untracked 
| 191|0x00000000cf700000, 0x00000000cf700000, 0x00000000cf800000|  0%| F|  |TAMS 0x00000000cf700000, 0x00000000cf700000| Untracked 
| 192|0x00000000cf800000, 0x00000000cf800000, 0x00000000cf900000|  0%| F|  |TAMS 0x00000000cf800000, 0x00000000cf800000| Untracked 
| 193|0x00000000cf900000, 0x00000000cf900000, 0x00000000cfa00000|  0%| F|  |TAMS 0x00000000cf900000, 0x00000000cf900000| Untracked 
| 194|0x00000000cfa00000, 0x00000000cfa00000, 0x00000000cfb00000|  0%| F|  |TAMS 0x00000000cfa00000, 0x00000000cfa00000| Untracked 
| 195|0x00000000cfb00000, 0x00000000cfb00000, 0x00000000cfc00000|  0%| F|  |TAMS 0x00000000cfb00000, 0x00000000cfb00000| Untracked 
| 196|0x00000000cfc00000, 0x00000000cfc00000, 0x00000000cfd00000|  0%| F|  |TAMS 0x00000000cfc00000, 0x00000000cfc00000| Untracked 
| 197|0x00000000cfd00000, 0x00000000cfd00000, 0x00000000cfe00000|  0%| F|  |TAMS 0x00000000cfd00000, 0x00000000cfd00000| Untracked 
| 198|0x00000000cfe00000, 0x00000000cfe00000, 0x00000000cff00000|  0%| F|  |TAMS 0x00000000cfe00000, 0x00000000cfe00000| Untracked 
| 199|0x00000000cff00000, 0x00000000cff00000, 0x00000000d0000000|  0%| F|  |TAMS 0x00000000cff00000, 0x00000000cff00000| Untracked 
| 200|0x00000000d0000000, 0x00000000d0000000, 0x00000000d0100000|  0%| F|  |TAMS 0x00000000d0000000, 0x00000000d0000000| Untracked 
| 201|0x00000000d0100000, 0x00000000d0100000, 0x00000000d0200000|  0%| F|  |TAMS 0x00000000d0100000, 0x00000000d0100000| Untracked 
| 202|0x00000000d0200000, 0x00000000d0200000, 0x00000000d0300000|  0%| F|  |TAMS 0x00000000d0200000, 0x00000000d0200000| Untracked 
| 203|0x00000000d0300000, 0x00000000d0300000, 0x00000000d0400000|  0%| F|  |TAMS 0x00000000d0300000, 0x00000000d0300000| Untracked 
| 204|0x00000000d0400000, 0x00000000d0400000, 0x00000000d0500000|  0%| F|  |TAMS 0x00000000d0400000, 0x00000000d0400000| Untracked 
| 205|0x00000000d0500000, 0x00000000d0500000, 0x00000000d0600000|  0%| F|  |TAMS 0x00000000d0500000, 0x00000000d0500000| Untracked 
| 206|0x00000000d0600000, 0x00000000d0600000, 0x00000000d0700000|  0%| F|  |TAMS 0x00000000d0600000, 0x00000000d0600000| Untracked 
| 207|0x00000000d0700000, 0x00000000d0700000, 0x00000000d0800000|  0%| F|  |TAMS 0x00000000d0700000, 0x00000000d0700000| Untracked 
| 208|0x00000000d0800000, 0x00000000d08f3620, 0x00000000d0900000| 95%| E|  |TAMS 0x00000000d0800000, 0x00000000d0800000| Complete 
| 209|0x00000000d0900000, 0x00000000d0a00000, 0x00000000d0a00000|100%| E|CS|TAMS 0x00000000d0900000, 0x00000000d0900000| Complete 
| 210|0x00000000d0a00000, 0x00000000d0b00000, 0x00000000d0b00000|100%| E|CS|TAMS 0x00000000d0a00000, 0x00000000d0a00000| Complete 
| 211|0x00000000d0b00000, 0x00000000d0c00000, 0x00000000d0c00000|100%| E|CS|TAMS 0x00000000d0b00000, 0x00000000d0b00000| Complete 
| 212|0x00000000d0c00000, 0x00000000d0c84e50, 0x00000000d0d00000| 51%| S|CS|TAMS 0x00000000d0c00000, 0x00000000d0c00000| Complete 
| 213|0x00000000d0d00000, 0x00000000d0e00000, 0x00000000d0e00000|100%| E|CS|TAMS 0x00000000d0d00000, 0x00000000d0d00000| Complete 
| 214|0x00000000d0e00000, 0x00000000d0f00000, 0x00000000d0f00000|100%| E|CS|TAMS 0x00000000d0e00000, 0x00000000d0e00000| Complete 

Card table byte_map: [0x0000021776340000,0x0000021776530000] _byte_map_base: 0x0000021775d24000

Marking Bits (Prev, Next): (CMBitMap*) 0x000002176e97ccf0, (CMBitMap*) 0x000002176e97cd30
 Prev Bits: [0x0000021776720000, 0x0000021777640000)
 Next Bits: [0x0000021777640000, 0x0000021778560000)

Polling page: 0x000002176c790000

Metaspace:

Usage:
  Non-class:     22.02 MB used.
      Class:      3.03 MB used.
       Both:     25.06 MB used.

Virtual space:
  Non-class space:       24.00 MB reserved,      22.19 MB ( 92%) committed,  3 nodes.
      Class space:        1.00 GB reserved,       3.12 MB ( <1%) committed,  1 nodes.
             Both:        1.02 GB reserved,      25.31 MB (  2%) committed. 

Chunk freelists:
   Non-Class:  1.36 MB
       Class:  912.00 KB
        Both:  2.25 MB

MaxMetaspaceSize: unlimited
CompressedClassSpaceSize: 1.00 GB
Initial GC threshold: 21.00 MB
Current GC threshold: 32.12 MB
CDS: on
MetaspaceReclaimPolicy: balanced
 - commit_granule_bytes: 65536.
 - commit_granule_words: 8192.
 - virtual_space_node_default_size: 1048576.
 - enlarge_chunks_in_place: 1.
 - new_chunks_are_fully_committed: 0.
 - uncommit_free_chunks: 1.
 - use_allocation_guard: 0.
 - handle_deallocations: 1.


Internal statistics:

num_allocs_failed_limit: 0.
num_arena_births: 228.
num_arena_deaths: 0.
num_vsnodes_births: 4.
num_vsnodes_deaths: 0.
num_space_committed: 405.
num_space_uncommitted: 0.
num_chunks_returned_to_freelist: 0.
num_chunks_taken_from_freelist: 844.
num_chunk_merges: 0.
num_chunk_splits: 558.
num_chunks_enlarged: 444.
num_purges: 0.
num_inconsistent_stats: 0.

CodeHeap 'non-profiled nmethods': size=120000Kb used=1248Kb max_used=1248Kb free=118751Kb
 bounds [0x0000021707ad0000, 0x0000021707d40000, 0x000002170f000000]
CodeHeap 'profiled nmethods': size=120000Kb used=4979Kb max_used=4979Kb free=115021Kb
 bounds [0x00000217005a0000, 0x0000021700a80000, 0x0000021707ad0000]
CodeHeap 'non-nmethods': size=5760Kb used=1364Kb max_used=1429Kb free=4395Kb
 bounds [0x0000021700000000, 0x0000021700270000, 0x00000217005a0000]
 total_blobs=3248 nmethods=2548 adapters=612
 compilation: enabled
              stopped_count=0, restarted_count=0
 full_count=0

Compilation events (20 events):
Event: 26.981 Thread 0x000002177a9b25e0 2533       3       io.netty.buffer.PooledUnsafeDirectByteBuf::_getByte (9 bytes)
Event: 26.981 Thread 0x000002177a9b25e0 nmethod 2533 0x0000021700a71e90 code [0x0000021700a72060, 0x0000021700a723f8]
Event: 26.981 Thread 0x000002177a9b25e0 2534       3       io.netty.buffer.UnsafeByteBufUtil::getByte (5 bytes)
Event: 26.981 Thread 0x000002177a9b25e0 nmethod 2534 0x0000021700a72590 code [0x0000021700a72740, 0x0000021700a729d8]
Event: 26.982 Thread 0x000002177a9b25e0 2535       3       java.lang.invoke.MethodHandles::makeIdentity (23 bytes)
Event: 26.983 Thread 0x000002177a9b25e0 nmethod 2535 0x0000021700a72b10 code [0x0000021700a72d80, 0x0000021700a73748]
Event: 26.984 Thread 0x000002177a9b25e0 2536       3       java.lang.invoke.LambdaForm::identityForm (27 bytes)
Event: 26.984 Thread 0x000002177a9b25e0 nmethod 2536 0x0000021700a73b90 code [0x0000021700a73d40, 0x0000021700a73f28]
Event: 26.984 Thread 0x000002177a9b25e0 2537       3       java.lang.invoke.MethodHandleImpl::makeIntrinsic (14 bytes)
Event: 26.984 Thread 0x000002177a9b25e0 nmethod 2537 0x0000021700a74010 code [0x0000021700a74200, 0x0000021700a748f8]
Event: 26.992 Thread 0x000002177a9b25e0 2539       3       jdk.internal.reflect.AccessorGenerator::sub (5 bytes)
Event: 26.992 Thread 0x000002177a9b25e0 nmethod 2539 0x0000021700a74b90 code [0x0000021700a74d20, 0x0000021700a74e18]
Event: 26.992 Thread 0x000002177a9b25e0 2540       3       jdk.internal.reflect.ClassFileAssembler::setStack (25 bytes)
Event: 26.992 Thread 0x000002177a9b25e0 nmethod 2540 0x0000021700a74e90 code [0x0000021700a75020, 0x0000021700a75178]
Event: 26.993 Thread 0x000002177a9b25e0 2542       3       java.nio.ByteBuffer::limit (6 bytes)
Event: 26.993 Thread 0x000002177a9b25e0 nmethod 2542 0x0000021700a75210 code [0x0000021700a753c0, 0x0000021700a75588]
Event: 26.993 Thread 0x000002177a9b25e0 2544       3       io.netty.channel.AbstractChannelHandlerContext::executor (22 bytes)
Event: 26.993 Thread 0x000002177a9b25e0 nmethod 2544 0x0000021700a75610 code [0x0000021700a75800, 0x0000021700a75ee8]
Event: 27.045 Thread 0x000002177a9b25e0 2545       3       jdk.internal.loader.AbstractClassLoaderValue::map (20 bytes)
Event: 27.045 Thread 0x000002177a9b25e0 nmethod 2545 0x0000021700a76110 code [0x0000021700a762c0, 0x0000021700a765a8]

GC Heap History (20 events):
Event: 23.843 GC heap before
{Heap before GC invocations=95 (full 0):
 garbage-first heap   total 220160K, used 96714K [0x00000000c3800000, 0x0000000100000000)
  region size 1024K, 2 young (2048K), 1 survivors (1024K)
 Metaspace       used 23768K, committed 24064K, reserved 1073152K
  class space    used 2845K, committed 3008K, reserved 1048576K
}
Event: 23.844 GC heap after
{Heap after GC invocations=96 (full 0):
 garbage-first heap   total 220160K, used 71118K [0x00000000c3800000, 0x0000000100000000)
  region size 1024K, 1 young (1024K), 1 survivors (1024K)
 Metaspace       used 23768K, committed 24064K, reserved 1073152K
  class space    used 2845K, committed 3008K, reserved 1048576K
}
Event: 24.172 GC heap before
{Heap before GC invocations=96 (full 0):
 garbage-first heap   total 220160K, used 96718K [0x00000000c3800000, 0x0000000100000000)
  region size 1024K, 2 young (2048K), 1 survivors (1024K)
 Metaspace       used 23769K, committed 24064K, reserved 1073152K
  class space    used 2845K, committed 3008K, reserved 1048576K
}
Event: 24.175 GC heap after
{Heap after GC invocations=97 (full 0):
 garbage-first heap   total 220160K, used 71123K [0x00000000c3800000, 0x0000000100000000)
  region size 1024K, 1 young (1024K), 1 survivors (1024K)
 Metaspace       used 23769K, committed 24064K, reserved 1073152K
  class space    used 2845K, committed 3008K, reserved 1048576K
}
Event: 24.490 GC heap before
{Heap before GC invocations=97 (full 0):
 garbage-first heap   total 220160K, used 96723K [0x00000000c3800000, 0x0000000100000000)
  region size 1024K, 2 young (2048K), 1 survivors (1024K)
 Metaspace       used 23769K, committed 24064K, reserved 1073152K
  class space    used 2845K, committed 3008K, reserved 1048576K
}
Event: 24.494 GC heap after
{Heap after GC invocations=98 (full 0):
 garbage-first heap   total 220160K, used 71123K [0x00000000c3800000, 0x0000000100000000)
  region size 1024K, 1 young (1024K), 1 survivors (1024K)
 Metaspace       used 23769K, committed 24064K, reserved 1073152K
  class space    used 2845K, committed 3008K, reserved 1048576K
}
Event: 24.833 GC heap before
{Heap before GC invocations=98 (full 0):
 garbage-first heap   total 220160K, used 96723K [0x00000000c3800000, 0x0000000100000000)
  region size 1024K, 2 young (2048K), 1 survivors (1024K)
 Metaspace       used 23769K, committed 24064K, reserved 1073152K
  class space    used 2845K, committed 3008K, reserved 1048576K
}
Event: 24.836 GC heap after
{Heap after GC invocations=99 (full 0):
 garbage-first heap   total 220160K, used 71128K [0x00000000c3800000, 0x0000000100000000)
  region size 1024K, 1 young (1024K), 1 survivors (1024K)
 Metaspace       used 23769K, committed 24064K, reserved 1073152K
  class space    used 2845K, committed 3008K, reserved 1048576K
}
Event: 25.170 GC heap before
{Heap before GC invocations=99 (full 0):
 garbage-first heap   total 220160K, used 96728K [0x00000000c3800000, 0x0000000100000000)
  region size 1024K, 2 young (2048K), 1 survivors (1024K)
 Metaspace       used 23769K, committed 24064K, reserved 1073152K
  class space    used 2845K, committed 3008K, reserved 1048576K
}
Event: 25.172 GC heap after
{Heap after GC invocations=100 (full 0):
 garbage-first heap   total 220160K, used 71130K [0x00000000c3800000, 0x0000000100000000)
  region size 1024K, 1 young (1024K), 1 survivors (1024K)
 Metaspace       used 23769K, committed 24064K, reserved 1073152K
  class space    used 2845K, committed 3008K, reserved 1048576K
}
Event: 25.484 GC heap before
{Heap before GC invocations=100 (full 0):
 garbage-first heap   total 220160K, used 96730K [0x00000000c3800000, 0x0000000100000000)
  region size 1024K, 2 young (2048K), 1 survivors (1024K)
 Metaspace       used 23769K, committed 24064K, reserved 1073152K
  class space    used 2845K, committed 3008K, reserved 1048576K
}
Event: 25.486 GC heap after
{Heap after GC invocations=101 (full 0):
 garbage-first heap   total 220160K, used 71133K [0x00000000c3800000, 0x0000000100000000)
  region size 1024K, 1 young (1024K), 1 survivors (1024K)
 Metaspace       used 23769K, committed 24064K, reserved 1073152K
  class space    used 2845K, committed 3008K, reserved 1048576K
}
Event: 25.813 GC heap before
{Heap before GC invocations=101 (full 0):
 garbage-first heap   total 220160K, used 96733K [0x00000000c3800000, 0x0000000100000000)
  region size 1024K, 2 young (2048K), 1 survivors (1024K)
 Metaspace       used 23769K, committed 24064K, reserved 1073152K
  class space    used 2845K, committed 3008K, reserved 1048576K
}
Event: 25.814 GC heap after
{Heap after GC invocations=102 (full 0):
 garbage-first heap   total 220160K, used 71135K [0x00000000c3800000, 0x0000000100000000)
  region size 1024K, 1 young (1024K), 1 survivors (1024K)
 Metaspace       used 23769K, committed 24064K, reserved 1073152K
  class space    used 2845K, committed 3008K, reserved 1048576K
}
Event: 26.140 GC heap before
{Heap before GC invocations=102 (full 0):
 garbage-first heap   total 220160K, used 97759K [0x00000000c3800000, 0x0000000100000000)
  region size 1024K, 3 young (3072K), 1 survivors (1024K)
 Metaspace       used 23854K, committed 24128K, reserved 1073152K
  class space    used 2861K, committed 3008K, reserved 1048576K
}
Event: 26.141 GC heap after
{Heap after GC invocations=103 (full 0):
 garbage-first heap   total 220160K, used 71164K [0x00000000c3800000, 0x0000000100000000)
  region size 1024K, 1 young (1024K), 1 survivors (1024K)
 Metaspace       used 23854K, committed 24128K, reserved 1073152K
  class space    used 2861K, committed 3008K, reserved 1048576K
}
Event: 26.471 GC heap before
{Heap before GC invocations=103 (full 0):
 garbage-first heap   total 220160K, used 99836K [0x00000000c3800000, 0x0000000100000000)
  region size 1024K, 5 young (5120K), 1 survivors (1024K)
 Metaspace       used 24513K, committed 24832K, reserved 1073152K
  class space    used 2960K, committed 3136K, reserved 1048576K
}
Event: 26.472 GC heap after
{Heap after GC invocations=104 (full 0):
 garbage-first heap   total 220160K, used 71277K [0x00000000c3800000, 0x0000000100000000)
  region size 1024K, 1 young (1024K), 1 survivors (1024K)
 Metaspace       used 24513K, committed 24832K, reserved 1073152K
  class space    used 2960K, committed 3136K, reserved 1048576K
}
Event: 26.801 GC heap before
{Heap before GC invocations=104 (full 0):
 garbage-first heap   total 220160K, used 97901K [0x00000000c3800000, 0x0000000100000000)
  region size 1024K, 3 young (3072K), 1 survivors (1024K)
 Metaspace       used 24894K, committed 25152K, reserved 1073152K
  class space    used 3010K, committed 3136K, reserved 1048576K
}
Event: 26.803 GC heap after
{Heap after GC invocations=105 (full 0):
 garbage-first heap   total 220160K, used 71622K [0x00000000c3800000, 0x0000000100000000)
  region size 1024K, 1 young (1024K), 1 survivors (1024K)
 Metaspace       used 24894K, committed 25152K, reserved 1073152K
  class space    used 3010K, committed 3136K, reserved 1048576K
}

Deoptimization events (20 events):
Event: 6.665 Thread 0x000002177a9beb90 DEOPT PACKING pc=0x00000217009425d1 sp=0x0000003540cfeab0
Event: 6.665 Thread 0x000002177a9beb90 DEOPT UNPACKING pc=0x0000021700052b43 sp=0x0000003540cfe0d0 mode 0
Event: 6.665 Thread 0x000002177a9beb90 DEOPT PACKING pc=0x00000217009425d1 sp=0x0000003540cfeab0
Event: 6.665 Thread 0x000002177a9beb90 DEOPT UNPACKING pc=0x0000021700052b43 sp=0x0000003540cfe0d0 mode 0
Event: 6.666 Thread 0x000002177a9beb90 DEOPT PACKING pc=0x00000217009425d1 sp=0x0000003540cfeab0
Event: 6.666 Thread 0x000002177a9beb90 DEOPT UNPACKING pc=0x0000021700052b43 sp=0x0000003540cfe0d0 mode 0
Event: 6.669 Thread 0x000002177a9beb90 DEOPT PACKING pc=0x00000217009425d1 sp=0x0000003540cfeab0
Event: 6.669 Thread 0x000002177a9beb90 DEOPT UNPACKING pc=0x0000021700052b43 sp=0x0000003540cfe0d0 mode 0
Event: 6.669 Thread 0x000002177a9beb90 DEOPT PACKING pc=0x00000217009425d1 sp=0x0000003540cfeab0
Event: 6.669 Thread 0x000002177a9beb90 DEOPT UNPACKING pc=0x0000021700052b43 sp=0x0000003540cfe0d0 mode 0
Event: 6.669 Thread 0x000002177a9beb90 DEOPT PACKING pc=0x00000217009425d1 sp=0x0000003540cfeab0
Event: 6.669 Thread 0x000002177a9beb90 DEOPT UNPACKING pc=0x0000021700052b43 sp=0x0000003540cfe0d0 mode 0
Event: 6.670 Thread 0x000002177a9beb90 DEOPT PACKING pc=0x00000217009425d1 sp=0x0000003540cfeab0
Event: 6.670 Thread 0x000002177a9beb90 DEOPT UNPACKING pc=0x0000021700052b43 sp=0x0000003540cfe0d0 mode 0
Event: 6.671 Thread 0x000002177a9beb90 DEOPT PACKING pc=0x00000217009425d1 sp=0x0000003540cfeab0
Event: 6.671 Thread 0x000002177a9beb90 DEOPT UNPACKING pc=0x0000021700052b43 sp=0x0000003540cfe0d0 mode 0
Event: 26.670 Thread 0x000002176e94e120 Uncommon trap: trap_request=0xffffff45 fr.pc=0x0000021707b3d574 relative=0x0000000000000f54
Event: 26.670 Thread 0x000002176e94e120 Uncommon trap: reason=unstable_if action=reinterpret pc=0x0000021707b3d574 method=java.util.concurrent.ConcurrentHashMap.putVal(Ljava/lang/Object;Ljava/lang/Object;Z)Ljava/lang/Object; @ 256 c2
Event: 26.670 Thread 0x000002176e94e120 DEOPT PACKING pc=0x0000021707b3d574 sp=0x000000353eefc900
Event: 26.670 Thread 0x000002176e94e120 DEOPT UNPACKING pc=0x00000217000523a3 sp=0x000000353eefc878 mode 2

Classes unloaded (0 events):
No events

Classes redefined (0 events):
No events

Internal exceptions (20 events):
Event: 2.482 Thread 0x000002177c49cbd0 Exception <a 'java/lang/NoSuchMethodError'{0x00000000c93958f8}: 'java.lang.Object java.lang.invoke.DirectMethodHandle$Holder.newInvokeSpecial(java.lang.Object, long)'> (0x00000000c93958f8) 
thrown [t:\workspace\open\src\hotspot\share\interpreter\linkResolver.cpp, line 766]
Event: 2.490 Thread 0x000002177c49cbd0 Exception <a 'java/lang/NoSuchMethodError'{0x00000000c939faf0}: 'java.lang.Object java.lang.invoke.DirectMethodHandle$Holder.invokeStaticInit(java.lang.Object, java.lang.Object, long, java.lang.Object)'> (0x00000000c939faf0) 
thrown [t:\workspace\open\src\hotspot\share\interpreter\linkResolver.cpp, line 766]
Event: 2.491 Thread 0x000002177c49cbd0 Exception <a 'java/lang/NoSuchMethodError'{0x00000000c93a5b38}: 'java.lang.Object java.lang.invoke.DirectMethodHandle$Holder.newInvokeSpecial(java.lang.Object, java.lang.Object, long)'> (0x00000000c93a5b38) 
thrown [t:\workspace\open\src\hotspot\share\interpreter\linkResolver.cpp, line 766]
Event: 2.492 Thread 0x000002177c49cbd0 Exception <a 'java/lang/NoSuchMethodError'{0x00000000c93a96a8}: 'java.lang.Object java.lang.invoke.Invokers$Holder.linkToTargetMethod(java.lang.Object, long, java.lang.Object)'> (0x00000000c93a96a8) 
thrown [t:\workspace\open\src\hotspot\share\interpreter\linkResolver.cpp, line 766]
Event: 2.519 Thread 0x000002177c49da40 Exception <a 'java/net/ConnectException'{0x00000000c9300110}: Connection refused: no further information> (0x00000000c9300110) 
thrown [t:\workspace\open\src\hotspot\share\prims\jni.cpp, line 535]
Event: 2.519 Thread 0x000002177c49da40 Exception <a 'java/net/SocketException'{0x00000000c9300448}: Socket is not connected: shutdown> (0x00000000c9300448) 
thrown [t:\workspace\open\src\hotspot\share\prims\jni.cpp, line 535]
Event: 2.611 Thread 0x000002177c49da40 Exception <a 'java/net/ConnectException'{0x00000000c9300cc8}: Connection refused: no further information> (0x00000000c9300cc8) 
thrown [t:\workspace\open\src\hotspot\share\prims\jni.cpp, line 535]
Event: 2.611 Thread 0x000002177c49da40 Exception <a 'java/net/SocketException'{0x00000000c9301000}: Socket is not connected: shutdown> (0x00000000c9301000) 
thrown [t:\workspace\open\src\hotspot\share\prims\jni.cpp, line 535]
Event: 2.785 Thread 0x000002177c49da40 Exception <a 'java/net/ConnectException'{0x00000000cab365e8}: Connection refused: no further information> (0x00000000cab365e8) 
thrown [t:\workspace\open\src\hotspot\share\prims\jni.cpp, line 535]
Event: 2.785 Thread 0x000002177c49da40 Exception <a 'java/net/SocketException'{0x00000000cab36920}: Socket is not connected: shutdown> (0x00000000cab36920) 
thrown [t:\workspace\open\src\hotspot\share\prims\jni.cpp, line 535]
Event: 3.133 Thread 0x000002176e94e120 Exception <a 'java/lang/NoSuchMethodError'{0x00000000caa69210}: 'double java.lang.invoke.DirectMethodHandle$Holder.invokeVirtual(java.lang.Object, java.lang.Object)'> (0x00000000caa69210) 
thrown [t:\workspace\open\src\hotspot\share\interpreter\linkResolver.cpp, line 766]
Event: 3.134 Thread 0x000002176e94e120 Exception <a 'java/lang/NoSuchMethodError'{0x00000000caa6fc60}: 'float java.lang.invoke.DirectMethodHandle$Holder.invokeVirtual(java.lang.Object, java.lang.Object)'> (0x00000000caa6fc60) 
thrown [t:\workspace\open\src\hotspot\share\interpreter\linkResolver.cpp, line 766]
Event: 3.135 Thread 0x000002176e94e120 Exception <a 'java/lang/NoSuchMethodError'{0x00000000caa78ee8}: 'long java.lang.invoke.DirectMethodHandle$Holder.invokeVirtual(java.lang.Object, java.lang.Object)'> (0x00000000caa78ee8) 
thrown [t:\workspace\open\src\hotspot\share\interpreter\linkResolver.cpp, line 766]
Event: 3.187 Thread 0x000002176e94e120 Exception <a 'java/lang/NoSuchMethodError'{0x00000000ca68c918}: 'void java.lang.invoke.DirectMethodHandle$Holder.invokeStatic(java.lang.Object, java.lang.Object, int)'> (0x00000000ca68c918) 
thrown [t:\workspace\open\src\hotspot\share\interpreter\linkResolver.cpp, line 766]
Event: 3.216 Thread 0x000002176e94e120 Exception <a 'java/lang/NoSuchMethodError'{0x00000000ca541688}: 'java.lang.Object java.lang.invoke.DirectMethodHandle$Holder.newInvokeSpecial(java.lang.Object, java.lang.Object, java.lang.Object, java.lang.Object, java.lang.Object)'> (0x00000000ca541688) 
thrown [t:\workspace\open\src\hotspot\share\interpreter\linkResolver.cpp, line 766]
Event: 3.235 Thread 0x000002176e94e120 Exception <a 'java/lang/NoSuchMethodError'{0x00000000ca40fd80}: 'int java.lang.invoke.DirectMethodHandle$Holder.invokeSpecialIFC(java.lang.Object, java.lang.Object, java.lang.Object)'> (0x00000000ca40fd80) 
thrown [t:\workspace\open\src\hotspot\share\interpreter\linkResolver.cpp, line 766]
Event: 3.353 Thread 0x000002176e94e120 Exception <a 'java/lang/NoSuchMethodError'{0x00000000ca1b5aa0}: 'void java.lang.invoke.DirectMethodHandle$Holder.invokeSpecial(java.lang.Object, java.lang.Object, java.lang.Object, java.lang.Object, java.lang.Object, java.lang.Object)'> (0x00000000ca1b5aa0) 
thrown [t:\workspace\open\src\hotspot\share\interpreter\linkResolver.cpp, line 766]
Event: 26.448 Thread 0x000002176e94e120 Exception <a 'java/lang/NoSuchMethodError'{0x00000000d0a58f00}: 'java.lang.Object java.lang.invoke.DirectMethodHandle$Holder.invokeSpecialIFC(java.lang.Object, java.lang.Object, java.lang.Object)'> (0x00000000d0a58f00) 
thrown [t:\workspace\open\src\hotspot\share\interpreter\linkResolver.cpp, line 766]
Event: 26.470 Thread 0x000002176e94e120 Exception <a 'java/lang/NoSuchMethodError'{0x00000000d0a83cc8}: 'void java.lang.invoke.DirectMethodHandle$Holder.invokeSpecial(java.lang.Object, java.lang.Object, java.lang.Object)'> (0x00000000d0a83cc8) 
thrown [t:\workspace\open\src\hotspot\share\interpreter\linkResolver.cpp, line 766]
Event: 26.673 Thread 0x000002176e94e120 Exception <a 'java/lang/ClassNotFoundException'{0x00000000d0e7a620}: sun/util/logging/resources/spi/loggingProvider> (0x00000000d0e7a620) 
thrown [t:\workspace\open\src\hotspot\share\classfile\systemDictionary.cpp, line 256]

VM Operations (20 events):
Event: 23.843 Executing VM operation: G1TryInitiateConcMark
Event: 23.844 Executing VM operation: G1TryInitiateConcMark done
Event: 24.172 Executing VM operation: G1TryInitiateConcMark
Event: 24.175 Executing VM operation: G1TryInitiateConcMark done
Event: 24.490 Executing VM operation: G1TryInitiateConcMark
Event: 24.494 Executing VM operation: G1TryInitiateConcMark done
Event: 24.833 Executing VM operation: G1TryInitiateConcMark
Event: 24.836 Executing VM operation: G1TryInitiateConcMark done
Event: 25.170 Executing VM operation: G1TryInitiateConcMark
Event: 25.172 Executing VM operation: G1TryInitiateConcMark done
Event: 25.484 Executing VM operation: G1TryInitiateConcMark
Event: 25.486 Executing VM operation: G1TryInitiateConcMark done
Event: 25.813 Executing VM operation: G1TryInitiateConcMark
Event: 25.814 Executing VM operation: G1TryInitiateConcMark done
Event: 26.140 Executing VM operation: G1TryInitiateConcMark
Event: 26.141 Executing VM operation: G1TryInitiateConcMark done
Event: 26.470 Executing VM operation: G1TryInitiateConcMark
Event: 26.472 Executing VM operation: G1TryInitiateConcMark done
Event: 26.801 Executing VM operation: G1TryInitiateConcMark
Event: 26.803 Executing VM operation: G1TryInitiateConcMark done

Events (20 events):
Event: 26.673 loading class sun/util/logging/resources/logging_en_US
Event: 26.673 loading class sun/util/logging/resources/logging_en_US done
Event: 26.673 loading class sun/util/logging/resources/logging_en_US
Event: 26.673 loading class sun/util/logging/resources/logging_en_US done
Event: 26.674 loading class java/util/Formatter$DateTime
Event: 26.674 loading class java/util/Formatter$DateTime done
Event: 26.674 loading class java/time/ZonedDateTime$1
Event: 26.674 loading class java/time/ZonedDateTime$1 done
Event: 26.874 Thread 0x000002177c49ed80 Thread added: 0x000002177c49ed80
Event: 26.891 loading class java/util/concurrent/locks/ReentrantReadWriteLock$FairSync
Event: 26.891 loading class java/util/concurrent/locks/ReentrantReadWriteLock$FairSync done
Event: 26.962 loading class java/util/Base64
Event: 26.962 loading class java/util/Base64 done
Event: 26.962 loading class java/util/Base64$Encoder
Event: 26.963 loading class java/util/Base64$Encoder done
Event: 26.965 Thread 0x000002177c49f720 Thread added: 0x000002177c49f720
Event: 26.976 loading class java/util/concurrent/CompletableFuture$UniExceptionally
Event: 26.976 loading class java/util/concurrent/CompletableFuture$UniCompletion
Event: 26.976 loading class java/util/concurrent/CompletableFuture$UniCompletion done
Event: 26.976 loading class java/util/concurrent/CompletableFuture$UniExceptionally done


Dynamic libraries:
0x00007ff6976a0000 - 0x00007ff6976b0000 	C:\Program Files\Java\jdk-17.0.1\bin\javaw.exe
0x00007ffa02930000 - 0x00007ffa02b25000 	C:\Windows\SYSTEM32\ntdll.dll
0x00007ffa010a0000 - 0x00007ffa0115d000 	C:\Windows\System32\KERNEL32.DLL
0x00007ffa00150000 - 0x00007ffa00417000 	C:\Windows\System32\KERNELBASE.dll
0x00007ffa004a0000 - 0x00007ffa005a0000 	C:\Windows\System32\ucrtbase.dll
0x00007ff9f9cf0000 - 0x00007ff9f9d08000 	C:\Program Files\Java\jdk-17.0.1\bin\jli.dll
0x00007ff9fab60000 - 0x00007ff9fab7a000 	C:\Program Files\Java\jdk-17.0.1\bin\VCRUNTIME140.dll
0x00007ffa02540000 - 0x00007ffa025ea000 	C:\Windows\System32\ADVAPI32.dll
0x00007ffa00990000 - 0x00007ffa00a2e000 	C:\Windows\System32\msvcrt.dll
0x00007ffa01420000 - 0x00007ffa014bb000 	C:\Windows\System32\sechost.dll
0x00007ffa01c10000 - 0x00007ffa01d34000 	C:\Windows\System32\RPCRT4.dll
0x00007ffa01d40000 - 0x00007ffa01ee0000 	C:\Windows\System32\USER32.dll
0x00007ffa00120000 - 0x00007ffa00142000 	C:\Windows\System32\win32u.dll
0x00007ffa02050000 - 0x00007ffa0207a000 	C:\Windows\System32\GDI32.dll
0x00007ffa005a0000 - 0x00007ffa006a9000 	C:\Windows\System32\gdi32full.dll
0x00007ffa00760000 - 0x00007ffa007fd000 	C:\Windows\System32\msvcp_win.dll
0x00007ff9e0ca0000 - 0x00007ff9e0f3b000 	C:\Windows\WinSxS\amd64_microsoft.windows.common-controls_6595b64144ccf1df_6.0.19041.488_none_ca04af081b815d21\COMCTL32.dll
0x00007ff9f8ec0000 - 0x00007ff9f8eca000 	C:\Windows\SYSTEM32\VERSION.dll
0x00007ffa02020000 - 0x00007ffa02050000 	C:\Windows\System32\IMM32.DLL
0x00007ff9fca50000 - 0x00007ff9fca5c000 	C:\Program Files\Java\jdk-17.0.1\bin\vcruntime140_1.dll
0x00007ff9d31f0000 - 0x00007ff9d327d000 	C:\Program Files\Java\jdk-17.0.1\bin\msvcp140.dll
0x00007ff9b3db0000 - 0x00007ff9b496e000 	C:\Program Files\Java\jdk-17.0.1\bin\server\jvm.dll
0x00007ffa02730000 - 0x00007ffa02738000 	C:\Windows\System32\PSAPI.DLL
0x00007ff9e6090000 - 0x00007ff9e6099000 	C:\Windows\SYSTEM32\WSOCK32.dll
0x00007ffa026c0000 - 0x00007ffa0272b000 	C:\Windows\System32\WS2_32.dll
0x00007ff9eb580000 - 0x00007ff9eb5a7000 	C:\Windows\SYSTEM32\WINMM.dll
0x00007ff9fe060000 - 0x00007ff9fe073000 	C:\Windows\SYSTEM32\kernel.appcore.dll
0x00007ff9fafd0000 - 0x00007ff9fafda000 	C:\Program Files\Java\jdk-17.0.1\bin\jimage.dll
0x00007ff9fdd70000 - 0x00007ff9fdf54000 	C:\Windows\SYSTEM32\DBGHELP.DLL
0x00007ff9ebe60000 - 0x00007ff9ebe8c000 	C:\Windows\SYSTEM32\dbgcore.DLL
0x00007ffa00420000 - 0x00007ffa0049f000 	C:\Windows\System32\bcryptPrimitives.dll
0x00007ff9f8590000 - 0x00007ff9f85b5000 	C:\Program Files\Java\jdk-17.0.1\bin\java.dll
0x00007ff9d2940000 - 0x00007ff9d2a16000 	C:\Program Files\Java\jdk-17.0.1\bin\svml.dll
0x00007ffa014c0000 - 0x00007ffa01c01000 	C:\Windows\System32\SHELL32.dll
0x00007ff9fe1d0000 - 0x00007ff9fe963000 	C:\Windows\SYSTEM32\windows.storage.dll
0x00007ffa02100000 - 0x00007ffa02455000 	C:\Windows\System32\combase.dll
0x00007ff9ffae0000 - 0x00007ff9ffb0c000 	C:\Windows\SYSTEM32\Wldp.dll
0x00007ffa00a40000 - 0x00007ffa00aee000 	C:\Windows\System32\SHCORE.dll
0x00007ffa02080000 - 0x00007ffa020d5000 	C:\Windows\System32\shlwapi.dll
0x00007ff9fffa0000 - 0x00007ff9fffc6000 	C:\Windows\SYSTEM32\profapi.dll
0x00007ff9f9490000 - 0x00007ff9f94a9000 	C:\Program Files\Java\jdk-17.0.1\bin\net.dll
0x00007ff9eb480000 - 0x00007ff9eb580000 	C:\Windows\SYSTEM32\WINHTTP.dll
0x00007ff9ff860000 - 0x00007ff9ff8ca000 	C:\Windows\system32\mswsock.dll
0x00007ff9f8570000 - 0x00007ff9f8585000 	C:\Program Files\Java\jdk-17.0.1\bin\nio.dll
0x00007ff9f7220000 - 0x00007ff9f7238000 	C:\Program Files\Java\jdk-17.0.1\bin\zip.dll
0x00007ff9ff5a0000 - 0x00007ff9ff66b000 	C:\Windows\SYSTEM32\DNSAPI.dll
0x00007ff9ff500000 - 0x00007ff9ff53b000 	C:\Windows\SYSTEM32\IPHLPAPI.DLL
0x00007ffa00a30000 - 0x00007ffa00a39000 	C:\Windows\System32\NSI.dll
0x00007ff9e9b80000 - 0x00007ff9e9b8a000 	C:\Windows\System32\rasadhlp.dll
0x00007ff9eb390000 - 0x00007ff9eb40f000 	C:\Windows\System32\fwpuclnt.dll
0x00007ffa00800000 - 0x00007ffa00827000 	C:\Windows\System32\bcrypt.dll
0x00007ff9ffa30000 - 0x00007ff9ffa48000 	C:\Windows\SYSTEM32\CRYPTSP.dll
0x00007ff9ff180000 - 0x00007ff9ff1b4000 	C:\Windows\system32\rsaenh.dll
0x00007ff9fff60000 - 0x00007ff9fff8e000 	C:\Windows\SYSTEM32\USERENV.dll
0x00007ff9ffa50000 - 0x00007ff9ffa5c000 	C:\Windows\SYSTEM32\CRYPTBASE.dll
0x00007ff9f5f50000 - 0x00007ff9f5f67000 	C:\Windows\SYSTEM32\dhcpcsvc6.DLL
0x00007ff9f5f30000 - 0x00007ff9f5f4d000 	C:\Windows\SYSTEM32\dhcpcsvc.DLL
0x00007ff9c6d00000 - 0x00007ff9c6e8f000 	C:\Program Files\Java\jdk-17.0.1\bin\awt.dll
0x00007ffa025f0000 - 0x00007ffa026bd000 	C:\Windows\System32\OLEAUT32.dll
0x00007ff9fd590000 - 0x00007ff9fd620000 	C:\Windows\SYSTEM32\apphelp.dll
0x00007ff9fd840000 - 0x00007ff9fd86f000 	C:\Windows\system32\DWMAPI.DLL
0x00007ff9fd740000 - 0x00007ff9fd7df000 	C:\Windows\system32\uxtheme.dll
0x00007ff9e5070000 - 0x00007ff9e5195000 	C:\Windows\system32\opengl32.dll
0x00007ff9e5040000 - 0x00007ff9e506c000 	C:\Windows\SYSTEM32\GLU32.dll
0x00007ffa027d0000 - 0x00007ffa028e5000 	C:\Windows\System32\MSCTF.dll
0x00007ffa01ef0000 - 0x00007ffa02019000 	C:\Windows\System32\ole32.dll
0x00007ff9fae20000 - 0x00007ff9fae30000 	C:\Program Files\Java\jdk-17.0.1\bin\verify.dll
0x00007ff9fac80000 - 0x00007ff9fac89000 	C:\Program Files\Java\jdk-17.0.1\bin\management.dll
0x00007ff9fac50000 - 0x00007ff9fac5b000 	C:\Program Files\Java\jdk-17.0.1\bin\management_ext.dll
0x00007ff9fad20000 - 0x00007ff9fad2e000 	C:\Program Files\Java\jdk-17.0.1\bin\sunmscapi.dll
0x00007ffa00830000 - 0x00007ffa0098d000 	C:\Windows\System32\CRYPT32.dll
0x00007ff9ffb50000 - 0x00007ff9ffb77000 	C:\Windows\SYSTEM32\ncrypt.dll
0x00007ff9ffb10000 - 0x00007ff9ffb4b000 	C:\Windows\SYSTEM32\NTASN1.dll
0x00007ff9fd3d0000 - 0x00007ff9fd3d7000 	C:\Windows\system32\wshunix.dll
0x00007ff9ca440000 - 0x00007ff9ca457000 	C:\Windows\system32\napinsp.dll
0x00007ff9c79c0000 - 0x00007ff9c79db000 	C:\Windows\system32\pnrpnsp.dll
0x00007ff9e7360000 - 0x00007ff9e7375000 	C:\Windows\system32\wshbth.dll
0x00007ff9f71e0000 - 0x00007ff9f71fd000 	C:\Windows\system32\NLAapi.dll
0x00007ff9c69a0000 - 0x00007ff9c69b2000 	C:\Windows\System32\winrnr.dll

dbghelp: loaded successfully - version: 4.0.5 - missing functions: none
symbol engine: initialized successfully - sym options: 0x614 - pdb path: .;C:\Program Files\Java\jdk-17.0.1\bin;C:\Windows\SYSTEM32;C:\Windows\WinSxS\amd64_microsoft.windows.common-controls_6595b64144ccf1df_6.0.19041.488_none_ca04af081b815d21;C:\Program Files\Java\jdk-17.0.1\bin\server

VM Arguments:
jvm_args: -ea -Dfile.encoding=Cp1252 -XX:+ShowCodeDetailsInExceptionMessages 
java_command: org.testng.remote.RemoteTestNG -serport 63527 -protocol json -d G:\AutomationProject\test-output C:\Users\acs\AppData\Local\Temp\testng-eclipse--20152300\testng-customsuite.xml
java_class_path (initial): C:\Users\acs\eclipse\java-2021-12\eclipse\configuration\org.eclipse.osgi\430\0\.cp\lib\testng-remote.jar;G:\AutomationProject\target\test-classes;G:\AutomationProject\target\classes;G:\selenium\ATUTestRecorder_2.1.jar;C:\Users\acs\.m2\repository\net\jodah\failsafe\2.4.4\failsafe-2.4.4.jar;C:\Users\acs\.p2\pool\plugins\org.testng_7.4.0.r202105021533.jar;C:\Users\acs\.p2\pool\plugins\com.beust.jcommander_1.78.0.jar;C:\Users\acs\.p2\pool\plugins\org.apache-extras.beanshell.bsh_2.0.0.b6.jar;C:\Users\acs\.p2\pool\plugins\org.yaml.snakeyaml_1.21.0.jar;C:\Users\acs\.p2\pool\plugins\org.webjars.jquery_3.5.1.jar;C:\Users\acs\.m2\repository\org\seleniumhq\selenium\selenium-java\4.1.2\selenium-java-4.1.2.jar;C:\Users\acs\.m2\repository\org\seleniumhq\selenium\selenium-api\4.1.2\selenium-api-4.1.2.jar;C:\Users\acs\.m2\repository\org\seleniumhq\selenium\selenium-chrome-driver\4.1.2\selenium-chrome-driver-4.1.2.jar;C:\Users\acs\.m2\repository\com\google\auto\service\auto-service-annotations\1.0.1\auto-service-annotations-1.0.1.jar;C:\Users\acs\.m2\repository\com\google\auto\service\auto-service\1.0.1\auto-service-1.0.1.jar;C:\Users\acs\.m2\repository\com\google\auto\auto-common\1.2\auto-common-1.2.jar;C:\Users\acs\.m2\repository\com\google\guava\guava\31.0.1-jre\guava-31.0.1-jre.jar;C:\Users\acs\.m2\repository\com\google\guava\failureaccess\1.0.1\failureaccess-1.0.1.jar;C:\Users\acs\.m2\repository\com\google\guava\listenablefuture\9999.0-empty-to-avoid-conflict-with-guava\listenablefuture-9999.0-empty-to-avoid-conflict-with-guava.jar;C:\Users\acs\.m2\repository\org\checkerframework\checker-qual\3.12.0\checker-qual-3.12.0.jar;C:\Users\acs\.m2\repository\com\google\errorprone\error_prone_annotations\2.7.1\error_prone_annotations-2.7.1.jar;C:\Users\acs\.m2\repository\com\google\j2objc\j2objc-annotations\1.3\j2objc-annotations-1.3.jar;C:\Users\acs\.m2\repository\org\seleniumhq\selenium\selenium-chromium-driver\4.1.2\selenium-chromium-driver-4.1.2.jar;C:\U
Launcher Type: SUN_STANDARD

[Global flags]
     intx CICompilerCount                          = 3                                         {product} {ergonomic}
     uint ConcGCThreads                            = 1                                         {product} {ergonomic}
     uint G1ConcRefinementThreads                  = 4                                         {product} {ergonomic}
   size_t G1HeapRegionSize                         = 1048576                                   {product} {ergonomic}
    uintx GCDrainStackTargetSize                   = 64                                        {product} {ergonomic}
   size_t InitialHeapSize                          = 65011712                                  {product} {ergonomic}
   size_t MarkStackSize                            = 4194304                                   {product} {ergonomic}
   size_t MaxHeapSize                              = 1015021568                                {product} {ergonomic}
   size_t MaxNewSize                               = 608174080                                 {product} {ergonomic}
   size_t MinHeapDeltaBytes                        = 1048576                                   {product} {ergonomic}
   size_t MinHeapSize                              = 8388608                                   {product} {ergonomic}
    uintx NonNMethodCodeHeapSize                   = 5832780                                {pd product} {ergonomic}
    uintx NonProfiledCodeHeapSize                  = 122912730                              {pd product} {ergonomic}
    uintx ProfiledCodeHeapSize                     = 122912730                              {pd product} {ergonomic}
    uintx ReservedCodeCacheSize                    = 251658240                              {pd product} {ergonomic}
     bool SegmentedCodeCache                       = true                                      {product} {ergonomic}
     bool ShowCodeDetailsInExceptionMessages       = true                                   {manageable} {command line}
   size_t SoftMaxHeapSize                          = 1015021568                             {manageable} {ergonomic}
     bool UseCompressedClassPointers               = true                           {product lp64_product} {ergonomic}
     bool UseCompressedOops                        = true                           {product lp64_product} {ergonomic}
     bool UseG1GC                                  = true                                      {product} {ergonomic}
     bool UseLargePagesIndividualAllocation        = false                                  {pd product} {ergonomic}

Logging:
Log output configuration:
 #0: stdout all=warning uptime,level,tags
 #1: stderr all=off uptime,level,tags

Environment Variables:
JAVA_HOME=C:\Program Files\Java\jdk-17.0.1
PATH=C:\Program Files (x86)\VMware\VMware Workstation\bin\;C:\Program Files\Common Files\Oracle\Java\javapath;C:\Windows\system32;C:\Windows;C:\Windows\System32\Wbem;C:\Windows\System32\WindowsPowerShell\v1.0\;C:\Windows\System32\OpenSSH\;C:\Program Files\Microsoft SQL Server\Client SDK\ODBC\170\Tools\Binn\;C:\Program Files (x86)\Microsoft SQL Server\150\Tools\Binn\;C:\Program Files\Microsoft SQL Server\150\Tools\Binn\;C:\Program Files\Microsoft SQL Server\150\DTS\Binn\;C:\Program Files (x86)\Microsoft SQL Server\150\DTS\Binn\;C:\Program Files\Java\jdk-17.0.1\bin;C:\Program Files\Azure Data Studio\bin;C:\Program Files\dotnet\;C:\Program Files\Git\cmd;C:\Program Files\Git\mingw64\bin;C:\Program Files\Git\usr\bin;G:\selenium\Maven\apache-maven-3.8.4\bin;C:\Program Files\nodejs\;C:\strawberry\c\bin;C:\strawberry\perl\bin;C:\Users\acs\AppData\Local\Microsoft\WindowsApps;G:\Visual_Studio_Code\Microsoft VS Code\bin;C:\Program Files\Azure Data Studio\bin;G:\CodeBlocks\setup\CodeBlocks\MinGW\bin;C:\Users\acs\.dotnet\tools;C:\Users\acs\AppData\Roaming\npm
USERNAME=acs
OS=Windows_NT
PROCESSOR_IDENTIFIER=Intel64 Family 6 Model 142 Stepping 9, GenuineIntel



---------------  S Y S T E M  ---------------

OS:
 Windows 10 , 64 bit Build 19041 (10.0.19041.292)
OS uptime: 1 days 6:15 hours

CPU: total 4 (initial active 4) (2 cores per cpu, 2 threads per core) family 6 model 142 stepping 9 microcode 0xb4, cx8, cmov, fxsr, ht, mmx, 3dnowpref, sse, sse2, sse3, ssse3, sse4.1, sse4.2, popcnt, lzcnt, tsc, tscinvbit, avx, avx2, aes, erms, clmul, bmi1, bmi2, adx, fma, vzeroupper, clflush, clflushopt

Memory: 4k page, system-wide physical 3869M (407M free)
TotalPageFile size 5758M (AvailPageFile size 15M)
current process WorkingSet (physical memory assigned to process): 272M, peak: 272M
current process commit charge ("private bytes"): 408M, peak: 408M

vm_info: Java HotSpot(TM) 64-Bit Server VM (17.0.1+12-LTS-39) for windows-amd64 JRE (17.0.1+12-LTS-39), built on Sep 27 2021 18:41:35 by "mach5one" with MS VC++ 16.8 (VS2019)

END.
