#
# There is insufficient memory for the Java Runtime Environment to continue.
# Native memory allocation (mmap) failed to map 54525952 bytes for G1 virtual space
# Possible reasons:
#   The system is out of physical RAM or swap space
#   The process is running with CompressedOops enabled, and the Java Heap may be blocking the growth of the native heap
# Possible solutions:
#   Reduce memory load on the system
#   Increase physical memory or swap space
#   Check if swap backing store is full
#   Decrease Java heap size (-Xmx/-Xms)
#   Decrease number of Java threads
#   Decrease Java thread stack sizes (-Xss)
#   Set larger code cache with -XX:ReservedCodeCacheSize=
#   JVM is running with Unscaled Compressed Oops mode in which the Java heap is
#     placed in the first 4GB address space. The Java Heap base address is the
#     maximum limit for the native heap growth. Please use -XX:HeapBaseMinAddress
#     to set the Java Heap base and to place the Java Heap above 4GB virtual address.
# This output file may be truncated or incomplete.
#
#  Out of Memory Error (os_windows.cpp:3469), pid=3308, tid=10252
#
# JRE version: Java(TM) SE Runtime Environment (17.0.1+12) (build 17.0.1+12-LTS-39)
# Java VM: Java HotSpot(TM) 64-Bit Server VM (17.0.1+12-LTS-39, mixed mode, sharing, tiered, compressed oops, compressed class ptrs, g1 gc, windows-amd64)
# No core dump will be written. Minidumps are not enabled by default on client versions of Windows
#

---------------  S U M M A R Y ------------

Command Line: -ea -Dfile.encoding=Cp1252 -XX:+ShowCodeDetailsInExceptionMessages org.testng.remote.RemoteTestNG -serport 60059 -protocol json -d G:\AutomationProject\test-output G:\AutomationProject\testng.xml

Host: Intel(R) Core(TM) i5-7200U CPU @ 2.50GHz, 4 cores, 3G,  Windows 10 , 64 bit Build 19041 (10.0.19041.292)
Time: Tue Mar  8 12:28:00 2022 Egypt Standard Time elapsed time: 4.396599 seconds (0d 0h 0m 4s)

---------------  T H R E A D  ---------------

Current thread (0x000002984747a660):  VMThread "VM Thread" [stack: 0x000000c6f0700000,0x000000c6f0800000] [id=10252]

Stack: [0x000000c6f0700000,0x000000c6f0800000]
Native frames: (J=compiled Java code, j=interpreted, Vv=VM code, C=native code)
V  [jvm.dll+0x66fa1a]
V  [jvm.dll+0x7ce5a4]
V  [jvm.dll+0x7cfd4e]
V  [jvm.dll+0x7d03b3]
V  [jvm.dll+0x242b05]
V  [jvm.dll+0x66ca39]
V  [jvm.dll+0x661502]
V  [jvm.dll+0x30081b]
V  [jvm.dll+0x307da6]
V  [jvm.dll+0x357a1e]
V  [jvm.dll+0x357c4f]
V  [jvm.dll+0x2d7ad8]
V  [jvm.dll+0x2d5da4]
V  [jvm.dll+0x2d53ac]
V  [jvm.dll+0x3287cc]
V  [jvm.dll+0x7d484b]
V  [jvm.dll+0x7d5584]
V  [jvm.dll+0x7d5a9c]
V  [jvm.dll+0x7d5e74]
V  [jvm.dll+0x7d5f40]
V  [jvm.dll+0x77e91a]
V  [jvm.dll+0x66e845]
C  [ucrtbase.dll+0x214c2]
C  [KERNEL32.DLL+0x16fd4]
C  [ntdll.dll+0x4cec1]

VM_Operation (0x000000c6f01f83f0): CollectForMetadataAllocation, mode: safepoint, requested by thread 0x00000298473cbd70


---------------  P R O C E S S  ---------------

Threads class SMR info:
_java_thread_list=0x0000029866682390, length=26, elements={
0x00000298473cbd70, 0x0000029847480930, 0x00000298474824c0, 0x00000298474919a0,
0x0000029847493270, 0x0000029847493b30, 0x000002984749a960, 0x000002984749c0d0,
0x000002984749ca80, 0x000002984749e390, 0x0000029847499150, 0x000002984749b300,
0x0000029847499af0, 0x0000029847497e10, 0x0000029847499620, 0x00000298474987b0,
0x0000029847499fc0, 0x0000029847498c80, 0x000002984749a490, 0x000002984749ae30,
0x0000029865fd8150, 0x0000029865fda300, 0x0000029865fdbfe0, 0x0000029865fddcc0,
0x0000029865fdb640, 0x0000029865fdb170
}

Java Threads: ( => current thread )
  0x00000298473cbd70 JavaThread "main" [_thread_blocked, id=7844, stack(0x000000c6f0100000,0x000000c6f0200000)]
  0x0000029847480930 JavaThread "Reference Handler" daemon [_thread_blocked, id=2536, stack(0x000000c6f0800000,0x000000c6f0900000)]
  0x00000298474824c0 JavaThread "Finalizer" daemon [_thread_blocked, id=11540, stack(0x000000c6f0900000,0x000000c6f0a00000)]
  0x00000298474919a0 JavaThread "Signal Dispatcher" daemon [_thread_blocked, id=6392, stack(0x000000c6f0a00000,0x000000c6f0b00000)]
  0x0000029847493270 JavaThread "Attach Listener" daemon [_thread_blocked, id=1808, stack(0x000000c6f0b00000,0x000000c6f0c00000)]
  0x0000029847493b30 JavaThread "Service Thread" daemon [_thread_blocked, id=11340, stack(0x000000c6f0c00000,0x000000c6f0d00000)]
  0x000002984749a960 JavaThread "Monitor Deflation Thread" daemon [_thread_blocked, id=8084, stack(0x000000c6f0d00000,0x000000c6f0e00000)]
  0x000002984749c0d0 JavaThread "C2 CompilerThread0" daemon [_thread_blocked, id=7312, stack(0x000000c6f0e00000,0x000000c6f0f00000)]
  0x000002984749ca80 JavaThread "C1 CompilerThread0" daemon [_thread_blocked, id=10576, stack(0x000000c6f0f00000,0x000000c6f1000000)]
  0x000002984749e390 JavaThread "Sweeper thread" daemon [_thread_blocked, id=1712, stack(0x000000c6f1000000,0x000000c6f1100000)]
  0x0000029847499150 JavaThread "Notification Thread" daemon [_thread_blocked, id=8800, stack(0x000000c6f1100000,0x000000c6f1200000)]
  0x000002984749b300 JavaThread "Common-Cleaner" daemon [_thread_blocked, id=10720, stack(0x000000c6f1300000,0x000000c6f1400000)]
  0x0000029847499af0 JavaThread "ReaderThread" [_thread_in_native, id=10208, stack(0x000000c6f1500000,0x000000c6f1600000)]
  0x0000029847497e10 JavaThread "ForkJoinPool.commonPool-worker-1" daemon [_thread_blocked, id=7248, stack(0x000000c6f1b00000,0x000000c6f1c00000)]
  0x0000029847499620 JavaThread "ForkJoinPool.commonPool-worker-2" daemon [_thread_blocked, id=9868, stack(0x000000c6f1c00000,0x000000c6f1d00000)]
  0x00000298474987b0 JavaThread "ForkJoinPool.commonPool-worker-3" daemon [_thread_blocked, id=10052, stack(0x000000c6f1d00000,0x000000c6f1e00000)]
  0x0000029847499fc0 JavaThread "Java2D Disposer" daemon [_thread_blocked, id=8552, stack(0x000000c6f1e00000,0x000000c6f1f00000)]
  0x0000029847498c80 JavaThread "AWT-Shutdown" [_thread_blocked, id=8580, stack(0x000000c6f1f00000,0x000000c6f2000000)]
  0x000002984749a490 JavaThread "AWT-Windows" daemon [_thread_in_native, id=5728, stack(0x000000c6f2000000,0x000000c6f2100000)]
  0x000002984749ae30 JavaThread "Image Fetcher 0" daemon [_thread_blocked, id=7808, stack(0x000000c6f2100000,0x000000c6f2200000)]
  0x0000029865fd8150 JavaThread "pool-1-thread-1" [_thread_blocked, id=6504, stack(0x000000c6f2200000,0x000000c6f2300000)]
  0x0000029865fda300 JavaThread "pool-2-thread-1" [_thread_blocked, id=3376, stack(0x000000c6f2300000,0x000000c6f2400000)]
  0x0000029865fdbfe0 JavaThread "AsyncHttpClient-1-1" daemon [_thread_blocked, id=2664, stack(0x000000c6f2400000,0x000000c6f2500000)]
  0x0000029865fddcc0 JavaThread "Driver Service Executor" daemon [_thread_blocked, id=1884, stack(0x000000c6f2500000,0x000000c6f2600000)]
  0x0000029865fdb640 JavaThread "Driver Service Executor" daemon [_thread_blocked, id=5388, stack(0x000000c6f2600000,0x000000c6f2700000)]
  0x0000029865fdb170 JavaThread "UrlChecker-2" daemon [_thread_blocked, id=9220, stack(0x000000c6f2700000,0x000000c6f2800000)]

Other Threads:
=>0x000002984747a660 VMThread "VM Thread" [stack: 0x000000c6f0700000,0x000000c6f0800000] [id=10252]
  0x0000029865075070 WatcherThread [stack: 0x000000c6f1200000,0x000000c6f1300000] [id=11896]
  0x00000298473f8220 GCTaskThread "GC Thread#0" [stack: 0x000000c6f0200000,0x000000c6f0300000] [id=9340]
  0x00000298654cd210 GCTaskThread "GC Thread#1" [stack: 0x000000c6f1600000,0x000000c6f1700000] [id=6424]
  0x00000298654cd4c0 GCTaskThread "GC Thread#2" [stack: 0x000000c6f1700000,0x000000c6f1800000] [id=10368]
  0x000002986585dca0 GCTaskThread "GC Thread#3" [stack: 0x000000c6f1800000,0x000000c6f1900000] [id=11644]
  0x0000029847403130 ConcurrentGCThread "G1 Main Marker" [stack: 0x000000c6f0300000,0x000000c6f0400000] [id=11868]
  0x0000029847403a50 ConcurrentGCThread "G1 Conc#0" [stack: 0x000000c6f0400000,0x000000c6f0500000] [id=6924]
  0x0000029847447040 ConcurrentGCThread "G1 Refine#0" [stack: 0x000000c6f0500000,0x000000c6f0600000] [id=12184]
  0x000002986544ee10 ConcurrentGCThread "G1 Refine#1" [stack: 0x000000c6f1900000,0x000000c6f1a00000] [id=6244]
  0x0000029847449880 ConcurrentGCThread "G1 Service" [stack: 0x000000c6f0600000,0x000000c6f0700000] [id=7772]

Threads with active compile tasks:
C2 CompilerThread0     4468 2184   !   4       java.util.zip.Inflater::inflate (418 bytes)

VM state: at safepoint (normal execution)

VM Mutex/Monitor currently owned by a thread:  ([mutex/lock_event])
[0x00000298473c8f60] Threads_lock - owner thread: 0x000002984747a660
[0x00000298473c8e40] Heap_lock - owner thread: 0x00000298473cbd70

OutOfMemory and StackOverflow Exception counts:
OutOfMemoryError java_heap_errors=1
LinkageErrors=46

Heap address: 0x00000000c3800000, size: 968 MB, Compressed Oops mode: 32-bit

CDS archive(s) mapped at: [0x0000000800000000-0x0000000800bc0000-0x0000000800bc0000), size 12320768, SharedBaseAddress: 0x0000000800000000, ArchiveRelocationMode: 0.
Compressed class space mapped at: 0x0000000800c00000-0x0000000840c00000, reserved size: 1073741824
Narrow klass base: 0x0000000800000000, Narrow klass shift: 0, Narrow klass range: 0x100000000

GC Precious Log:
 CPUs: 4 total, 4 available
 Memory: 3869M
 Large Page Support: Disabled
 NUMA Support: Disabled
 Compressed Oops: Enabled (32-bit)
 Heap Region Size: 1M
 Heap Min Capacity: 8M
 Heap Initial Capacity: 62M
 Heap Max Capacity: 968M
 Pre-touch: Disabled
 Parallel Workers: 4
 Concurrent Workers: 1
 Concurrent Refinement Workers: 4
 Periodic GC: Disabled

Heap:
 garbage-first heap   total 119808K, used 33777K [0x00000000c3800000, 0x0000000100000000)
  region size 1024K, 3 young (3072K), 3 survivors (3072K)
 Metaspace       used 22290K, committed 22528K, reserved 1073152K
  class space    used 2605K, committed 2752K, reserved 1048576K

Heap Regions: E=young(eden), S=young(survivor), O=old, HS=humongous(starts), HC=humongous(continues), CS=collection set, F=free, OA=open archive, CA=closed archive, TAMS=top-at-mark-start (previous, next)
|   0|0x00000000c3800000, 0x00000000c3900000, 0x00000000c3900000|100%| O|  |TAMS 0x00000000c3900000, 0x00000000c3900000| Untracked 
|   1|0x00000000c3900000, 0x00000000c3a00000, 0x00000000c3a00000|100%| O|  |TAMS 0x00000000c3a00000, 0x00000000c3a00000| Untracked 
|   2|0x00000000c3a00000, 0x00000000c3b00000, 0x00000000c3b00000|100%| O|  |TAMS 0x00000000c3b00000, 0x00000000c3b00000| Untracked 
|   3|0x00000000c3b00000, 0x00000000c3c00000, 0x00000000c3c00000|100%| O|  |TAMS 0x00000000c3c00000, 0x00000000c3c00000| Untracked 
|   4|0x00000000c3c00000, 0x00000000c3c00000, 0x00000000c3d00000|  0%| F|  |TAMS 0x00000000c3c00000, 0x00000000c3c00000| Untracked 
|   5|0x00000000c3d00000, 0x00000000c3e00000, 0x00000000c3e00000|100%| O|  |TAMS 0x00000000c3de1400, 0x00000000c3e00000| Untracked 
|   6|0x00000000c3e00000, 0x00000000c3f00000, 0x00000000c3f00000|100%|HS|  |TAMS 0x00000000c3f00000, 0x00000000c3f00000| Complete 
|   7|0x00000000c3f00000, 0x00000000c4000000, 0x00000000c4000000|100%|HC|  |TAMS 0x00000000c4000000, 0x00000000c4000000| Complete 
|   8|0x00000000c4000000, 0x00000000c4100000, 0x00000000c4100000|100%|HC|  |TAMS 0x00000000c4100000, 0x00000000c4100000| Complete 
|   9|0x00000000c4100000, 0x00000000c4200000, 0x00000000c4200000|100%|HC|  |TAMS 0x00000000c4200000, 0x00000000c4200000| Complete 
|  10|0x00000000c4200000, 0x00000000c4300000, 0x00000000c4300000|100%|HC|  |TAMS 0x00000000c4300000, 0x00000000c4300000| Complete 
|  11|0x00000000c4300000, 0x00000000c4400000, 0x00000000c4400000|100%|HS|  |TAMS 0x00000000c4300000, 0x00000000c4400000| Complete 
|  12|0x00000000c4400000, 0x00000000c4500000, 0x00000000c4500000|100%|HC|  |TAMS 0x00000000c4400000, 0x00000000c4500000| Complete 
|  13|0x00000000c4500000, 0x00000000c4600000, 0x00000000c4600000|100%|HC|  |TAMS 0x00000000c4500000, 0x00000000c4600000| Complete 
|  14|0x00000000c4600000, 0x00000000c4700000, 0x00000000c4700000|100%|HC|  |TAMS 0x00000000c4600000, 0x00000000c4700000| Complete 
|  15|0x00000000c4700000, 0x00000000c4800000, 0x00000000c4800000|100%|HC|  |TAMS 0x00000000c4700000, 0x00000000c4800000| Complete 
|  16|0x00000000c4800000, 0x00000000c4900000, 0x00000000c4900000|100%| O|  |TAMS 0x00000000c4800000, 0x00000000c4900000| Untracked 
|  17|0x00000000c4900000, 0x00000000c4a00000, 0x00000000c4a00000|100%|HS|  |TAMS 0x00000000c4a00000, 0x00000000c4a00000| Complete 
|  18|0x00000000c4a00000, 0x00000000c4b00000, 0x00000000c4b00000|100%|HC|  |TAMS 0x00000000c4b00000, 0x00000000c4b00000| Complete 
|  19|0x00000000c4b00000, 0x00000000c4c00000, 0x00000000c4c00000|100%|HS|  |TAMS 0x00000000c4c00000, 0x00000000c4c00000| Complete 
|  20|0x00000000c4c00000, 0x00000000c4d00000, 0x00000000c4d00000|100%|HC|  |TAMS 0x00000000c4d00000, 0x00000000c4d00000| Complete 
|  21|0x00000000c4d00000, 0x00000000c4e00000, 0x00000000c4e00000|100%|HC|  |TAMS 0x00000000c4e00000, 0x00000000c4e00000| Complete 
|  22|0x00000000c4e00000, 0x00000000c4f00000, 0x00000000c4f00000|100%|HC|  |TAMS 0x00000000c4f00000, 0x00000000c4f00000| Complete 
|  23|0x00000000c4f00000, 0x00000000c5000000, 0x00000000c5000000|100%|HC|  |TAMS 0x00000000c5000000, 0x00000000c5000000| Complete 
|  24|0x00000000c5000000, 0x00000000c5000000, 0x00000000c5100000|  0%| F|  |TAMS 0x00000000c5000000, 0x00000000c5000000| Untracked 
|  25|0x00000000c5100000, 0x00000000c5100000, 0x00000000c5200000|  0%| F|  |TAMS 0x00000000c5100000, 0x00000000c5100000| Untracked 
|  26|0x00000000c5200000, 0x00000000c5200000, 0x00000000c5300000|  0%| F|  |TAMS 0x00000000c5200000, 0x00000000c5200000| Untracked 
|  27|0x00000000c5300000, 0x00000000c5300000, 0x00000000c5400000|  0%| F|  |TAMS 0x00000000c5300000, 0x00000000c5300000| Untracked 
|  28|0x00000000c5400000, 0x00000000c5400000, 0x00000000c5500000|  0%| F|  |TAMS 0x00000000c5400000, 0x00000000c5400000| Untracked 
|  29|0x00000000c5500000, 0x00000000c5600000, 0x00000000c5600000|100%| O|  |TAMS 0x00000000c5500000, 0x00000000c5600000| Untracked 
|  30|0x00000000c5600000, 0x00000000c56fc400, 0x00000000c5700000| 98%| O|  |TAMS 0x00000000c5600000, 0x00000000c56fc400| Untracked 
|  31|0x00000000c5700000, 0x00000000c5700000, 0x00000000c5800000|  0%| F|  |TAMS 0x00000000c5700000, 0x00000000c5700000| Untracked 
|  32|0x00000000c5800000, 0x00000000c5800000, 0x00000000c5900000|  0%| F|  |TAMS 0x00000000c5800000, 0x00000000c5800000| Untracked 
|  33|0x00000000c5900000, 0x00000000c5900000, 0x00000000c5a00000|  0%| F|  |TAMS 0x00000000c5900000, 0x00000000c5900000| Untracked 
|  34|0x00000000c5a00000, 0x00000000c5a00000, 0x00000000c5b00000|  0%| F|  |TAMS 0x00000000c5a00000, 0x00000000c5a00000| Untracked 
|  35|0x00000000c5b00000, 0x00000000c5b00000, 0x00000000c5c00000|  0%| F|  |TAMS 0x00000000c5b00000, 0x00000000c5b00000| Untracked 
|  36|0x00000000c5c00000, 0x00000000c5d00000, 0x00000000c5d00000|100%|HS|  |TAMS 0x00000000c5c00000, 0x00000000c5d00000| Complete 
|  37|0x00000000c5d00000, 0x00000000c5e00000, 0x00000000c5e00000|100%|HC|  |TAMS 0x00000000c5d00000, 0x00000000c5e00000| Complete 
|  38|0x00000000c5e00000, 0x00000000c5f00000, 0x00000000c5f00000|100%|HC|  |TAMS 0x00000000c5e00000, 0x00000000c5f00000| Complete 
|  39|0x00000000c5f00000, 0x00000000c6000000, 0x00000000c6000000|100%|HC|  |TAMS 0x00000000c5f00000, 0x00000000c6000000| Complete 
|  40|0x00000000c6000000, 0x00000000c6100000, 0x00000000c6100000|100%|HC|  |TAMS 0x00000000c6000000, 0x00000000c6100000| Complete 
|  41|0x00000000c6100000, 0x00000000c6100000, 0x00000000c6200000|  0%| F|  |TAMS 0x00000000c6100000, 0x00000000c6100000| Untracked 
|  42|0x00000000c6200000, 0x00000000c6200000, 0x00000000c6300000|  0%| F|  |TAMS 0x00000000c6200000, 0x00000000c6200000| Untracked 
|  43|0x00000000c6300000, 0x00000000c6300000, 0x00000000c6400000|  0%| F|  |TAMS 0x00000000c6300000, 0x00000000c6300000| Untracked 
|  44|0x00000000c6400000, 0x00000000c6400000, 0x00000000c6500000|  0%| F|  |TAMS 0x00000000c6400000, 0x00000000c6400000| Untracked 
|  45|0x00000000c6500000, 0x00000000c6500000, 0x00000000c6600000|  0%| F|  |TAMS 0x00000000c6500000, 0x00000000c6500000| Untracked 
|  46|0x00000000c6600000, 0x00000000c6600000, 0x00000000c6700000|  0%| F|  |TAMS 0x00000000c6600000, 0x00000000c6600000| Untracked 
|  47|0x00000000c6700000, 0x00000000c6700000, 0x00000000c6800000|  0%| F|  |TAMS 0x00000000c6700000, 0x00000000c6700000| Untracked 
|  48|0x00000000c6800000, 0x00000000c6800000, 0x00000000c6900000|  0%| F|  |TAMS 0x00000000c6800000, 0x00000000c6800000| Untracked 
|  49|0x00000000c6900000, 0x00000000c6900000, 0x00000000c6a00000|  0%| F|  |TAMS 0x00000000c6900000, 0x00000000c6900000| Untracked 
|  50|0x00000000c6a00000, 0x00000000c6a00000, 0x00000000c6b00000|  0%| F|  |TAMS 0x00000000c6a00000, 0x00000000c6a00000| Untracked 
|  51|0x00000000c6b00000, 0x00000000c6b00000, 0x00000000c6c00000|  0%| F|  |TAMS 0x00000000c6b00000, 0x00000000c6b00000| Untracked 
|  52|0x00000000c6c00000, 0x00000000c6c00000, 0x00000000c6d00000|  0%| F|  |TAMS 0x00000000c6c00000, 0x00000000c6c00000| Untracked 
|  53|0x00000000c6d00000, 0x00000000c6d00000, 0x00000000c6e00000|  0%| F|  |TAMS 0x00000000c6d00000, 0x00000000c6d00000| Untracked 
|  54|0x00000000c6e00000, 0x00000000c6e00000, 0x00000000c6f00000|  0%| F|  |TAMS 0x00000000c6e00000, 0x00000000c6e00000| Untracked 
|  55|0x00000000c6f00000, 0x00000000c6f00000, 0x00000000c7000000|  0%| F|  |TAMS 0x00000000c6f00000, 0x00000000c6f00000| Untracked 
|  56|0x00000000c7000000, 0x00000000c7000000, 0x00000000c7100000|  0%| F|  |TAMS 0x00000000c7000000, 0x00000000c7000000| Untracked 
|  57|0x00000000c7100000, 0x00000000c7100000, 0x00000000c7200000|  0%| F|  |TAMS 0x00000000c7100000, 0x00000000c7100000| Untracked 
|  58|0x00000000c7200000, 0x00000000c7200000, 0x00000000c7300000|  0%| F|  |TAMS 0x00000000c7200000, 0x00000000c7200000| Untracked 
|  59|0x00000000c7300000, 0x00000000c7300000, 0x00000000c7400000|  0%| F|  |TAMS 0x00000000c7300000, 0x00000000c7300000| Untracked 
|  60|0x00000000c7400000, 0x00000000c7400000, 0x00000000c7500000|  0%| F|  |TAMS 0x00000000c7400000, 0x00000000c7400000| Untracked 
|  61|0x00000000c7500000, 0x00000000c7500000, 0x00000000c7600000|  0%| F|  |TAMS 0x00000000c7500000, 0x00000000c7500000| Untracked 
|  62|0x00000000c7600000, 0x00000000c7600000, 0x00000000c7700000|  0%| F|  |TAMS 0x00000000c7600000, 0x00000000c7600000| Untracked 
|  63|0x00000000c7700000, 0x00000000c7700000, 0x00000000c7800000|  0%| F|  |TAMS 0x00000000c7700000, 0x00000000c7700000| Untracked 
|  64|0x00000000c7800000, 0x00000000c7800000, 0x00000000c7900000|  0%| F|  |TAMS 0x00000000c7800000, 0x00000000c7800000| Untracked 
|  65|0x00000000c7900000, 0x00000000c7900000, 0x00000000c7a00000|  0%| F|  |TAMS 0x00000000c7900000, 0x00000000c7900000| Untracked 
|  66|0x00000000c7a00000, 0x00000000c7a00000, 0x00000000c7b00000|  0%| F|  |TAMS 0x00000000c7a00000, 0x00000000c7a00000| Untracked 
|  67|0x00000000c7b00000, 0x00000000c7b00000, 0x00000000c7c00000|  0%| F|  |TAMS 0x00000000c7b00000, 0x00000000c7b00000| Untracked 
|  68|0x00000000c7c00000, 0x00000000c7c00000, 0x00000000c7d00000|  0%| F|  |TAMS 0x00000000c7c00000, 0x00000000c7c00000| Untracked 
|  69|0x00000000c7d00000, 0x00000000c7d00000, 0x00000000c7e00000|  0%| F|  |TAMS 0x00000000c7d00000, 0x00000000c7d00000| Untracked 
|  70|0x00000000c7e00000, 0x00000000c7e00000, 0x00000000c7f00000|  0%| F|  |TAMS 0x00000000c7e00000, 0x00000000c7e00000| Untracked 
|  71|0x00000000c7f00000, 0x00000000c7f00000, 0x00000000c8000000|  0%| F|  |TAMS 0x00000000c7f00000, 0x00000000c7f00000| Untracked 
|  72|0x00000000c8000000, 0x00000000c8000000, 0x00000000c8100000|  0%| F|  |TAMS 0x00000000c8000000, 0x00000000c8000000| Untracked 
|  73|0x00000000c8100000, 0x00000000c8100000, 0x00000000c8200000|  0%| F|  |TAMS 0x00000000c8100000, 0x00000000c8100000| Untracked 
|  74|0x00000000c8200000, 0x00000000c8200000, 0x00000000c8300000|  0%| F|  |TAMS 0x00000000c8200000, 0x00000000c8200000| Untracked 
|  75|0x00000000c8300000, 0x00000000c8300000, 0x00000000c8400000|  0%| F|  |TAMS 0x00000000c8300000, 0x00000000c8300000| Untracked 
|  76|0x00000000c8400000, 0x00000000c8400000, 0x00000000c8500000|  0%| F|  |TAMS 0x00000000c8400000, 0x00000000c8400000| Untracked 
|  77|0x00000000c8500000, 0x00000000c8500000, 0x00000000c8600000|  0%| F|  |TAMS 0x00000000c8500000, 0x00000000c8500000| Untracked 
|  78|0x00000000c8600000, 0x00000000c8600000, 0x00000000c8700000|  0%| F|  |TAMS 0x00000000c8600000, 0x00000000c8600000| Untracked 
|  79|0x00000000c8700000, 0x00000000c8700000, 0x00000000c8800000|  0%| F|  |TAMS 0x00000000c8700000, 0x00000000c8700000| Untracked 
|  80|0x00000000c8800000, 0x00000000c8800000, 0x00000000c8900000|  0%| F|  |TAMS 0x00000000c8800000, 0x00000000c8800000| Untracked 
|  81|0x00000000c8900000, 0x00000000c8900000, 0x00000000c8a00000|  0%| F|  |TAMS 0x00000000c8900000, 0x00000000c8900000| Untracked 
|  82|0x00000000c8a00000, 0x00000000c8a00000, 0x00000000c8b00000|  0%| F|  |TAMS 0x00000000c8a00000, 0x00000000c8a00000| Untracked 
|  83|0x00000000c8b00000, 0x00000000c8b00000, 0x00000000c8c00000|  0%| F|  |TAMS 0x00000000c8b00000, 0x00000000c8b00000| Untracked 
|  84|0x00000000c8c00000, 0x00000000c8c00000, 0x00000000c8d00000|  0%| F|  |TAMS 0x00000000c8c00000, 0x00000000c8c00000| Untracked 
|  85|0x00000000c8d00000, 0x00000000c8d00000, 0x00000000c8e00000|  0%| F|  |TAMS 0x00000000c8d00000, 0x00000000c8d00000| Untracked 
|  86|0x00000000c8e00000, 0x00000000c8e00000, 0x00000000c8f00000|  0%| F|  |TAMS 0x00000000c8e00000, 0x00000000c8e00000| Untracked 
|  87|0x00000000c8f00000, 0x00000000c8f00000, 0x00000000c9000000|  0%| F|  |TAMS 0x00000000c8f00000, 0x00000000c8f00000| Untracked 
|  88|0x00000000c9000000, 0x00000000c9000000, 0x00000000c9100000|  0%| F|  |TAMS 0x00000000c9000000, 0x00000000c9000000| Untracked 
|  89|0x00000000c9100000, 0x00000000c9100000, 0x00000000c9200000|  0%| F|  |TAMS 0x00000000c9100000, 0x00000000c9100000| Untracked 
|  90|0x00000000c9200000, 0x00000000c9200000, 0x00000000c9300000|  0%| F|  |TAMS 0x00000000c9200000, 0x00000000c9200000| Untracked 
|  91|0x00000000c9300000, 0x00000000c9300000, 0x00000000c9400000|  0%| F|  |TAMS 0x00000000c9300000, 0x00000000c9300000| Untracked 
|  92|0x00000000c9400000, 0x00000000c9400000, 0x00000000c9500000|  0%| F|  |TAMS 0x00000000c9400000, 0x00000000c9400000| Untracked 
|  93|0x00000000c9500000, 0x00000000c9500000, 0x00000000c9600000|  0%| F|  |TAMS 0x00000000c9500000, 0x00000000c9500000| Untracked 
|  94|0x00000000c9600000, 0x00000000c9600000, 0x00000000c9700000|  0%| F|  |TAMS 0x00000000c9600000, 0x00000000c9600000| Untracked 
|  95|0x00000000c9700000, 0x00000000c9700000, 0x00000000c9800000|  0%| F|  |TAMS 0x00000000c9700000, 0x00000000c9700000| Untracked 
|  96|0x00000000c9800000, 0x00000000c9800000, 0x00000000c9900000|  0%| F|  |TAMS 0x00000000c9800000, 0x00000000c9800000| Untracked 
|  97|0x00000000c9900000, 0x00000000c9900000, 0x00000000c9a00000|  0%| F|  |TAMS 0x00000000c9900000, 0x00000000c9900000| Untracked 
|  98|0x00000000c9a00000, 0x00000000c9a00000, 0x00000000c9b00000|  0%| F|  |TAMS 0x00000000c9a00000, 0x00000000c9a00000| Untracked 
|  99|0x00000000c9b00000, 0x00000000c9b00000, 0x00000000c9c00000|  0%| F|  |TAMS 0x00000000c9b00000, 0x00000000c9b00000| Untracked 
| 100|0x00000000c9c00000, 0x00000000c9c00000, 0x00000000c9d00000|  0%| F|  |TAMS 0x00000000c9c00000, 0x00000000c9c00000| Untracked 
| 101|0x00000000c9d00000, 0x00000000c9d00000, 0x00000000c9e00000|  0%| F|  |TAMS 0x00000000c9d00000, 0x00000000c9d00000| Untracked 
| 102|0x00000000c9e00000, 0x00000000c9e00000, 0x00000000c9f00000|  0%| F|  |TAMS 0x00000000c9e00000, 0x00000000c9e00000| Untracked 
| 103|0x00000000c9f00000, 0x00000000c9f00000, 0x00000000ca000000|  0%| F|  |TAMS 0x00000000c9f00000, 0x00000000c9f00000| Untracked 
| 104|0x00000000ca000000, 0x00000000ca100000, 0x00000000ca100000|100%| S|CS|TAMS 0x00000000ca000000, 0x00000000ca000000| Complete 
| 105|0x00000000ca100000, 0x00000000ca200000, 0x00000000ca200000|100%| S|CS|TAMS 0x00000000ca100000, 0x00000000ca100000| Complete 
| 106|0x00000000ca200000, 0x00000000ca300000, 0x00000000ca300000|100%| S|CS|TAMS 0x00000000ca200000, 0x00000000ca200000| Complete 
| 107|0x00000000ca300000, 0x00000000ca300000, 0x00000000ca400000|  0%| F|  |TAMS 0x00000000ca300000, 0x00000000ca300000| Untracked 
| 108|0x00000000ca400000, 0x00000000ca400000, 0x00000000ca500000|  0%| F|  |TAMS 0x00000000ca400000, 0x00000000ca400000| Untracked 
| 109|0x00000000ca500000, 0x00000000ca500000, 0x00000000ca600000|  0%| F|  |TAMS 0x00000000ca500000, 0x00000000ca500000| Untracked 
| 110|0x00000000ca600000, 0x00000000ca600000, 0x00000000ca700000|  0%| F|  |TAMS 0x00000000ca600000, 0x00000000ca600000| Untracked 
| 111|0x00000000ca700000, 0x00000000ca700000, 0x00000000ca800000|  0%| F|  |TAMS 0x00000000ca700000, 0x00000000ca700000| Untracked 
| 112|0x00000000ca800000, 0x00000000ca800000, 0x00000000ca900000|  0%| F|  |TAMS 0x00000000ca800000, 0x00000000ca800000| Untracked 
| 113|0x00000000ca900000, 0x00000000ca900000, 0x00000000caa00000|  0%| F|  |TAMS 0x00000000ca900000, 0x00000000ca900000| Untracked 
| 114|0x00000000caa00000, 0x00000000caa00000, 0x00000000cab00000|  0%| F|  |TAMS 0x00000000caa00000, 0x00000000caa00000| Untracked 
| 115|0x00000000cab00000, 0x00000000cab00000, 0x00000000cac00000|  0%| F|  |TAMS 0x00000000cab00000, 0x00000000cab00000| Untracked 
| 116|0x00000000cac00000, 0x00000000cac00000, 0x00000000cad00000|  0%| F|  |TAMS 0x00000000cac00000, 0x00000000cac00000| Untracked 

Card table byte_map: [0x000002985fbd0000,0x000002985fdc0000] _byte_map_base: 0x000002985f5b4000

Marking Bits (Prev, Next): (CMBitMap*) 0x00000298473fa7a0, (CMBitMap*) 0x00000298473fa760
 Prev Bits: [0x0000029860ed0000, 0x0000029861df0000)
 Next Bits: [0x000002985ffb0000, 0x0000029860ed0000)

Polling page: 0x00000298471a0000

Metaspace:

Usage:
  Non-class:     19.22 MB used.
      Class:      2.54 MB used.
       Both:     21.77 MB used.

Virtual space:
  Non-class space:       24.00 MB reserved,      19.31 MB ( 80%) committed,  3 nodes.
      Class space:        1.00 GB reserved,       2.69 MB ( <1%) committed,  1 nodes.
             Both:        1.02 GB reserved,      22.00 MB (  2%) committed. 

Chunk freelists:
   Non-Class:  704.00 KB
       Class:  1.29 MB
        Both:  1.98 MB

MaxMetaspaceSize: unlimited
CompressedClassSpaceSize: 1.00 GB
Initial GC threshold: 21.00 MB
Current GC threshold: 22.00 MB
CDS: on
MetaspaceReclaimPolicy: balanced
 - commit_granule_bytes: 65536.
 - commit_granule_words: 8192.
 - virtual_space_node_default_size: 1048576.
 - enlarge_chunks_in_place: 1.
 - new_chunks_are_fully_committed: 0.
 - uncommit_free_chunks: 1.
 - use_allocation_guard: 0.
 - handle_deallocations: 1.


Internal statistics:

num_allocs_failed_limit: 3.
num_arena_births: 202.
num_arena_deaths: 0.
num_vsnodes_births: 4.
num_vsnodes_deaths: 0.
num_space_committed: 352.
num_space_uncommitted: 0.
num_chunks_returned_to_freelist: 3.
num_chunks_taken_from_freelist: 670.
num_chunk_merges: 3.
num_chunk_splits: 451.
num_chunks_enlarged: 341.
num_purges: 0.
num_inconsistent_stats: 0.

CodeHeap 'non-profiled nmethods': size=120000Kb used=1079Kb max_used=1079Kb free=118920Kb
 bounds [0x0000029857e90000, 0x0000029858100000, 0x000002985f3c0000]
CodeHeap 'profiled nmethods': size=120000Kb used=4145Kb max_used=4145Kb free=115855Kb
 bounds [0x0000029850960000, 0x0000029850d70000, 0x0000029857e90000]
CodeHeap 'non-nmethods': size=5760Kb used=1337Kb max_used=1388Kb free=4423Kb
 bounds [0x00000298503c0000, 0x0000029850630000, 0x0000029850960000]
 total_blobs=2845 nmethods=2179 adapters=578
 compilation: enabled
              stopped_count=0, restarted_count=0
 full_count=0

Compilation events (20 events):
Event: 4.044 Thread 0x000002984749ca80 2175   !   2       java.util.concurrent.ConcurrentHashMap::putVal (432 bytes)
Event: 4.045 Thread 0x000002984749ca80 nmethod 2175 0x0000029850d66390 code [0x0000029850d66640, 0x0000029850d67568]
Event: 4.045 Thread 0x000002984749ca80 2177       3       org.testng.shaded.com.google.gson.stream.JsonWriter::replaceTop (13 bytes)
Event: 4.046 Thread 0x000002984749ca80 nmethod 2177 0x0000029850d67e10 code [0x0000029850d67fa0, 0x0000029850d680d8]
Event: 4.046 Thread 0x000002984749ca80 2178       3       org.testng.shaded.com.google.gson.internal.Excluder::excludeClass (129 bytes)
Event: 4.048 Thread 0x000002984749ca80 nmethod 2178 0x0000029850d68190 code [0x0000029850d68620, 0x0000029850d6a778]
Event: 4.048 Thread 0x000002984749ca80 2180       3       java.lang.reflect.Method::equals (65 bytes)
Event: 4.048 Thread 0x000002984749c0d0 nmethod 2163 0x0000029857f9c710 code [0x0000029857f9c8a0, 0x0000029857f9ccd8]
Event: 4.048 Thread 0x000002984749c0d0 2169       4       java.lang.AbstractStringBuilder::append (77 bytes)
Event: 4.048 Thread 0x000002984749ca80 nmethod 2180 0x0000029850d6b090 code [0x0000029850d6b280, 0x0000029850d6b968]
Event: 4.048 Thread 0x000002984749ca80 2179       1       java.lang.reflect.Field::getGenericSignature (5 bytes)
Event: 4.048 Thread 0x000002984749ca80 nmethod 2179 0x0000029857f9cf90 code [0x0000029857f9d120, 0x0000029857f9d1f8]
Event: 4.048 Thread 0x000002984749ca80 2181       1       org.testng.xml.XmlClass::getIncludedMethods (5 bytes)
Event: 4.048 Thread 0x000002984749ca80 nmethod 2181 0x0000029857f9d290 code [0x0000029857f9d420, 0x0000029857f9d4f8]
Event: 4.052 Thread 0x000002984749c0d0 nmethod 2169 0x0000029857f9d590 code [0x0000029857f9d740, 0x0000029857f9dcf8]
Event: 4.079 Thread 0x000002984749ca80 2182       3       java.nio.charset.CoderResult::isUnderflow (13 bytes)
Event: 4.079 Thread 0x000002984749ca80 nmethod 2182 0x0000029850d6ba90 code [0x0000029850d6bc20, 0x0000029850d6bd98]
Event: 4.094 Thread 0x000002984749ca80 2183       3       java.nio.ByteBuffer::array (35 bytes)
Event: 4.094 Thread 0x000002984749ca80 nmethod 2183 0x0000029850d6be10 code [0x0000029850d6bfe0, 0x0000029850d6c2f8]
Event: 4.338 Thread 0x000002984749c0d0 2184   !   4       java.util.zip.Inflater::inflate (418 bytes)

GC Heap History (20 events):
Event: 2.441 GC heap after
{Heap after GC invocations=6 (full 0):
 garbage-first heap   total 63488K, used 51737K [0x00000000c3800000, 0x0000000100000000)
  region size 1024K, 1 young (1024K), 1 survivors (1024K)
 Metaspace       used 14543K, committed 14720K, reserved 1064960K
  class space    used 1700K, committed 1792K, reserved 1048576K
}
Event: 2.593 GC heap before
{Heap before GC invocations=6 (full 0):
 garbage-first heap   total 73728K, used 68121K [0x00000000c3800000, 0x0000000100000000)
  region size 1024K, 3 young (3072K), 1 survivors (1024K)
 Metaspace       used 15343K, committed 15616K, reserved 1064960K
  class space    used 1806K, committed 1920K, reserved 1048576K
}
Event: 2.597 GC heap after
{Heap after GC invocations=7 (full 0):
 garbage-first heap   total 73728K, used 41577K [0x00000000c3800000, 0x0000000100000000)
  region size 1024K, 1 young (1024K), 1 survivors (1024K)
 Metaspace       used 15343K, committed 15616K, reserved 1064960K
  class space    used 1806K, committed 1920K, reserved 1048576K
}
Event: 2.604 GC heap before
{Heap before GC invocations=7 (full 0):
 garbage-first heap   total 73728K, used 41577K [0x00000000c3800000, 0x0000000100000000)
  region size 1024K, 2 young (2048K), 1 survivors (1024K)
 Metaspace       used 15352K, committed 15616K, reserved 1064960K
  class space    used 1807K, committed 1920K, reserved 1048576K
}
Event: 2.606 GC heap after
{Heap after GC invocations=8 (full 0):
 garbage-first heap   total 73728K, used 26218K [0x00000000c3800000, 0x0000000100000000)
  region size 1024K, 1 young (1024K), 1 survivors (1024K)
 Metaspace       used 15352K, committed 15616K, reserved 1064960K
  class space    used 1807K, committed 1920K, reserved 1048576K
}
Event: 2.718 GC heap before
{Heap before GC invocations=8 (full 0):
 garbage-first heap   total 73728K, used 33386K [0x00000000c3800000, 0x0000000100000000)
  region size 1024K, 4 young (4096K), 1 survivors (1024K)
 Metaspace       used 16398K, committed 16640K, reserved 1064960K
  class space    used 1921K, committed 2048K, reserved 1048576K
}
Event: 2.721 GC heap after
{Heap after GC invocations=9 (full 0):
 garbage-first heap   total 119808K, used 31807K [0x00000000c3800000, 0x0000000100000000)
  region size 1024K, 2 young (2048K), 2 survivors (2048K)
 Metaspace       used 16398K, committed 16640K, reserved 1064960K
  class space    used 1921K, committed 2048K, reserved 1048576K
}
Event: 2.997 GC heap before
{Heap before GC invocations=9 (full 0):
 garbage-first heap   total 119808K, used 56383K [0x00000000c3800000, 0x0000000100000000)
  region size 1024K, 7 young (7168K), 2 survivors (2048K)
 Metaspace       used 17521K, committed 17792K, reserved 1064960K
  class space    used 2031K, committed 2176K, reserved 1048576K
}
Event: 3.001 GC heap after
{Heap after GC invocations=10 (full 0):
 garbage-first heap   total 119808K, used 47960K [0x00000000c3800000, 0x0000000100000000)
  region size 1024K, 2 young (2048K), 2 survivors (2048K)
 Metaspace       used 17521K, committed 17792K, reserved 1064960K
  class space    used 2031K, committed 2176K, reserved 1048576K
}
Event: 3.048 GC heap before
{Heap before GC invocations=10 (full 0):
 garbage-first heap   total 119808K, used 54104K [0x00000000c3800000, 0x0000000100000000)
  region size 1024K, 4 young (4096K), 2 survivors (2048K)
 Metaspace       used 17800K, committed 18048K, reserved 1064960K
  class space    used 2055K, committed 2176K, reserved 1048576K
}
Event: 3.051 GC heap after
{Heap after GC invocations=11 (full 0):
 garbage-first heap   total 119808K, used 32753K [0x00000000c3800000, 0x0000000100000000)
  region size 1024K, 2 young (2048K), 2 survivors (2048K)
 Metaspace       used 17800K, committed 18048K, reserved 1064960K
  class space    used 2055K, committed 2176K, reserved 1048576K
}
Event: 3.250 GC heap before
{Heap before GC invocations=11 (full 0):
 garbage-first heap   total 119808K, used 55281K [0x00000000c3800000, 0x0000000100000000)
  region size 1024K, 5 young (5120K), 2 survivors (2048K)
 Metaspace       used 19150K, committed 19328K, reserved 1073152K
  class space    used 2221K, committed 2304K, reserved 1048576K
}
Event: 3.253 GC heap after
{Heap after GC invocations=12 (full 0):
 garbage-first heap   total 119808K, used 48370K [0x00000000c3800000, 0x0000000100000000)
  region size 1024K, 3 young (3072K), 3 survivors (3072K)
 Metaspace       used 19150K, committed 19328K, reserved 1073152K
  class space    used 2221K, committed 2304K, reserved 1048576K
}
Event: 3.294 GC heap before
{Heap before GC invocations=12 (full 0):
 garbage-first heap   total 119808K, used 53490K [0x00000000c3800000, 0x0000000100000000)
  region size 1024K, 4 young (4096K), 3 survivors (3072K)
 Metaspace       used 19432K, committed 19648K, reserved 1073152K
  class space    used 2258K, committed 2368K, reserved 1048576K
}
Event: 3.297 GC heap after
{Heap after GC invocations=13 (full 0):
 garbage-first heap   total 119808K, used 32956K [0x00000000c3800000, 0x0000000100000000)
  region size 1024K, 3 young (3072K), 3 survivors (3072K)
 Metaspace       used 19432K, committed 19648K, reserved 1073152K
  class space    used 2258K, committed 2368K, reserved 1048576K
}
Event: 3.503 GC heap before
{Heap before GC invocations=13 (full 0):
 garbage-first heap   total 119808K, used 58556K [0x00000000c3800000, 0x0000000100000000)
  region size 1024K, 9 young (9216K), 3 survivors (3072K)
 Metaspace       used 20750K, committed 20992K, reserved 1073152K
  class space    used 2414K, committed 2560K, reserved 1048576K
}
Event: 3.507 GC heap after
{Heap after GC invocations=14 (full 0):
 garbage-first heap   total 119808K, used 48823K [0x00000000c3800000, 0x0000000100000000)
  region size 1024K, 3 young (3072K), 3 survivors (3072K)
 Metaspace       used 20750K, committed 20992K, reserved 1073152K
  class space    used 2414K, committed 2560K, reserved 1048576K
}
Event: 3.548 GC heap before
{Heap before GC invocations=14 (full 0):
 garbage-first heap   total 119808K, used 54967K [0x00000000c3800000, 0x0000000100000000)
  region size 1024K, 5 young (5120K), 3 survivors (3072K)
 Metaspace       used 20936K, committed 21184K, reserved 1073152K
  class space    used 2440K, committed 2560K, reserved 1048576K
}
Event: 3.551 GC heap after
{Heap after GC invocations=15 (full 0):
 garbage-first heap   total 119808K, used 33597K [0x00000000c3800000, 0x0000000100000000)
  region size 1024K, 3 young (3072K), 3 survivors (3072K)
 Metaspace       used 20936K, committed 21184K, reserved 1073152K
  class space    used 2440K, committed 2560K, reserved 1048576K
}
Event: 4.342 GC heap before
{Heap before GC invocations=15 (full 0):
 garbage-first heap   total 119808K, used 49981K [0x00000000c3800000, 0x0000000100000000)
  region size 1024K, 10 young (10240K), 3 survivors (3072K)
 Metaspace       used 22290K, committed 22528K, reserved 1073152K
  class space    used 2605K, committed 2752K, reserved 1048576K
}

Deoptimization events (20 events):
Event: 4.001 Thread 0x00000298473cbd70 Uncommon trap: trap_request=0xffffffde fr.pc=0x0000029857f83a14 relative=0x00000000000004b4
Event: 4.001 Thread 0x00000298473cbd70 Uncommon trap: reason=class_check action=maybe_recompile pc=0x0000029857f83a14 method=java.util.regex.Pattern$Start.match(Ljava/util/regex/Matcher;ILjava/lang/CharSequence;)Z @ 44 c2
Event: 4.001 Thread 0x00000298473cbd70 DEOPT PACKING pc=0x0000029857f83a14 sp=0x000000c6f01fdea0
Event: 4.002 Thread 0x00000298473cbd70 DEOPT UNPACKING pc=0x00000298504123a3 sp=0x000000c6f01fdde0 mode 2
Event: 4.011 Thread 0x00000298473cbd70 Uncommon trap: trap_request=0xffffffde fr.pc=0x0000029857f81c10 relative=0x0000000000000f70
Event: 4.011 Thread 0x00000298473cbd70 Uncommon trap: reason=class_check action=maybe_recompile pc=0x0000029857f81c10 method=java.util.concurrent.ConcurrentHashMap.putVal(Ljava/lang/Object;Ljava/lang/Object;Z)Ljava/lang/Object; @ 242 c2
Event: 4.011 Thread 0x00000298473cbd70 DEOPT PACKING pc=0x0000029857f81c10 sp=0x000000c6f01fdb10
Event: 4.011 Thread 0x00000298473cbd70 DEOPT UNPACKING pc=0x00000298504123a3 sp=0x000000c6f01fda80 mode 2
Event: 4.024 Thread 0x00000298473cbd70 Uncommon trap: trap_request=0xffffffde fr.pc=0x0000029857f81c10 relative=0x0000000000000f70
Event: 4.024 Thread 0x00000298473cbd70 Uncommon trap: reason=class_check action=maybe_recompile pc=0x0000029857f81c10 method=java.util.concurrent.ConcurrentHashMap.putVal(Ljava/lang/Object;Ljava/lang/Object;Z)Ljava/lang/Object; @ 242 c2
Event: 4.024 Thread 0x00000298473cbd70 DEOPT PACKING pc=0x0000029857f81c10 sp=0x000000c6f01fdd00
Event: 4.024 Thread 0x00000298473cbd70 DEOPT UNPACKING pc=0x00000298504123a3 sp=0x000000c6f01fdc70 mode 2
Event: 4.027 Thread 0x00000298473cbd70 Uncommon trap: trap_request=0xffffffde fr.pc=0x0000029857f81c10 relative=0x0000000000000f70
Event: 4.027 Thread 0x00000298473cbd70 Uncommon trap: reason=class_check action=maybe_recompile pc=0x0000029857f81c10 method=java.util.concurrent.ConcurrentHashMap.putVal(Ljava/lang/Object;Ljava/lang/Object;Z)Ljava/lang/Object; @ 242 c2
Event: 4.027 Thread 0x00000298473cbd70 DEOPT PACKING pc=0x0000029857f81c10 sp=0x000000c6f01fdd30
Event: 4.027 Thread 0x00000298473cbd70 DEOPT UNPACKING pc=0x00000298504123a3 sp=0x000000c6f01fdca0 mode 2
Event: 4.029 Thread 0x00000298473cbd70 Uncommon trap: trap_request=0xffffffde fr.pc=0x0000029857f81c10 relative=0x0000000000000f70
Event: 4.029 Thread 0x00000298473cbd70 Uncommon trap: reason=class_check action=maybe_recompile pc=0x0000029857f81c10 method=java.util.concurrent.ConcurrentHashMap.putVal(Ljava/lang/Object;Ljava/lang/Object;Z)Ljava/lang/Object; @ 242 c2
Event: 4.029 Thread 0x00000298473cbd70 DEOPT PACKING pc=0x0000029857f81c10 sp=0x000000c6f01fda90
Event: 4.030 Thread 0x00000298473cbd70 DEOPT UNPACKING pc=0x00000298504123a3 sp=0x000000c6f01fda00 mode 2

Classes unloaded (0 events):
No events

Classes redefined (0 events):
No events

Internal exceptions (20 events):
Event: 3.670 Thread 0x0000029865fd8620 Exception <a 'java/lang/NoSuchMethodError'{0x00000000ca615b08}: 'java.lang.Object java.lang.invoke.DirectMethodHandle$Holder.newInvokeSpecial(java.lang.Object, long)'> (0x00000000ca615b08) 
thrown [t:\workspace\open\src\hotspot\share\interpreter\linkResolver.cpp, line 766]
Event: 3.673 Thread 0x0000029865fd8620 Exception <a 'java/lang/NoSuchMethodError'{0x00000000ca61fd00}: 'java.lang.Object java.lang.invoke.DirectMethodHandle$Holder.invokeStaticInit(java.lang.Object, java.lang.Object, long, java.lang.Object)'> (0x00000000ca61fd00) 
thrown [t:\workspace\open\src\hotspot\share\interpreter\linkResolver.cpp, line 766]
Event: 3.674 Thread 0x0000029865fd8620 Exception <a 'java/lang/NoSuchMethodError'{0x00000000ca625d48}: 'java.lang.Object java.lang.invoke.DirectMethodHandle$Holder.newInvokeSpecial(java.lang.Object, java.lang.Object, long)'> (0x00000000ca625d48) 
thrown [t:\workspace\open\src\hotspot\share\interpreter\linkResolver.cpp, line 766]
Event: 3.674 Thread 0x0000029865fd8620 Exception <a 'java/lang/NoSuchMethodError'{0x00000000ca6298b8}: 'java.lang.Object java.lang.invoke.Invokers$Holder.linkToTargetMethod(java.lang.Object, long, java.lang.Object)'> (0x00000000ca6298b8) 
thrown [t:\workspace\open\src\hotspot\share\interpreter\linkResolver.cpp, line 766]
Event: 3.682 Thread 0x0000029865fdb170 Exception <a 'java/net/ConnectException'{0x00000000ca694b08}: Connection refused: no further information> (0x00000000ca694b08) 
thrown [t:\workspace\open\src\hotspot\share\prims\jni.cpp, line 535]
Event: 3.682 Thread 0x0000029865fdb170 Exception <a 'java/net/SocketException'{0x00000000ca694e40}: Socket is not connected: shutdown> (0x00000000ca694e40) 
thrown [t:\workspace\open\src\hotspot\share\prims\jni.cpp, line 535]
Event: 3.709 Thread 0x0000029865fdb170 Exception <a 'java/net/ConnectException'{0x00000000ca695ea8}: Connection refused: no further information> (0x00000000ca695ea8) 
thrown [t:\workspace\open\src\hotspot\share\prims\jni.cpp, line 535]
Event: 3.709 Thread 0x0000029865fdb170 Exception <a 'java/net/SocketException'{0x00000000ca6961e0}: Socket is not connected: shutdown> (0x00000000ca6961e0) 
thrown [t:\workspace\open\src\hotspot\share\prims\jni.cpp, line 535]
Event: 3.737 Thread 0x0000029865fdb170 Exception <a 'java/net/ConnectException'{0x00000000ca697178}: Connection refused: no further information> (0x00000000ca697178) 
thrown [t:\workspace\open\src\hotspot\share\prims\jni.cpp, line 535]
Event: 3.737 Thread 0x0000029865fdb170 Exception <a 'java/net/SocketException'{0x00000000ca6974b0}: Socket is not connected: shutdown> (0x00000000ca6974b0) 
thrown [t:\workspace\open\src\hotspot\share\prims\jni.cpp, line 535]
Event: 3.778 Thread 0x0000029865fdb170 Exception <a 'java/net/ConnectException'{0x00000000ca698448}: Connection refused: no further information> (0x00000000ca698448) 
thrown [t:\workspace\open\src\hotspot\share\prims\jni.cpp, line 535]
Event: 3.778 Thread 0x0000029865fdb170 Exception <a 'java/net/SocketException'{0x00000000ca698780}: Socket is not connected: shutdown> (0x00000000ca698780) 
thrown [t:\workspace\open\src\hotspot\share\prims\jni.cpp, line 535]
Event: 3.862 Thread 0x0000029865fdb170 Exception <a 'java/net/ConnectException'{0x00000000ca699718}: Connection refused: no further information> (0x00000000ca699718) 
thrown [t:\workspace\open\src\hotspot\share\prims\jni.cpp, line 535]
Event: 3.862 Thread 0x0000029865fdb170 Exception <a 'java/net/SocketException'{0x00000000ca699a50}: Socket is not connected: shutdown> (0x00000000ca699a50) 
thrown [t:\workspace\open\src\hotspot\share\prims\jni.cpp, line 535]
Event: 3.991 Thread 0x00000298473cbd70 Exception <a 'java/lang/NoSuchMethodError'{0x00000000ca7e70b0}: 'void java.lang.invoke.DirectMethodHandle$Holder.invokeVirtual(java.lang.Object, java.lang.Object)'> (0x00000000ca7e70b0) 
thrown [t:\workspace\open\src\hotspot\share\interpreter\linkResolver.cpp, line 766]
Event: 3.992 Thread 0x00000298473cbd70 Exception <a 'java/lang/NullPointerException'{0x00000000ca7ec3d8}> (0x00000000ca7ec3d8) 
thrown [t:\workspace\open\src\hotspot\share\interpreter\linkResolver.cpp, line 1357]
Event: 3.992 Thread 0x00000298473cbd70 Exception <a 'java/lang/reflect/InvocationTargetException'{0x00000000ca7ec958}> (0x00000000ca7ec958) 
thrown [t:\workspace\open\src\hotspot\share\runtime\reflection.cpp, line 1121]
Event: 4.035 Thread 0x0000029865fdb170 Exception <a 'java/net/ConnectException'{0x00000000ca69a9e8}: Connection refused: no further information> (0x00000000ca69a9e8) 
thrown [t:\workspace\open\src\hotspot\share\prims\jni.cpp, line 535]
Event: 4.035 Thread 0x0000029865fdb170 Exception <a 'java/net/SocketException'{0x00000000ca69ad20}: Socket is not connected: shutdown> (0x00000000ca69ad20) 
thrown [t:\workspace\open\src\hotspot\share\prims\jni.cpp, line 535]
Event: 4.036 Thread 0x00000298473cbd70 Exception <a 'java/lang/NoSuchMethodError'{0x00000000ca412bc8}: 'void java.lang.invoke.DirectMethodHandle$Holder.invokeSpecial(java.lang.Object, java.lang.Object, java.lang.Object)'> (0x00000000ca412bc8) 
thrown [t:\workspace\open\src\hotspot\share\interpreter\linkResolver.cpp, line 766]

VM Operations (20 events):
Event: 2.702 Executing VM operation: HandshakeAllThreads done
Event: 2.718 Executing VM operation: G1TryInitiateConcMark
Event: 2.721 Executing VM operation: G1TryInitiateConcMark done
Event: 2.721 Executing VM operation: HandshakeAllThreads
Event: 2.722 Executing VM operation: HandshakeAllThreads done
Event: 2.997 Executing VM operation: G1TryInitiateConcMark
Event: 3.001 Executing VM operation: G1TryInitiateConcMark done
Event: 3.048 Executing VM operation: G1TryInitiateConcMark
Event: 3.052 Executing VM operation: G1TryInitiateConcMark done
Event: 3.250 Executing VM operation: G1TryInitiateConcMark
Event: 3.254 Executing VM operation: G1TryInitiateConcMark done
Event: 3.294 Executing VM operation: G1TryInitiateConcMark
Event: 3.297 Executing VM operation: G1TryInitiateConcMark done
Event: 3.503 Executing VM operation: G1TryInitiateConcMark
Event: 3.507 Executing VM operation: G1TryInitiateConcMark done
Event: 3.548 Executing VM operation: G1TryInitiateConcMark
Event: 3.551 Executing VM operation: G1TryInitiateConcMark done
Event: 3.577 Executing VM operation: HandshakeAllThreads
Event: 3.577 Executing VM operation: HandshakeAllThreads done
Event: 4.342 Executing VM operation: CollectForMetadataAllocation

Events (20 events):
Event: 3.685 Thread 0x0000029865fda7d0 Thread added: 0x0000029865fda7d0
Event: 3.960 Thread 0x0000029865fdbb10 Thread exited: 0x0000029865fdbb10
Event: 3.960 Thread 0x0000029865fda7d0 Thread exited: 0x0000029865fda7d0
Event: 3.962 Thread 0x0000029865fd8620 Thread exited: 0x0000029865fd8620
Event: 3.971 loading class java/util/Collections$UnmodifiableMap$UnmodifiableEntrySet$UnmodifiableEntrySetSpliterator
Event: 3.971 loading class java/util/Collections$UnmodifiableMap$UnmodifiableEntrySet$UnmodifiableEntrySetSpliterator done
Event: 3.972 loading class java/util/stream/SortedOps$SizedRefSortingSink
Event: 3.986 loading class java/util/stream/SortedOps$AbstractRefSortingSink
Event: 3.986 loading class java/util/stream/SortedOps$AbstractRefSortingSink done
Event: 3.986 loading class java/util/stream/SortedOps$SizedRefSortingSink done
Event: 3.993 loading class java/lang/Throwable$WrappedPrintWriter
Event: 3.993 loading class java/lang/Throwable$PrintStreamOrWriter
Event: 3.993 loading class java/lang/Throwable$PrintStreamOrWriter done
Event: 3.993 loading class java/lang/Throwable$WrappedPrintWriter done
Event: 3.999 loading class java/util/regex/Pattern$BnM
Event: 3.999 loading class java/util/regex/Pattern$BnM done
Event: 4.013 loading class jdk/internal/reflect/UnsafeLongFieldAccessorImpl
Event: 4.014 loading class jdk/internal/reflect/UnsafeLongFieldAccessorImpl done
Event: 4.034 loading class java/util/concurrent/ConcurrentLinkedQueue$Itr
Event: 4.034 loading class java/util/concurrent/ConcurrentLinkedQueue$Itr done


Dynamic libraries:
0x00007ff709060000 - 0x00007ff709070000 	C:\Program Files\Java\jdk-17.0.1\bin\javaw.exe
0x00007ffe3cff0000 - 0x00007ffe3d1e5000 	C:\Windows\SYSTEM32\ntdll.dll
0x00007ffe3cb40000 - 0x00007ffe3cbfd000 	C:\Windows\System32\KERNEL32.DLL
0x00007ffe3ad80000 - 0x00007ffe3b047000 	C:\Windows\System32\KERNELBASE.dll
0x00007ffe3a730000 - 0x00007ffe3a830000 	C:\Windows\System32\ucrtbase.dll
0x00007ffe32770000 - 0x00007ffe3278a000 	C:\Program Files\Java\jdk-17.0.1\bin\VCRUNTIME140.dll
0x00007ffe24d60000 - 0x00007ffe24d78000 	C:\Program Files\Java\jdk-17.0.1\bin\jli.dll
0x00007ffe3c6d0000 - 0x00007ffe3c77a000 	C:\Windows\System32\ADVAPI32.dll
0x00007ffe3ca30000 - 0x00007ffe3cace000 	C:\Windows\System32\msvcrt.dll
0x00007ffe3b7d0000 - 0x00007ffe3b86b000 	C:\Windows\System32\sechost.dll
0x00007ffe3b870000 - 0x00007ffe3b994000 	C:\Windows\System32\RPCRT4.dll
0x00007ffe3ce10000 - 0x00007ffe3cfb0000 	C:\Windows\System32\USER32.dll
0x00007ffe3a960000 - 0x00007ffe3a982000 	C:\Windows\System32\win32u.dll
0x00007ffe3b110000 - 0x00007ffe3b13a000 	C:\Windows\System32\GDI32.dll
0x00007ffe3a9e0000 - 0x00007ffe3aae9000 	C:\Windows\System32\gdi32full.dll
0x00007ffe3acb0000 - 0x00007ffe3ad4d000 	C:\Windows\System32\msvcp_win.dll
0x00007ffe19cb0000 - 0x00007ffe19f4b000 	C:\Windows\WinSxS\amd64_microsoft.windows.common-controls_6595b64144ccf1df_6.0.19041.488_none_ca04af081b815d21\COMCTL32.dll
0x00007ffe323c0000 - 0x00007ffe323ca000 	C:\Windows\SYSTEM32\VERSION.dll
0x00007ffe3ba50000 - 0x00007ffe3ba80000 	C:\Windows\System32\IMM32.DLL
0x00007ffe32b00000 - 0x00007ffe32b0c000 	C:\Program Files\Java\jdk-17.0.1\bin\vcruntime140_1.dll
0x00007ffe19390000 - 0x00007ffe1941d000 	C:\Program Files\Java\jdk-17.0.1\bin\msvcp140.dll
0x00007ffdeeab0000 - 0x00007ffdef66e000 	C:\Program Files\Java\jdk-17.0.1\bin\server\jvm.dll
0x00007ffe3b5b0000 - 0x00007ffe3b5b8000 	C:\Windows\System32\PSAPI.DLL
0x00007ffe22fa0000 - 0x00007ffe22fa9000 	C:\Windows\SYSTEM32\WSOCK32.dll
0x00007ffe2ae90000 - 0x00007ffe2aeb7000 	C:\Windows\SYSTEM32\WINMM.dll
0x00007ffe3c2f0000 - 0x00007ffe3c35b000 	C:\Windows\System32\WS2_32.dll
0x00007ffe39020000 - 0x00007ffe39033000 	C:\Windows\SYSTEM32\kernel.appcore.dll
0x00007ffe327e0000 - 0x00007ffe327ea000 	C:\Program Files\Java\jdk-17.0.1\bin\jimage.dll
0x00007ffe38580000 - 0x00007ffe38764000 	C:\Windows\SYSTEM32\DBGHELP.DLL
0x00007ffe1e210000 - 0x00007ffe1e23c000 	C:\Windows\SYSTEM32\dbgcore.DLL
0x00007ffe3a8e0000 - 0x00007ffe3a95f000 	C:\Windows\System32\bcryptPrimitives.dll
0x00007ffe24b60000 - 0x00007ffe24b85000 	C:\Program Files\Java\jdk-17.0.1\bin\java.dll
0x00007ffe02090000 - 0x00007ffe02166000 	C:\Program Files\Java\jdk-17.0.1\bin\svml.dll
0x00007ffe3ba80000 - 0x00007ffe3c1c1000 	C:\Windows\System32\SHELL32.dll
0x00007ffe38770000 - 0x00007ffe38f03000 	C:\Windows\SYSTEM32\windows.storage.dll
0x00007ffe3c370000 - 0x00007ffe3c6c5000 	C:\Windows\System32\combase.dll
0x00007ffe3a1a0000 - 0x00007ffe3a1cc000 	C:\Windows\SYSTEM32\Wldp.dll
0x00007ffe3b9a0000 - 0x00007ffe3ba4e000 	C:\Windows\System32\SHCORE.dll
0x00007ffe3b0b0000 - 0x00007ffe3b105000 	C:\Windows\System32\shlwapi.dll
0x00007ffe3a660000 - 0x00007ffe3a686000 	C:\Windows\SYSTEM32\profapi.dll
0x00007ffe24b20000 - 0x00007ffe24b39000 	C:\Program Files\Java\jdk-17.0.1\bin\net.dll
0x00007ffe2c7c0000 - 0x00007ffe2c8c0000 	C:\Windows\SYSTEM32\WINHTTP.dll
0x00007ffe39f20000 - 0x00007ffe39f8a000 	C:\Windows\system32\mswsock.dll
0x00007ffe24790000 - 0x00007ffe247a5000 	C:\Program Files\Java\jdk-17.0.1\bin\nio.dll
0x00007ffe23f40000 - 0x00007ffe23f58000 	C:\Program Files\Java\jdk-17.0.1\bin\zip.dll
0x00007ffe39c00000 - 0x00007ffe39ccb000 	C:\Windows\SYSTEM32\DNSAPI.dll
0x00007ffe39bc0000 - 0x00007ffe39bfb000 	C:\Windows\SYSTEM32\IPHLPAPI.DLL
0x00007ffe3cb30000 - 0x00007ffe3cb39000 	C:\Windows\System32\NSI.dll
0x00007ffe2c1f0000 - 0x00007ffe2c1fa000 	C:\Windows\System32\rasadhlp.dll
0x00007ffe2c0f0000 - 0x00007ffe2c16f000 	C:\Windows\System32\fwpuclnt.dll
0x00007ffe3ad50000 - 0x00007ffe3ad77000 	C:\Windows\System32\bcrypt.dll
0x00007ffe3a0f0000 - 0x00007ffe3a108000 	C:\Windows\SYSTEM32\CRYPTSP.dll
0x00007ffe39840000 - 0x00007ffe39874000 	C:\Windows\system32\rsaenh.dll
0x00007ffe3a620000 - 0x00007ffe3a64e000 	C:\Windows\SYSTEM32\USERENV.dll
0x00007ffe3a110000 - 0x00007ffe3a11c000 	C:\Windows\SYSTEM32\CRYPTBASE.dll
0x00007ffe31280000 - 0x00007ffe31297000 	C:\Windows\SYSTEM32\dhcpcsvc6.DLL
0x00007ffe2fcd0000 - 0x00007ffe2fced000 	C:\Windows\SYSTEM32\dhcpcsvc.DLL
0x00007ffe0e140000 - 0x00007ffe0e157000 	C:\Windows\system32\napinsp.dll
0x00007ffe0c290000 - 0x00007ffe0c2ab000 	C:\Windows\system32\pnrpnsp.dll
0x00007ffe231b0000 - 0x00007ffe231c5000 	C:\Windows\system32\wshbth.dll
0x00007ffe35a90000 - 0x00007ffe35aad000 	C:\Windows\system32\NLAapi.dll
0x00007ffe0c270000 - 0x00007ffe0c282000 	C:\Windows\System32\winrnr.dll
0x00007ffe34480000 - 0x00007ffe34490000 	C:\Program Files\Java\jdk-17.0.1\bin\verify.dll
0x00007ffdfa030000 - 0x00007ffdfa1bf000 	C:\Program Files\Java\jdk-17.0.1\bin\awt.dll
0x00007ffe3cc00000 - 0x00007ffe3cccd000 	C:\Windows\System32\OLEAUT32.dll
0x00007ffe375f0000 - 0x00007ffe37680000 	C:\Windows\SYSTEM32\apphelp.dll
0x00007ffe37f00000 - 0x00007ffe37f2f000 	C:\Windows\system32\DWMAPI.DLL
0x00007ffe37720000 - 0x00007ffe377bf000 	C:\Windows\system32\uxtheme.dll
0x00007ffe21ac0000 - 0x00007ffe21be5000 	C:\Windows\system32\opengl32.dll
0x00007ffe21a90000 - 0x00007ffe21abc000 	C:\Windows\SYSTEM32\GLU32.dll
0x00007ffe3c1d0000 - 0x00007ffe3c2e5000 	C:\Windows\System32\MSCTF.dll
0x00007ffe3b6a0000 - 0x00007ffe3b7c9000 	C:\Windows\System32\ole32.dll
0x00007ffe34470000 - 0x00007ffe34479000 	C:\Program Files\Java\jdk-17.0.1\bin\management.dll
0x00007ffe329f0000 - 0x00007ffe329fb000 	C:\Program Files\Java\jdk-17.0.1\bin\management_ext.dll
0x00007ffe35bb0000 - 0x00007ffe35bbe000 	C:\Program Files\Java\jdk-17.0.1\bin\sunmscapi.dll
0x00007ffe3ab50000 - 0x00007ffe3acad000 	C:\Windows\System32\CRYPT32.dll
0x00007ffe3a210000 - 0x00007ffe3a237000 	C:\Windows\SYSTEM32\ncrypt.dll
0x00007ffe3a1d0000 - 0x00007ffe3a20b000 	C:\Windows\SYSTEM32\NTASN1.dll
0x00007ffe34460000 - 0x00007ffe34467000 	C:\Windows\system32\wshunix.dll

dbghelp: loaded successfully - version: 4.0.5 - missing functions: none
symbol engine: initialized successfully - sym options: 0x614 - pdb path: .;C:\Program Files\Java\jdk-17.0.1\bin;C:\Windows\SYSTEM32;C:\Windows\WinSxS\amd64_microsoft.windows.common-controls_6595b64144ccf1df_6.0.19041.488_none_ca04af081b815d21;C:\Program Files\Java\jdk-17.0.1\bin\server

VM Arguments:
jvm_args: -ea -Dfile.encoding=Cp1252 -XX:+ShowCodeDetailsInExceptionMessages 
java_command: org.testng.remote.RemoteTestNG -serport 60059 -protocol json -d G:\AutomationProject\test-output G:\AutomationProject\testng.xml
java_class_path (initial): C:\Users\acs\eclipse\java-2021-12\eclipse\configuration\org.eclipse.osgi\430\0\.cp\lib\testng-remote.jar;G:\AutomationProject\target\test-classes;G:\AutomationProject\target\classes;G:\selenium\ATUTestRecorder_2.1.jar;C:\Users\acs\.m2\repository\net\jodah\failsafe\2.4.4\failsafe-2.4.4.jar;C:\Users\acs\.p2\pool\plugins\org.testng_7.4.0.r202105021533.jar;C:\Users\acs\.p2\pool\plugins\com.beust.jcommander_1.78.0.jar;C:\Users\acs\.p2\pool\plugins\org.apache-extras.beanshell.bsh_2.0.0.b6.jar;C:\Users\acs\.p2\pool\plugins\org.yaml.snakeyaml_1.21.0.jar;C:\Users\acs\.p2\pool\plugins\org.webjars.jquery_3.5.1.jar;C:\Users\acs\.m2\repository\org\seleniumhq\selenium\selenium-java\4.1.2\selenium-java-4.1.2.jar;C:\Users\acs\.m2\repository\org\seleniumhq\selenium\selenium-api\4.1.2\selenium-api-4.1.2.jar;C:\Users\acs\.m2\repository\org\seleniumhq\selenium\selenium-chrome-driver\4.1.2\selenium-chrome-driver-4.1.2.jar;C:\Users\acs\.m2\repository\com\google\auto\service\auto-service-annotations\1.0.1\auto-service-annotations-1.0.1.jar;C:\Users\acs\.m2\repository\com\google\auto\service\auto-service\1.0.1\auto-service-1.0.1.jar;C:\Users\acs\.m2\repository\com\google\auto\auto-common\1.2\auto-common-1.2.jar;C:\Users\acs\.m2\repository\com\google\guava\guava\31.0.1-jre\guava-31.0.1-jre.jar;C:\Users\acs\.m2\repository\com\google\guava\failureaccess\1.0.1\failureaccess-1.0.1.jar;C:\Users\acs\.m2\repository\com\google\guava\listenablefuture\9999.0-empty-to-avoid-conflict-with-guava\listenablefuture-9999.0-empty-to-avoid-conflict-with-guava.jar;C:\Users\acs\.m2\repository\org\checkerframework\checker-qual\3.12.0\checker-qual-3.12.0.jar;C:\Users\acs\.m2\repository\com\google\errorprone\error_prone_annotations\2.7.1\error_prone_annotations-2.7.1.jar;C:\Users\acs\.m2\repository\com\google\j2objc\j2objc-annotations\1.3\j2objc-annotations-1.3.jar;C:\Users\acs\.m2\repository\org\seleniumhq\selenium\selenium-chromium-driver\4.1.2\selenium-chromium-driver-4.1.2.jar;C:\U
Launcher Type: SUN_STANDARD

[Global flags]
     intx CICompilerCount                          = 3                                         {product} {ergonomic}
     uint ConcGCThreads                            = 1                                         {product} {ergonomic}
     uint G1ConcRefinementThreads                  = 4                                         {product} {ergonomic}
   size_t G1HeapRegionSize                         = 1048576                                   {product} {ergonomic}
    uintx GCDrainStackTargetSize                   = 64                                        {product} {ergonomic}
   size_t InitialHeapSize                          = 65011712                                  {product} {ergonomic}
   size_t MarkStackSize                            = 4194304                                   {product} {ergonomic}
   size_t MaxHeapSize                              = 1015021568                                {product} {ergonomic}
   size_t MaxNewSize                               = 608174080                                 {product} {ergonomic}
   size_t MinHeapDeltaBytes                        = 1048576                                   {product} {ergonomic}
   size_t MinHeapSize                              = 8388608                                   {product} {ergonomic}
    uintx NonNMethodCodeHeapSize                   = 5832780                                {pd product} {ergonomic}
    uintx NonProfiledCodeHeapSize                  = 122912730                              {pd product} {ergonomic}
    uintx ProfiledCodeHeapSize                     = 122912730                              {pd product} {ergonomic}
    uintx ReservedCodeCacheSize                    = 251658240                              {pd product} {ergonomic}
     bool SegmentedCodeCache                       = true                                      {product} {ergonomic}
     bool ShowCodeDetailsInExceptionMessages       = true                                   {manageable} {command line}
   size_t SoftMaxHeapSize                          = 1015021568                             {manageable} {ergonomic}
     bool UseCompressedClassPointers               = true                           {product lp64_product} {ergonomic}
     bool UseCompressedOops                        = true                           {product lp64_product} {ergonomic}
     bool UseG1GC                                  = true                                      {product} {ergonomic}
     bool UseLargePagesIndividualAllocation        = false                                  {pd product} {ergonomic}

Logging:
Log output configuration:
 #0: stdout all=warning uptime,level,tags
 #1: stderr all=off uptime,level,tags

Environment Variables:
JAVA_HOME=C:\Program Files\Java\jdk-17.0.1
PATH=C:\Program Files (x86)\VMware\VMware Workstation\bin\;C:\Program Files\Common Files\Oracle\Java\javapath;C:\Windows\system32;C:\Windows;C:\Windows\System32\Wbem;C:\Windows\System32\WindowsPowerShell\v1.0\;C:\Windows\System32\OpenSSH\;C:\Program Files\Microsoft SQL Server\Client SDK\ODBC\170\Tools\Binn\;C:\Program Files (x86)\Microsoft SQL Server\150\Tools\Binn\;C:\Program Files\Microsoft SQL Server\150\Tools\Binn\;C:\Program Files\Microsoft SQL Server\150\DTS\Binn\;C:\Program Files (x86)\Microsoft SQL Server\150\DTS\Binn\;C:\Program Files\Java\jdk-17.0.1\bin;C:\Program Files\Azure Data Studio\bin;C:\Program Files\dotnet\;C:\Program Files\Git\cmd;C:\Program Files\Git\mingw64\bin;C:\Program Files\Git\usr\bin;G:\selenium\Maven\apache-maven-3.8.4\bin;C:\Program Files\nodejs\;C:\strawberry\c\bin;C:\strawberry\perl\bin;C:\Users\acs\AppData\Local\Microsoft\WindowsApps;G:\Visual_Studio_Code\Microsoft VS Code\bin;C:\Program Files\Azure Data Studio\bin;G:\CodeBlocks\setup\CodeBlocks\MinGW\bin;C:\Users\acs\.dotnet\tools;C:\Users\acs\AppData\Roaming\npm
USERNAME=acs
OS=Windows_NT
PROCESSOR_IDENTIFIER=Intel64 Family 6 Model 142 Stepping 9, GenuineIntel



---------------  S Y S T E M  ---------------

OS:
 Windows 10 , 64 bit Build 19041 (10.0.19041.292)
OS uptime: 2 days 12:30 hours

CPU: total 4 (initial active 4) (2 cores per cpu, 2 threads per core) family 6 model 142 stepping 9 microcode 0xb4, cx8, cmov, fxsr, ht, mmx, 3dnowpref, sse, sse2, sse3, ssse3, sse4.1, sse4.2, popcnt, lzcnt, tsc, tscinvbit, avx, avx2, aes, erms, clmul, bmi1, bmi2, adx, fma, vzeroupper, clflush, clflushopt

Memory: 4k page, system-wide physical 3869M (345M free)
TotalPageFile size 5758M (AvailPageFile size 9M)
current process WorkingSet (physical memory assigned to process): 177M, peak: 179M
current process commit charge ("private bytes"): 244M, peak: 296M

vm_info: Java HotSpot(TM) 64-Bit Server VM (17.0.1+12-LTS-39) for windows-amd64 JRE (17.0.1+12-LTS-39), built on Sep 27 2021 18:41:35 by "mach5one" with MS VC++ 16.8 (VS2019)

END.
