#
# There is insufficient memory for the Java Runtime Environment to continue.
# Native memory allocation (malloc) failed to allocate 959392 bytes for Chunk::new
# Possible reasons:
#   The system is out of physical RAM or swap space
#   The process is running with CompressedOops enabled, and the Java Heap may be blocking the growth of the native heap
# Possible solutions:
#   Reduce memory load on the system
#   Increase physical memory or swap space
#   Check if swap backing store is full
#   Decrease Java heap size (-Xmx/-Xms)
#   Decrease number of Java threads
#   Decrease Java thread stack sizes (-Xss)
#   Set larger code cache with -XX:ReservedCodeCacheSize=
#   JVM is running with Unscaled Compressed Oops mode in which the Java heap is
#     placed in the first 4GB address space. The Java Heap base address is the
#     maximum limit for the native heap growth. Please use -XX:HeapBaseMinAddress
#     to set the Java Heap base and to place the Java Heap above 4GB virtual address.
# This output file may be truncated or incomplete.
#
#  Out of Memory Error (arena.cpp:189), pid=8516, tid=3588
#
# JRE version: Java(TM) SE Runtime Environment (17.0.1+12) (build 17.0.1+12-LTS-39)
# Java VM: Java HotSpot(TM) 64-Bit Server VM (17.0.1+12-LTS-39, mixed mode, sharing, tiered, compressed oops, compressed class ptrs, g1 gc, windows-amd64)
# No core dump will be written. Minidumps are not enabled by default on client versions of Windows
#

---------------  S U M M A R Y ------------

Command Line: -ea -Dfile.encoding=Cp1252 -XX:+ShowCodeDetailsInExceptionMessages org.testng.remote.RemoteTestNG -serport 56008 -protocol json -d G:\AutomationProject\test-output G:\AutomationProject\testng.xml

Host: Intel(R) Core(TM) i5-7200U CPU @ 2.50GHz, 4 cores, 3G,  Windows 10 , 64 bit Build 19041 (10.0.19041.292)
Time: Thu Mar  3 21:47:21 2022 Egypt Standard Time elapsed time: 60.577064 seconds (0d 0h 1m 0s)

---------------  T H R E A D  ---------------

Current thread (0x0000027901beccf0):  JavaThread "C2 CompilerThread0" daemon [_thread_in_native, id=3588, stack(0x000000e9d4b00000,0x000000e9d4c00000)]


Current CompileTask:
C2:  60577 4607       4       atu.testrecorder.media.quicktime.AnimationCodec::encodeDelta24 (796 bytes)

Stack: [0x000000e9d4b00000,0x000000e9d4c00000]
Native frames: (J=compiled Java code, j=interpreted, Vv=VM code, C=native code)
V  [jvm.dll+0x66fa1a]
V  [jvm.dll+0x7ce5a4]
V  [jvm.dll+0x7cfd4e]
V  [jvm.dll+0x7d03b3]
V  [jvm.dll+0x242b05]
V  [jvm.dll+0xaa05b]
V  [jvm.dll+0xaa5ec]
V  [jvm.dll+0x35fa07]
V  [jvm.dll+0x1b9732]
V  [jvm.dll+0x215d49]
V  [jvm.dll+0x215011]
V  [jvm.dll+0x1a168d]
V  [jvm.dll+0x224848]
V  [jvm.dll+0x2229ac]
V  [jvm.dll+0x78435b]
V  [jvm.dll+0x77e91a]
V  [jvm.dll+0x66e845]
C  [ucrtbase.dll+0x214c2]
C  [KERNEL32.DLL+0x16fd4]
C  [ntdll.dll+0x4cec1]


---------------  P R O C E S S  ---------------

Threads class SMR info:
_java_thread_list=0x000002791eb32ae0, length=38, elements={
0x0000027901b1d5a0, 0x0000027901bce740, 0x0000027901bd25d0, 0x0000027901be4de0,
0x0000027901be67a0, 0x0000027901be7150, 0x0000027901be8b10, 0x0000027901beccf0,
0x0000027901bed6e0, 0x0000027901bee8b0, 0x000002791f556f20, 0x000002791f55cde0,
0x000002791fdeb490, 0x000002791ff2b310, 0x000002791ffa8420, 0x000002791ffa88f0,
0x0000027920a80a10, 0x0000027920a754d0, 0x000002792139b060, 0x0000027920c31a80,
0x0000027920c2ef30, 0x0000027920c315b0, 0x0000027920c2ea60, 0x0000027920c310e0,
0x0000027920c31f50, 0x0000027920c2f400, 0x0000027920c2fda0, 0x0000027920c30740,
0x0000027920599e00, 0x0000027920593dc0, 0x0000027920594290, 0x0000027920596de0,
0x00000279205972b0, 0x0000027920595100, 0x0000027920598120, 0x0000027920592a80,
0x0000027920595aa0, 0x0000027920594760
}

Java Threads: ( => current thread )
  0x0000027901b1d5a0 JavaThread "Forwarding clickElement on session a2614ebcad3192cf468fde560dfb09ac to remote" [_thread_blocked, id=1252, stack(0x000000e9d3e00000,0x000000e9d3f00000)]
  0x0000027901bce740 JavaThread "Reference Handler" daemon [_thread_blocked, id=5864, stack(0x000000e9d4500000,0x000000e9d4600000)]
  0x0000027901bd25d0 JavaThread "Finalizer" daemon [_thread_blocked, id=2524, stack(0x000000e9d4600000,0x000000e9d4700000)]
  0x0000027901be4de0 JavaThread "Signal Dispatcher" daemon [_thread_blocked, id=124, stack(0x000000e9d4700000,0x000000e9d4800000)]
  0x0000027901be67a0 JavaThread "Attach Listener" daemon [_thread_blocked, id=8228, stack(0x000000e9d4800000,0x000000e9d4900000)]
  0x0000027901be7150 JavaThread "Service Thread" daemon [_thread_blocked, id=5072, stack(0x000000e9d4900000,0x000000e9d4a00000)]
  0x0000027901be8b10 JavaThread "Monitor Deflation Thread" daemon [_thread_blocked, id=7304, stack(0x000000e9d4a00000,0x000000e9d4b00000)]
=>0x0000027901beccf0 JavaThread "C2 CompilerThread0" daemon [_thread_in_native, id=3588, stack(0x000000e9d4b00000,0x000000e9d4c00000)]
  0x0000027901bed6e0 JavaThread "C1 CompilerThread0" daemon [_thread_blocked, id=5960, stack(0x000000e9d4c00000,0x000000e9d4d00000)]
  0x0000027901bee8b0 JavaThread "Sweeper thread" daemon [_thread_blocked, id=10104, stack(0x000000e9d4d00000,0x000000e9d4e00000)]
  0x000002791f556f20 JavaThread "Notification Thread" daemon [_thread_blocked, id=9188, stack(0x000000e9d4e00000,0x000000e9d4f00000)]
  0x000002791f55cde0 JavaThread "Common-Cleaner" daemon [_thread_blocked, id=7296, stack(0x000000e9d5000000,0x000000e9d5100000)]
  0x000002791fdeb490 JavaThread "ReaderThread" [_thread_in_native, id=6656, stack(0x000000e9d5300000,0x000000e9d5400000)]
  0x000002791ff2b310 JavaThread "ForkJoinPool.commonPool-worker-1" daemon [_thread_blocked, id=3344, stack(0x000000e9d5800000,0x000000e9d5900000)]
  0x000002791ffa8420 JavaThread "ForkJoinPool.commonPool-worker-2" daemon [_thread_blocked, id=8068, stack(0x000000e9d5900000,0x000000e9d5a00000)]
  0x000002791ffa88f0 JavaThread "ForkJoinPool.commonPool-worker-3" daemon [_thread_blocked, id=8436, stack(0x000000e9d5a00000,0x000000e9d5b00000)]
  0x0000027920a80a10 JavaThread "AsyncHttpClient-1-1" daemon [_thread_blocked, id=6576, stack(0x000000e9d5b00000,0x000000e9d5c00000)]
  0x0000027920a754d0 JavaThread "Exec Default Executor" daemon [_thread_in_native, id=9204, stack(0x000000e9d5700000,0x000000e9d5800000)]
  0x000002792139b060 JavaThread "Driver Service Executor" daemon [_thread_blocked, id=1776, stack(0x000000e9d5d00000,0x000000e9d5e00000)]
  0x0000027920c31a80 JavaThread "Driver Service Executor" daemon [_thread_blocked, id=6196, stack(0x000000e9d5e00000,0x000000e9d5f00000)]
  0x0000027920c2ef30 JavaThread "UrlChecker-2" daemon [_thread_blocked, id=2228, stack(0x000000e9d5f00000,0x000000e9d6000000)]
  0x0000027920c315b0 JavaThread "Exec Stream Pumper" daemon [_thread_in_native, id=2556, stack(0x000000e9d6000000,0x000000e9d6100000)]
  0x0000027920c2ea60 JavaThread "Exec Stream Pumper" daemon [_thread_in_native, id=948, stack(0x000000e9d6100000,0x000000e9d6200000)]
  0x0000027920c310e0 JavaThread "AsyncHttpClient-1-2" daemon [_thread_in_native, id=6228, stack(0x000000e9d6300000,0x000000e9d6400000)]
  0x0000027920c31f50 JavaThread "AsyncHttpClient-1-3" daemon [_thread_in_native, id=3000, stack(0x000000e9d6200000,0x000000e9d6300000)]
  0x0000027920c2f400 JavaThread "AsyncHttpClient-1-4" daemon [_thread_in_native, id=9552, stack(0x000000e9d6400000,0x000000e9d6500000)]
  0x0000027920c2fda0 JavaThread "Java2D Disposer" daemon [_thread_blocked, id=5184, stack(0x000000e9d6600000,0x000000e9d6700000)]
  0x0000027920c30740 JavaThread "AWT-Windows" daemon [_thread_in_native, id=6776, stack(0x000000e9d6800000,0x000000e9d6900000)]
  0x0000027920599e00 JavaThread "pool-1-thread-1" [_thread_in_native, id=8748, stack(0x000000e9d6a00000,0x000000e9d6b00000)]
  0x0000027920593dc0 JavaThread "pool-2-thread-1" [_thread_blocked, id=6684, stack(0x000000e9d6b00000,0x000000e9d6c00000)]
  0x0000027920594290 JavaThread "Exec Default Executor" daemon [_thread_in_native, id=1156, stack(0x000000e9d6c00000,0x000000e9d6d00000)]
  0x0000027920596de0 JavaThread "Driver Service Executor" daemon [_thread_blocked, id=8168, stack(0x000000e9d6d00000,0x000000e9d6e00000)]
  0x00000279205972b0 JavaThread "Driver Service Executor" daemon [_thread_blocked, id=5096, stack(0x000000e9d6e00000,0x000000e9d6f00000)]
  0x0000027920595100 JavaThread "Exec Stream Pumper" daemon [_thread_in_native, id=7912, stack(0x000000e9d6f00000,0x000000e9d7000000)]
  0x0000027920598120 JavaThread "Exec Stream Pumper" daemon [_thread_in_native, id=3496, stack(0x000000e9d7000000,0x000000e9d7100000)]
  0x0000027920592a80 JavaThread "AsyncHttpClient-1-5" daemon [_thread_in_native, id=1904, stack(0x000000e9d7400000,0x000000e9d7500000)]
  0x0000027920595aa0 JavaThread "AsyncHttpClient-1-6" daemon [_thread_in_native, id=9692, stack(0x000000e9d6900000,0x000000e9d6a00000)]
  0x0000027920594760 JavaThread "AsyncHttpClient-1-7" daemon [_thread_in_native, id=9904, stack(0x000000e9d7300000,0x000000e9d7400000)]

Other Threads:
  0x0000027901bc9280 VMThread "VM Thread" [stack: 0x000000e9d4400000,0x000000e9d4500000] [id=912]
  0x000002791eabccc0 WatcherThread [stack: 0x000000e9d4f00000,0x000000e9d5000000] [id=2832]
  0x0000027901b499a0 GCTaskThread "GC Thread#0" [stack: 0x000000e9d3f00000,0x000000e9d4000000] [id=2072]
  0x000002791febd060 GCTaskThread "GC Thread#1" [stack: 0x000000e9d5100000,0x000000e9d5200000] [id=6660]
  0x000002791febd310 GCTaskThread "GC Thread#2" [stack: 0x000000e9d5400000,0x000000e9d5500000] [id=4524]
  0x000002791febd5c0 GCTaskThread "GC Thread#3" [stack: 0x000000e9d5500000,0x000000e9d5600000] [id=5504]
  0x0000027901b535f0 ConcurrentGCThread "G1 Main Marker" [stack: 0x000000e9d4000000,0x000000e9d4100000] [id=8064]
  0x0000027901b547a0 ConcurrentGCThread "G1 Conc#0" [stack: 0x000000e9d4100000,0x000000e9d4200000] [id=1936]
  0x0000027901b92e00 ConcurrentGCThread "G1 Refine#0" [stack: 0x000000e9d4200000,0x000000e9d4300000] [id=9672]
  0x000002791fefe100 ConcurrentGCThread "G1 Refine#1" [stack: 0x000000e9d5600000,0x000000e9d5700000] [id=9160]
  0x000002791f6ccb80 ConcurrentGCThread "G1 Refine#2" [stack: 0x000000e9d7100000,0x000000e9d7200000] [id=9616]
  0x0000027921782040 ConcurrentGCThread "G1 Refine#3" [stack: 0x000000e9d7200000,0x000000e9d7300000] [id=9728]
  0x0000027901b93820 ConcurrentGCThread "G1 Service" [stack: 0x000000e9d4300000,0x000000e9d4400000] [id=4740]

Threads with active compile tasks:
C2 CompilerThread0    62303 4607       4       atu.testrecorder.media.quicktime.AnimationCodec::encodeDelta24 (796 bytes)

VM state: not at safepoint (normal execution)

VM Mutex/Monitor currently owned by a thread: None

Heap address: 0x00000000c3800000, size: 968 MB, Compressed Oops mode: 32-bit

CDS archive(s) mapped at: [0x0000000800000000-0x0000000800bc0000-0x0000000800bc0000), size 12320768, SharedBaseAddress: 0x0000000800000000, ArchiveRelocationMode: 0.
Compressed class space mapped at: 0x0000000800c00000-0x0000000840c00000, reserved size: 1073741824
Narrow klass base: 0x0000000800000000, Narrow klass shift: 0, Narrow klass range: 0x100000000

GC Precious Log:
 CPUs: 4 total, 4 available
 Memory: 3869M
 Large Page Support: Disabled
 NUMA Support: Disabled
 Compressed Oops: Enabled (32-bit)
 Heap Region Size: 1M
 Heap Min Capacity: 8M
 Heap Initial Capacity: 62M
 Heap Max Capacity: 968M
 Pre-touch: Disabled
 Parallel Workers: 4
 Concurrent Workers: 1
 Concurrent Refinement Workers: 4
 Periodic GC: Disabled

Heap:
 garbage-first heap   total 326656K, used 120634K [0x00000000c3800000, 0x0000000100000000)
  region size 1024K, 6 young (6144K), 1 survivors (1024K)
 Metaspace       used 34678K, committed 34944K, reserved 1081344K
  class space    used 4140K, committed 4288K, reserved 1048576K

Heap Regions: E=young(eden), S=young(survivor), O=old, HS=humongous(starts), HC=humongous(continues), CS=collection set, F=free, OA=open archive, CA=closed archive, TAMS=top-at-mark-start (previous, next)
|   0|0x00000000c3800000, 0x00000000c3900000, 0x00000000c3900000|100%| O|  |TAMS 0x00000000c3900000, 0x00000000c3900000| Untracked 
|   1|0x00000000c3900000, 0x00000000c3a00000, 0x00000000c3a00000|100%| O|  |TAMS 0x00000000c3a00000, 0x00000000c3a00000| Untracked 
|   2|0x00000000c3a00000, 0x00000000c3b00000, 0x00000000c3b00000|100%| O|  |TAMS 0x00000000c3b00000, 0x00000000c3b00000| Untracked 
|   3|0x00000000c3b00000, 0x00000000c3c00000, 0x00000000c3c00000|100%| O|  |TAMS 0x00000000c3c00000, 0x00000000c3c00000| Untracked 
|   4|0x00000000c3c00000, 0x00000000c3d00000, 0x00000000c3d00000|100%| O|  |TAMS 0x00000000c3d00000, 0x00000000c3d00000| Untracked 
|   5|0x00000000c3d00000, 0x00000000c3e00000, 0x00000000c3e00000|100%| O|  |TAMS 0x00000000c3e00000, 0x00000000c3e00000| Untracked 
|   6|0x00000000c3e00000, 0x00000000c3f00000, 0x00000000c3f00000|100%| O|  |TAMS 0x00000000c3f00000, 0x00000000c3f00000| Untracked 
|   7|0x00000000c3f00000, 0x00000000c4000000, 0x00000000c4000000|100%| O|  |TAMS 0x00000000c4000000, 0x00000000c4000000| Untracked 
|   8|0x00000000c4000000, 0x00000000c4081400, 0x00000000c4100000| 50%| O|  |TAMS 0x00000000c4081400, 0x00000000c4081400| Untracked 
|   9|0x00000000c4100000, 0x00000000c4200000, 0x00000000c4200000|100%| O|  |TAMS 0x00000000c4200000, 0x00000000c4200000| Untracked 
|  10|0x00000000c4200000, 0x00000000c4300000, 0x00000000c4300000|100%| O|  |TAMS 0x00000000c4300000, 0x00000000c4300000| Untracked 
|  11|0x00000000c4300000, 0x00000000c4400000, 0x00000000c4400000|100%| O|  |TAMS 0x00000000c4400000, 0x00000000c4400000| Untracked 
|  12|0x00000000c4400000, 0x00000000c4500000, 0x00000000c4500000|100%|HS|  |TAMS 0x00000000c4500000, 0x00000000c4500000| Complete 
|  13|0x00000000c4500000, 0x00000000c4600000, 0x00000000c4600000|100%|HC|  |TAMS 0x00000000c4600000, 0x00000000c4600000| Complete 
|  14|0x00000000c4600000, 0x00000000c4700000, 0x00000000c4700000|100%|HC|  |TAMS 0x00000000c4700000, 0x00000000c4700000| Complete 
|  15|0x00000000c4700000, 0x00000000c4800000, 0x00000000c4800000|100%|HC|  |TAMS 0x00000000c4800000, 0x00000000c4800000| Complete 
|  16|0x00000000c4800000, 0x00000000c4900000, 0x00000000c4900000|100%|HC|  |TAMS 0x00000000c4900000, 0x00000000c4900000| Complete 
|  17|0x00000000c4900000, 0x00000000c4a00000, 0x00000000c4a00000|100%|HC|  |TAMS 0x00000000c4a00000, 0x00000000c4a00000| Complete 
|  18|0x00000000c4a00000, 0x00000000c4b00000, 0x00000000c4b00000|100%|HC|  |TAMS 0x00000000c4b00000, 0x00000000c4b00000| Complete 
|  19|0x00000000c4b00000, 0x00000000c4c00000, 0x00000000c4c00000|100%|HC|  |TAMS 0x00000000c4c00000, 0x00000000c4c00000| Complete 
|  20|0x00000000c4c00000, 0x00000000c4d00000, 0x00000000c4d00000|100%|HC|  |TAMS 0x00000000c4d00000, 0x00000000c4d00000| Complete 
|  21|0x00000000c4d00000, 0x00000000c4e00000, 0x00000000c4e00000|100%|HC|  |TAMS 0x00000000c4e00000, 0x00000000c4e00000| Complete 
|  22|0x00000000c4e00000, 0x00000000c4f00000, 0x00000000c4f00000|100%|HC|  |TAMS 0x00000000c4f00000, 0x00000000c4f00000| Complete 
|  23|0x00000000c4f00000, 0x00000000c5000000, 0x00000000c5000000|100%|HC|  |TAMS 0x00000000c5000000, 0x00000000c5000000| Complete 
|  24|0x00000000c5000000, 0x00000000c5100000, 0x00000000c5100000|100%|HC|  |TAMS 0x00000000c5100000, 0x00000000c5100000| Complete 
|  25|0x00000000c5100000, 0x00000000c5200000, 0x00000000c5200000|100%|HC|  |TAMS 0x00000000c5200000, 0x00000000c5200000| Complete 
|  26|0x00000000c5200000, 0x00000000c5300000, 0x00000000c5300000|100%|HC|  |TAMS 0x00000000c5300000, 0x00000000c5300000| Complete 
|  27|0x00000000c5300000, 0x00000000c5400000, 0x00000000c5400000|100%|HC|  |TAMS 0x00000000c5400000, 0x00000000c5400000| Complete 
|  28|0x00000000c5400000, 0x00000000c5500000, 0x00000000c5500000|100%|HC|  |TAMS 0x00000000c5500000, 0x00000000c5500000| Complete 
|  29|0x00000000c5500000, 0x00000000c5600000, 0x00000000c5600000|100%| O|  |TAMS 0x00000000c5600000, 0x00000000c5600000| Untracked 
|  30|0x00000000c5600000, 0x00000000c5630c00, 0x00000000c5700000| 19%| O|  |TAMS 0x00000000c5630c00, 0x00000000c5630c00| Untracked 
|  31|0x00000000c5700000, 0x00000000c5800000, 0x00000000c5800000|100%|HS|  |TAMS 0x00000000c5700000, 0x00000000c5800000| Complete 
|  32|0x00000000c5800000, 0x00000000c5900000, 0x00000000c5900000|100%|HC|  |TAMS 0x00000000c5800000, 0x00000000c5900000| Complete 
|  33|0x00000000c5900000, 0x00000000c5a00000, 0x00000000c5a00000|100%|HC|  |TAMS 0x00000000c5900000, 0x00000000c5a00000| Complete 
|  34|0x00000000c5a00000, 0x00000000c5b00000, 0x00000000c5b00000|100%|HC|  |TAMS 0x00000000c5a00000, 0x00000000c5b00000| Complete 
|  35|0x00000000c5b00000, 0x00000000c5c00000, 0x00000000c5c00000|100%|HC|  |TAMS 0x00000000c5b00000, 0x00000000c5c00000| Complete 
|  36|0x00000000c5c00000, 0x00000000c5d00000, 0x00000000c5d00000|100%|HS|  |TAMS 0x00000000c5c00000, 0x00000000c5d00000| Complete 
|  37|0x00000000c5d00000, 0x00000000c5e00000, 0x00000000c5e00000|100%|HC|  |TAMS 0x00000000c5d00000, 0x00000000c5e00000| Complete 
|  38|0x00000000c5e00000, 0x00000000c5f00000, 0x00000000c5f00000|100%|HC|  |TAMS 0x00000000c5e00000, 0x00000000c5f00000| Complete 
|  39|0x00000000c5f00000, 0x00000000c6000000, 0x00000000c6000000|100%|HC|  |TAMS 0x00000000c5f00000, 0x00000000c6000000| Complete 
|  40|0x00000000c6000000, 0x00000000c6100000, 0x00000000c6100000|100%|HC|  |TAMS 0x00000000c6000000, 0x00000000c6100000| Complete 
|  41|0x00000000c6100000, 0x00000000c6200000, 0x00000000c6200000|100%|HS|  |TAMS 0x00000000c6100000, 0x00000000c6200000| Complete 
|  42|0x00000000c6200000, 0x00000000c6300000, 0x00000000c6300000|100%|HC|  |TAMS 0x00000000c6200000, 0x00000000c6300000| Complete 
|  43|0x00000000c6300000, 0x00000000c6400000, 0x00000000c6400000|100%|HC|  |TAMS 0x00000000c6300000, 0x00000000c6400000| Complete 
|  44|0x00000000c6400000, 0x00000000c6500000, 0x00000000c6500000|100%|HC|  |TAMS 0x00000000c6400000, 0x00000000c6500000| Complete 
|  45|0x00000000c6500000, 0x00000000c6600000, 0x00000000c6600000|100%|HC|  |TAMS 0x00000000c6500000, 0x00000000c6600000| Complete 
|  46|0x00000000c6600000, 0x00000000c6700000, 0x00000000c6700000|100%| O|  |TAMS 0x00000000c6600000, 0x00000000c6700000| Untracked 
|  47|0x00000000c6700000, 0x00000000c6800000, 0x00000000c6800000|100%|HS|  |TAMS 0x00000000c6700000, 0x00000000c6800000| Complete 
|  48|0x00000000c6800000, 0x00000000c6900000, 0x00000000c6900000|100%|HC|  |TAMS 0x00000000c6800000, 0x00000000c6900000| Complete 
|  49|0x00000000c6900000, 0x00000000c6a00000, 0x00000000c6a00000|100%|HC|  |TAMS 0x00000000c6900000, 0x00000000c6a00000| Complete 
|  50|0x00000000c6a00000, 0x00000000c6b00000, 0x00000000c6b00000|100%|HC|  |TAMS 0x00000000c6a00000, 0x00000000c6b00000| Complete 
|  51|0x00000000c6b00000, 0x00000000c6c00000, 0x00000000c6c00000|100%|HC|  |TAMS 0x00000000c6b00000, 0x00000000c6c00000| Complete 
|  52|0x00000000c6c00000, 0x00000000c6d00000, 0x00000000c6d00000|100%|HS|  |TAMS 0x00000000c6c00000, 0x00000000c6d00000| Complete 
|  53|0x00000000c6d00000, 0x00000000c6e00000, 0x00000000c6e00000|100%|HC|  |TAMS 0x00000000c6d00000, 0x00000000c6e00000| Complete 
|  54|0x00000000c6e00000, 0x00000000c6f00000, 0x00000000c6f00000|100%|HC|  |TAMS 0x00000000c6e00000, 0x00000000c6f00000| Complete 
|  55|0x00000000c6f00000, 0x00000000c7000000, 0x00000000c7000000|100%|HC|  |TAMS 0x00000000c6f00000, 0x00000000c7000000| Complete 
|  56|0x00000000c7000000, 0x00000000c7100000, 0x00000000c7100000|100%|HC|  |TAMS 0x00000000c7000000, 0x00000000c7100000| Complete 
|  57|0x00000000c7100000, 0x00000000c7200000, 0x00000000c7200000|100%|HS|  |TAMS 0x00000000c7100000, 0x00000000c7200000| Complete 
|  58|0x00000000c7200000, 0x00000000c7300000, 0x00000000c7300000|100%|HC|  |TAMS 0x00000000c7200000, 0x00000000c7300000| Complete 
|  59|0x00000000c7300000, 0x00000000c7400000, 0x00000000c7400000|100%|HC|  |TAMS 0x00000000c7300000, 0x00000000c7400000| Complete 
|  60|0x00000000c7400000, 0x00000000c7500000, 0x00000000c7500000|100%|HC|  |TAMS 0x00000000c7400000, 0x00000000c7500000| Complete 
|  61|0x00000000c7500000, 0x00000000c7600000, 0x00000000c7600000|100%|HC|  |TAMS 0x00000000c7500000, 0x00000000c7600000| Complete 
|  62|0x00000000c7600000, 0x00000000c7700000, 0x00000000c7700000|100%|HS|  |TAMS 0x00000000c7600000, 0x00000000c7700000| Complete 
|  63|0x00000000c7700000, 0x00000000c7800000, 0x00000000c7800000|100%|HC|  |TAMS 0x00000000c7700000, 0x00000000c7800000| Complete 
|  64|0x00000000c7800000, 0x00000000c7900000, 0x00000000c7900000|100%|HS|  |TAMS 0x00000000c7800000, 0x00000000c7800000| Complete 
|  65|0x00000000c7900000, 0x00000000c7a00000, 0x00000000c7a00000|100%|HC|  |TAMS 0x00000000c7900000, 0x00000000c7900000| Complete 
|  66|0x00000000c7a00000, 0x00000000c7b00000, 0x00000000c7b00000|100%|HC|  |TAMS 0x00000000c7a00000, 0x00000000c7a00000| Complete 
|  67|0x00000000c7b00000, 0x00000000c7c00000, 0x00000000c7c00000|100%|HC|  |TAMS 0x00000000c7b00000, 0x00000000c7b00000| Complete 
|  68|0x00000000c7c00000, 0x00000000c7d00000, 0x00000000c7d00000|100%|HC|  |TAMS 0x00000000c7c00000, 0x00000000c7c00000| Complete 
|  69|0x00000000c7d00000, 0x00000000c7e00000, 0x00000000c7e00000|100%|HS|  |TAMS 0x00000000c7d00000, 0x00000000c7d00000| Complete 
|  70|0x00000000c7e00000, 0x00000000c7f00000, 0x00000000c7f00000|100%|HC|  |TAMS 0x00000000c7e00000, 0x00000000c7e00000| Complete 
|  71|0x00000000c7f00000, 0x00000000c8000000, 0x00000000c8000000|100%|HC|  |TAMS 0x00000000c7f00000, 0x00000000c7f00000| Complete 
|  72|0x00000000c8000000, 0x00000000c8100000, 0x00000000c8100000|100%|HC|  |TAMS 0x00000000c8000000, 0x00000000c8000000| Complete 
|  73|0x00000000c8100000, 0x00000000c8200000, 0x00000000c8200000|100%|HC|  |TAMS 0x00000000c8100000, 0x00000000c8100000| Complete 
|  74|0x00000000c8200000, 0x00000000c8200000, 0x00000000c8300000|  0%| F|  |TAMS 0x00000000c8200000, 0x00000000c8200000| Untracked 
|  75|0x00000000c8300000, 0x00000000c8300000, 0x00000000c8400000|  0%| F|  |TAMS 0x00000000c8300000, 0x00000000c8300000| Untracked 
|  76|0x00000000c8400000, 0x00000000c8400000, 0x00000000c8500000|  0%| F|  |TAMS 0x00000000c8400000, 0x00000000c8400000| Untracked 
|  77|0x00000000c8500000, 0x00000000c8600000, 0x00000000c8600000|100%|HS|  |TAMS 0x00000000c8500000, 0x00000000c8600000| Complete 
|  78|0x00000000c8600000, 0x00000000c8700000, 0x00000000c8700000|100%|HC|  |TAMS 0x00000000c8600000, 0x00000000c8700000| Complete 
|  79|0x00000000c8700000, 0x00000000c8800000, 0x00000000c8800000|100%|HC|  |TAMS 0x00000000c8700000, 0x00000000c8800000| Complete 
|  80|0x00000000c8800000, 0x00000000c8900000, 0x00000000c8900000|100%|HC|  |TAMS 0x00000000c8800000, 0x00000000c8900000| Complete 
|  81|0x00000000c8900000, 0x00000000c8a00000, 0x00000000c8a00000|100%|HC|  |TAMS 0x00000000c8900000, 0x00000000c8a00000| Complete 
|  82|0x00000000c8a00000, 0x00000000c8b00000, 0x00000000c8b00000|100%|HC|  |TAMS 0x00000000c8a00000, 0x00000000c8b00000| Complete 
|  83|0x00000000c8b00000, 0x00000000c8c00000, 0x00000000c8c00000|100%|HC|  |TAMS 0x00000000c8b00000, 0x00000000c8c00000| Complete 
|  84|0x00000000c8c00000, 0x00000000c8d00000, 0x00000000c8d00000|100%|HC|  |TAMS 0x00000000c8c00000, 0x00000000c8d00000| Complete 
|  85|0x00000000c8d00000, 0x00000000c8e00000, 0x00000000c8e00000|100%|HC|  |TAMS 0x00000000c8d00000, 0x00000000c8e00000| Complete 
|  86|0x00000000c8e00000, 0x00000000c8f00000, 0x00000000c8f00000|100%|HC|  |TAMS 0x00000000c8e00000, 0x00000000c8f00000| Complete 
|  87|0x00000000c8f00000, 0x00000000c9000000, 0x00000000c9000000|100%|HC|  |TAMS 0x00000000c8f00000, 0x00000000c9000000| Complete 
|  88|0x00000000c9000000, 0x00000000c9100000, 0x00000000c9100000|100%|HC|  |TAMS 0x00000000c9000000, 0x00000000c9100000| Complete 
|  89|0x00000000c9100000, 0x00000000c9200000, 0x00000000c9200000|100%|HC|  |TAMS 0x00000000c9100000, 0x00000000c9200000| Complete 
|  90|0x00000000c9200000, 0x00000000c9300000, 0x00000000c9300000|100%|HC|  |TAMS 0x00000000c9200000, 0x00000000c9300000| Complete 
|  91|0x00000000c9300000, 0x00000000c9400000, 0x00000000c9400000|100%|HC|  |TAMS 0x00000000c9300000, 0x00000000c9400000| Complete 
|  92|0x00000000c9400000, 0x00000000c9500000, 0x00000000c9500000|100%|HC|  |TAMS 0x00000000c9400000, 0x00000000c9500000| Complete 
|  93|0x00000000c9500000, 0x00000000c9600000, 0x00000000c9600000|100%|HC|  |TAMS 0x00000000c9500000, 0x00000000c9600000| Complete 
|  94|0x00000000c9600000, 0x00000000c9700000, 0x00000000c9700000|100%| O|  |TAMS 0x00000000c9600000, 0x00000000c9700000| Untracked 
|  95|0x00000000c9700000, 0x00000000c9800000, 0x00000000c9800000|100%|HS|  |TAMS 0x00000000c9700000, 0x00000000c9700000| Complete 
|  96|0x00000000c9800000, 0x00000000c9900000, 0x00000000c9900000|100%|HC|  |TAMS 0x00000000c9800000, 0x00000000c9800000| Complete 
|  97|0x00000000c9900000, 0x00000000c9a00000, 0x00000000c9a00000|100%|HC|  |TAMS 0x00000000c9900000, 0x00000000c9900000| Complete 
|  98|0x00000000c9a00000, 0x00000000c9b00000, 0x00000000c9b00000|100%|HC|  |TAMS 0x00000000c9a00000, 0x00000000c9a00000| Complete 
|  99|0x00000000c9b00000, 0x00000000c9c00000, 0x00000000c9c00000|100%|HC|  |TAMS 0x00000000c9b00000, 0x00000000c9b00000| Complete 
| 100|0x00000000c9c00000, 0x00000000c9d00000, 0x00000000c9d00000|100%|HS|  |TAMS 0x00000000c9c00000, 0x00000000c9c00000| Complete 
| 101|0x00000000c9d00000, 0x00000000c9e00000, 0x00000000c9e00000|100%|HC|  |TAMS 0x00000000c9d00000, 0x00000000c9d00000| Complete 
| 102|0x00000000c9e00000, 0x00000000c9f00000, 0x00000000c9f00000|100%|HC|  |TAMS 0x00000000c9e00000, 0x00000000c9e00000| Complete 
| 103|0x00000000c9f00000, 0x00000000ca000000, 0x00000000ca000000|100%|HC|  |TAMS 0x00000000c9f00000, 0x00000000c9f00000| Complete 
| 104|0x00000000ca000000, 0x00000000ca100000, 0x00000000ca100000|100%|HC|  |TAMS 0x00000000ca000000, 0x00000000ca000000| Complete 
| 105|0x00000000ca100000, 0x00000000ca100000, 0x00000000ca200000|  0%| F|  |TAMS 0x00000000ca100000, 0x00000000ca100000| Untracked 
| 106|0x00000000ca200000, 0x00000000ca200000, 0x00000000ca300000|  0%| F|  |TAMS 0x00000000ca200000, 0x00000000ca200000| Untracked 
| 107|0x00000000ca300000, 0x00000000ca300000, 0x00000000ca400000|  0%| F|  |TAMS 0x00000000ca300000, 0x00000000ca300000| Untracked 
| 108|0x00000000ca400000, 0x00000000ca400000, 0x00000000ca500000|  0%| F|  |TAMS 0x00000000ca400000, 0x00000000ca400000| Untracked 
| 109|0x00000000ca500000, 0x00000000ca500000, 0x00000000ca600000|  0%| F|  |TAMS 0x00000000ca500000, 0x00000000ca500000| Untracked 
| 110|0x00000000ca600000, 0x00000000ca700000, 0x00000000ca700000|100%|HS|  |TAMS 0x00000000ca600000, 0x00000000ca700000| Complete 
| 111|0x00000000ca700000, 0x00000000ca700000, 0x00000000ca800000|  0%| F|  |TAMS 0x00000000ca700000, 0x00000000ca700000| Untracked 
| 112|0x00000000ca800000, 0x00000000ca800000, 0x00000000ca900000|  0%| F|  |TAMS 0x00000000ca800000, 0x00000000ca800000| Untracked 
| 113|0x00000000ca900000, 0x00000000ca900000, 0x00000000caa00000|  0%| F|  |TAMS 0x00000000ca900000, 0x00000000ca900000| Untracked 
| 114|0x00000000caa00000, 0x00000000caa00000, 0x00000000cab00000|  0%| F|  |TAMS 0x00000000caa00000, 0x00000000caa00000| Untracked 
| 115|0x00000000cab00000, 0x00000000cab00000, 0x00000000cac00000|  0%| F|  |TAMS 0x00000000cab00000, 0x00000000cab00000| Untracked 
| 116|0x00000000cac00000, 0x00000000cac00000, 0x00000000cad00000|  0%| F|  |TAMS 0x00000000cac00000, 0x00000000cac00000| Untracked 
| 117|0x00000000cad00000, 0x00000000cad00000, 0x00000000cae00000|  0%| F|  |TAMS 0x00000000cad00000, 0x00000000cad00000| Untracked 
| 118|0x00000000cae00000, 0x00000000cae00000, 0x00000000caf00000|  0%| F|  |TAMS 0x00000000cae00000, 0x00000000cae00000| Untracked 
| 119|0x00000000caf00000, 0x00000000caf00000, 0x00000000cb000000|  0%| F|  |TAMS 0x00000000caf00000, 0x00000000caf00000| Untracked 
| 120|0x00000000cb000000, 0x00000000cb000000, 0x00000000cb100000|  0%| F|  |TAMS 0x00000000cb000000, 0x00000000cb000000| Untracked 
| 121|0x00000000cb100000, 0x00000000cb100000, 0x00000000cb200000|  0%| F|  |TAMS 0x00000000cb100000, 0x00000000cb100000| Untracked 
| 122|0x00000000cb200000, 0x00000000cb200000, 0x00000000cb300000|  0%| F|  |TAMS 0x00000000cb200000, 0x00000000cb200000| Untracked 
| 123|0x00000000cb300000, 0x00000000cb300000, 0x00000000cb400000|  0%| F|  |TAMS 0x00000000cb300000, 0x00000000cb300000| Untracked 
| 124|0x00000000cb400000, 0x00000000cb400000, 0x00000000cb500000|  0%| F|  |TAMS 0x00000000cb400000, 0x00000000cb400000| Untracked 
| 125|0x00000000cb500000, 0x00000000cb500000, 0x00000000cb600000|  0%| F|  |TAMS 0x00000000cb500000, 0x00000000cb500000| Untracked 
| 126|0x00000000cb600000, 0x00000000cb600000, 0x00000000cb700000|  0%| F|  |TAMS 0x00000000cb600000, 0x00000000cb600000| Untracked 
| 127|0x00000000cb700000, 0x00000000cb700000, 0x00000000cb800000|  0%| F|  |TAMS 0x00000000cb700000, 0x00000000cb700000| Untracked 
| 128|0x00000000cb800000, 0x00000000cb800000, 0x00000000cb900000|  0%| F|  |TAMS 0x00000000cb800000, 0x00000000cb800000| Untracked 
| 129|0x00000000cb900000, 0x00000000cb900000, 0x00000000cba00000|  0%| F|  |TAMS 0x00000000cb900000, 0x00000000cb900000| Untracked 
| 130|0x00000000cba00000, 0x00000000cba00000, 0x00000000cbb00000|  0%| F|  |TAMS 0x00000000cba00000, 0x00000000cba00000| Untracked 
| 131|0x00000000cbb00000, 0x00000000cbb00000, 0x00000000cbc00000|  0%| F|  |TAMS 0x00000000cbb00000, 0x00000000cbb00000| Untracked 
| 132|0x00000000cbc00000, 0x00000000cbc00000, 0x00000000cbd00000|  0%| F|  |TAMS 0x00000000cbc00000, 0x00000000cbc00000| Untracked 
| 133|0x00000000cbd00000, 0x00000000cbd00000, 0x00000000cbe00000|  0%| F|  |TAMS 0x00000000cbd00000, 0x00000000cbd00000| Untracked 
| 134|0x00000000cbe00000, 0x00000000cbe00000, 0x00000000cbf00000|  0%| F|  |TAMS 0x00000000cbe00000, 0x00000000cbe00000| Untracked 
| 135|0x00000000cbf00000, 0x00000000cbf9a200, 0x00000000cc000000| 60%| O|  |TAMS 0x00000000cbf00000, 0x00000000cbf99000| Untracked 
| 136|0x00000000cc000000, 0x00000000cc100000, 0x00000000cc100000|100%|HS|  |TAMS 0x00000000cc000000, 0x00000000cc100000| Complete 
| 137|0x00000000cc100000, 0x00000000cc200000, 0x00000000cc200000|100%|HC|  |TAMS 0x00000000cc100000, 0x00000000cc200000| Complete 
| 138|0x00000000cc200000, 0x00000000cc300000, 0x00000000cc300000|100%|HC|  |TAMS 0x00000000cc200000, 0x00000000cc300000| Complete 
| 139|0x00000000cc300000, 0x00000000cc400000, 0x00000000cc400000|100%|HC|  |TAMS 0x00000000cc300000, 0x00000000cc400000| Complete 
| 140|0x00000000cc400000, 0x00000000cc500000, 0x00000000cc500000|100%|HC|  |TAMS 0x00000000cc400000, 0x00000000cc500000| Complete 
| 141|0x00000000cc500000, 0x00000000cc500000, 0x00000000cc600000|  0%| F|  |TAMS 0x00000000cc500000, 0x00000000cc500000| Untracked 
| 142|0x00000000cc600000, 0x00000000cc600000, 0x00000000cc700000|  0%| F|  |TAMS 0x00000000cc600000, 0x00000000cc600000| Untracked 
| 143|0x00000000cc700000, 0x00000000cc700000, 0x00000000cc800000|  0%| F|  |TAMS 0x00000000cc700000, 0x00000000cc700000| Untracked 
| 144|0x00000000cc800000, 0x00000000cc900000, 0x00000000cc900000|100%| O|  |TAMS 0x00000000cc800000, 0x00000000cc900000| Untracked 
| 145|0x00000000cc900000, 0x00000000cca00000, 0x00000000cca00000|100%|HS|  |TAMS 0x00000000cc900000, 0x00000000cca00000| Complete 
| 146|0x00000000cca00000, 0x00000000ccb00000, 0x00000000ccb00000|100%|HC|  |TAMS 0x00000000cca00000, 0x00000000ccb00000| Complete 
| 147|0x00000000ccb00000, 0x00000000ccc00000, 0x00000000ccc00000|100%|HC|  |TAMS 0x00000000ccb00000, 0x00000000ccc00000| Complete 
| 148|0x00000000ccc00000, 0x00000000ccd00000, 0x00000000ccd00000|100%|HC|  |TAMS 0x00000000ccc00000, 0x00000000ccd00000| Complete 
| 149|0x00000000ccd00000, 0x00000000cce00000, 0x00000000cce00000|100%|HC|  |TAMS 0x00000000ccd00000, 0x00000000cce00000| Complete 
| 150|0x00000000cce00000, 0x00000000cce00000, 0x00000000ccf00000|  0%| F|  |TAMS 0x00000000cce00000, 0x00000000cce00000| Untracked 
| 151|0x00000000ccf00000, 0x00000000ccf00000, 0x00000000cd000000|  0%| F|  |TAMS 0x00000000ccf00000, 0x00000000ccf00000| Untracked 
| 152|0x00000000cd000000, 0x00000000cd000000, 0x00000000cd100000|  0%| F|  |TAMS 0x00000000cd000000, 0x00000000cd000000| Untracked 
| 153|0x00000000cd100000, 0x00000000cd100000, 0x00000000cd200000|  0%| F|  |TAMS 0x00000000cd100000, 0x00000000cd100000| Untracked 
| 154|0x00000000cd200000, 0x00000000cd200000, 0x00000000cd300000|  0%| F|  |TAMS 0x00000000cd200000, 0x00000000cd200000| Untracked 
| 155|0x00000000cd300000, 0x00000000cd300000, 0x00000000cd400000|  0%| F|  |TAMS 0x00000000cd300000, 0x00000000cd300000| Untracked 
| 156|0x00000000cd400000, 0x00000000cd400000, 0x00000000cd500000|  0%| F|  |TAMS 0x00000000cd400000, 0x00000000cd400000| Untracked 
| 157|0x00000000cd500000, 0x00000000cd500000, 0x00000000cd600000|  0%| F|  |TAMS 0x00000000cd500000, 0x00000000cd500000| Untracked 
| 158|0x00000000cd600000, 0x00000000cd600000, 0x00000000cd700000|  0%| F|  |TAMS 0x00000000cd600000, 0x00000000cd600000| Untracked 
| 159|0x00000000cd700000, 0x00000000cd700000, 0x00000000cd800000|  0%| F|  |TAMS 0x00000000cd700000, 0x00000000cd700000| Untracked 
| 160|0x00000000cd800000, 0x00000000cd800000, 0x00000000cd900000|  0%| F|  |TAMS 0x00000000cd800000, 0x00000000cd800000| Untracked 
| 161|0x00000000cd900000, 0x00000000cd900000, 0x00000000cda00000|  0%| F|  |TAMS 0x00000000cd900000, 0x00000000cd900000| Untracked 
| 162|0x00000000cda00000, 0x00000000cda00000, 0x00000000cdb00000|  0%| F|  |TAMS 0x00000000cda00000, 0x00000000cda00000| Untracked 
| 163|0x00000000cdb00000, 0x00000000cdb00000, 0x00000000cdc00000|  0%| F|  |TAMS 0x00000000cdb00000, 0x00000000cdb00000| Untracked 
| 164|0x00000000cdc00000, 0x00000000cdc00000, 0x00000000cdd00000|  0%| F|  |TAMS 0x00000000cdc00000, 0x00000000cdc00000| Untracked 
| 165|0x00000000cdd00000, 0x00000000cdd00000, 0x00000000cde00000|  0%| F|  |TAMS 0x00000000cdd00000, 0x00000000cdd00000| Untracked 
| 166|0x00000000cde00000, 0x00000000cde00000, 0x00000000cdf00000|  0%| F|  |TAMS 0x00000000cde00000, 0x00000000cde00000| Untracked 
| 167|0x00000000cdf00000, 0x00000000cdf00000, 0x00000000ce000000|  0%| F|  |TAMS 0x00000000cdf00000, 0x00000000cdf00000| Untracked 
| 168|0x00000000ce000000, 0x00000000ce000000, 0x00000000ce100000|  0%| F|  |TAMS 0x00000000ce000000, 0x00000000ce000000| Untracked 
| 169|0x00000000ce100000, 0x00000000ce100000, 0x00000000ce200000|  0%| F|  |TAMS 0x00000000ce100000, 0x00000000ce100000| Untracked 
| 170|0x00000000ce200000, 0x00000000ce200000, 0x00000000ce300000|  0%| F|  |TAMS 0x00000000ce200000, 0x00000000ce200000| Untracked 
| 171|0x00000000ce300000, 0x00000000ce300000, 0x00000000ce400000|  0%| F|  |TAMS 0x00000000ce300000, 0x00000000ce300000| Untracked 
| 172|0x00000000ce400000, 0x00000000ce400000, 0x00000000ce500000|  0%| F|  |TAMS 0x00000000ce400000, 0x00000000ce400000| Untracked 
| 173|0x00000000ce500000, 0x00000000ce500000, 0x00000000ce600000|  0%| F|  |TAMS 0x00000000ce500000, 0x00000000ce500000| Untracked 
| 174|0x00000000ce600000, 0x00000000ce600000, 0x00000000ce700000|  0%| F|  |TAMS 0x00000000ce600000, 0x00000000ce600000| Untracked 
| 175|0x00000000ce700000, 0x00000000ce700000, 0x00000000ce800000|  0%| F|  |TAMS 0x00000000ce700000, 0x00000000ce700000| Untracked 
| 176|0x00000000ce800000, 0x00000000ce800000, 0x00000000ce900000|  0%| F|  |TAMS 0x00000000ce800000, 0x00000000ce800000| Untracked 
| 177|0x00000000ce900000, 0x00000000ce900000, 0x00000000cea00000|  0%| F|  |TAMS 0x00000000ce900000, 0x00000000ce900000| Untracked 
| 178|0x00000000cea00000, 0x00000000cea00000, 0x00000000ceb00000|  0%| F|  |TAMS 0x00000000cea00000, 0x00000000cea00000| Untracked 
| 179|0x00000000ceb00000, 0x00000000ceb00000, 0x00000000cec00000|  0%| F|  |TAMS 0x00000000ceb00000, 0x00000000ceb00000| Untracked 
| 180|0x00000000cec00000, 0x00000000cec00000, 0x00000000ced00000|  0%| F|  |TAMS 0x00000000cec00000, 0x00000000cec00000| Untracked 
| 181|0x00000000ced00000, 0x00000000ced00000, 0x00000000cee00000|  0%| F|  |TAMS 0x00000000ced00000, 0x00000000ced00000| Untracked 
| 182|0x00000000cee00000, 0x00000000cee00000, 0x00000000cef00000|  0%| F|  |TAMS 0x00000000cee00000, 0x00000000cee00000| Untracked 
| 183|0x00000000cef00000, 0x00000000cef00000, 0x00000000cf000000|  0%| F|  |TAMS 0x00000000cef00000, 0x00000000cef00000| Untracked 
| 184|0x00000000cf000000, 0x00000000cf000000, 0x00000000cf100000|  0%| F|  |TAMS 0x00000000cf000000, 0x00000000cf000000| Untracked 
| 185|0x00000000cf100000, 0x00000000cf100000, 0x00000000cf200000|  0%| F|  |TAMS 0x00000000cf100000, 0x00000000cf100000| Untracked 
| 186|0x00000000cf200000, 0x00000000cf200000, 0x00000000cf300000|  0%| F|  |TAMS 0x00000000cf200000, 0x00000000cf200000| Untracked 
| 187|0x00000000cf300000, 0x00000000cf300000, 0x00000000cf400000|  0%| F|  |TAMS 0x00000000cf300000, 0x00000000cf300000| Untracked 
| 188|0x00000000cf400000, 0x00000000cf400000, 0x00000000cf500000|  0%| F|  |TAMS 0x00000000cf400000, 0x00000000cf400000| Untracked 
| 189|0x00000000cf500000, 0x00000000cf500000, 0x00000000cf600000|  0%| F|  |TAMS 0x00000000cf500000, 0x00000000cf500000| Untracked 
| 190|0x00000000cf600000, 0x00000000cf600000, 0x00000000cf700000|  0%| F|  |TAMS 0x00000000cf600000, 0x00000000cf600000| Untracked 
| 191|0x00000000cf700000, 0x00000000cf700000, 0x00000000cf800000|  0%| F|  |TAMS 0x00000000cf700000, 0x00000000cf700000| Untracked 
| 192|0x00000000cf800000, 0x00000000cf800000, 0x00000000cf900000|  0%| F|  |TAMS 0x00000000cf800000, 0x00000000cf800000| Untracked 
| 193|0x00000000cf900000, 0x00000000cf900000, 0x00000000cfa00000|  0%| F|  |TAMS 0x00000000cf900000, 0x00000000cf900000| Untracked 
| 194|0x00000000cfa00000, 0x00000000cfa00000, 0x00000000cfb00000|  0%| F|  |TAMS 0x00000000cfa00000, 0x00000000cfa00000| Untracked 
| 195|0x00000000cfb00000, 0x00000000cfb00000, 0x00000000cfc00000|  0%| F|  |TAMS 0x00000000cfb00000, 0x00000000cfb00000| Untracked 
| 196|0x00000000cfc00000, 0x00000000cfc00000, 0x00000000cfd00000|  0%| F|  |TAMS 0x00000000cfc00000, 0x00000000cfc00000| Untracked 
| 197|0x00000000cfd00000, 0x00000000cfd00000, 0x00000000cfe00000|  0%| F|  |TAMS 0x00000000cfd00000, 0x00000000cfd00000| Untracked 
| 198|0x00000000cfe00000, 0x00000000cfe00000, 0x00000000cff00000|  0%| F|  |TAMS 0x00000000cfe00000, 0x00000000cfe00000| Untracked 
| 199|0x00000000cff00000, 0x00000000cff00000, 0x00000000d0000000|  0%| F|  |TAMS 0x00000000cff00000, 0x00000000cff00000| Untracked 
| 200|0x00000000d0000000, 0x00000000d0000000, 0x00000000d0100000|  0%| F|  |TAMS 0x00000000d0000000, 0x00000000d0000000| Untracked 
| 201|0x00000000d0100000, 0x00000000d0100000, 0x00000000d0200000|  0%| F|  |TAMS 0x00000000d0100000, 0x00000000d0100000| Untracked 
| 202|0x00000000d0200000, 0x00000000d0200000, 0x00000000d0300000|  0%| F|  |TAMS 0x00000000d0200000, 0x00000000d0200000| Untracked 
| 203|0x00000000d0300000, 0x00000000d0300000, 0x00000000d0400000|  0%| F|  |TAMS 0x00000000d0300000, 0x00000000d0300000| Untracked 
| 204|0x00000000d0400000, 0x00000000d0400000, 0x00000000d0500000|  0%| F|  |TAMS 0x00000000d0400000, 0x00000000d0400000| Untracked 
| 205|0x00000000d0500000, 0x00000000d0500000, 0x00000000d0600000|  0%| F|  |TAMS 0x00000000d0500000, 0x00000000d0500000| Untracked 
| 206|0x00000000d0600000, 0x00000000d0600000, 0x00000000d0700000|  0%| F|  |TAMS 0x00000000d0600000, 0x00000000d0600000| Untracked 
| 207|0x00000000d0700000, 0x00000000d0700000, 0x00000000d0800000|  0%| F|  |TAMS 0x00000000d0700000, 0x00000000d0700000| Untracked 
| 208|0x00000000d0800000, 0x00000000d0800000, 0x00000000d0900000|  0%| F|  |TAMS 0x00000000d0800000, 0x00000000d0800000| Untracked 
| 209|0x00000000d0900000, 0x00000000d0900000, 0x00000000d0a00000|  0%| F|  |TAMS 0x00000000d0900000, 0x00000000d0900000| Untracked 
| 210|0x00000000d0a00000, 0x00000000d0a00000, 0x00000000d0b00000|  0%| F|  |TAMS 0x00000000d0a00000, 0x00000000d0a00000| Untracked 
| 211|0x00000000d0b00000, 0x00000000d0b00000, 0x00000000d0c00000|  0%| F|  |TAMS 0x00000000d0b00000, 0x00000000d0b00000| Untracked 
| 212|0x00000000d0c00000, 0x00000000d0c00000, 0x00000000d0d00000|  0%| F|  |TAMS 0x00000000d0c00000, 0x00000000d0c00000| Untracked 
| 213|0x00000000d0d00000, 0x00000000d0d00000, 0x00000000d0e00000|  0%| F|  |TAMS 0x00000000d0d00000, 0x00000000d0d00000| Untracked 
| 214|0x00000000d0e00000, 0x00000000d0e00000, 0x00000000d0f00000|  0%| F|  |TAMS 0x00000000d0e00000, 0x00000000d0e00000| Untracked 
| 215|0x00000000d0f00000, 0x00000000d0f00000, 0x00000000d1000000|  0%| F|  |TAMS 0x00000000d0f00000, 0x00000000d0f00000| Untracked 
| 216|0x00000000d1000000, 0x00000000d1000000, 0x00000000d1100000|  0%| F|  |TAMS 0x00000000d1000000, 0x00000000d1000000| Untracked 
| 217|0x00000000d1100000, 0x00000000d1100000, 0x00000000d1200000|  0%| F|  |TAMS 0x00000000d1100000, 0x00000000d1100000| Untracked 
| 218|0x00000000d1200000, 0x00000000d1200000, 0x00000000d1300000|  0%| F|  |TAMS 0x00000000d1200000, 0x00000000d1200000| Untracked 
| 219|0x00000000d1300000, 0x00000000d1300000, 0x00000000d1400000|  0%| F|  |TAMS 0x00000000d1300000, 0x00000000d1300000| Untracked 
| 220|0x00000000d1400000, 0x00000000d1400000, 0x00000000d1500000|  0%| F|  |TAMS 0x00000000d1400000, 0x00000000d1400000| Untracked 
| 221|0x00000000d1500000, 0x00000000d1500000, 0x00000000d1600000|  0%| F|  |TAMS 0x00000000d1500000, 0x00000000d1500000| Untracked 
| 222|0x00000000d1600000, 0x00000000d1600000, 0x00000000d1700000|  0%| F|  |TAMS 0x00000000d1600000, 0x00000000d1600000| Untracked 
| 223|0x00000000d1700000, 0x00000000d1700000, 0x00000000d1800000|  0%| F|  |TAMS 0x00000000d1700000, 0x00000000d1700000| Untracked 
| 224|0x00000000d1800000, 0x00000000d1800000, 0x00000000d1900000|  0%| F|  |TAMS 0x00000000d1800000, 0x00000000d1800000| Untracked 
| 225|0x00000000d1900000, 0x00000000d1900000, 0x00000000d1a00000|  0%| F|  |TAMS 0x00000000d1900000, 0x00000000d1900000| Untracked 
| 226|0x00000000d1a00000, 0x00000000d1a00000, 0x00000000d1b00000|  0%| F|  |TAMS 0x00000000d1a00000, 0x00000000d1a00000| Untracked 
| 227|0x00000000d1b00000, 0x00000000d1b00000, 0x00000000d1c00000|  0%| F|  |TAMS 0x00000000d1b00000, 0x00000000d1b00000| Untracked 
| 228|0x00000000d1c00000, 0x00000000d1c00000, 0x00000000d1d00000|  0%| F|  |TAMS 0x00000000d1c00000, 0x00000000d1c00000| Untracked 
| 229|0x00000000d1d00000, 0x00000000d1d00000, 0x00000000d1e00000|  0%| F|  |TAMS 0x00000000d1d00000, 0x00000000d1d00000| Untracked 
| 230|0x00000000d1e00000, 0x00000000d1e00000, 0x00000000d1f00000|  0%| F|  |TAMS 0x00000000d1e00000, 0x00000000d1e00000| Untracked 
| 231|0x00000000d1f00000, 0x00000000d1f00000, 0x00000000d2000000|  0%| F|  |TAMS 0x00000000d1f00000, 0x00000000d1f00000| Untracked 
| 232|0x00000000d2000000, 0x00000000d2000000, 0x00000000d2100000|  0%| F|  |TAMS 0x00000000d2000000, 0x00000000d2000000| Untracked 
| 233|0x00000000d2100000, 0x00000000d2100000, 0x00000000d2200000|  0%| F|  |TAMS 0x00000000d2100000, 0x00000000d2100000| Untracked 
| 234|0x00000000d2200000, 0x00000000d2200000, 0x00000000d2300000|  0%| F|  |TAMS 0x00000000d2200000, 0x00000000d2200000| Untracked 
| 235|0x00000000d2300000, 0x00000000d2300000, 0x00000000d2400000|  0%| F|  |TAMS 0x00000000d2300000, 0x00000000d2300000| Untracked 
| 236|0x00000000d2400000, 0x00000000d2400000, 0x00000000d2500000|  0%| F|  |TAMS 0x00000000d2400000, 0x00000000d2400000| Untracked 
| 237|0x00000000d2500000, 0x00000000d2500000, 0x00000000d2600000|  0%| F|  |TAMS 0x00000000d2500000, 0x00000000d2500000| Untracked 
| 238|0x00000000d2600000, 0x00000000d2600000, 0x00000000d2700000|  0%| F|  |TAMS 0x00000000d2600000, 0x00000000d2600000| Untracked 
| 239|0x00000000d2700000, 0x00000000d2700000, 0x00000000d2800000|  0%| F|  |TAMS 0x00000000d2700000, 0x00000000d2700000| Untracked 
| 240|0x00000000d2800000, 0x00000000d2800000, 0x00000000d2900000|  0%| F|  |TAMS 0x00000000d2800000, 0x00000000d2800000| Untracked 
| 241|0x00000000d2900000, 0x00000000d2900000, 0x00000000d2a00000|  0%| F|  |TAMS 0x00000000d2900000, 0x00000000d2900000| Untracked 
| 242|0x00000000d2a00000, 0x00000000d2a00000, 0x00000000d2b00000|  0%| F|  |TAMS 0x00000000d2a00000, 0x00000000d2a00000| Untracked 
| 243|0x00000000d2b00000, 0x00000000d2b00000, 0x00000000d2c00000|  0%| F|  |TAMS 0x00000000d2b00000, 0x00000000d2b00000| Untracked 
| 244|0x00000000d2c00000, 0x00000000d2c00000, 0x00000000d2d00000|  0%| F|  |TAMS 0x00000000d2c00000, 0x00000000d2c00000| Untracked 
| 245|0x00000000d2d00000, 0x00000000d2d00000, 0x00000000d2e00000|  0%| F|  |TAMS 0x00000000d2d00000, 0x00000000d2d00000| Untracked 
| 246|0x00000000d2e00000, 0x00000000d2e00000, 0x00000000d2f00000|  0%| F|  |TAMS 0x00000000d2e00000, 0x00000000d2e00000| Untracked 
| 247|0x00000000d2f00000, 0x00000000d2f00000, 0x00000000d3000000|  0%| F|  |TAMS 0x00000000d2f00000, 0x00000000d2f00000| Untracked 
| 248|0x00000000d3000000, 0x00000000d3000000, 0x00000000d3100000|  0%| F|  |TAMS 0x00000000d3000000, 0x00000000d3000000| Untracked 
| 249|0x00000000d3100000, 0x00000000d3100000, 0x00000000d3200000|  0%| F|  |TAMS 0x00000000d3100000, 0x00000000d3100000| Untracked 
| 250|0x00000000d3200000, 0x00000000d3200000, 0x00000000d3300000|  0%| F|  |TAMS 0x00000000d3200000, 0x00000000d3200000| Untracked 
| 251|0x00000000d3300000, 0x00000000d3300000, 0x00000000d3400000|  0%| F|  |TAMS 0x00000000d3300000, 0x00000000d3300000| Untracked 
| 252|0x00000000d3400000, 0x00000000d3400000, 0x00000000d3500000|  0%| F|  |TAMS 0x00000000d3400000, 0x00000000d3400000| Untracked 
| 253|0x00000000d3500000, 0x00000000d3500000, 0x00000000d3600000|  0%| F|  |TAMS 0x00000000d3500000, 0x00000000d3500000| Untracked 
| 254|0x00000000d3600000, 0x00000000d3600000, 0x00000000d3700000|  0%| F|  |TAMS 0x00000000d3600000, 0x00000000d3600000| Untracked 
| 255|0x00000000d3700000, 0x00000000d3700000, 0x00000000d3800000|  0%| F|  |TAMS 0x00000000d3700000, 0x00000000d3700000| Untracked 
| 256|0x00000000d3800000, 0x00000000d3800000, 0x00000000d3900000|  0%| F|  |TAMS 0x00000000d3800000, 0x00000000d3800000| Untracked 
| 257|0x00000000d3900000, 0x00000000d3900000, 0x00000000d3a00000|  0%| F|  |TAMS 0x00000000d3900000, 0x00000000d3900000| Untracked 
| 258|0x00000000d3a00000, 0x00000000d3a00000, 0x00000000d3b00000|  0%| F|  |TAMS 0x00000000d3a00000, 0x00000000d3a00000| Untracked 
| 259|0x00000000d3b00000, 0x00000000d3b00000, 0x00000000d3c00000|  0%| F|  |TAMS 0x00000000d3b00000, 0x00000000d3b00000| Untracked 
| 260|0x00000000d3c00000, 0x00000000d3c00000, 0x00000000d3d00000|  0%| F|  |TAMS 0x00000000d3c00000, 0x00000000d3c00000| Untracked 
| 261|0x00000000d3d00000, 0x00000000d3d00000, 0x00000000d3e00000|  0%| F|  |TAMS 0x00000000d3d00000, 0x00000000d3d00000| Untracked 
| 262|0x00000000d3e00000, 0x00000000d3e00000, 0x00000000d3f00000|  0%| F|  |TAMS 0x00000000d3e00000, 0x00000000d3e00000| Untracked 
| 263|0x00000000d3f00000, 0x00000000d3f00000, 0x00000000d4000000|  0%| F|  |TAMS 0x00000000d3f00000, 0x00000000d3f00000| Untracked 
| 264|0x00000000d4000000, 0x00000000d4000000, 0x00000000d4100000|  0%| F|  |TAMS 0x00000000d4000000, 0x00000000d4000000| Untracked 
| 265|0x00000000d4100000, 0x00000000d4100000, 0x00000000d4200000|  0%| F|  |TAMS 0x00000000d4100000, 0x00000000d4100000| Untracked 
| 266|0x00000000d4200000, 0x00000000d4200000, 0x00000000d4300000|  0%| F|  |TAMS 0x00000000d4200000, 0x00000000d4200000| Untracked 
| 267|0x00000000d4300000, 0x00000000d4300000, 0x00000000d4400000|  0%| F|  |TAMS 0x00000000d4300000, 0x00000000d4300000| Untracked 
| 268|0x00000000d4400000, 0x00000000d4400000, 0x00000000d4500000|  0%| F|  |TAMS 0x00000000d4400000, 0x00000000d4400000| Untracked 
| 269|0x00000000d4500000, 0x00000000d4500000, 0x00000000d4600000|  0%| F|  |TAMS 0x00000000d4500000, 0x00000000d4500000| Untracked 
| 270|0x00000000d4600000, 0x00000000d4600000, 0x00000000d4700000|  0%| F|  |TAMS 0x00000000d4600000, 0x00000000d4600000| Untracked 
| 271|0x00000000d4700000, 0x00000000d4700000, 0x00000000d4800000|  0%| F|  |TAMS 0x00000000d4700000, 0x00000000d4700000| Untracked 
| 272|0x00000000d4800000, 0x00000000d4800000, 0x00000000d4900000|  0%| F|  |TAMS 0x00000000d4800000, 0x00000000d4800000| Untracked 
| 273|0x00000000d4900000, 0x00000000d4900000, 0x00000000d4a00000|  0%| F|  |TAMS 0x00000000d4900000, 0x00000000d4900000| Untracked 
| 274|0x00000000d4a00000, 0x00000000d4a00000, 0x00000000d4b00000|  0%| F|  |TAMS 0x00000000d4a00000, 0x00000000d4a00000| Untracked 
| 275|0x00000000d4b00000, 0x00000000d4b00000, 0x00000000d4c00000|  0%| F|  |TAMS 0x00000000d4b00000, 0x00000000d4b00000| Untracked 
| 276|0x00000000d4c00000, 0x00000000d4c00000, 0x00000000d4d00000|  0%| F|  |TAMS 0x00000000d4c00000, 0x00000000d4c00000| Untracked 
| 277|0x00000000d4d00000, 0x00000000d4d00000, 0x00000000d4e00000|  0%| F|  |TAMS 0x00000000d4d00000, 0x00000000d4d00000| Untracked 
| 278|0x00000000d4e00000, 0x00000000d4e00000, 0x00000000d4f00000|  0%| F|  |TAMS 0x00000000d4e00000, 0x00000000d4e00000| Untracked 
| 279|0x00000000d4f00000, 0x00000000d4f00000, 0x00000000d5000000|  0%| F|  |TAMS 0x00000000d4f00000, 0x00000000d4f00000| Untracked 
| 280|0x00000000d5000000, 0x00000000d5000000, 0x00000000d5100000|  0%| F|  |TAMS 0x00000000d5000000, 0x00000000d5000000| Untracked 
| 281|0x00000000d5100000, 0x00000000d5100000, 0x00000000d5200000|  0%| F|  |TAMS 0x00000000d5100000, 0x00000000d5100000| Untracked 
| 282|0x00000000d5200000, 0x00000000d5200000, 0x00000000d5300000|  0%| F|  |TAMS 0x00000000d5200000, 0x00000000d5200000| Untracked 
| 283|0x00000000d5300000, 0x00000000d5300000, 0x00000000d5400000|  0%| F|  |TAMS 0x00000000d5300000, 0x00000000d5300000| Untracked 
| 284|0x00000000d5400000, 0x00000000d5400000, 0x00000000d5500000|  0%| F|  |TAMS 0x00000000d5400000, 0x00000000d5400000| Untracked 
| 285|0x00000000d5500000, 0x00000000d5500000, 0x00000000d5600000|  0%| F|  |TAMS 0x00000000d5500000, 0x00000000d5500000| Untracked 
| 286|0x00000000d5600000, 0x00000000d5600000, 0x00000000d5700000|  0%| F|  |TAMS 0x00000000d5600000, 0x00000000d5600000| Untracked 
| 287|0x00000000d5700000, 0x00000000d5700000, 0x00000000d5800000|  0%| F|  |TAMS 0x00000000d5700000, 0x00000000d5700000| Untracked 
| 288|0x00000000d5800000, 0x00000000d5800000, 0x00000000d5900000|  0%| F|  |TAMS 0x00000000d5800000, 0x00000000d5800000| Untracked 
| 289|0x00000000d5900000, 0x00000000d5900000, 0x00000000d5a00000|  0%| F|  |TAMS 0x00000000d5900000, 0x00000000d5900000| Untracked 
| 290|0x00000000d5a00000, 0x00000000d5a00000, 0x00000000d5b00000|  0%| F|  |TAMS 0x00000000d5a00000, 0x00000000d5a00000| Untracked 
| 291|0x00000000d5b00000, 0x00000000d5b00000, 0x00000000d5c00000|  0%| F|  |TAMS 0x00000000d5b00000, 0x00000000d5b00000| Untracked 
| 292|0x00000000d5c00000, 0x00000000d5c00000, 0x00000000d5d00000|  0%| F|  |TAMS 0x00000000d5c00000, 0x00000000d5c00000| Untracked 
| 293|0x00000000d5d00000, 0x00000000d5d00000, 0x00000000d5e00000|  0%| F|  |TAMS 0x00000000d5d00000, 0x00000000d5d00000| Untracked 
| 294|0x00000000d5e00000, 0x00000000d5e00000, 0x00000000d5f00000|  0%| F|  |TAMS 0x00000000d5e00000, 0x00000000d5e00000| Untracked 
| 295|0x00000000d5f00000, 0x00000000d5f00000, 0x00000000d6000000|  0%| F|  |TAMS 0x00000000d5f00000, 0x00000000d5f00000| Untracked 
| 296|0x00000000d6000000, 0x00000000d6000000, 0x00000000d6100000|  0%| F|  |TAMS 0x00000000d6000000, 0x00000000d6000000| Untracked 
| 297|0x00000000d6100000, 0x00000000d6100000, 0x00000000d6200000|  0%| F|  |TAMS 0x00000000d6100000, 0x00000000d6100000| Untracked 
| 298|0x00000000d6200000, 0x00000000d6200000, 0x00000000d6300000|  0%| F|  |TAMS 0x00000000d6200000, 0x00000000d6200000| Untracked 
| 299|0x00000000d6300000, 0x00000000d6300000, 0x00000000d6400000|  0%| F|  |TAMS 0x00000000d6300000, 0x00000000d6300000| Untracked 
| 300|0x00000000d6400000, 0x00000000d6400000, 0x00000000d6500000|  0%| F|  |TAMS 0x00000000d6400000, 0x00000000d6400000| Untracked 
| 301|0x00000000d6500000, 0x00000000d6500000, 0x00000000d6600000|  0%| F|  |TAMS 0x00000000d6500000, 0x00000000d6500000| Untracked 
| 302|0x00000000d6600000, 0x00000000d6600000, 0x00000000d6700000|  0%| F|  |TAMS 0x00000000d6600000, 0x00000000d6600000| Untracked 
| 303|0x00000000d6700000, 0x00000000d6700000, 0x00000000d6800000|  0%| F|  |TAMS 0x00000000d6700000, 0x00000000d6700000| Untracked 
| 304|0x00000000d6800000, 0x00000000d6800000, 0x00000000d6900000|  0%| F|  |TAMS 0x00000000d6800000, 0x00000000d6800000| Untracked 
| 305|0x00000000d6900000, 0x00000000d6900000, 0x00000000d6a00000|  0%| F|  |TAMS 0x00000000d6900000, 0x00000000d6900000| Untracked 
| 306|0x00000000d6a00000, 0x00000000d6a00000, 0x00000000d6b00000|  0%| F|  |TAMS 0x00000000d6a00000, 0x00000000d6a00000| Untracked 
| 307|0x00000000d6b00000, 0x00000000d6b00000, 0x00000000d6c00000|  0%| F|  |TAMS 0x00000000d6b00000, 0x00000000d6b00000| Untracked 
| 308|0x00000000d6c00000, 0x00000000d6c00000, 0x00000000d6d00000|  0%| F|  |TAMS 0x00000000d6c00000, 0x00000000d6c00000| Untracked 
| 309|0x00000000d6d00000, 0x00000000d6d00000, 0x00000000d6e00000|  0%| F|  |TAMS 0x00000000d6d00000, 0x00000000d6d00000| Untracked 
| 310|0x00000000d6e00000, 0x00000000d6e00000, 0x00000000d6f00000|  0%| F|  |TAMS 0x00000000d6e00000, 0x00000000d6e00000| Untracked 
| 311|0x00000000d6f00000, 0x00000000d6f00000, 0x00000000d7000000|  0%| F|  |TAMS 0x00000000d6f00000, 0x00000000d6f00000| Untracked 
| 312|0x00000000d7000000, 0x00000000d7000000, 0x00000000d7100000|  0%| F|  |TAMS 0x00000000d7000000, 0x00000000d7000000| Untracked 
| 313|0x00000000d7100000, 0x00000000d7182800, 0x00000000d7200000| 50%| S|CS|TAMS 0x00000000d7100000, 0x00000000d7100000| Complete 
| 314|0x00000000d7200000, 0x00000000d7200800, 0x00000000d7300000|  0%| E|  |TAMS 0x00000000d7200000, 0x00000000d7200000| Complete 
| 315|0x00000000d7300000, 0x00000000d7400000, 0x00000000d7400000|100%| E|CS|TAMS 0x00000000d7300000, 0x00000000d7300000| Complete 
| 316|0x00000000d7400000, 0x00000000d7500000, 0x00000000d7500000|100%| E|CS|TAMS 0x00000000d7400000, 0x00000000d7400000| Complete 
| 317|0x00000000d7500000, 0x00000000d7600000, 0x00000000d7600000|100%| E|CS|TAMS 0x00000000d7500000, 0x00000000d7500000| Complete 
| 318|0x00000000d7600000, 0x00000000d7700000, 0x00000000d7700000|100%| E|CS|TAMS 0x00000000d7600000, 0x00000000d7600000| Complete 

Card table byte_map: [0x000002791a2f0000,0x000002791a4e0000] _byte_map_base: 0x0000027919cd4000

Marking Bits (Prev, Next): (CMBitMap*) 0x0000027901b4b3c0, (CMBitMap*) 0x0000027901b4b400
 Prev Bits: [0x000002791a6d0000, 0x000002791b5f0000)
 Next Bits: [0x000002791b5f0000, 0x000002791c510000)

Polling page: 0x00000279019d0000

Metaspace:

Usage:
  Non-class:     29.82 MB used.
      Class:      4.04 MB used.
       Both:     33.87 MB used.

Virtual space:
  Non-class space:       32.00 MB reserved,      29.94 MB ( 94%) committed,  4 nodes.
      Class space:        1.00 GB reserved,       4.19 MB ( <1%) committed,  1 nodes.
             Both:        1.03 GB reserved,      34.12 MB (  3%) committed. 

Chunk freelists:
   Non-Class:  1.62 MB
       Class:  3.70 MB
        Both:  5.33 MB

MaxMetaspaceSize: unlimited
CompressedClassSpaceSize: 1.00 GB
Initial GC threshold: 21.00 MB
Current GC threshold: 50.00 MB
CDS: on
MetaspaceReclaimPolicy: balanced
 - commit_granule_bytes: 65536.
 - commit_granule_words: 8192.
 - virtual_space_node_default_size: 1048576.
 - enlarge_chunks_in_place: 1.
 - new_chunks_are_fully_committed: 0.
 - uncommit_free_chunks: 1.
 - use_allocation_guard: 0.
 - handle_deallocations: 1.


Internal statistics:

num_allocs_failed_limit: 3.
num_arena_births: 270.
num_arena_deaths: 0.
num_vsnodes_births: 5.
num_vsnodes_deaths: 0.
num_space_committed: 546.
num_space_uncommitted: 0.
num_chunks_returned_to_freelist: 3.
num_chunks_taken_from_freelist: 1175.
num_chunk_merges: 3.
num_chunk_splits: 827.
num_chunks_enlarged: 674.
num_purges: 0.
num_inconsistent_stats: 0.

CodeHeap 'non-profiled nmethods': size=120000Kb used=2095Kb max_used=2095Kb free=117904Kb
 bounds [0x00000279125b0000, 0x0000027912820000, 0x0000027919ae0000]
CodeHeap 'profiled nmethods': size=120000Kb used=9088Kb max_used=9088Kb free=110911Kb
 bounds [0x000002790b080000, 0x000002790b970000, 0x00000279125b0000]
CodeHeap 'non-nmethods': size=5760Kb used=1381Kb max_used=1437Kb free=4378Kb
 bounds [0x000002790aae0000, 0x000002790ad50000, 0x000002790b080000]
 total_blobs=5349 nmethods=4624 adapters=637
 compilation: enabled
              stopped_count=0, restarted_count=0
 full_count=0

Compilation events (20 events):
Event: 60.040 Thread 0x0000027901bed6e0 4611       3       com.google.common.collect.AbstractMapBasedMultiset$2::<init> (15 bytes)
Event: 60.040 Thread 0x0000027901bed6e0 nmethod 4611 0x000002790b952090 code [0x000002790b952240, 0x000002790b952458]
Event: 60.040 Thread 0x0000027901bed6e0 4612       3       com.google.common.collect.AbstractMapBasedMultiset$2::next (5 bytes)
Event: 60.041 Thread 0x0000027901bed6e0 nmethod 4612 0x000002790b952510 code [0x000002790b9526c0, 0x000002790b952808]
Event: 60.041 Thread 0x0000027901bed6e0 4618       1       org.testng.internal.TestResult::getMethod (5 bytes)
Event: 60.041 Thread 0x0000027901bed6e0 nmethod 4618 0x00000279127bb710 code [0x00000279127bb8a0, 0x00000279127bb978]
Event: 60.041 Thread 0x0000027901bed6e0 4613       3       com.google.common.collect.AbstractMapBasedMultiset$2::next (28 bytes)
Event: 60.041 Thread 0x0000027901bed6e0 nmethod 4613 0x000002790b952890 code [0x000002790b952a60, 0x000002790b952fe8]
Event: 60.041 Thread 0x0000027901bed6e0 4614       3       com.google.common.collect.AbstractMapBasedMultiset$2$1::<init> (15 bytes)
Event: 60.041 Thread 0x0000027901bed6e0 nmethod 4614 0x000002790b953190 code [0x000002790b953340, 0x000002790b9535b8]
Event: 60.041 Thread 0x0000027901bed6e0 4615       3       com.google.common.collect.AbstractMapBasedMultiset$2$1::getElement (10 bytes)
Event: 60.041 Thread 0x0000027901bed6e0 nmethod 4615 0x000002790b953690 code [0x000002790b953840, 0x000002790b953a08]
Event: 60.041 Thread 0x0000027901bed6e0 4616       3       com.google.common.collect.AbstractMapBasedMultiset$2$1::getCount (69 bytes)
Event: 60.042 Thread 0x0000027901bed6e0 nmethod 4616 0x000002790b953b10 code [0x000002790b953d20, 0x000002790b9544e8]
Event: 60.043 Thread 0x0000027901bed6e0 4619   !   3       java.net.URI$Parser::parseAuthority (257 bytes)
Event: 60.044 Thread 0x0000027901bed6e0 nmethod 4619 0x000002790b954790 code [0x000002790b954a60, 0x000002790b955778]
Event: 60.044 Thread 0x0000027901bed6e0 4620   !   3       java.net.URI$Parser::parseServer (338 bytes)
Event: 60.047 Thread 0x0000027901bed6e0 nmethod 4620 0x000002790b955d90 code [0x000002790b9562a0, 0x000002790b958658]
Event: 60.047 Thread 0x0000027901bed6e0 4621   !   3       java.net.URI$Parser::parseIPv4Address (67 bytes)
Event: 60.047 Thread 0x0000027901bed6e0 nmethod 4621 0x000002790b959510 code [0x000002790b959740, 0x000002790b959fb8]

GC Heap History (20 events):
Event: 55.614 GC heap before
{Heap before GC invocations=53 (full 0):
 garbage-first heap   total 326656K, used 147793K [0x00000000c3800000, 0x0000000100000000)
  region size 1024K, 6 young (6144K), 1 survivors (1024K)
 Metaspace       used 34513K, committed 34816K, reserved 1081344K
  class space    used 4131K, committed 4288K, reserved 1048576K
}
Event: 55.616 GC heap after
{Heap after GC invocations=54 (full 0):
 garbage-first heap   total 326656K, used 113448K [0x00000000c3800000, 0x0000000100000000)
  region size 1024K, 1 young (1024K), 1 survivors (1024K)
 Metaspace       used 34513K, committed 34816K, reserved 1081344K
  class space    used 4131K, committed 4288K, reserved 1048576K
}
Event: 56.021 GC heap before
{Heap before GC invocations=54 (full 0):
 garbage-first heap   total 326656K, used 145192K [0x00000000c3800000, 0x0000000100000000)
  region size 1024K, 3 young (3072K), 1 survivors (1024K)
 Metaspace       used 34529K, committed 34816K, reserved 1081344K
  class space    used 4133K, committed 4288K, reserved 1048576K
}
Event: 56.022 GC heap after
{Heap after GC invocations=55 (full 0):
 garbage-first heap   total 326656K, used 98107K [0x00000000c3800000, 0x0000000100000000)
  region size 1024K, 1 young (1024K), 1 survivors (1024K)
 Metaspace       used 34529K, committed 34816K, reserved 1081344K
  class space    used 4133K, committed 4288K, reserved 1048576K
}
Event: 56.618 GC heap before
{Heap before GC invocations=55 (full 0):
 garbage-first heap   total 326656K, used 145211K [0x00000000c3800000, 0x0000000100000000)
  region size 1024K, 3 young (3072K), 1 survivors (1024K)
 Metaspace       used 34529K, committed 34816K, reserved 1081344K
  class space    used 4133K, committed 4288K, reserved 1048576K
}
Event: 56.621 GC heap after
{Heap after GC invocations=56 (full 0):
 garbage-first heap   total 326656K, used 113471K [0x00000000c3800000, 0x0000000100000000)
  region size 1024K, 1 young (1024K), 1 survivors (1024K)
 Metaspace       used 34529K, committed 34816K, reserved 1081344K
  class space    used 4133K, committed 4288K, reserved 1048576K
}
Event: 57.009 GC heap before
{Heap before GC invocations=56 (full 0):
 garbage-first heap   total 326656K, used 145215K [0x00000000c3800000, 0x0000000100000000)
  region size 1024K, 3 young (3072K), 1 survivors (1024K)
 Metaspace       used 34535K, committed 34816K, reserved 1081344K
  class space    used 4133K, committed 4288K, reserved 1048576K
}
Event: 57.011 GC heap after
{Heap after GC invocations=57 (full 0):
 garbage-first heap   total 326656K, used 98114K [0x00000000c3800000, 0x0000000100000000)
  region size 1024K, 1 young (1024K), 1 survivors (1024K)
 Metaspace       used 34535K, committed 34816K, reserved 1081344K
  class space    used 4133K, committed 4288K, reserved 1048576K
}
Event: 57.603 GC heap before
{Heap before GC invocations=57 (full 0):
 garbage-first heap   total 326656K, used 145218K [0x00000000c3800000, 0x0000000100000000)
  region size 1024K, 3 young (3072K), 1 survivors (1024K)
 Metaspace       used 34597K, committed 34944K, reserved 1081344K
  class space    used 4133K, committed 4288K, reserved 1048576K
}
Event: 57.605 GC heap after
{Heap after GC invocations=58 (full 0):
 garbage-first heap   total 326656K, used 113483K [0x00000000c3800000, 0x0000000100000000)
  region size 1024K, 1 young (1024K), 1 survivors (1024K)
 Metaspace       used 34597K, committed 34944K, reserved 1081344K
  class space    used 4133K, committed 4288K, reserved 1048576K
}
Event: 57.994 GC heap before
{Heap before GC invocations=58 (full 0):
 garbage-first heap   total 326656K, used 145227K [0x00000000c3800000, 0x0000000100000000)
  region size 1024K, 3 young (3072K), 1 survivors (1024K)
 Metaspace       used 34599K, committed 34944K, reserved 1081344K
  class space    used 4133K, committed 4288K, reserved 1048576K
}
Event: 57.996 GC heap after
{Heap after GC invocations=59 (full 0):
 garbage-first heap   total 326656K, used 98108K [0x00000000c3800000, 0x0000000100000000)
  region size 1024K, 1 young (1024K), 1 survivors (1024K)
 Metaspace       used 34599K, committed 34944K, reserved 1081344K
  class space    used 4133K, committed 4288K, reserved 1048576K
}
Event: 58.598 GC heap before
{Heap before GC invocations=59 (full 0):
 garbage-first heap   total 326656K, used 144188K [0x00000000c3800000, 0x0000000100000000)
  region size 1024K, 2 young (2048K), 1 survivors (1024K)
 Metaspace       used 34599K, committed 34944K, reserved 1081344K
  class space    used 4133K, committed 4288K, reserved 1048576K
}
Event: 58.600 GC heap after
{Heap after GC invocations=60 (full 0):
 garbage-first heap   total 326656K, used 113486K [0x00000000c3800000, 0x0000000100000000)
  region size 1024K, 1 young (1024K), 1 survivors (1024K)
 Metaspace       used 34599K, committed 34944K, reserved 1081344K
  class space    used 4133K, committed 4288K, reserved 1048576K
}
Event: 58.986 GC heap before
{Heap before GC invocations=60 (full 0):
 garbage-first heap   total 326656K, used 145230K [0x00000000c3800000, 0x0000000100000000)
  region size 1024K, 3 young (3072K), 1 survivors (1024K)
 Metaspace       used 34599K, committed 34944K, reserved 1081344K
  class space    used 4133K, committed 4288K, reserved 1048576K
}
Event: 58.987 GC heap after
{Heap after GC invocations=61 (full 0):
 garbage-first heap   total 326656K, used 98109K [0x00000000c3800000, 0x0000000100000000)
  region size 1024K, 1 young (1024K), 1 survivors (1024K)
 Metaspace       used 34599K, committed 34944K, reserved 1081344K
  class space    used 4133K, committed 4288K, reserved 1048576K
}
Event: 59.579 GC heap before
{Heap before GC invocations=61 (full 0):
 garbage-first heap   total 326656K, used 147261K [0x00000000c3800000, 0x0000000100000000)
  region size 1024K, 4 young (4096K), 1 survivors (1024K)
 Metaspace       used 34607K, committed 34944K, reserved 1081344K
  class space    used 4133K, committed 4288K, reserved 1048576K
}
Event: 59.581 GC heap after
{Heap after GC invocations=62 (full 0):
 garbage-first heap   total 326656K, used 114516K [0x00000000c3800000, 0x0000000100000000)
  region size 1024K, 1 young (1024K), 1 survivors (1024K)
 Metaspace       used 34607K, committed 34944K, reserved 1081344K
  class space    used 4133K, committed 4288K, reserved 1048576K
}
Event: 59.926 GC heap before
{Heap before GC invocations=62 (full 0):
 garbage-first heap   total 326656K, used 145236K [0x00000000c3800000, 0x0000000100000000)
  region size 1024K, 5 young (5120K), 1 survivors (1024K)
 Metaspace       used 34617K, committed 34944K, reserved 1081344K
  class space    used 4135K, committed 4288K, reserved 1048576K
}
Event: 59.927 GC heap after
{Heap after GC invocations=63 (full 0):
 garbage-first heap   total 326656K, used 96058K [0x00000000c3800000, 0x0000000100000000)
  region size 1024K, 1 young (1024K), 1 survivors (1024K)
 Metaspace       used 34617K, committed 34944K, reserved 1081344K
  class space    used 4135K, committed 4288K, reserved 1048576K
}

Deoptimization events (20 events):
Event: 59.909 Thread 0x0000027920599e00 DEOPT PACKING pc=0x000002790b89fded sp=0x000000e9d6afe970
Event: 59.909 Thread 0x0000027920599e00 DEOPT UNPACKING pc=0x000002790ab32b43 sp=0x000000e9d6afdf70 mode 0
Event: 59.909 Thread 0x0000027920599e00 Uncommon trap: trap_request=0xffffff45 fr.pc=0x000002791277a794 relative=0x00000000000019b4
Event: 59.909 Thread 0x0000027920599e00 Uncommon trap: reason=unstable_if action=reinterpret pc=0x000002791277a794 method=atu.testrecorder.media.quicktime.AnimationCodec.encodeDelta24(Ljavax/imageio/stream/ImageOutputStream;[I[IIIII)V @ 482 c2
Event: 59.909 Thread 0x0000027920599e00 DEOPT PACKING pc=0x000002791277a794 sp=0x000000e9d6afeaa0
Event: 59.909 Thread 0x0000027920599e00 DEOPT UNPACKING pc=0x000002790ab323a3 sp=0x000000e9d6afea80 mode 2
Event: 60.032 Thread 0x0000027920599e00 DEOPT PACKING pc=0x000002790b94f3d6 sp=0x000000e9d6afead0
Event: 60.032 Thread 0x0000027920599e00 DEOPT UNPACKING pc=0x000002790ab32b43 sp=0x000000e9d6afdf70 mode 0
Event: 60.033 Thread 0x0000027920599e00 DEOPT PACKING pc=0x000002790b89ff0e sp=0x000000e9d6afe970
Event: 60.033 Thread 0x0000027920599e00 DEOPT UNPACKING pc=0x000002790ab32b43 sp=0x000000e9d6afdf70 mode 0
Event: 60.033 Thread 0x0000027920599e00 DEOPT PACKING pc=0x000002790b89ff0e sp=0x000000e9d6afe970
Event: 60.033 Thread 0x0000027920599e00 DEOPT UNPACKING pc=0x000002790ab32b43 sp=0x000000e9d6afdf70 mode 0
Event: 60.033 Thread 0x0000027920599e00 DEOPT PACKING pc=0x000002790b89ff0e sp=0x000000e9d6afe970
Event: 60.033 Thread 0x0000027920599e00 DEOPT UNPACKING pc=0x000002790ab32b43 sp=0x000000e9d6afdf70 mode 0
Event: 60.033 Thread 0x0000027920599e00 DEOPT PACKING pc=0x000002790b89ff0e sp=0x000000e9d6afe970
Event: 60.033 Thread 0x0000027920599e00 DEOPT UNPACKING pc=0x000002790ab32b43 sp=0x000000e9d6afdf70 mode 0
Event: 60.033 Thread 0x0000027920599e00 Uncommon trap: trap_request=0xffffff45 fr.pc=0x00000279127b6f50 relative=0x00000000000037f0
Event: 60.033 Thread 0x0000027920599e00 Uncommon trap: reason=unstable_if action=reinterpret pc=0x00000279127b6f50 method=atu.testrecorder.media.quicktime.AnimationCodec.encodeDelta24(Ljavax/imageio/stream/ImageOutputStream;[I[IIIII)V @ 711 c2
Event: 60.033 Thread 0x0000027920599e00 DEOPT PACKING pc=0x00000279127b6f50 sp=0x000000e9d6afeac0
Event: 60.033 Thread 0x0000027920599e00 DEOPT UNPACKING pc=0x000002790ab323a3 sp=0x000000e9d6afea88 mode 2

Classes unloaded (0 events):
No events

Classes redefined (0 events):
No events

Internal exceptions (20 events):
Event: 40.162 Thread 0x0000027920c30c10 Exception <a 'java/lang/NoSuchMethodError'{0x00000000c9a7f9f0}: 'java.lang.Object java.lang.invoke.DirectMethodHandle$Holder.newInvokeSpecial(java.lang.Object, java.lang.Object, java.lang.Object, int, int, int, int, int)'> (0x00000000c9a7f9f0) 
thrown [t:\workspace\open\src\hotspot\share\interpreter\linkResolver.cpp, line 766]
Event: 40.308 Thread 0x0000027901b1d5a0 Exception <a 'java/net/SocketException'{0x00000000c994c200}: Socket is not connected: shutdown> (0x00000000c994c200) 
thrown [t:\workspace\open\src\hotspot\share\prims\jni.cpp, line 535]
Event: 40.320 Thread 0x0000027920c2ef30 Exception <a 'java/net/ConnectException'{0x00000000c98d8b98}: Connection refused: no further information> (0x00000000c98d8b98) 
thrown [t:\workspace\open\src\hotspot\share\prims\jni.cpp, line 535]
Event: 40.320 Thread 0x0000027920c2ef30 Exception <a 'java/net/SocketException'{0x00000000c98d8ed0}: Socket is not connected: shutdown> (0x00000000c98d8ed0) 
thrown [t:\workspace\open\src\hotspot\share\prims\jni.cpp, line 535]
Event: 40.333 Thread 0x0000027920c2ef30 Exception <a 'java/net/ConnectException'{0x00000000c98d9f18}: Connection refused: no further information> (0x00000000c98d9f18) 
thrown [t:\workspace\open\src\hotspot\share\prims\jni.cpp, line 535]
Event: 40.334 Thread 0x0000027920c2ef30 Exception <a 'java/net/SocketException'{0x00000000c98da250}: Socket is not connected: shutdown> (0x00000000c98da250) 
thrown [t:\workspace\open\src\hotspot\share\prims\jni.cpp, line 535]
Event: 40.356 Thread 0x0000027920c2ef30 Exception <a 'java/net/ConnectException'{0x00000000c98db298}: Connection refused: no further information> (0x00000000c98db298) 
thrown [t:\workspace\open\src\hotspot\share\prims\jni.cpp, line 535]
Event: 40.356 Thread 0x0000027920c2ef30 Exception <a 'java/net/SocketException'{0x00000000c98db5d0}: Socket is not connected: shutdown> (0x00000000c98db5d0) 
thrown [t:\workspace\open\src\hotspot\share\prims\jni.cpp, line 535]
Event: 40.411 Thread 0x0000027920c2ef30 Exception <a 'java/net/ConnectException'{0x00000000c98dc618}: Connection refused: no further information> (0x00000000c98dc618) 
thrown [t:\workspace\open\src\hotspot\share\prims\jni.cpp, line 535]
Event: 40.411 Thread 0x0000027920c2ef30 Exception <a 'java/net/SocketException'{0x00000000c98dc950}: Socket is not connected: shutdown> (0x00000000c98dc950) 
thrown [t:\workspace\open\src\hotspot\share\prims\jni.cpp, line 535]
Event: 40.507 Thread 0x0000027920c2ef30 Exception <a 'java/net/ConnectException'{0x00000000c98dd998}: Connection refused: no further information> (0x00000000c98dd998) 
thrown [t:\workspace\open\src\hotspot\share\prims\jni.cpp, line 535]
Event: 40.507 Thread 0x0000027920c2ef30 Exception <a 'java/net/SocketException'{0x00000000c98ddcd0}: Socket is not connected: shutdown> (0x00000000c98ddcd0) 
thrown [t:\workspace\open\src\hotspot\share\prims\jni.cpp, line 535]
Event: 40.679 Thread 0x0000027920c2ef30 Exception <a 'java/net/ConnectException'{0x00000000c98ded18}: Connection refused: no further information> (0x00000000c98ded18) 
thrown [t:\workspace\open\src\hotspot\share\prims\jni.cpp, line 535]
Event: 40.679 Thread 0x0000027920c2ef30 Exception <a 'java/net/SocketException'{0x00000000c98df050}: Socket is not connected: shutdown> (0x00000000c98df050) 
thrown [t:\workspace\open\src\hotspot\share\prims\jni.cpp, line 535]
Event: 41.009 Thread 0x0000027920c2ef30 Exception <a 'java/net/ConnectException'{0x00000000d2180d78}: Connection refused: no further information> (0x00000000d2180d78) 
thrown [t:\workspace\open\src\hotspot\share\prims\jni.cpp, line 535]
Event: 41.009 Thread 0x0000027920c2ef30 Exception <a 'java/net/SocketException'{0x00000000d21810b0}: Socket is not connected: shutdown> (0x00000000d21810b0) 
thrown [t:\workspace\open\src\hotspot\share\prims\jni.cpp, line 535]
Event: 41.337 Thread 0x0000027920c2ef30 Exception <a 'java/net/ConnectException'{0x00000000d21820f8}: Connection refused: no further information> (0x00000000d21820f8) 
thrown [t:\workspace\open\src\hotspot\share\prims\jni.cpp, line 535]
Event: 41.337 Thread 0x0000027920c2ef30 Exception <a 'java/net/SocketException'{0x00000000d2182430}: Socket is not connected: shutdown> (0x00000000d2182430) 
thrown [t:\workspace\open\src\hotspot\share\prims\jni.cpp, line 535]
Event: 41.668 Thread 0x0000027920c2ef30 Exception <a 'java/net/ConnectException'{0x00000000d2180d78}: Connection refused: no further information> (0x00000000d2180d78) 
thrown [t:\workspace\open\src\hotspot\share\prims\jni.cpp, line 535]
Event: 41.668 Thread 0x0000027920c2ef30 Exception <a 'java/net/SocketException'{0x00000000d21810b0}: Socket is not connected: shutdown> (0x00000000d21810b0) 
thrown [t:\workspace\open\src\hotspot\share\prims\jni.cpp, line 535]

VM Operations (20 events):
Event: 55.614 Executing VM operation: G1TryInitiateConcMark
Event: 55.616 Executing VM operation: G1TryInitiateConcMark done
Event: 56.021 Executing VM operation: G1TryInitiateConcMark
Event: 56.022 Executing VM operation: G1TryInitiateConcMark done
Event: 56.618 Executing VM operation: G1TryInitiateConcMark
Event: 56.621 Executing VM operation: G1TryInitiateConcMark done
Event: 57.009 Executing VM operation: G1TryInitiateConcMark
Event: 57.011 Executing VM operation: G1TryInitiateConcMark done
Event: 57.602 Executing VM operation: G1TryInitiateConcMark
Event: 57.605 Executing VM operation: G1TryInitiateConcMark done
Event: 57.994 Executing VM operation: G1TryInitiateConcMark
Event: 57.996 Executing VM operation: G1TryInitiateConcMark done
Event: 58.597 Executing VM operation: G1TryInitiateConcMark
Event: 58.600 Executing VM operation: G1TryInitiateConcMark done
Event: 58.985 Executing VM operation: G1TryInitiateConcMark
Event: 58.987 Executing VM operation: G1TryInitiateConcMark done
Event: 59.579 Executing VM operation: G1TryInitiateConcMark
Event: 59.581 Executing VM operation: G1TryInitiateConcMark done
Event: 59.926 Executing VM operation: G1TryInitiateConcMark
Event: 59.928 Executing VM operation: G1TryInitiateConcMark done

Events (20 events):
Event: 40.357 loading class java/awt/peer/MouseInfoPeer done
Event: 40.357 loading class sun/awt/windows/WMouseInfoPeer done
Event: 40.357 loading class java/awt/PointerInfo
Event: 40.357 loading class java/awt/PointerInfo done
Event: 40.380 loading class sun/java2d/opengl/OGLRenderQueue
Event: 40.394 Thread 0x0000027920595100 Thread added: 0x0000027920595100
Event: 40.394 Thread 0x0000027920598120 Thread added: 0x0000027920598120
Event: 40.413 loading class sun/java2d/opengl/OGLRenderQueue done
Event: 40.413 loading class sun/java2d/ScreenUpdateManager
Event: 40.413 loading class sun/java2d/ScreenUpdateManager done
Event: 40.413 loading class sun/java2d/d3d/D3DScreenUpdateManager
Event: 40.463 loading class sun/java2d/d3d/D3DScreenUpdateManager done
Event: 40.787 Thread 0x0000027921e452f0 Thread added: 0x0000027921e452f0
Event: 41.121 Thread 0x0000027921e452f0 Thread exited: 0x0000027921e452f0
Event: 42.000 Thread 0x00000279205985f0 Thread added: 0x00000279205985f0
Event: 42.006 Thread 0x0000027920592a80 Thread added: 0x0000027920592a80
Event: 45.185 Thread 0x0000027920c30c10 Thread exited: 0x0000027920c30c10
Event: 47.007 Thread 0x00000279205985f0 Thread exited: 0x00000279205985f0
Event: 55.348 Thread 0x0000027920595aa0 Thread added: 0x0000027920595aa0
Event: 55.370 Thread 0x0000027920594760 Thread added: 0x0000027920594760


Dynamic libraries:
0x00007ff741cd0000 - 0x00007ff741ce0000 	C:\Program Files\Java\jdk-17.0.1\bin\javaw.exe
0x00007ffbd8e70000 - 0x00007ffbd9065000 	C:\Windows\SYSTEM32\ntdll.dll
0x00007ffbd8340000 - 0x00007ffbd83fd000 	C:\Windows\System32\KERNEL32.DLL
0x00007ffbd6ad0000 - 0x00007ffbd6d97000 	C:\Windows\System32\KERNELBASE.dll
0x00007ffbd6920000 - 0x00007ffbd6a20000 	C:\Windows\System32\ucrtbase.dll
0x00007ffb9e740000 - 0x00007ffb9e75a000 	C:\Program Files\Java\jdk-17.0.1\bin\VCRUNTIME140.dll
0x00007ffb9e720000 - 0x00007ffb9e738000 	C:\Program Files\Java\jdk-17.0.1\bin\jli.dll
0x00007ffbd7e00000 - 0x00007ffbd7eaa000 	C:\Windows\System32\ADVAPI32.dll
0x00007ffbd8240000 - 0x00007ffbd82de000 	C:\Windows\System32\msvcrt.dll
0x00007ffbd7830000 - 0x00007ffbd78cb000 	C:\Windows\System32\sechost.dll
0x00007ffbd8b50000 - 0x00007ffbd8c74000 	C:\Windows\System32\RPCRT4.dll
0x00007ffbbcfd0000 - 0x00007ffbbd26b000 	C:\Windows\WinSxS\amd64_microsoft.windows.common-controls_6595b64144ccf1df_6.0.19041.488_none_ca04af081b815d21\COMCTL32.dll
0x00007ffbd7430000 - 0x00007ffbd75d0000 	C:\Windows\System32\USER32.dll
0x00007ffbd8e00000 - 0x00007ffbd8e2a000 	C:\Windows\System32\GDI32.dll
0x00007ffbd66f0000 - 0x00007ffbd6712000 	C:\Windows\System32\win32u.dll
0x00007ffbd65b0000 - 0x00007ffbd66b9000 	C:\Windows\System32\gdi32full.dll
0x00007ffbd6880000 - 0x00007ffbd691d000 	C:\Windows\System32\msvcp_win.dll
0x00007ffbcf710000 - 0x00007ffbcf71a000 	C:\Windows\SYSTEM32\VERSION.dll
0x00007ffbd80d0000 - 0x00007ffbd8100000 	C:\Windows\System32\IMM32.DLL
0x00007ffbd32c0000 - 0x00007ffbd32cc000 	C:\Program Files\Java\jdk-17.0.1\bin\vcruntime140_1.dll
0x00007ffb98890000 - 0x00007ffb9891d000 	C:\Program Files\Java\jdk-17.0.1\bin\msvcp140.dll
0x00007ffb95050000 - 0x00007ffb95c0e000 	C:\Program Files\Java\jdk-17.0.1\bin\server\jvm.dll
0x00007ffbd7eb0000 - 0x00007ffbd7eb8000 	C:\Windows\System32\PSAPI.DLL
0x00007ffbbf1f0000 - 0x00007ffbbf1f9000 	C:\Windows\SYSTEM32\WSOCK32.dll
0x00007ffbc7bf0000 - 0x00007ffbc7c17000 	C:\Windows\SYSTEM32\WINMM.dll
0x00007ffbd8c80000 - 0x00007ffbd8ceb000 	C:\Windows\System32\WS2_32.dll
0x00007ffbd4e90000 - 0x00007ffbd4ea3000 	C:\Windows\SYSTEM32\kernel.appcore.dll
0x00007ffbd2f20000 - 0x00007ffbd2f2a000 	C:\Program Files\Java\jdk-17.0.1\bin\jimage.dll
0x00007ffbd4400000 - 0x00007ffbd45e4000 	C:\Windows\SYSTEM32\DBGHELP.DLL
0x00007ffbb7cf0000 - 0x00007ffbb7d1c000 	C:\Windows\SYSTEM32\dbgcore.DLL
0x00007ffbd6da0000 - 0x00007ffbd6e1f000 	C:\Windows\System32\bcryptPrimitives.dll
0x00007ffb9e6f0000 - 0x00007ffb9e715000 	C:\Program Files\Java\jdk-17.0.1\bin\java.dll
0x00007ffb980f0000 - 0x00007ffb981c6000 	C:\Program Files\Java\jdk-17.0.1\bin\svml.dll
0x00007ffbd8400000 - 0x00007ffbd8b41000 	C:\Windows\System32\SHELL32.dll
0x00007ffbd46f0000 - 0x00007ffbd4e83000 	C:\Windows\SYSTEM32\windows.storage.dll
0x00007ffbd6ed0000 - 0x00007ffbd7225000 	C:\Windows\System32\combase.dll
0x00007ffbd6020000 - 0x00007ffbd604c000 	C:\Windows\SYSTEM32\Wldp.dll
0x00007ffbd75d0000 - 0x00007ffbd767e000 	C:\Windows\System32\SHCORE.dll
0x00007ffbd82e0000 - 0x00007ffbd8335000 	C:\Windows\System32\shlwapi.dll
0x00007ffbd64e0000 - 0x00007ffbd6506000 	C:\Windows\SYSTEM32\profapi.dll
0x00007ffb9e6d0000 - 0x00007ffb9e6e9000 	C:\Program Files\Java\jdk-17.0.1\bin\net.dll
0x00007ffbc7e20000 - 0x00007ffbc7f20000 	C:\Windows\SYSTEM32\WINHTTP.dll
0x00007ffbd5da0000 - 0x00007ffbd5e0a000 	C:\Windows\system32\mswsock.dll
0x00007ffb9e530000 - 0x00007ffb9e545000 	C:\Program Files\Java\jdk-17.0.1\bin\nio.dll
0x00007ffb98870000 - 0x00007ffb98888000 	C:\Program Files\Java\jdk-17.0.1\bin\zip.dll
0x00007ffbd5a90000 - 0x00007ffbd5b5b000 	C:\Windows\SYSTEM32\DNSAPI.dll
0x00007ffbd5a40000 - 0x00007ffbd5a7b000 	C:\Windows\SYSTEM32\IPHLPAPI.DLL
0x00007ffbd8100000 - 0x00007ffbd8109000 	C:\Windows\System32\NSI.dll
0x00007ffbc7c20000 - 0x00007ffbc7c2a000 	C:\Windows\System32\rasadhlp.dll
0x00007ffbc76e0000 - 0x00007ffbc775f000 	C:\Windows\System32\fwpuclnt.dll
0x00007ffbd66c0000 - 0x00007ffbd66e7000 	C:\Windows\System32\bcrypt.dll
0x00007ffbd5f70000 - 0x00007ffbd5f88000 	C:\Windows\SYSTEM32\CRYPTSP.dll
0x00007ffbd56c0000 - 0x00007ffbd56f4000 	C:\Windows\system32\rsaenh.dll
0x00007ffbd6460000 - 0x00007ffbd648e000 	C:\Windows\SYSTEM32\USERENV.dll
0x00007ffbd5f90000 - 0x00007ffbd5f9c000 	C:\Windows\SYSTEM32\CRYPTBASE.dll
0x00007ffbccf20000 - 0x00007ffbccf37000 	C:\Windows\SYSTEM32\dhcpcsvc6.DLL
0x00007ffbcb9d0000 - 0x00007ffbcb9ed000 	C:\Windows\SYSTEM32\dhcpcsvc.DLL
0x00007ffbac850000 - 0x00007ffbac867000 	C:\Windows\system32\napinsp.dll
0x00007ffbac7b0000 - 0x00007ffbac7cb000 	C:\Windows\system32\pnrpnsp.dll
0x00007ffbc86d0000 - 0x00007ffbc86e5000 	C:\Windows\system32\wshbth.dll
0x00007ffbd1560000 - 0x00007ffbd157d000 	C:\Windows\system32\NLAapi.dll
0x00007ffbabab0000 - 0x00007ffbabac2000 	C:\Windows\System32\winrnr.dll
0x00007ffbcf7b0000 - 0x00007ffbcf7c0000 	C:\Program Files\Java\jdk-17.0.1\bin\verify.dll
0x00007ffbceee0000 - 0x00007ffbceee9000 	C:\Program Files\Java\jdk-17.0.1\bin\management.dll
0x00007ffba8600000 - 0x00007ffba860b000 	C:\Program Files\Java\jdk-17.0.1\bin\management_ext.dll
0x00007ffba64b0000 - 0x00007ffba64be000 	C:\Program Files\Java\jdk-17.0.1\bin\sunmscapi.dll
0x00007ffbd6720000 - 0x00007ffbd687d000 	C:\Windows\System32\CRYPT32.dll
0x00007ffbd6090000 - 0x00007ffbd60b7000 	C:\Windows\SYSTEM32\ncrypt.dll
0x00007ffbd6050000 - 0x00007ffbd608b000 	C:\Windows\SYSTEM32\NTASN1.dll
0x00007ffbd1600000 - 0x00007ffbd1607000 	C:\Windows\system32\wshunix.dll
0x00007ffb99580000 - 0x00007ffb9970f000 	C:\Program Files\Java\jdk-17.0.1\bin\awt.dll
0x00007ffbd7ec0000 - 0x00007ffbd7f8d000 	C:\Windows\System32\OLEAUT32.dll
0x00007ffbd3230000 - 0x00007ffbd32c0000 	C:\Windows\SYSTEM32\apphelp.dll
0x00007ffbd3e70000 - 0x00007ffbd3e9f000 	C:\Windows\system32\DWMAPI.DLL
0x00007ffbd3560000 - 0x00007ffbd35ff000 	C:\Windows\system32\uxtheme.dll
0x00007ffbbd890000 - 0x00007ffbbd9b5000 	C:\Windows\system32\opengl32.dll
0x00007ffbbd820000 - 0x00007ffbbd84c000 	C:\Windows\SYSTEM32\GLU32.dll
0x00007ffbd7310000 - 0x00007ffbd7425000 	C:\Windows\System32\MSCTF.dll
0x00007ffbd7f90000 - 0x00007ffbd80b9000 	C:\Windows\System32\ole32.dll

dbghelp: loaded successfully - version: 4.0.5 - missing functions: none
symbol engine: initialized successfully - sym options: 0x614 - pdb path: .;C:\Program Files\Java\jdk-17.0.1\bin;C:\Windows\SYSTEM32;C:\Windows\WinSxS\amd64_microsoft.windows.common-controls_6595b64144ccf1df_6.0.19041.488_none_ca04af081b815d21;C:\Program Files\Java\jdk-17.0.1\bin\server

VM Arguments:
jvm_args: -ea -Dfile.encoding=Cp1252 -XX:+ShowCodeDetailsInExceptionMessages 
java_command: org.testng.remote.RemoteTestNG -serport 56008 -protocol json -d G:\AutomationProject\test-output G:\AutomationProject\testng.xml
java_class_path (initial): C:\Users\acs\eclipse\java-2021-12\eclipse\configuration\org.eclipse.osgi\430\0\.cp\lib\testng-remote.jar;G:\AutomationProject\target\test-classes;G:\AutomationProject\target\classes;G:\selenium\ATUTestRecorder_2.1.jar;C:\Users\acs\.m2\repository\net\jodah\failsafe\2.4.4\failsafe-2.4.4.jar;C:\Users\acs\.p2\pool\plugins\org.testng_7.4.0.r202105021533.jar;C:\Users\acs\.p2\pool\plugins\com.beust.jcommander_1.78.0.jar;C:\Users\acs\.p2\pool\plugins\org.apache-extras.beanshell.bsh_2.0.0.b6.jar;C:\Users\acs\.p2\pool\plugins\org.yaml.snakeyaml_1.21.0.jar;C:\Users\acs\.p2\pool\plugins\org.webjars.jquery_3.5.1.jar;C:\Users\acs\.m2\repository\org\seleniumhq\selenium\selenium-java\4.1.2\selenium-java-4.1.2.jar;C:\Users\acs\.m2\repository\org\seleniumhq\selenium\selenium-api\4.1.2\selenium-api-4.1.2.jar;C:\Users\acs\.m2\repository\org\seleniumhq\selenium\selenium-chrome-driver\4.1.2\selenium-chrome-driver-4.1.2.jar;C:\Users\acs\.m2\repository\com\google\auto\service\auto-service-annotations\1.0.1\auto-service-annotations-1.0.1.jar;C:\Users\acs\.m2\repository\com\google\auto\service\auto-service\1.0.1\auto-service-1.0.1.jar;C:\Users\acs\.m2\repository\com\google\auto\auto-common\1.2\auto-common-1.2.jar;C:\Users\acs\.m2\repository\com\google\guava\guava\31.0.1-jre\guava-31.0.1-jre.jar;C:\Users\acs\.m2\repository\com\google\guava\failureaccess\1.0.1\failureaccess-1.0.1.jar;C:\Users\acs\.m2\repository\com\google\guava\listenablefuture\9999.0-empty-to-avoid-conflict-with-guava\listenablefuture-9999.0-empty-to-avoid-conflict-with-guava.jar;C:\Users\acs\.m2\repository\org\checkerframework\checker-qual\3.12.0\checker-qual-3.12.0.jar;C:\Users\acs\.m2\repository\com\google\errorprone\error_prone_annotations\2.7.1\error_prone_annotations-2.7.1.jar;C:\Users\acs\.m2\repository\com\google\j2objc\j2objc-annotations\1.3\j2objc-annotations-1.3.jar;C:\Users\acs\.m2\repository\org\seleniumhq\selenium\selenium-chromium-driver\4.1.2\selenium-chromium-driver-4.1.2.jar;C:\U
Launcher Type: SUN_STANDARD

[Global flags]
     intx CICompilerCount                          = 3                                         {product} {ergonomic}
     uint ConcGCThreads                            = 1                                         {product} {ergonomic}
     uint G1ConcRefinementThreads                  = 4                                         {product} {ergonomic}
   size_t G1HeapRegionSize                         = 1048576                                   {product} {ergonomic}
    uintx GCDrainStackTargetSize                   = 64                                        {product} {ergonomic}
   size_t InitialHeapSize                          = 65011712                                  {product} {ergonomic}
   size_t MarkStackSize                            = 4194304                                   {product} {ergonomic}
   size_t MaxHeapSize                              = 1015021568                                {product} {ergonomic}
   size_t MaxNewSize                               = 608174080                                 {product} {ergonomic}
   size_t MinHeapDeltaBytes                        = 1048576                                   {product} {ergonomic}
   size_t MinHeapSize                              = 8388608                                   {product} {ergonomic}
    uintx NonNMethodCodeHeapSize                   = 5832780                                {pd product} {ergonomic}
    uintx NonProfiledCodeHeapSize                  = 122912730                              {pd product} {ergonomic}
    uintx ProfiledCodeHeapSize                     = 122912730                              {pd product} {ergonomic}
    uintx ReservedCodeCacheSize                    = 251658240                              {pd product} {ergonomic}
     bool SegmentedCodeCache                       = true                                      {product} {ergonomic}
     bool ShowCodeDetailsInExceptionMessages       = true                                   {manageable} {command line}
   size_t SoftMaxHeapSize                          = 1015021568                             {manageable} {ergonomic}
     bool UseCompressedClassPointers               = true                           {product lp64_product} {ergonomic}
     bool UseCompressedOops                        = true                           {product lp64_product} {ergonomic}
     bool UseG1GC                                  = true                                      {product} {ergonomic}
     bool UseLargePagesIndividualAllocation        = false                                  {pd product} {ergonomic}

Logging:
Log output configuration:
 #0: stdout all=warning uptime,level,tags
 #1: stderr all=off uptime,level,tags

Environment Variables:
JAVA_HOME=C:\Program Files\Java\jdk-17.0.1
PATH=C:\Program Files (x86)\VMware\VMware Workstation\bin\;C:\Program Files\Common Files\Oracle\Java\javapath;C:\Windows\system32;C:\Windows;C:\Windows\System32\Wbem;C:\Windows\System32\WindowsPowerShell\v1.0\;C:\Windows\System32\OpenSSH\;C:\Program Files\Microsoft SQL Server\Client SDK\ODBC\170\Tools\Binn\;C:\Program Files (x86)\Microsoft SQL Server\150\Tools\Binn\;C:\Program Files\Microsoft SQL Server\150\Tools\Binn\;C:\Program Files\Microsoft SQL Server\150\DTS\Binn\;C:\Program Files (x86)\Microsoft SQL Server\150\DTS\Binn\;C:\Program Files\Java\jdk-17.0.1\bin;C:\Program Files\Azure Data Studio\bin;C:\Program Files\dotnet\;C:\Program Files\Git\cmd;C:\Program Files\Git\mingw64\bin;C:\Program Files\Git\usr\bin;G:\selenium\Maven\apache-maven-3.8.4\bin;C:\Program Files\nodejs\;C:\strawberry\c\bin;C:\strawberry\perl\bin;C:\Users\acs\AppData\Local\Microsoft\WindowsApps;G:\Visual_Studio_Code\Microsoft VS Code\bin;C:\Program Files\Azure Data Studio\bin;G:\CodeBlocks\setup\CodeBlocks\MinGW\bin;C:\Users\acs\.dotnet\tools;C:\Users\acs\AppData\Roaming\npm
USERNAME=acs
OS=Windows_NT
PROCESSOR_IDENTIFIER=Intel64 Family 6 Model 142 Stepping 9, GenuineIntel



---------------  S Y S T E M  ---------------

OS:
 Windows 10 , 64 bit Build 19041 (10.0.19041.292)
OS uptime: 0 days 1:27 hours

CPU: total 4 (initial active 4) (2 cores per cpu, 2 threads per core) family 6 model 142 stepping 9 microcode 0xb4, cx8, cmov, fxsr, ht, mmx, 3dnowpref, sse, sse2, sse3, ssse3, sse4.1, sse4.2, popcnt, lzcnt, tsc, tscinvbit, avx, avx2, aes, erms, clmul, bmi1, bmi2, adx, fma, vzeroupper, clflush, clflushopt

Memory: 4k page, system-wide physical 3869M (281M free)
TotalPageFile size 5758M (AvailPageFile size 5M)
current process WorkingSet (physical memory assigned to process): 384M, peak: 388M
current process commit charge ("private bytes"): 574M, peak: 578M

vm_info: Java HotSpot(TM) 64-Bit Server VM (17.0.1+12-LTS-39) for windows-amd64 JRE (17.0.1+12-LTS-39), built on Sep 27 2021 18:41:35 by "mach5one" with MS VC++ 16.8 (VS2019)

END.
