#
# There is insufficient memory for the Java Runtime Environment to continue.
# Native memory allocation (malloc) failed to allocate 668656 bytes for Chunk::new
# Possible reasons:
#   The system is out of physical RAM or swap space
#   The process is running with CompressedOops enabled, and the Java Heap may be blocking the growth of the native heap
# Possible solutions:
#   Reduce memory load on the system
#   Increase physical memory or swap space
#   Check if swap backing store is full
#   Decrease Java heap size (-Xmx/-Xms)
#   Decrease number of Java threads
#   Decrease Java thread stack sizes (-Xss)
#   Set larger code cache with -XX:ReservedCodeCacheSize=
#   JVM is running with Unscaled Compressed Oops mode in which the Java heap is
#     placed in the first 4GB address space. The Java Heap base address is the
#     maximum limit for the native heap growth. Please use -XX:HeapBaseMinAddress
#     to set the Java Heap base and to place the Java Heap above 4GB virtual address.
# This output file may be truncated or incomplete.
#
#  Out of Memory Error (arena.cpp:189), pid=12936, tid=8440
#
# JRE version: Java(TM) SE Runtime Environment (17.0.1+12) (build 17.0.1+12-LTS-39)
# Java VM: Java HotSpot(TM) 64-Bit Server VM (17.0.1+12-LTS-39, mixed mode, sharing, tiered, compressed oops, compressed class ptrs, g1 gc, windows-amd64)
# No core dump will be written. Minidumps are not enabled by default on client versions of Windows
#

---------------  S U M M A R Y ------------

Command Line: -ea -Dfile.encoding=Cp1252 -XX:+ShowCodeDetailsInExceptionMessages org.testng.remote.RemoteTestNG -serport 63558 -protocol json -d G:\AutomationProject\test-output C:\Users\acs\AppData\Local\Temp\testng-eclipse-732186686\testng-customsuite.xml

Host: Intel(R) Core(TM) i5-7200U CPU @ 2.50GHz, 4 cores, 3G,  Windows 10 , 64 bit Build 19041 (10.0.19041.292)
Time: Thu Mar  3 20:15:55 2022 Egypt Standard Time elapsed time: 41.113689 seconds (0d 0h 0m 41s)

---------------  T H R E A D  ---------------

Current thread (0x000002442423c820):  JavaThread "C2 CompilerThread0" daemon [_thread_in_native, id=8440, stack(0x00000054f7900000,0x00000054f7a00000)]


Current CompileTask:
C2:  41113 2608 %     4       atu.testrecorder.media.quicktime.AnimationCodec::encodeDelta24 @ 408 (796 bytes)

Stack: [0x00000054f7900000,0x00000054f7a00000]
Native frames: (J=compiled Java code, j=interpreted, Vv=VM code, C=native code)
V  [jvm.dll+0x66fa1a]
V  [jvm.dll+0x7ce5a4]
V  [jvm.dll+0x7cfd4e]
V  [jvm.dll+0x7d03b3]
V  [jvm.dll+0x242b05]
V  [jvm.dll+0xaa05b]
V  [jvm.dll+0xaa5ec]
V  [jvm.dll+0x35f9b2]
V  [jvm.dll+0x1b9918]
V  [jvm.dll+0x215d49]
V  [jvm.dll+0x215011]
V  [jvm.dll+0x1a168d]
V  [jvm.dll+0x224848]
V  [jvm.dll+0x2229ac]
V  [jvm.dll+0x78435b]
V  [jvm.dll+0x77e91a]
V  [jvm.dll+0x66e845]
C  [ucrtbase.dll+0x214c2]
C  [KERNEL32.DLL+0x16fd4]
C  [ntdll.dll+0x4cec1]


---------------  P R O C E S S  ---------------

Threads class SMR info:
_java_thread_list=0x00000244262bf830, length=28, elements={
0x00000244091cfed0, 0x00000244241ff010, 0x0000024424201680, 0x0000024424212d90,
0x0000024424214e00, 0x00000244242166d0, 0x000002442423b3e0, 0x000002442423c820,
0x000002442423d970, 0x00000244242521f0, 0x0000024424d6ffc0, 0x0000024424d7a540,
0x00000244254482b0, 0x0000024425869210, 0x00000244258fe1b0, 0x00000244257a7e00,
0x0000024425c852f0, 0x0000024425c83610, 0x0000024425c84950, 0x0000024425c83140,
0x0000024425c857c0, 0x0000024425c82c70, 0x0000024425c83ae0, 0x0000024425c81e00,
0x0000024425c83fb0, 0x0000024425c822d0, 0x0000024425c827a0, 0x0000024425c84480
}

Java Threads: ( => current thread )
  0x00000244091cfed0 JavaThread "Forwarding findElement on session e174cbdcd1a6489db1af5aa14c2fa157 to remote" [_thread_blocked, id=14588, stack(0x00000054f6c00000,0x00000054f6d00000)]
  0x00000244241ff010 JavaThread "Reference Handler" daemon [_thread_blocked, id=11128, stack(0x00000054f7300000,0x00000054f7400000)]
  0x0000024424201680 JavaThread "Finalizer" daemon [_thread_blocked, id=11812, stack(0x00000054f7400000,0x00000054f7500000)]
  0x0000024424212d90 JavaThread "Signal Dispatcher" daemon [_thread_blocked, id=8628, stack(0x00000054f7500000,0x00000054f7600000)]
  0x0000024424214e00 JavaThread "Attach Listener" daemon [_thread_blocked, id=12800, stack(0x00000054f7600000,0x00000054f7700000)]
  0x00000244242166d0 JavaThread "Service Thread" daemon [_thread_blocked, id=13980, stack(0x00000054f7700000,0x00000054f7800000)]
  0x000002442423b3e0 JavaThread "Monitor Deflation Thread" daemon [_thread_blocked, id=4612, stack(0x00000054f7800000,0x00000054f7900000)]
=>0x000002442423c820 JavaThread "C2 CompilerThread0" daemon [_thread_in_native, id=8440, stack(0x00000054f7900000,0x00000054f7a00000)]
  0x000002442423d970 JavaThread "C1 CompilerThread0" daemon [_thread_blocked, id=4956, stack(0x00000054f7a00000,0x00000054f7b00000)]
  0x00000244242521f0 JavaThread "Sweeper thread" daemon [_thread_blocked, id=14152, stack(0x00000054f7b00000,0x00000054f7c00000)]
  0x0000024424d6ffc0 JavaThread "Notification Thread" daemon [_thread_blocked, id=3848, stack(0x00000054f7c00000,0x00000054f7d00000)]
  0x0000024424d7a540 JavaThread "Common-Cleaner" daemon [_thread_blocked, id=11088, stack(0x00000054f7e00000,0x00000054f7f00000)]
  0x00000244254482b0 JavaThread "ReaderThread" [_thread_in_native, id=13080, stack(0x00000054f8000000,0x00000054f8100000)]
  0x0000024425869210 JavaThread "Java2D Disposer" daemon [_thread_blocked, id=244, stack(0x00000054f8400000,0x00000054f8500000)]
  0x00000244258fe1b0 JavaThread "AWT-Windows" daemon [_thread_in_native, id=6268, stack(0x00000054f8600000,0x00000054f8700000)]
  0x00000244257a7e00 JavaThread "pool-1-thread-1" [_thread_in_native, id=9320, stack(0x00000054f8800000,0x00000054f8900000)]
  0x0000024425c852f0 JavaThread "pool-2-thread-1" [_thread_blocked, id=11792, stack(0x00000054f8900000,0x00000054f8a00000)]
  0x0000024425c83610 JavaThread "ForkJoinPool.commonPool-worker-1" daemon [_thread_blocked, id=8860, stack(0x00000054f8a00000,0x00000054f8b00000)]
  0x0000024425c84950 JavaThread "AsyncHttpClient-1-1" daemon [_thread_blocked, id=6756, stack(0x00000054f8e00000,0x00000054f8f00000)]
  0x0000024425c83140 JavaThread "Exec Default Executor" daemon [_thread_in_native, id=4616, stack(0x00000054f8f00000,0x00000054f9000000)]
  0x0000024425c857c0 JavaThread "Driver Service Executor" daemon [_thread_blocked, id=10564, stack(0x00000054f9000000,0x00000054f9100000)]
  0x0000024425c82c70 JavaThread "Driver Service Executor" daemon [_thread_blocked, id=10540, stack(0x00000054f9100000,0x00000054f9200000)]
  0x0000024425c83ae0 JavaThread "UrlChecker-2" daemon [_thread_blocked, id=4572, stack(0x00000054f9200000,0x00000054f9300000)]
  0x0000024425c81e00 JavaThread "Exec Stream Pumper" daemon [_thread_in_native, id=14460, stack(0x00000054f9300000,0x00000054f9400000)]
  0x0000024425c83fb0 JavaThread "Exec Stream Pumper" daemon [_thread_in_native, id=6512, stack(0x00000054f9400000,0x00000054f9500000)]
  0x0000024425c822d0 JavaThread "AsyncHttpClient-1-2" daemon [_thread_in_native, id=8608, stack(0x00000054f9500000,0x00000054f9600000)]
  0x0000024425c827a0 JavaThread "AsyncHttpClient-1-3" daemon [_thread_in_native, id=10380, stack(0x00000054f8700000,0x00000054f8800000)]
  0x0000024425c84480 JavaThread "AsyncHttpClient-1-4" daemon [_thread_in_native, id=9808, stack(0x00000054f8b00000,0x00000054f8c00000)]

Other Threads:
  0x00000244241f80a0 VMThread "VM Thread" [stack: 0x00000054f7200000,0x00000054f7300000] [id=9572]
  0x0000024424d748c0 WatcherThread [stack: 0x00000054f7d00000,0x00000054f7e00000] [id=1520]
  0x00000244091f9620 GCTaskThread "GC Thread#0" [stack: 0x00000054f6d00000,0x00000054f6e00000] [id=14356]
  0x00000244257afb90 GCTaskThread "GC Thread#1" [stack: 0x00000054f8100000,0x00000054f8200000] [id=14720]
  0x00000244254cc0c0 GCTaskThread "GC Thread#2" [stack: 0x00000054f8200000,0x00000054f8300000] [id=15076]
  0x0000024425734430 GCTaskThread "GC Thread#3" [stack: 0x00000054f8300000,0x00000054f8400000] [id=4560]
  0x0000024409202e70 ConcurrentGCThread "G1 Main Marker" [stack: 0x00000054f6e00000,0x00000054f6f00000] [id=6220]
  0x0000024409204890 ConcurrentGCThread "G1 Conc#0" [stack: 0x00000054f6f00000,0x00000054f7000000] [id=14012]
  0x00000244092436a0 ConcurrentGCThread "G1 Refine#0" [stack: 0x00000054f7000000,0x00000054f7100000] [id=9904]
  0x0000024425dc30c0 ConcurrentGCThread "G1 Refine#1" [stack: 0x00000054f8c00000,0x00000054f8d00000] [id=9732]
  0x0000024425dc33a0 ConcurrentGCThread "G1 Refine#2" [stack: 0x00000054f8d00000,0x00000054f8e00000] [id=14512]
  0x0000024409244fe0 ConcurrentGCThread "G1 Service" [stack: 0x00000054f7100000,0x00000054f7200000] [id=5168]

Threads with active compile tasks:
C2 CompilerThread0    41697 2608 %     4       atu.testrecorder.media.quicktime.AnimationCodec::encodeDelta24 @ 408 (796 bytes)

VM state: not at safepoint (normal execution)

VM Mutex/Monitor currently owned by a thread: None

Heap address: 0x00000000c3800000, size: 968 MB, Compressed Oops mode: 32-bit

CDS archive(s) mapped at: [0x0000000800000000-0x0000000800bc0000-0x0000000800bc0000), size 12320768, SharedBaseAddress: 0x0000000800000000, ArchiveRelocationMode: 0.
Compressed class space mapped at: 0x0000000800c00000-0x0000000840c00000, reserved size: 1073741824
Narrow klass base: 0x0000000800000000, Narrow klass shift: 0, Narrow klass range: 0x100000000

GC Precious Log:
 CPUs: 4 total, 4 available
 Memory: 3869M
 Large Page Support: Disabled
 NUMA Support: Disabled
 Compressed Oops: Enabled (32-bit)
 Heap Region Size: 1M
 Heap Min Capacity: 8M
 Heap Initial Capacity: 62M
 Heap Max Capacity: 968M
 Pre-touch: Disabled
 Parallel Workers: 4
 Concurrent Workers: 1
 Concurrent Refinement Workers: 4
 Periodic GC: Disabled

Heap:
 garbage-first heap   total 219136K, used 74451K [0x00000000c3800000, 0x0000000100000000)
  region size 1024K, 4 young (4096K), 1 survivors (1024K)
 Metaspace       used 25771K, committed 26048K, reserved 1073152K
  class space    used 3120K, committed 3264K, reserved 1048576K

Heap Regions: E=young(eden), S=young(survivor), O=old, HS=humongous(starts), HC=humongous(continues), CS=collection set, F=free, OA=open archive, CA=closed archive, TAMS=top-at-mark-start (previous, next)
|   0|0x00000000c3800000, 0x00000000c3900000, 0x00000000c3900000|100%| O|  |TAMS 0x00000000c3900000, 0x00000000c3900000| Untracked 
|   1|0x00000000c3900000, 0x00000000c3a00000, 0x00000000c3a00000|100%| O|  |TAMS 0x00000000c3a00000, 0x00000000c3a00000| Untracked 
|   2|0x00000000c3a00000, 0x00000000c3b00000, 0x00000000c3b00000|100%| O|  |TAMS 0x00000000c3b00000, 0x00000000c3b00000| Untracked 
|   3|0x00000000c3b00000, 0x00000000c3c00000, 0x00000000c3c00000|100%| O|  |TAMS 0x00000000c3c00000, 0x00000000c3c00000| Untracked 
|   4|0x00000000c3c00000, 0x00000000c3d00000, 0x00000000c3d00000|100%|HS|  |TAMS 0x00000000c3d00000, 0x00000000c3d00000| Complete 
|   5|0x00000000c3d00000, 0x00000000c3e00000, 0x00000000c3e00000|100%|HC|  |TAMS 0x00000000c3e00000, 0x00000000c3e00000| Complete 
|   6|0x00000000c3e00000, 0x00000000c3f00000, 0x00000000c3f00000|100%|HC|  |TAMS 0x00000000c3f00000, 0x00000000c3f00000| Complete 
|   7|0x00000000c3f00000, 0x00000000c4000000, 0x00000000c4000000|100%|HC|  |TAMS 0x00000000c4000000, 0x00000000c4000000| Complete 
|   8|0x00000000c4000000, 0x00000000c4100000, 0x00000000c4100000|100%|HC|  |TAMS 0x00000000c4100000, 0x00000000c4100000| Complete 
|   9|0x00000000c4100000, 0x00000000c4200000, 0x00000000c4200000|100%| O|  |TAMS 0x00000000c4200000, 0x00000000c4200000| Untracked 
|  10|0x00000000c4200000, 0x00000000c4300000, 0x00000000c4300000|100%| O|  |TAMS 0x00000000c4300000, 0x00000000c4300000| Untracked 
|  11|0x00000000c4300000, 0x00000000c4400000, 0x00000000c4400000|100%|HS|  |TAMS 0x00000000c4300000, 0x00000000c4400000| Complete 
|  12|0x00000000c4400000, 0x00000000c4500000, 0x00000000c4500000|100%|HC|  |TAMS 0x00000000c4400000, 0x00000000c4500000| Complete 
|  13|0x00000000c4500000, 0x00000000c4600000, 0x00000000c4600000|100%|HC|  |TAMS 0x00000000c4500000, 0x00000000c4600000| Complete 
|  14|0x00000000c4600000, 0x00000000c4700000, 0x00000000c4700000|100%|HC|  |TAMS 0x00000000c4600000, 0x00000000c4700000| Complete 
|  15|0x00000000c4700000, 0x00000000c4800000, 0x00000000c4800000|100%|HC|  |TAMS 0x00000000c4700000, 0x00000000c4800000| Complete 
|  16|0x00000000c4800000, 0x00000000c4900000, 0x00000000c4900000|100%|HS|  |TAMS 0x00000000c4900000, 0x00000000c4900000| Complete 
|  17|0x00000000c4900000, 0x00000000c4a00000, 0x00000000c4a00000|100%|HS|  |TAMS 0x00000000c4a00000, 0x00000000c4a00000| Complete 
|  18|0x00000000c4a00000, 0x00000000c4b00000, 0x00000000c4b00000|100%|HC|  |TAMS 0x00000000c4b00000, 0x00000000c4b00000| Complete 
|  19|0x00000000c4b00000, 0x00000000c4c00000, 0x00000000c4c00000|100%|HC|  |TAMS 0x00000000c4c00000, 0x00000000c4c00000| Complete 
|  20|0x00000000c4c00000, 0x00000000c4d00000, 0x00000000c4d00000|100%|HC|  |TAMS 0x00000000c4d00000, 0x00000000c4d00000| Complete 
|  21|0x00000000c4d00000, 0x00000000c4e00000, 0x00000000c4e00000|100%|HC|  |TAMS 0x00000000c4e00000, 0x00000000c4e00000| Complete 
|  22|0x00000000c4e00000, 0x00000000c4f00000, 0x00000000c4f00000|100%|HS|  |TAMS 0x00000000c4e00000, 0x00000000c4f00000| Complete 
|  23|0x00000000c4f00000, 0x00000000c5000000, 0x00000000c5000000|100%|HC|  |TAMS 0x00000000c4f00000, 0x00000000c5000000| Complete 
|  24|0x00000000c5000000, 0x00000000c5100000, 0x00000000c5100000|100%|HC|  |TAMS 0x00000000c5000000, 0x00000000c5100000| Complete 
|  25|0x00000000c5100000, 0x00000000c5200000, 0x00000000c5200000|100%|HC|  |TAMS 0x00000000c5100000, 0x00000000c5200000| Complete 
|  26|0x00000000c5200000, 0x00000000c5300000, 0x00000000c5300000|100%|HC|  |TAMS 0x00000000c5200000, 0x00000000c5300000| Complete 
|  27|0x00000000c5300000, 0x00000000c5400000, 0x00000000c5400000|100%|HS|  |TAMS 0x00000000c5300000, 0x00000000c5300000| Complete 
|  28|0x00000000c5400000, 0x00000000c5500000, 0x00000000c5500000|100%|HC|  |TAMS 0x00000000c5400000, 0x00000000c5400000| Complete 
|  29|0x00000000c5500000, 0x00000000c5600000, 0x00000000c5600000|100%|HC|  |TAMS 0x00000000c5500000, 0x00000000c5500000| Complete 
|  30|0x00000000c5600000, 0x00000000c5700000, 0x00000000c5700000|100%|HC|  |TAMS 0x00000000c5600000, 0x00000000c5600000| Complete 
|  31|0x00000000c5700000, 0x00000000c5800000, 0x00000000c5800000|100%|HC|  |TAMS 0x00000000c5700000, 0x00000000c5700000| Complete 
|  32|0x00000000c5800000, 0x00000000c5900000, 0x00000000c5900000|100%| O|  |TAMS 0x00000000c5900000, 0x00000000c5900000| Untracked 
|  33|0x00000000c5900000, 0x00000000c5a00000, 0x00000000c5a00000|100%| O|  |TAMS 0x00000000c5a00000, 0x00000000c5a00000| Untracked 
|  34|0x00000000c5a00000, 0x00000000c5b00000, 0x00000000c5b00000|100%|HS|  |TAMS 0x00000000c5a00000, 0x00000000c5a00000| Complete 
|  35|0x00000000c5b00000, 0x00000000c5c00000, 0x00000000c5c00000|100%|HC|  |TAMS 0x00000000c5b00000, 0x00000000c5b00000| Complete 
|  36|0x00000000c5c00000, 0x00000000c5d00000, 0x00000000c5d00000|100%|HC|  |TAMS 0x00000000c5c00000, 0x00000000c5c00000| Complete 
|  37|0x00000000c5d00000, 0x00000000c5e00000, 0x00000000c5e00000|100%|HC|  |TAMS 0x00000000c5d00000, 0x00000000c5d00000| Complete 
|  38|0x00000000c5e00000, 0x00000000c5f00000, 0x00000000c5f00000|100%|HC|  |TAMS 0x00000000c5e00000, 0x00000000c5e00000| Complete 
|  39|0x00000000c5f00000, 0x00000000c5f00000, 0x00000000c6000000|  0%| F|  |TAMS 0x00000000c5f00000, 0x00000000c5f00000| Untracked 
|  40|0x00000000c6000000, 0x00000000c6000000, 0x00000000c6100000|  0%| F|  |TAMS 0x00000000c6000000, 0x00000000c6000000| Untracked 
|  41|0x00000000c6100000, 0x00000000c6100000, 0x00000000c6200000|  0%| F|  |TAMS 0x00000000c6100000, 0x00000000c6100000| Untracked 
|  42|0x00000000c6200000, 0x00000000c6200000, 0x00000000c6300000|  0%| F|  |TAMS 0x00000000c6200000, 0x00000000c6200000| Untracked 
|  43|0x00000000c6300000, 0x00000000c6300000, 0x00000000c6400000|  0%| F|  |TAMS 0x00000000c6300000, 0x00000000c6300000| Untracked 
|  44|0x00000000c6400000, 0x00000000c6400000, 0x00000000c6500000|  0%| F|  |TAMS 0x00000000c6400000, 0x00000000c6400000| Untracked 
|  45|0x00000000c6500000, 0x00000000c6500000, 0x00000000c6600000|  0%| F|  |TAMS 0x00000000c6500000, 0x00000000c6500000| Untracked 
|  46|0x00000000c6600000, 0x00000000c6600000, 0x00000000c6700000|  0%| F|  |TAMS 0x00000000c6600000, 0x00000000c6600000| Untracked 
|  47|0x00000000c6700000, 0x00000000c6700000, 0x00000000c6800000|  0%| F|  |TAMS 0x00000000c6700000, 0x00000000c6700000| Untracked 
|  48|0x00000000c6800000, 0x00000000c6800000, 0x00000000c6900000|  0%| F|  |TAMS 0x00000000c6800000, 0x00000000c6800000| Untracked 
|  49|0x00000000c6900000, 0x00000000c6900000, 0x00000000c6a00000|  0%| F|  |TAMS 0x00000000c6900000, 0x00000000c6900000| Untracked 
|  50|0x00000000c6a00000, 0x00000000c6a00000, 0x00000000c6b00000|  0%| F|  |TAMS 0x00000000c6a00000, 0x00000000c6a00000| Untracked 
|  51|0x00000000c6b00000, 0x00000000c6b00000, 0x00000000c6c00000|  0%| F|  |TAMS 0x00000000c6b00000, 0x00000000c6b00000| Untracked 
|  52|0x00000000c6c00000, 0x00000000c6c00000, 0x00000000c6d00000|  0%| F|  |TAMS 0x00000000c6c00000, 0x00000000c6c00000| Untracked 
|  53|0x00000000c6d00000, 0x00000000c6d00000, 0x00000000c6e00000|  0%| F|  |TAMS 0x00000000c6d00000, 0x00000000c6d00000| Untracked 
|  54|0x00000000c6e00000, 0x00000000c6f00000, 0x00000000c6f00000|100%| O|  |TAMS 0x00000000c6f00000, 0x00000000c6f00000| Untracked 
|  55|0x00000000c6f00000, 0x00000000c6f00000, 0x00000000c7000000|  0%| F|  |TAMS 0x00000000c6f00000, 0x00000000c6f00000| Untracked 
|  56|0x00000000c7000000, 0x00000000c7000000, 0x00000000c7100000|  0%| F|  |TAMS 0x00000000c7000000, 0x00000000c7000000| Untracked 
|  57|0x00000000c7100000, 0x00000000c7100000, 0x00000000c7200000|  0%| F|  |TAMS 0x00000000c7100000, 0x00000000c7100000| Untracked 
|  58|0x00000000c7200000, 0x00000000c7200000, 0x00000000c7300000|  0%| F|  |TAMS 0x00000000c7200000, 0x00000000c7200000| Untracked 
|  59|0x00000000c7300000, 0x00000000c7300000, 0x00000000c7400000|  0%| F|  |TAMS 0x00000000c7300000, 0x00000000c7300000| Untracked 
|  60|0x00000000c7400000, 0x00000000c7500000, 0x00000000c7500000|100%| O|  |TAMS 0x00000000c7500000, 0x00000000c7500000| Untracked 
|  61|0x00000000c7500000, 0x00000000c7600000, 0x00000000c7600000|100%| O|  |TAMS 0x00000000c7578a00, 0x00000000c7600000| Untracked 
|  62|0x00000000c7600000, 0x00000000c76a8600, 0x00000000c7700000| 65%| O|  |TAMS 0x00000000c7600000, 0x00000000c76a5400| Untracked 
|  63|0x00000000c7700000, 0x00000000c7700000, 0x00000000c7800000|  0%| F|  |TAMS 0x00000000c7700000, 0x00000000c7700000| Untracked 
|  64|0x00000000c7800000, 0x00000000c7800000, 0x00000000c7900000|  0%| F|  |TAMS 0x00000000c7800000, 0x00000000c7800000| Untracked 
|  65|0x00000000c7900000, 0x00000000c7a00000, 0x00000000c7a00000|100%|HS|  |TAMS 0x00000000c7a00000, 0x00000000c7a00000| Complete 
|  66|0x00000000c7a00000, 0x00000000c7b00000, 0x00000000c7b00000|100%|HC|  |TAMS 0x00000000c7b00000, 0x00000000c7b00000| Complete 
|  67|0x00000000c7b00000, 0x00000000c7c00000, 0x00000000c7c00000|100%|HC|  |TAMS 0x00000000c7c00000, 0x00000000c7c00000| Complete 
|  68|0x00000000c7c00000, 0x00000000c7d00000, 0x00000000c7d00000|100%|HC|  |TAMS 0x00000000c7d00000, 0x00000000c7d00000| Complete 
|  69|0x00000000c7d00000, 0x00000000c7e00000, 0x00000000c7e00000|100%|HC|  |TAMS 0x00000000c7e00000, 0x00000000c7e00000| Complete 
|  70|0x00000000c7e00000, 0x00000000c7f00000, 0x00000000c7f00000|100%|HC|  |TAMS 0x00000000c7f00000, 0x00000000c7f00000| Complete 
|  71|0x00000000c7f00000, 0x00000000c8000000, 0x00000000c8000000|100%|HC|  |TAMS 0x00000000c8000000, 0x00000000c8000000| Complete 
|  72|0x00000000c8000000, 0x00000000c8100000, 0x00000000c8100000|100%|HC|  |TAMS 0x00000000c8100000, 0x00000000c8100000| Complete 
|  73|0x00000000c8100000, 0x00000000c8200000, 0x00000000c8200000|100%|HC|  |TAMS 0x00000000c8200000, 0x00000000c8200000| Complete 
|  74|0x00000000c8200000, 0x00000000c8300000, 0x00000000c8300000|100%|HC|  |TAMS 0x00000000c8300000, 0x00000000c8300000| Complete 
|  75|0x00000000c8300000, 0x00000000c8400000, 0x00000000c8400000|100%|HC|  |TAMS 0x00000000c8400000, 0x00000000c8400000| Complete 
|  76|0x00000000c8400000, 0x00000000c8500000, 0x00000000c8500000|100%|HC|  |TAMS 0x00000000c8500000, 0x00000000c8500000| Complete 
|  77|0x00000000c8500000, 0x00000000c8600000, 0x00000000c8600000|100%|HC|  |TAMS 0x00000000c8600000, 0x00000000c8600000| Complete 
|  78|0x00000000c8600000, 0x00000000c8700000, 0x00000000c8700000|100%|HC|  |TAMS 0x00000000c8700000, 0x00000000c8700000| Complete 
|  79|0x00000000c8700000, 0x00000000c8800000, 0x00000000c8800000|100%|HC|  |TAMS 0x00000000c8800000, 0x00000000c8800000| Complete 
|  80|0x00000000c8800000, 0x00000000c8900000, 0x00000000c8900000|100%|HC|  |TAMS 0x00000000c8900000, 0x00000000c8900000| Complete 
|  81|0x00000000c8900000, 0x00000000c8a00000, 0x00000000c8a00000|100%|HC|  |TAMS 0x00000000c8a00000, 0x00000000c8a00000| Complete 
|  82|0x00000000c8a00000, 0x00000000c8b00000, 0x00000000c8b00000|100%| O|  |TAMS 0x00000000c8b00000, 0x00000000c8b00000| Untracked 
|  83|0x00000000c8b00000, 0x00000000c8c00000, 0x00000000c8c00000|100%|HS|  |TAMS 0x00000000c8b00000, 0x00000000c8c00000| Complete 
|  84|0x00000000c8c00000, 0x00000000c8d00000, 0x00000000c8d00000|100%|HC|  |TAMS 0x00000000c8c00000, 0x00000000c8d00000| Complete 
|  85|0x00000000c8d00000, 0x00000000c8e00000, 0x00000000c8e00000|100%|HC|  |TAMS 0x00000000c8d00000, 0x00000000c8e00000| Complete 
|  86|0x00000000c8e00000, 0x00000000c8f00000, 0x00000000c8f00000|100%|HC|  |TAMS 0x00000000c8e00000, 0x00000000c8f00000| Complete 
|  87|0x00000000c8f00000, 0x00000000c9000000, 0x00000000c9000000|100%|HC|  |TAMS 0x00000000c8f00000, 0x00000000c9000000| Complete 
|  88|0x00000000c9000000, 0x00000000c9000000, 0x00000000c9100000|  0%| F|  |TAMS 0x00000000c9000000, 0x00000000c9000000| Untracked 
|  89|0x00000000c9100000, 0x00000000c9100000, 0x00000000c9200000|  0%| F|  |TAMS 0x00000000c9100000, 0x00000000c9100000| Untracked 
|  90|0x00000000c9200000, 0x00000000c9200000, 0x00000000c9300000|  0%| F|  |TAMS 0x00000000c9200000, 0x00000000c9200000| Untracked 
|  91|0x00000000c9300000, 0x00000000c9300000, 0x00000000c9400000|  0%| F|  |TAMS 0x00000000c9300000, 0x00000000c9300000| Untracked 
|  92|0x00000000c9400000, 0x00000000c9400000, 0x00000000c9500000|  0%| F|  |TAMS 0x00000000c9400000, 0x00000000c9400000| Untracked 
|  93|0x00000000c9500000, 0x00000000c9600000, 0x00000000c9600000|100%|HS|  |TAMS 0x00000000c9500000, 0x00000000c9600000| Complete 
|  94|0x00000000c9600000, 0x00000000c9700000, 0x00000000c9700000|100%|HC|  |TAMS 0x00000000c9600000, 0x00000000c9700000| Complete 
|  95|0x00000000c9700000, 0x00000000c9800000, 0x00000000c9800000|100%|HC|  |TAMS 0x00000000c9700000, 0x00000000c9800000| Complete 
|  96|0x00000000c9800000, 0x00000000c9900000, 0x00000000c9900000|100%|HC|  |TAMS 0x00000000c9800000, 0x00000000c9900000| Complete 
|  97|0x00000000c9900000, 0x00000000c9a00000, 0x00000000c9a00000|100%|HC|  |TAMS 0x00000000c9900000, 0x00000000c9a00000| Complete 
|  98|0x00000000c9a00000, 0x00000000c9a00000, 0x00000000c9b00000|  0%| F|  |TAMS 0x00000000c9a00000, 0x00000000c9a00000| Untracked 
|  99|0x00000000c9b00000, 0x00000000c9b00000, 0x00000000c9c00000|  0%| F|  |TAMS 0x00000000c9b00000, 0x00000000c9b00000| Untracked 
| 100|0x00000000c9c00000, 0x00000000c9c00000, 0x00000000c9d00000|  0%| F|  |TAMS 0x00000000c9c00000, 0x00000000c9c00000| Untracked 
| 101|0x00000000c9d00000, 0x00000000c9d00000, 0x00000000c9e00000|  0%| F|  |TAMS 0x00000000c9d00000, 0x00000000c9d00000| Untracked 
| 102|0x00000000c9e00000, 0x00000000c9e00000, 0x00000000c9f00000|  0%| F|  |TAMS 0x00000000c9e00000, 0x00000000c9e00000| Untracked 
| 103|0x00000000c9f00000, 0x00000000c9f00000, 0x00000000ca000000|  0%| F|  |TAMS 0x00000000c9f00000, 0x00000000c9f00000| Untracked 
| 104|0x00000000ca000000, 0x00000000ca000000, 0x00000000ca100000|  0%| F|  |TAMS 0x00000000ca000000, 0x00000000ca000000| Untracked 
| 105|0x00000000ca100000, 0x00000000ca100000, 0x00000000ca200000|  0%| F|  |TAMS 0x00000000ca100000, 0x00000000ca100000| Untracked 
| 106|0x00000000ca200000, 0x00000000ca200000, 0x00000000ca300000|  0%| F|  |TAMS 0x00000000ca200000, 0x00000000ca200000| Untracked 
| 107|0x00000000ca300000, 0x00000000ca300000, 0x00000000ca400000|  0%| F|  |TAMS 0x00000000ca300000, 0x00000000ca300000| Untracked 
| 108|0x00000000ca400000, 0x00000000ca400000, 0x00000000ca500000|  0%| F|  |TAMS 0x00000000ca400000, 0x00000000ca400000| Untracked 
| 109|0x00000000ca500000, 0x00000000ca500000, 0x00000000ca600000|  0%| F|  |TAMS 0x00000000ca500000, 0x00000000ca500000| Untracked 
| 110|0x00000000ca600000, 0x00000000ca600000, 0x00000000ca700000|  0%| F|  |TAMS 0x00000000ca600000, 0x00000000ca600000| Untracked 
| 111|0x00000000ca700000, 0x00000000ca700000, 0x00000000ca800000|  0%| F|  |TAMS 0x00000000ca700000, 0x00000000ca700000| Untracked 
| 112|0x00000000ca800000, 0x00000000ca800000, 0x00000000ca900000|  0%| F|  |TAMS 0x00000000ca800000, 0x00000000ca800000| Untracked 
| 113|0x00000000ca900000, 0x00000000ca900000, 0x00000000caa00000|  0%| F|  |TAMS 0x00000000ca900000, 0x00000000ca900000| Untracked 
| 114|0x00000000caa00000, 0x00000000caa00000, 0x00000000cab00000|  0%| F|  |TAMS 0x00000000caa00000, 0x00000000caa00000| Untracked 
| 115|0x00000000cab00000, 0x00000000cab00000, 0x00000000cac00000|  0%| F|  |TAMS 0x00000000cab00000, 0x00000000cab00000| Untracked 
| 116|0x00000000cac00000, 0x00000000cac00000, 0x00000000cad00000|  0%| F|  |TAMS 0x00000000cac00000, 0x00000000cac00000| Untracked 
| 117|0x00000000cad00000, 0x00000000cad00000, 0x00000000cae00000|  0%| F|  |TAMS 0x00000000cad00000, 0x00000000cad00000| Untracked 
| 118|0x00000000cae00000, 0x00000000cae00000, 0x00000000caf00000|  0%| F|  |TAMS 0x00000000cae00000, 0x00000000cae00000| Untracked 
| 119|0x00000000caf00000, 0x00000000caf00000, 0x00000000cb000000|  0%| F|  |TAMS 0x00000000caf00000, 0x00000000caf00000| Untracked 
| 120|0x00000000cb000000, 0x00000000cb000000, 0x00000000cb100000|  0%| F|  |TAMS 0x00000000cb000000, 0x00000000cb000000| Untracked 
| 121|0x00000000cb100000, 0x00000000cb100000, 0x00000000cb200000|  0%| F|  |TAMS 0x00000000cb100000, 0x00000000cb100000| Untracked 
| 122|0x00000000cb200000, 0x00000000cb200000, 0x00000000cb300000|  0%| F|  |TAMS 0x00000000cb200000, 0x00000000cb200000| Untracked 
| 123|0x00000000cb300000, 0x00000000cb300000, 0x00000000cb400000|  0%| F|  |TAMS 0x00000000cb300000, 0x00000000cb300000| Untracked 
| 124|0x00000000cb400000, 0x00000000cb400000, 0x00000000cb500000|  0%| F|  |TAMS 0x00000000cb400000, 0x00000000cb400000| Untracked 
| 125|0x00000000cb500000, 0x00000000cb500000, 0x00000000cb600000|  0%| F|  |TAMS 0x00000000cb500000, 0x00000000cb500000| Untracked 
| 126|0x00000000cb600000, 0x00000000cb600000, 0x00000000cb700000|  0%| F|  |TAMS 0x00000000cb600000, 0x00000000cb600000| Untracked 
| 127|0x00000000cb700000, 0x00000000cb700000, 0x00000000cb800000|  0%| F|  |TAMS 0x00000000cb700000, 0x00000000cb700000| Untracked 
| 128|0x00000000cb800000, 0x00000000cb800000, 0x00000000cb900000|  0%| F|  |TAMS 0x00000000cb800000, 0x00000000cb800000| Untracked 
| 129|0x00000000cb900000, 0x00000000cb900000, 0x00000000cba00000|  0%| F|  |TAMS 0x00000000cb900000, 0x00000000cb900000| Untracked 
| 130|0x00000000cba00000, 0x00000000cba00000, 0x00000000cbb00000|  0%| F|  |TAMS 0x00000000cba00000, 0x00000000cba00000| Untracked 
| 131|0x00000000cbb00000, 0x00000000cbb00000, 0x00000000cbc00000|  0%| F|  |TAMS 0x00000000cbb00000, 0x00000000cbb00000| Untracked 
| 132|0x00000000cbc00000, 0x00000000cbc00000, 0x00000000cbd00000|  0%| F|  |TAMS 0x00000000cbc00000, 0x00000000cbc00000| Untracked 
| 133|0x00000000cbd00000, 0x00000000cbd00000, 0x00000000cbe00000|  0%| F|  |TAMS 0x00000000cbd00000, 0x00000000cbd00000| Untracked 
| 134|0x00000000cbe00000, 0x00000000cbe00000, 0x00000000cbf00000|  0%| F|  |TAMS 0x00000000cbe00000, 0x00000000cbe00000| Untracked 
| 135|0x00000000cbf00000, 0x00000000cbf00000, 0x00000000cc000000|  0%| F|  |TAMS 0x00000000cbf00000, 0x00000000cbf00000| Untracked 
| 136|0x00000000cc000000, 0x00000000cc000000, 0x00000000cc100000|  0%| F|  |TAMS 0x00000000cc000000, 0x00000000cc000000| Untracked 
| 137|0x00000000cc100000, 0x00000000cc100000, 0x00000000cc200000|  0%| F|  |TAMS 0x00000000cc100000, 0x00000000cc100000| Untracked 
| 138|0x00000000cc200000, 0x00000000cc200000, 0x00000000cc300000|  0%| F|  |TAMS 0x00000000cc200000, 0x00000000cc200000| Untracked 
| 139|0x00000000cc300000, 0x00000000cc300000, 0x00000000cc400000|  0%| F|  |TAMS 0x00000000cc300000, 0x00000000cc300000| Untracked 
| 140|0x00000000cc400000, 0x00000000cc400000, 0x00000000cc500000|  0%| F|  |TAMS 0x00000000cc400000, 0x00000000cc400000| Untracked 
| 141|0x00000000cc500000, 0x00000000cc500000, 0x00000000cc600000|  0%| F|  |TAMS 0x00000000cc500000, 0x00000000cc500000| Untracked 
| 142|0x00000000cc600000, 0x00000000cc600000, 0x00000000cc700000|  0%| F|  |TAMS 0x00000000cc600000, 0x00000000cc600000| Untracked 
| 143|0x00000000cc700000, 0x00000000cc700000, 0x00000000cc800000|  0%| F|  |TAMS 0x00000000cc700000, 0x00000000cc700000| Untracked 
| 144|0x00000000cc800000, 0x00000000cc800000, 0x00000000cc900000|  0%| F|  |TAMS 0x00000000cc800000, 0x00000000cc800000| Untracked 
| 145|0x00000000cc900000, 0x00000000cc900000, 0x00000000cca00000|  0%| F|  |TAMS 0x00000000cc900000, 0x00000000cc900000| Untracked 
| 146|0x00000000cca00000, 0x00000000cca00000, 0x00000000ccb00000|  0%| F|  |TAMS 0x00000000cca00000, 0x00000000cca00000| Untracked 
| 147|0x00000000ccb00000, 0x00000000ccb00000, 0x00000000ccc00000|  0%| F|  |TAMS 0x00000000ccb00000, 0x00000000ccb00000| Untracked 
| 148|0x00000000ccc00000, 0x00000000ccc00000, 0x00000000ccd00000|  0%| F|  |TAMS 0x00000000ccc00000, 0x00000000ccc00000| Untracked 
| 149|0x00000000ccd00000, 0x00000000ccd00000, 0x00000000cce00000|  0%| F|  |TAMS 0x00000000ccd00000, 0x00000000ccd00000| Untracked 
| 150|0x00000000cce00000, 0x00000000cce00000, 0x00000000ccf00000|  0%| F|  |TAMS 0x00000000cce00000, 0x00000000cce00000| Untracked 
| 151|0x00000000ccf00000, 0x00000000ccf00000, 0x00000000cd000000|  0%| F|  |TAMS 0x00000000ccf00000, 0x00000000ccf00000| Untracked 
| 152|0x00000000cd000000, 0x00000000cd000000, 0x00000000cd100000|  0%| F|  |TAMS 0x00000000cd000000, 0x00000000cd000000| Untracked 
| 153|0x00000000cd100000, 0x00000000cd100000, 0x00000000cd200000|  0%| F|  |TAMS 0x00000000cd100000, 0x00000000cd100000| Untracked 
| 154|0x00000000cd200000, 0x00000000cd200000, 0x00000000cd300000|  0%| F|  |TAMS 0x00000000cd200000, 0x00000000cd200000| Untracked 
| 155|0x00000000cd300000, 0x00000000cd300000, 0x00000000cd400000|  0%| F|  |TAMS 0x00000000cd300000, 0x00000000cd300000| Untracked 
| 156|0x00000000cd400000, 0x00000000cd400000, 0x00000000cd500000|  0%| F|  |TAMS 0x00000000cd400000, 0x00000000cd400000| Untracked 
| 157|0x00000000cd500000, 0x00000000cd500000, 0x00000000cd600000|  0%| F|  |TAMS 0x00000000cd500000, 0x00000000cd500000| Untracked 
| 158|0x00000000cd600000, 0x00000000cd600000, 0x00000000cd700000|  0%| F|  |TAMS 0x00000000cd600000, 0x00000000cd600000| Untracked 
| 159|0x00000000cd700000, 0x00000000cd700000, 0x00000000cd800000|  0%| F|  |TAMS 0x00000000cd700000, 0x00000000cd700000| Untracked 
| 160|0x00000000cd800000, 0x00000000cd800000, 0x00000000cd900000|  0%| F|  |TAMS 0x00000000cd800000, 0x00000000cd800000| Untracked 
| 161|0x00000000cd900000, 0x00000000cd900000, 0x00000000cda00000|  0%| F|  |TAMS 0x00000000cd900000, 0x00000000cd900000| Untracked 
| 162|0x00000000cda00000, 0x00000000cda00000, 0x00000000cdb00000|  0%| F|  |TAMS 0x00000000cda00000, 0x00000000cda00000| Untracked 
| 163|0x00000000cdb00000, 0x00000000cdb00000, 0x00000000cdc00000|  0%| F|  |TAMS 0x00000000cdb00000, 0x00000000cdb00000| Untracked 
| 164|0x00000000cdc00000, 0x00000000cdc00000, 0x00000000cdd00000|  0%| F|  |TAMS 0x00000000cdc00000, 0x00000000cdc00000| Untracked 
| 165|0x00000000cdd00000, 0x00000000cdd00000, 0x00000000cde00000|  0%| F|  |TAMS 0x00000000cdd00000, 0x00000000cdd00000| Untracked 
| 166|0x00000000cde00000, 0x00000000cde00000, 0x00000000cdf00000|  0%| F|  |TAMS 0x00000000cde00000, 0x00000000cde00000| Untracked 
| 167|0x00000000cdf00000, 0x00000000cdf00000, 0x00000000ce000000|  0%| F|  |TAMS 0x00000000cdf00000, 0x00000000cdf00000| Untracked 
| 168|0x00000000ce000000, 0x00000000ce000000, 0x00000000ce100000|  0%| F|  |TAMS 0x00000000ce000000, 0x00000000ce000000| Untracked 
| 169|0x00000000ce100000, 0x00000000ce100000, 0x00000000ce200000|  0%| F|  |TAMS 0x00000000ce100000, 0x00000000ce100000| Untracked 
| 170|0x00000000ce200000, 0x00000000ce200000, 0x00000000ce300000|  0%| F|  |TAMS 0x00000000ce200000, 0x00000000ce200000| Untracked 
| 171|0x00000000ce300000, 0x00000000ce300000, 0x00000000ce400000|  0%| F|  |TAMS 0x00000000ce300000, 0x00000000ce300000| Untracked 
| 172|0x00000000ce400000, 0x00000000ce400000, 0x00000000ce500000|  0%| F|  |TAMS 0x00000000ce400000, 0x00000000ce400000| Untracked 
| 173|0x00000000ce500000, 0x00000000ce500000, 0x00000000ce600000|  0%| F|  |TAMS 0x00000000ce500000, 0x00000000ce500000| Untracked 
| 174|0x00000000ce600000, 0x00000000ce600000, 0x00000000ce700000|  0%| F|  |TAMS 0x00000000ce600000, 0x00000000ce600000| Untracked 
| 175|0x00000000ce700000, 0x00000000ce700000, 0x00000000ce800000|  0%| F|  |TAMS 0x00000000ce700000, 0x00000000ce700000| Untracked 
| 176|0x00000000ce800000, 0x00000000ce800000, 0x00000000ce900000|  0%| F|  |TAMS 0x00000000ce800000, 0x00000000ce800000| Untracked 
| 177|0x00000000ce900000, 0x00000000ce900000, 0x00000000cea00000|  0%| F|  |TAMS 0x00000000ce900000, 0x00000000ce900000| Untracked 
| 178|0x00000000cea00000, 0x00000000cea00000, 0x00000000ceb00000|  0%| F|  |TAMS 0x00000000cea00000, 0x00000000cea00000| Untracked 
| 179|0x00000000ceb00000, 0x00000000ceb00000, 0x00000000cec00000|  0%| F|  |TAMS 0x00000000ceb00000, 0x00000000ceb00000| Untracked 
| 180|0x00000000cec00000, 0x00000000cec00000, 0x00000000ced00000|  0%| F|  |TAMS 0x00000000cec00000, 0x00000000cec00000| Untracked 
| 181|0x00000000ced00000, 0x00000000ced00000, 0x00000000cee00000|  0%| F|  |TAMS 0x00000000ced00000, 0x00000000ced00000| Untracked 
| 182|0x00000000cee00000, 0x00000000cee00000, 0x00000000cef00000|  0%| F|  |TAMS 0x00000000cee00000, 0x00000000cee00000| Untracked 
| 183|0x00000000cef00000, 0x00000000cef00000, 0x00000000cf000000|  0%| F|  |TAMS 0x00000000cef00000, 0x00000000cef00000| Untracked 
| 184|0x00000000cf000000, 0x00000000cf000000, 0x00000000cf100000|  0%| F|  |TAMS 0x00000000cf000000, 0x00000000cf000000| Untracked 
| 185|0x00000000cf100000, 0x00000000cf100000, 0x00000000cf200000|  0%| F|  |TAMS 0x00000000cf100000, 0x00000000cf100000| Untracked 
| 186|0x00000000cf200000, 0x00000000cf200000, 0x00000000cf300000|  0%| F|  |TAMS 0x00000000cf200000, 0x00000000cf200000| Untracked 
| 187|0x00000000cf300000, 0x00000000cf300000, 0x00000000cf400000|  0%| F|  |TAMS 0x00000000cf300000, 0x00000000cf300000| Untracked 
| 188|0x00000000cf400000, 0x00000000cf400000, 0x00000000cf500000|  0%| F|  |TAMS 0x00000000cf400000, 0x00000000cf400000| Untracked 
| 189|0x00000000cf500000, 0x00000000cf500000, 0x00000000cf600000|  0%| F|  |TAMS 0x00000000cf500000, 0x00000000cf500000| Untracked 
| 190|0x00000000cf600000, 0x00000000cf600000, 0x00000000cf700000|  0%| F|  |TAMS 0x00000000cf600000, 0x00000000cf600000| Untracked 
| 191|0x00000000cf700000, 0x00000000cf700000, 0x00000000cf800000|  0%| F|  |TAMS 0x00000000cf700000, 0x00000000cf700000| Untracked 
| 192|0x00000000cf800000, 0x00000000cf800000, 0x00000000cf900000|  0%| F|  |TAMS 0x00000000cf800000, 0x00000000cf800000| Untracked 
| 193|0x00000000cf900000, 0x00000000cf900000, 0x00000000cfa00000|  0%| F|  |TAMS 0x00000000cf900000, 0x00000000cf900000| Untracked 
| 194|0x00000000cfa00000, 0x00000000cfa00000, 0x00000000cfb00000|  0%| F|  |TAMS 0x00000000cfa00000, 0x00000000cfa00000| Untracked 
| 195|0x00000000cfb00000, 0x00000000cfb00000, 0x00000000cfc00000|  0%| F|  |TAMS 0x00000000cfb00000, 0x00000000cfb00000| Untracked 
| 196|0x00000000cfc00000, 0x00000000cfc00000, 0x00000000cfd00000|  0%| F|  |TAMS 0x00000000cfc00000, 0x00000000cfc00000| Untracked 
| 197|0x00000000cfd00000, 0x00000000cfd00000, 0x00000000cfe00000|  0%| F|  |TAMS 0x00000000cfd00000, 0x00000000cfd00000| Untracked 
| 198|0x00000000cfe00000, 0x00000000cfe00000, 0x00000000cff00000|  0%| F|  |TAMS 0x00000000cfe00000, 0x00000000cfe00000| Untracked 
| 199|0x00000000cff00000, 0x00000000cff00000, 0x00000000d0000000|  0%| F|  |TAMS 0x00000000cff00000, 0x00000000cff00000| Untracked 
| 200|0x00000000d0000000, 0x00000000d0000000, 0x00000000d0100000|  0%| F|  |TAMS 0x00000000d0000000, 0x00000000d0000000| Untracked 
| 201|0x00000000d0100000, 0x00000000d0100000, 0x00000000d0200000|  0%| F|  |TAMS 0x00000000d0100000, 0x00000000d0100000| Untracked 
| 202|0x00000000d0200000, 0x00000000d0200000, 0x00000000d0300000|  0%| F|  |TAMS 0x00000000d0200000, 0x00000000d0200000| Untracked 
| 203|0x00000000d0300000, 0x00000000d0300000, 0x00000000d0400000|  0%| F|  |TAMS 0x00000000d0300000, 0x00000000d0300000| Untracked 
| 204|0x00000000d0400000, 0x00000000d0400000, 0x00000000d0500000|  0%| F|  |TAMS 0x00000000d0400000, 0x00000000d0400000| Untracked 
| 205|0x00000000d0500000, 0x00000000d0500000, 0x00000000d0600000|  0%| F|  |TAMS 0x00000000d0500000, 0x00000000d0500000| Untracked 
| 206|0x00000000d0600000, 0x00000000d0600000, 0x00000000d0700000|  0%| F|  |TAMS 0x00000000d0600000, 0x00000000d0600000| Untracked 
| 207|0x00000000d0700000, 0x00000000d0700000, 0x00000000d0800000|  0%| F|  |TAMS 0x00000000d0700000, 0x00000000d0700000| Untracked 
| 208|0x00000000d0800000, 0x00000000d0800000, 0x00000000d0900000|  0%| F|  |TAMS 0x00000000d0800000, 0x00000000d0800000| Untracked 
| 209|0x00000000d0900000, 0x00000000d0900000, 0x00000000d0a00000|  0%| F|  |TAMS 0x00000000d0900000, 0x00000000d0900000| Untracked 
| 210|0x00000000d0a00000, 0x00000000d0a0c900, 0x00000000d0b00000|  4%| S|CS|TAMS 0x00000000d0a00000, 0x00000000d0a00000| Complete 
| 211|0x00000000d0b00000, 0x00000000d0bff2a8, 0x00000000d0c00000| 99%| E|  |TAMS 0x00000000d0b00000, 0x00000000d0b00000| Complete 
| 212|0x00000000d0c00000, 0x00000000d0d00000, 0x00000000d0d00000|100%| E|CS|TAMS 0x00000000d0c00000, 0x00000000d0c00000| Complete 
| 213|0x00000000d0d00000, 0x00000000d0e00000, 0x00000000d0e00000|100%| E|CS|TAMS 0x00000000d0d00000, 0x00000000d0d00000| Complete 

Card table byte_map: [0x000002441fbc0000,0x000002441fdb0000] _byte_map_base: 0x000002441f5a4000

Marking Bits (Prev, Next): (CMBitMap*) 0x00000244091fac80, (CMBitMap*) 0x00000244091fac40
 Prev Bits: [0x0000024420ec0000, 0x0000024421de0000)
 Next Bits: [0x000002441ffa0000, 0x0000024420ec0000)

Polling page: 0x0000024407120000

Metaspace:

Usage:
  Non-class:     22.12 MB used.
      Class:      3.05 MB used.
       Both:     25.17 MB used.

Virtual space:
  Non-class space:       24.00 MB reserved,      22.25 MB ( 93%) committed,  3 nodes.
      Class space:        1.00 GB reserved,       3.19 MB ( <1%) committed,  1 nodes.
             Both:        1.02 GB reserved,      25.44 MB (  2%) committed. 

Chunk freelists:
   Non-Class:  1.44 MB
       Class:  895.00 KB
        Both:  2.32 MB

MaxMetaspaceSize: unlimited
CompressedClassSpaceSize: 1.00 GB
Initial GC threshold: 21.00 MB
Current GC threshold: 41.88 MB
CDS: on
MetaspaceReclaimPolicy: balanced
 - commit_granule_bytes: 65536.
 - commit_granule_words: 8192.
 - virtual_space_node_default_size: 1048576.
 - enlarge_chunks_in_place: 1.
 - new_chunks_are_fully_committed: 0.
 - uncommit_free_chunks: 1.
 - use_allocation_guard: 0.
 - handle_deallocations: 1.


Internal statistics:

num_allocs_failed_limit: 3.
num_arena_births: 230.
num_arena_deaths: 0.
num_vsnodes_births: 4.
num_vsnodes_deaths: 0.
num_space_committed: 407.
num_space_uncommitted: 0.
num_chunks_returned_to_freelist: 3.
num_chunks_taken_from_freelist: 850.
num_chunk_merges: 3.
num_chunk_splits: 565.
num_chunks_enlarged: 450.
num_purges: 0.
num_inconsistent_stats: 0.

CodeHeap 'non-profiled nmethods': size=120000Kb used=1310Kb max_used=1310Kb free=118689Kb
 bounds [0x00000244184a0000, 0x0000024418710000, 0x000002441f9d0000]
CodeHeap 'profiled nmethods': size=120000Kb used=5181Kb max_used=5181Kb free=114818Kb
 bounds [0x0000024410f70000, 0x0000024411480000, 0x00000244184a0000]
CodeHeap 'non-nmethods': size=5760Kb used=1360Kb max_used=1436Kb free=4399Kb
 bounds [0x00000244109d0000, 0x0000024410c40000, 0x0000024410f70000]
 total_blobs=3341 nmethods=2639 adapters=614
 compilation: enabled
              stopped_count=0, restarted_count=0
 full_count=0

Compilation events (20 events):
Event: 40.423 Thread 0x000002442423d970 nmethod 2598 0x0000024411469710 code [0x00000244114698c0, 0x0000024411469bf8]
Event: 40.423 Thread 0x000002442423d970 2599       3       org.openqa.selenium.json.StaticInitializerCoercer::lambda$getMethods$1 (8 bytes)
Event: 40.423 Thread 0x000002442423d970 nmethod 2599 0x0000024411469d10 code [0x0000024411469ea0, 0x000002441146a078]
Event: 40.423 Thread 0x000002442423d970 2600       1       java.util.AbstractMap$SimpleImmutableEntry::getValue (5 bytes)
Event: 40.423 Thread 0x000002442423d970 nmethod 2600 0x00000244185e4c90 code [0x00000244185e4e20, 0x00000244185e4ef8]
Event: 40.427 Thread 0x000002442423d970 2601       3       java.util.stream.ReferencePipeline$2$1::begin (13 bytes)
Event: 40.427 Thread 0x000002442423d970 nmethod 2601 0x000002441146a190 code [0x000002441146a340, 0x000002441146a528]
Event: 40.427 Thread 0x000002442423d970 2602       3       java.util.ArrayList$ArrayListSpliterator::forEachRemaining (127 bytes)
Event: 40.428 Thread 0x000002442423d970 nmethod 2602 0x000002441146a610 code [0x000002441146a800, 0x000002441146adc8]
Event: 40.428 Thread 0x000002442423d970 2603 %     3       atu.testrecorder.media.quicktime.AnimationCodec::encodeDelta24 @ 408 (796 bytes)
Event: 40.430 Thread 0x000002442423d970 nmethod 2603% 0x000002441146b010 code [0x000002441146b4e0, 0x000002441146eb28]
Event: 40.430 Thread 0x000002442423d970 2604       3       java.util.BitSet::get (69 bytes)
Event: 40.431 Thread 0x000002442423d970 nmethod 2604 0x000002441146fe10 code [0x0000024411470060, 0x0000024411470868]
Event: 40.431 Thread 0x000002442423d970 2607 %     3       atu.testrecorder.media.quicktime.AnimationCodec::encodeDelta24 @ 414 (796 bytes)
Event: 40.433 Thread 0x000002442423d970 nmethod 2607% 0x0000024411470b90 code [0x0000024411471060, 0x0000024411474888]
Event: 40.433 Thread 0x000002442423d970 2605       3       jdk.internal.misc.Unsafe::checkSize (32 bytes)
Event: 40.433 Thread 0x000002442423c820 2608 %     4       atu.testrecorder.media.quicktime.AnimationCodec::encodeDelta24 @ 408 (796 bytes)
Event: 40.434 Thread 0x000002442423d970 nmethod 2605 0x0000024411475b90 code [0x0000024411475d40, 0x0000024411475fc8]
Event: 40.434 Thread 0x000002442423d970 2606       1       io.netty.buffer.AbstractByteBuf::writerIndex (5 bytes)
Event: 40.434 Thread 0x000002442423d970 nmethod 2606 0x00000244185e4f90 code [0x00000244185e5120, 0x00000244185e51f8]

GC Heap History (20 events):
Event: 39.029 GC heap before
{Heap before GC invocations=116 (full 0):
 garbage-first heap   total 219136K, used 97960K [0x00000000c3800000, 0x0000000100000000)
  region size 1024K, 2 young (2048K), 1 survivors (1024K)
 Metaspace       used 25681K, committed 25920K, reserved 1073152K
  class space    used 3112K, committed 3200K, reserved 1048576K
}
Event: 39.030 GC heap after
{Heap after GC invocations=117 (full 0):
 garbage-first heap   total 219136K, used 82636K [0x00000000c3800000, 0x0000000100000000)
  region size 1024K, 1 young (1024K), 1 survivors (1024K)
 Metaspace       used 25681K, committed 25920K, reserved 1073152K
  class space    used 3112K, committed 3200K, reserved 1048576K
}
Event: 39.066 GC heap before
{Heap before GC invocations=117 (full 0):
 garbage-first heap   total 219136K, used 97996K [0x00000000c3800000, 0x0000000100000000)
  region size 1024K, 2 young (2048K), 1 survivors (1024K)
 Metaspace       used 25681K, committed 25920K, reserved 1073152K
  class space    used 3112K, committed 3200K, reserved 1048576K
}
Event: 39.067 GC heap after
{Heap after GC invocations=118 (full 0):
 garbage-first heap   total 219136K, used 62127K [0x00000000c3800000, 0x0000000100000000)
  region size 1024K, 1 young (1024K), 1 survivors (1024K)
 Metaspace       used 25681K, committed 25920K, reserved 1073152K
  class space    used 3112K, committed 3200K, reserved 1048576K
}
Event: 39.145 GC heap before
{Heap before GC invocations=118 (full 0):
 garbage-first heap   total 219136K, used 97967K [0x00000000c3800000, 0x0000000100000000)
  region size 1024K, 2 young (2048K), 1 survivors (1024K)
 Metaspace       used 25681K, committed 25920K, reserved 1073152K
  class space    used 3112K, committed 3200K, reserved 1048576K
}
Event: 39.146 GC heap after
{Heap after GC invocations=119 (full 0):
 garbage-first heap   total 219136K, used 82644K [0x00000000c3800000, 0x0000000100000000)
  region size 1024K, 1 young (1024K), 1 survivors (1024K)
 Metaspace       used 25681K, committed 25920K, reserved 1073152K
  class space    used 3112K, committed 3200K, reserved 1048576K
}
Event: 39.194 GC heap before
{Heap before GC invocations=119 (full 0):
 garbage-first heap   total 219136K, used 98004K [0x00000000c3800000, 0x0000000100000000)
  region size 1024K, 2 young (2048K), 1 survivors (1024K)
 Metaspace       used 25681K, committed 25920K, reserved 1073152K
  class space    used 3112K, committed 3200K, reserved 1048576K
}
Event: 39.195 GC heap after
{Heap after GC invocations=120 (full 0):
 garbage-first heap   total 219136K, used 62138K [0x00000000c3800000, 0x0000000100000000)
  region size 1024K, 1 young (1024K), 1 survivors (1024K)
 Metaspace       used 25681K, committed 25920K, reserved 1073152K
  class space    used 3112K, committed 3200K, reserved 1048576K
}
Event: 39.281 GC heap before
{Heap before GC invocations=120 (full 0):
 garbage-first heap   total 219136K, used 97978K [0x00000000c3800000, 0x0000000100000000)
  region size 1024K, 2 young (2048K), 1 survivors (1024K)
 Metaspace       used 25681K, committed 25920K, reserved 1073152K
  class space    used 3112K, committed 3200K, reserved 1048576K
}
Event: 39.282 GC heap after
{Heap after GC invocations=121 (full 0):
 garbage-first heap   total 219136K, used 82657K [0x00000000c3800000, 0x0000000100000000)
  region size 1024K, 1 young (1024K), 1 survivors (1024K)
 Metaspace       used 25681K, committed 25920K, reserved 1073152K
  class space    used 3112K, committed 3200K, reserved 1048576K
}
Event: 39.322 GC heap before
{Heap before GC invocations=121 (full 0):
 garbage-first heap   total 219136K, used 98017K [0x00000000c3800000, 0x0000000100000000)
  region size 1024K, 2 young (2048K), 1 survivors (1024K)
 Metaspace       used 25681K, committed 25920K, reserved 1073152K
  class space    used 3112K, committed 3200K, reserved 1048576K
}
Event: 39.323 GC heap after
{Heap after GC invocations=122 (full 0):
 garbage-first heap   total 219136K, used 62145K [0x00000000c3800000, 0x0000000100000000)
  region size 1024K, 1 young (1024K), 1 survivors (1024K)
 Metaspace       used 25681K, committed 25920K, reserved 1073152K
  class space    used 3112K, committed 3200K, reserved 1048576K
}
Event: 39.428 GC heap before
{Heap before GC invocations=122 (full 0):
 garbage-first heap   total 219136K, used 97985K [0x00000000c3800000, 0x0000000100000000)
  region size 1024K, 2 young (2048K), 1 survivors (1024K)
 Metaspace       used 25682K, committed 25920K, reserved 1073152K
  class space    used 3112K, committed 3200K, reserved 1048576K
}
Event: 39.429 GC heap after
{Heap after GC invocations=123 (full 0):
 garbage-first heap   total 219136K, used 82663K [0x00000000c3800000, 0x0000000100000000)
  region size 1024K, 1 young (1024K), 1 survivors (1024K)
 Metaspace       used 25682K, committed 25920K, reserved 1073152K
  class space    used 3112K, committed 3200K, reserved 1048576K
}
Event: 39.539 GC heap before
{Heap before GC invocations=123 (full 0):
 garbage-first heap   total 219136K, used 98023K [0x00000000c3800000, 0x0000000100000000)
  region size 1024K, 2 young (2048K), 1 survivors (1024K)
 Metaspace       used 25684K, committed 25920K, reserved 1073152K
  class space    used 3112K, committed 3200K, reserved 1048576K
}
Event: 39.540 GC heap after
{Heap after GC invocations=124 (full 0):
 garbage-first heap   total 219136K, used 62152K [0x00000000c3800000, 0x0000000100000000)
  region size 1024K, 1 young (1024K), 1 survivors (1024K)
 Metaspace       used 25684K, committed 25920K, reserved 1073152K
  class space    used 3112K, committed 3200K, reserved 1048576K
}
Event: 39.640 GC heap before
{Heap before GC invocations=124 (full 0):
 garbage-first heap   total 219136K, used 97992K [0x00000000c3800000, 0x0000000100000000)
  region size 1024K, 2 young (2048K), 1 survivors (1024K)
 Metaspace       used 25684K, committed 25920K, reserved 1073152K
  class space    used 3112K, committed 3200K, reserved 1048576K
}
Event: 39.641 GC heap after
{Heap after GC invocations=125 (full 0):
 garbage-first heap   total 219136K, used 82670K [0x00000000c3800000, 0x0000000100000000)
  region size 1024K, 1 young (1024K), 1 survivors (1024K)
 Metaspace       used 25684K, committed 25920K, reserved 1073152K
  class space    used 3112K, committed 3200K, reserved 1048576K
}
Event: 40.436 GC heap before
{Heap before GC invocations=125 (full 0):
 garbage-first heap   total 219136K, used 99054K [0x00000000c3800000, 0x0000000100000000)
  region size 1024K, 3 young (3072K), 1 survivors (1024K)
 Metaspace       used 25699K, committed 25920K, reserved 1073152K
  class space    used 3113K, committed 3200K, reserved 1048576K
}
Event: 40.436 GC heap after
{Heap after GC invocations=126 (full 0):
 garbage-first heap   total 219136K, used 62163K [0x00000000c3800000, 0x0000000100000000)
  region size 1024K, 1 young (1024K), 1 survivors (1024K)
 Metaspace       used 25699K, committed 25920K, reserved 1073152K
  class space    used 3113K, committed 3200K, reserved 1048576K
}

Deoptimization events (20 events):
Event: 19.195 Thread 0x00000244091cfed0 Uncommon trap: trap_request=0xffffff45 fr.pc=0x0000024418534b88 relative=0x0000000000000f68
Event: 19.195 Thread 0x00000244091cfed0 Uncommon trap: reason=unstable_if action=reinterpret pc=0x0000024418534b88 method=java.util.concurrent.ConcurrentHashMap.putVal(Ljava/lang/Object;Ljava/lang/Object;Z)Ljava/lang/Object; @ 256 c2
Event: 19.195 Thread 0x00000244091cfed0 DEOPT PACKING pc=0x0000024418534b88 sp=0x00000054f6cfc7e0
Event: 19.195 Thread 0x00000244091cfed0 DEOPT UNPACKING pc=0x0000024410a223a3 sp=0x00000054f6cfc758 mode 2
Event: 19.653 Thread 0x00000244091cfed0 Uncommon trap: trap_request=0xffffff45 fr.pc=0x0000024418572a4c relative=0x0000000000002acc
Event: 19.653 Thread 0x00000244091cfed0 Uncommon trap: reason=unstable_if action=reinterpret pc=0x0000024418572a4c method=jdk.internal.loader.URLClassPath$FileLoader.getResource(Ljava/lang/String;Z)Ljdk/internal/loader/Resource; @ 139 c2
Event: 19.653 Thread 0x00000244091cfed0 DEOPT PACKING pc=0x0000024418572a4c sp=0x00000054f6cfca90
Event: 19.653 Thread 0x00000244091cfed0 DEOPT UNPACKING pc=0x0000024410a223a3 sp=0x00000054f6cfca28 mode 2
Event: 40.427 Thread 0x00000244257a7e00 Uncommon trap: trap_request=0xffffff45 fr.pc=0x00000244185a7d3c relative=0x000000000000361c
Event: 40.427 Thread 0x00000244257a7e00 Uncommon trap: reason=unstable_if action=reinterpret pc=0x00000244185a7d3c method=atu.testrecorder.media.quicktime.AnimationCodec.encodeDelta24(Ljavax/imageio/stream/ImageOutputStream;[I[IIIII)V @ 711 c2
Event: 40.427 Thread 0x00000244257a7e00 DEOPT PACKING pc=0x00000244185a7d3c sp=0x00000054f88fe930
Event: 40.427 Thread 0x00000244257a7e00 DEOPT UNPACKING pc=0x0000024410a223a3 sp=0x00000054f88fe8e8 mode 2
Event: 40.427 Thread 0x00000244257a7e00 Uncommon trap: trap_request=0xffffff45 fr.pc=0x00000244185a1cf0 relative=0x0000000000003630
Event: 40.427 Thread 0x00000244257a7e00 Uncommon trap: reason=unstable_if action=reinterpret pc=0x00000244185a1cf0 method=atu.testrecorder.media.quicktime.AnimationCodec.encodeDelta24(Ljavax/imageio/stream/ImageOutputStream;[I[IIIII)V @ 711 c2
Event: 40.427 Thread 0x00000244257a7e00 DEOPT PACKING pc=0x00000244185a1cf0 sp=0x00000054f88fe930
Event: 40.427 Thread 0x00000244257a7e00 DEOPT UNPACKING pc=0x0000024410a223a3 sp=0x00000054f88fe8e8 mode 2
Event: 40.479 Thread 0x00000244257a7e00 Uncommon trap: trap_request=0xffffff45 fr.pc=0x000002441852e2f8 relative=0x0000000000001158
Event: 40.479 Thread 0x00000244257a7e00 Uncommon trap: reason=unstable_if action=reinterpret pc=0x000002441852e2f8 method=atu.testrecorder.media.quicktime.AnimationCodec.encodeDelta24(Ljavax/imageio/stream/ImageOutputStream;[I[IIIII)V @ 482 c2
Event: 40.479 Thread 0x00000244257a7e00 DEOPT PACKING pc=0x000002441852e2f8 sp=0x00000054f88fe900
Event: 40.479 Thread 0x00000244257a7e00 DEOPT UNPACKING pc=0x0000024410a223a3 sp=0x00000054f88fe8e0 mode 2

Classes unloaded (0 events):
No events

Classes redefined (0 events):
No events

Internal exceptions (20 events):
Event: 2.597 Thread 0x0000024425c83ae0 Exception <a 'java/net/ConnectException'{0x00000000cb600058}: Connection refused: no further information> (0x00000000cb600058) 
thrown [t:\workspace\open\src\hotspot\share\prims\jni.cpp, line 535]
Event: 2.597 Thread 0x0000024425c83ae0 Exception <a 'java/net/SocketException'{0x00000000cb600390}: Socket is not connected: shutdown> (0x00000000cb600390) 
thrown [t:\workspace\open\src\hotspot\share\prims\jni.cpp, line 535]
Event: 2.678 Thread 0x0000024425c83ae0 Exception <a 'java/net/ConnectException'{0x00000000cb601328}: Connection refused: no further information> (0x00000000cb601328) 
thrown [t:\workspace\open\src\hotspot\share\prims\jni.cpp, line 535]
Event: 2.679 Thread 0x0000024425c83ae0 Exception <a 'java/net/SocketException'{0x00000000cb601660}: Socket is not connected: shutdown> (0x00000000cb601660) 
thrown [t:\workspace\open\src\hotspot\share\prims\jni.cpp, line 535]
Event: 2.847 Thread 0x0000024425c83ae0 Exception <a 'java/net/ConnectException'{0x00000000cb6025f8}: Connection refused: no further information> (0x00000000cb6025f8) 
thrown [t:\workspace\open\src\hotspot\share\prims\jni.cpp, line 535]
Event: 2.847 Thread 0x0000024425c83ae0 Exception <a 'java/net/SocketException'{0x00000000cb602930}: Socket is not connected: shutdown> (0x00000000cb602930) 
thrown [t:\workspace\open\src\hotspot\share\prims\jni.cpp, line 535]
Event: 3.172 Thread 0x0000024425c83ae0 Exception <a 'java/net/ConnectException'{0x00000000cb6bad40}: Connection refused: no further information> (0x00000000cb6bad40) 
thrown [t:\workspace\open\src\hotspot\share\prims\jni.cpp, line 535]
Event: 3.173 Thread 0x0000024425c83ae0 Exception <a 'java/net/SocketException'{0x00000000cb6bb078}: Socket is not connected: shutdown> (0x00000000cb6bb078) 
thrown [t:\workspace\open\src\hotspot\share\prims\jni.cpp, line 535]
Event: 3.500 Thread 0x0000024425c83ae0 Exception <a 'java/net/ConnectException'{0x00000000cb6be3d8}: Connection refused: no further information> (0x00000000cb6be3d8) 
thrown [t:\workspace\open\src\hotspot\share\prims\jni.cpp, line 535]
Event: 3.500 Thread 0x0000024425c83ae0 Exception <a 'java/net/SocketException'{0x00000000cb6be710}: Socket is not connected: shutdown> (0x00000000cb6be710) 
thrown [t:\workspace\open\src\hotspot\share\prims\jni.cpp, line 535]
Event: 3.854 Thread 0x00000244091cfed0 Exception <a 'java/lang/NoSuchMethodError'{0x00000000cece5a60}: 'double java.lang.invoke.DirectMethodHandle$Holder.invokeVirtual(java.lang.Object, java.lang.Object)'> (0x00000000cece5a60) 
thrown [t:\workspace\open\src\hotspot\share\interpreter\linkResolver.cpp, line 766]
Event: 3.855 Thread 0x00000244091cfed0 Exception <a 'java/lang/NoSuchMethodError'{0x00000000cecec4b0}: 'float java.lang.invoke.DirectMethodHandle$Holder.invokeVirtual(java.lang.Object, java.lang.Object)'> (0x00000000cecec4b0) 
thrown [t:\workspace\open\src\hotspot\share\interpreter\linkResolver.cpp, line 766]
Event: 3.857 Thread 0x00000244091cfed0 Exception <a 'java/lang/NoSuchMethodError'{0x00000000cecf5738}: 'long java.lang.invoke.DirectMethodHandle$Holder.invokeVirtual(java.lang.Object, java.lang.Object)'> (0x00000000cecf5738) 
thrown [t:\workspace\open\src\hotspot\share\interpreter\linkResolver.cpp, line 766]
Event: 3.890 Thread 0x00000244091cfed0 Exception <a 'java/lang/NoSuchMethodError'{0x00000000cea46490}: 'void java.lang.invoke.DirectMethodHandle$Holder.invokeStatic(java.lang.Object, java.lang.Object, int)'> (0x00000000cea46490) 
thrown [t:\workspace\open\src\hotspot\share\interpreter\linkResolver.cpp, line 766]
Event: 3.910 Thread 0x00000244091cfed0 Exception <a 'java/lang/NoSuchMethodError'{0x00000000ceafab78}: 'java.lang.Object java.lang.invoke.DirectMethodHandle$Holder.newInvokeSpecial(java.lang.Object, java.lang.Object, java.lang.Object, java.lang.Object, java.lang.Object)'> (0x00000000ceafab78) 
thrown [t:\workspace\open\src\hotspot\share\interpreter\linkResolver.cpp, line 766]
Event: 3.937 Thread 0x00000244091cfed0 Exception <a 'java/lang/NoSuchMethodError'{0x00000000ce9cab58}: 'int java.lang.invoke.DirectMethodHandle$Holder.invokeSpecialIFC(java.lang.Object, java.lang.Object, java.lang.Object)'> (0x00000000ce9cab58) 
thrown [t:\workspace\open\src\hotspot\share\interpreter\linkResolver.cpp, line 766]
Event: 4.061 Thread 0x00000244091cfed0 Exception <a 'java/lang/NoSuchMethodError'{0x00000000ce501610}: 'void java.lang.invoke.DirectMethodHandle$Holder.invokeSpecial(java.lang.Object, java.lang.Object, java.lang.Object, java.lang.Object, java.lang.Object, java.lang.Object)'> (0x00000000ce501610) 
thrown [t:\workspace\open\src\hotspot\share\interpreter\linkResolver.cpp, line 766]
Event: 19.031 Thread 0x00000244091cfed0 Exception <a 'java/lang/NoSuchMethodError'{0x00000000d0a3e4e8}: 'java.lang.Object java.lang.invoke.DirectMethodHandle$Holder.invokeSpecialIFC(java.lang.Object, java.lang.Object, java.lang.Object)'> (0x00000000d0a3e4e8) 
thrown [t:\workspace\open\src\hotspot\share\interpreter\linkResolver.cpp, line 766]
Event: 19.088 Thread 0x00000244091cfed0 Exception <a 'java/lang/NoSuchMethodError'{0x00000000d0a68e18}: 'void java.lang.invoke.DirectMethodHandle$Holder.invokeSpecial(java.lang.Object, java.lang.Object, java.lang.Object)'> (0x00000000d0a68e18) 
thrown [t:\workspace\open\src\hotspot\share\interpreter\linkResolver.cpp, line 766]
Event: 19.211 Thread 0x00000244091cfed0 Exception <a 'java/lang/ClassNotFoundException'{0x00000000d0d12eb8}: sun/util/logging/resources/spi/loggingProvider> (0x00000000d0d12eb8) 
thrown [t:\workspace\open\src\hotspot\share\classfile\systemDictionary.cpp, line 256]

VM Operations (20 events):
Event: 39.029 Executing VM operation: G1TryInitiateConcMark
Event: 39.030 Executing VM operation: G1TryInitiateConcMark done
Event: 39.066 Executing VM operation: G1TryInitiateConcMark
Event: 39.067 Executing VM operation: G1TryInitiateConcMark done
Event: 39.145 Executing VM operation: G1TryInitiateConcMark
Event: 39.146 Executing VM operation: G1TryInitiateConcMark done
Event: 39.194 Executing VM operation: G1TryInitiateConcMark
Event: 39.195 Executing VM operation: G1TryInitiateConcMark done
Event: 39.281 Executing VM operation: G1TryInitiateConcMark
Event: 39.282 Executing VM operation: G1TryInitiateConcMark done
Event: 39.322 Executing VM operation: G1TryInitiateConcMark
Event: 39.323 Executing VM operation: G1TryInitiateConcMark done
Event: 39.428 Executing VM operation: G1TryInitiateConcMark
Event: 39.429 Executing VM operation: G1TryInitiateConcMark done
Event: 39.539 Executing VM operation: G1TryInitiateConcMark
Event: 39.540 Executing VM operation: G1TryInitiateConcMark done
Event: 39.640 Executing VM operation: G1TryInitiateConcMark
Event: 39.641 Executing VM operation: G1TryInitiateConcMark done
Event: 40.436 Executing VM operation: G1TryInitiateConcMark
Event: 40.436 Executing VM operation: G1TryInitiateConcMark done

Events (20 events):
Event: 19.457 loading class java/util/concurrent/CompletableFuture$UniExceptionally
Event: 19.458 loading class java/util/concurrent/CompletableFuture$UniCompletion
Event: 19.458 loading class java/util/concurrent/CompletableFuture$UniCompletion done
Event: 19.458 loading class java/util/concurrent/CompletableFuture$UniExceptionally done
Event: 19.582 loading class java/util/stream/SortedOps$SizedRefSortingSink
Event: 19.595 loading class java/util/stream/SortedOps$AbstractRefSortingSink
Event: 19.595 loading class java/util/stream/SortedOps$AbstractRefSortingSink done
Event: 19.595 loading class java/util/stream/SortedOps$SizedRefSortingSink done
Event: 19.698 loading class java/util/concurrent/ConcurrentLinkedDeque$Itr
Event: 19.716 loading class java/util/concurrent/ConcurrentLinkedDeque$AbstractItr
Event: 19.716 loading class java/util/concurrent/ConcurrentLinkedDeque$AbstractItr done
Event: 19.716 loading class java/util/concurrent/ConcurrentLinkedDeque$Itr done
Event: 29.726 loading class java/util/IdentityHashMap$ValueIterator
Event: 29.783 loading class java/util/IdentityHashMap$ValueIterator done
Event: 29.784 loading class sun/awt/AppContext$PostShutdownEventRunnable
Event: 29.788 loading class sun/awt/AppContext$PostShutdownEventRunnable done
Event: 29.788 loading class sun/awt/AWTAutoShutdown$1
Event: 29.876 loading class sun/awt/AWTAutoShutdown$1 done
Event: 29.876 Thread 0x00000244258696e0 Thread exited: 0x00000244258696e0
Event: 37.972 Thread 0x0000024425c84e20 Thread added: 0x0000024425c84e20


Dynamic libraries:
0x00007ff6976a0000 - 0x00007ff6976b0000 	C:\Program Files\Java\jdk-17.0.1\bin\javaw.exe
0x00007ffa02930000 - 0x00007ffa02b25000 	C:\Windows\SYSTEM32\ntdll.dll
0x00007ffa010a0000 - 0x00007ffa0115d000 	C:\Windows\System32\KERNEL32.DLL
0x00007ffa00150000 - 0x00007ffa00417000 	C:\Windows\System32\KERNELBASE.dll
0x00007ffa004a0000 - 0x00007ffa005a0000 	C:\Windows\System32\ucrtbase.dll
0x00007ff9fab60000 - 0x00007ff9fab7a000 	C:\Program Files\Java\jdk-17.0.1\bin\VCRUNTIME140.dll
0x00007ff9f9cf0000 - 0x00007ff9f9d08000 	C:\Program Files\Java\jdk-17.0.1\bin\jli.dll
0x00007ffa02540000 - 0x00007ffa025ea000 	C:\Windows\System32\ADVAPI32.dll
0x00007ffa00990000 - 0x00007ffa00a2e000 	C:\Windows\System32\msvcrt.dll
0x00007ffa01420000 - 0x00007ffa014bb000 	C:\Windows\System32\sechost.dll
0x00007ffa01c10000 - 0x00007ffa01d34000 	C:\Windows\System32\RPCRT4.dll
0x00007ffa01d40000 - 0x00007ffa01ee0000 	C:\Windows\System32\USER32.dll
0x00007ffa00120000 - 0x00007ffa00142000 	C:\Windows\System32\win32u.dll
0x00007ff9e0ca0000 - 0x00007ff9e0f3b000 	C:\Windows\WinSxS\amd64_microsoft.windows.common-controls_6595b64144ccf1df_6.0.19041.488_none_ca04af081b815d21\COMCTL32.dll
0x00007ffa02050000 - 0x00007ffa0207a000 	C:\Windows\System32\GDI32.dll
0x00007ffa005a0000 - 0x00007ffa006a9000 	C:\Windows\System32\gdi32full.dll
0x00007ffa00760000 - 0x00007ffa007fd000 	C:\Windows\System32\msvcp_win.dll
0x00007ff9f8ec0000 - 0x00007ff9f8eca000 	C:\Windows\SYSTEM32\VERSION.dll
0x00007ffa02020000 - 0x00007ffa02050000 	C:\Windows\System32\IMM32.DLL
0x00007ff9fca50000 - 0x00007ff9fca5c000 	C:\Program Files\Java\jdk-17.0.1\bin\vcruntime140_1.dll
0x00007ff9d31f0000 - 0x00007ff9d327d000 	C:\Program Files\Java\jdk-17.0.1\bin\msvcp140.dll
0x00007ff9b3db0000 - 0x00007ff9b496e000 	C:\Program Files\Java\jdk-17.0.1\bin\server\jvm.dll
0x00007ffa02730000 - 0x00007ffa02738000 	C:\Windows\System32\PSAPI.DLL
0x00007ff9eb580000 - 0x00007ff9eb5a7000 	C:\Windows\SYSTEM32\WINMM.dll
0x00007ff9e6090000 - 0x00007ff9e6099000 	C:\Windows\SYSTEM32\WSOCK32.dll
0x00007ffa026c0000 - 0x00007ffa0272b000 	C:\Windows\System32\WS2_32.dll
0x00007ff9fe060000 - 0x00007ff9fe073000 	C:\Windows\SYSTEM32\kernel.appcore.dll
0x00007ff9fafd0000 - 0x00007ff9fafda000 	C:\Program Files\Java\jdk-17.0.1\bin\jimage.dll
0x00007ff9fdd70000 - 0x00007ff9fdf54000 	C:\Windows\SYSTEM32\DBGHELP.DLL
0x00007ff9ebe60000 - 0x00007ff9ebe8c000 	C:\Windows\SYSTEM32\dbgcore.DLL
0x00007ffa00420000 - 0x00007ffa0049f000 	C:\Windows\System32\bcryptPrimitives.dll
0x00007ff9f8590000 - 0x00007ff9f85b5000 	C:\Program Files\Java\jdk-17.0.1\bin\java.dll
0x00007ff9d2940000 - 0x00007ff9d2a16000 	C:\Program Files\Java\jdk-17.0.1\bin\svml.dll
0x00007ffa014c0000 - 0x00007ffa01c01000 	C:\Windows\System32\SHELL32.dll
0x00007ff9fe1d0000 - 0x00007ff9fe963000 	C:\Windows\SYSTEM32\windows.storage.dll
0x00007ffa02100000 - 0x00007ffa02455000 	C:\Windows\System32\combase.dll
0x00007ff9ffae0000 - 0x00007ff9ffb0c000 	C:\Windows\SYSTEM32\Wldp.dll
0x00007ffa00a40000 - 0x00007ffa00aee000 	C:\Windows\System32\SHCORE.dll
0x00007ffa02080000 - 0x00007ffa020d5000 	C:\Windows\System32\shlwapi.dll
0x00007ff9fffa0000 - 0x00007ff9fffc6000 	C:\Windows\SYSTEM32\profapi.dll
0x00007ff9f9490000 - 0x00007ff9f94a9000 	C:\Program Files\Java\jdk-17.0.1\bin\net.dll
0x00007ff9eb480000 - 0x00007ff9eb580000 	C:\Windows\SYSTEM32\WINHTTP.dll
0x00007ff9ff860000 - 0x00007ff9ff8ca000 	C:\Windows\system32\mswsock.dll
0x00007ff9f8570000 - 0x00007ff9f8585000 	C:\Program Files\Java\jdk-17.0.1\bin\nio.dll
0x00007ff9f7220000 - 0x00007ff9f7238000 	C:\Program Files\Java\jdk-17.0.1\bin\zip.dll
0x00007ff9ff5a0000 - 0x00007ff9ff66b000 	C:\Windows\SYSTEM32\DNSAPI.dll
0x00007ff9ff500000 - 0x00007ff9ff53b000 	C:\Windows\SYSTEM32\IPHLPAPI.DLL
0x00007ffa00a30000 - 0x00007ffa00a39000 	C:\Windows\System32\NSI.dll
0x00007ff9e9b80000 - 0x00007ff9e9b8a000 	C:\Windows\System32\rasadhlp.dll
0x00007ff9eb390000 - 0x00007ff9eb40f000 	C:\Windows\System32\fwpuclnt.dll
0x00007ffa00800000 - 0x00007ffa00827000 	C:\Windows\System32\bcrypt.dll
0x00007ff9ffa30000 - 0x00007ff9ffa48000 	C:\Windows\SYSTEM32\CRYPTSP.dll
0x00007ff9ff180000 - 0x00007ff9ff1b4000 	C:\Windows\system32\rsaenh.dll
0x00007ff9fff60000 - 0x00007ff9fff8e000 	C:\Windows\SYSTEM32\USERENV.dll
0x00007ff9ffa50000 - 0x00007ff9ffa5c000 	C:\Windows\SYSTEM32\CRYPTBASE.dll
0x00007ff9f5f50000 - 0x00007ff9f5f67000 	C:\Windows\SYSTEM32\dhcpcsvc6.DLL
0x00007ff9f5f30000 - 0x00007ff9f5f4d000 	C:\Windows\SYSTEM32\dhcpcsvc.DLL
0x00007ff9c40e0000 - 0x00007ff9c426f000 	C:\Program Files\Java\jdk-17.0.1\bin\awt.dll
0x00007ffa025f0000 - 0x00007ffa026bd000 	C:\Windows\System32\OLEAUT32.dll
0x00007ff9fd590000 - 0x00007ff9fd620000 	C:\Windows\SYSTEM32\apphelp.dll
0x00007ff9fd840000 - 0x00007ff9fd86f000 	C:\Windows\system32\DWMAPI.DLL
0x00007ff9fd740000 - 0x00007ff9fd7df000 	C:\Windows\system32\uxtheme.dll
0x00007ff9e5070000 - 0x00007ff9e5195000 	C:\Windows\system32\opengl32.dll
0x00007ff9e5040000 - 0x00007ff9e506c000 	C:\Windows\SYSTEM32\GLU32.dll
0x00007ffa027d0000 - 0x00007ffa028e5000 	C:\Windows\System32\MSCTF.dll
0x00007ffa01ef0000 - 0x00007ffa02019000 	C:\Windows\System32\ole32.dll
0x00007ff9fae20000 - 0x00007ff9fae30000 	C:\Program Files\Java\jdk-17.0.1\bin\verify.dll
0x00007ff9fac80000 - 0x00007ff9fac89000 	C:\Program Files\Java\jdk-17.0.1\bin\management.dll
0x00007ff9fac50000 - 0x00007ff9fac5b000 	C:\Program Files\Java\jdk-17.0.1\bin\management_ext.dll
0x00007ff9fad20000 - 0x00007ff9fad2e000 	C:\Program Files\Java\jdk-17.0.1\bin\sunmscapi.dll
0x00007ffa00830000 - 0x00007ffa0098d000 	C:\Windows\System32\CRYPT32.dll
0x00007ff9ffb50000 - 0x00007ff9ffb77000 	C:\Windows\SYSTEM32\ncrypt.dll
0x00007ff9ffb10000 - 0x00007ff9ffb4b000 	C:\Windows\SYSTEM32\NTASN1.dll
0x00007ff9faeb0000 - 0x00007ff9faeb7000 	C:\Windows\system32\wshunix.dll
0x00007ff9ca440000 - 0x00007ff9ca457000 	C:\Windows\system32\napinsp.dll
0x00007ff9c79c0000 - 0x00007ff9c79db000 	C:\Windows\system32\pnrpnsp.dll
0x00007ff9e7360000 - 0x00007ff9e7375000 	C:\Windows\system32\wshbth.dll
0x00007ff9f71e0000 - 0x00007ff9f71fd000 	C:\Windows\system32\NLAapi.dll
0x00007ff9c69a0000 - 0x00007ff9c69b2000 	C:\Windows\System32\winrnr.dll
0x00007ff9ddb30000 - 0x00007ff9ddbdc000 	C:\Windows\SYSTEM32\TextShaping.dll

dbghelp: loaded successfully - version: 4.0.5 - missing functions: none
symbol engine: initialized successfully - sym options: 0x614 - pdb path: .;C:\Program Files\Java\jdk-17.0.1\bin;C:\Windows\SYSTEM32;C:\Windows\WinSxS\amd64_microsoft.windows.common-controls_6595b64144ccf1df_6.0.19041.488_none_ca04af081b815d21;C:\Program Files\Java\jdk-17.0.1\bin\server

VM Arguments:
jvm_args: -ea -Dfile.encoding=Cp1252 -XX:+ShowCodeDetailsInExceptionMessages 
java_command: org.testng.remote.RemoteTestNG -serport 63558 -protocol json -d G:\AutomationProject\test-output C:\Users\acs\AppData\Local\Temp\testng-eclipse-732186686\testng-customsuite.xml
java_class_path (initial): C:\Users\acs\eclipse\java-2021-12\eclipse\configuration\org.eclipse.osgi\430\0\.cp\lib\testng-remote.jar;G:\AutomationProject\target\test-classes;G:\AutomationProject\target\classes;G:\selenium\ATUTestRecorder_2.1.jar;C:\Users\acs\.m2\repository\net\jodah\failsafe\2.4.4\failsafe-2.4.4.jar;C:\Users\acs\.p2\pool\plugins\org.testng_7.4.0.r202105021533.jar;C:\Users\acs\.p2\pool\plugins\com.beust.jcommander_1.78.0.jar;C:\Users\acs\.p2\pool\plugins\org.apache-extras.beanshell.bsh_2.0.0.b6.jar;C:\Users\acs\.p2\pool\plugins\org.yaml.snakeyaml_1.21.0.jar;C:\Users\acs\.p2\pool\plugins\org.webjars.jquery_3.5.1.jar;C:\Users\acs\.m2\repository\org\seleniumhq\selenium\selenium-java\4.1.2\selenium-java-4.1.2.jar;C:\Users\acs\.m2\repository\org\seleniumhq\selenium\selenium-api\4.1.2\selenium-api-4.1.2.jar;C:\Users\acs\.m2\repository\org\seleniumhq\selenium\selenium-chrome-driver\4.1.2\selenium-chrome-driver-4.1.2.jar;C:\Users\acs\.m2\repository\com\google\auto\service\auto-service-annotations\1.0.1\auto-service-annotations-1.0.1.jar;C:\Users\acs\.m2\repository\com\google\auto\service\auto-service\1.0.1\auto-service-1.0.1.jar;C:\Users\acs\.m2\repository\com\google\auto\auto-common\1.2\auto-common-1.2.jar;C:\Users\acs\.m2\repository\com\google\guava\guava\31.0.1-jre\guava-31.0.1-jre.jar;C:\Users\acs\.m2\repository\com\google\guava\failureaccess\1.0.1\failureaccess-1.0.1.jar;C:\Users\acs\.m2\repository\com\google\guava\listenablefuture\9999.0-empty-to-avoid-conflict-with-guava\listenablefuture-9999.0-empty-to-avoid-conflict-with-guava.jar;C:\Users\acs\.m2\repository\org\checkerframework\checker-qual\3.12.0\checker-qual-3.12.0.jar;C:\Users\acs\.m2\repository\com\google\errorprone\error_prone_annotations\2.7.1\error_prone_annotations-2.7.1.jar;C:\Users\acs\.m2\repository\com\google\j2objc\j2objc-annotations\1.3\j2objc-annotations-1.3.jar;C:\Users\acs\.m2\repository\org\seleniumhq\selenium\selenium-chromium-driver\4.1.2\selenium-chromium-driver-4.1.2.jar;C:\U
Launcher Type: SUN_STANDARD

[Global flags]
     intx CICompilerCount                          = 3                                         {product} {ergonomic}
     uint ConcGCThreads                            = 1                                         {product} {ergonomic}
     uint G1ConcRefinementThreads                  = 4                                         {product} {ergonomic}
   size_t G1HeapRegionSize                         = 1048576                                   {product} {ergonomic}
    uintx GCDrainStackTargetSize                   = 64                                        {product} {ergonomic}
   size_t InitialHeapSize                          = 65011712                                  {product} {ergonomic}
   size_t MarkStackSize                            = 4194304                                   {product} {ergonomic}
   size_t MaxHeapSize                              = 1015021568                                {product} {ergonomic}
   size_t MaxNewSize                               = 608174080                                 {product} {ergonomic}
   size_t MinHeapDeltaBytes                        = 1048576                                   {product} {ergonomic}
   size_t MinHeapSize                              = 8388608                                   {product} {ergonomic}
    uintx NonNMethodCodeHeapSize                   = 5832780                                {pd product} {ergonomic}
    uintx NonProfiledCodeHeapSize                  = 122912730                              {pd product} {ergonomic}
    uintx ProfiledCodeHeapSize                     = 122912730                              {pd product} {ergonomic}
    uintx ReservedCodeCacheSize                    = 251658240                              {pd product} {ergonomic}
     bool SegmentedCodeCache                       = true                                      {product} {ergonomic}
     bool ShowCodeDetailsInExceptionMessages       = true                                   {manageable} {command line}
   size_t SoftMaxHeapSize                          = 1015021568                             {manageable} {ergonomic}
     bool UseCompressedClassPointers               = true                           {product lp64_product} {ergonomic}
     bool UseCompressedOops                        = true                           {product lp64_product} {ergonomic}
     bool UseG1GC                                  = true                                      {product} {ergonomic}
     bool UseLargePagesIndividualAllocation        = false                                  {pd product} {ergonomic}

Logging:
Log output configuration:
 #0: stdout all=warning uptime,level,tags
 #1: stderr all=off uptime,level,tags

Environment Variables:
JAVA_HOME=C:\Program Files\Java\jdk-17.0.1
PATH=C:\Program Files (x86)\VMware\VMware Workstation\bin\;C:\Program Files\Common Files\Oracle\Java\javapath;C:\Windows\system32;C:\Windows;C:\Windows\System32\Wbem;C:\Windows\System32\WindowsPowerShell\v1.0\;C:\Windows\System32\OpenSSH\;C:\Program Files\Microsoft SQL Server\Client SDK\ODBC\170\Tools\Binn\;C:\Program Files (x86)\Microsoft SQL Server\150\Tools\Binn\;C:\Program Files\Microsoft SQL Server\150\Tools\Binn\;C:\Program Files\Microsoft SQL Server\150\DTS\Binn\;C:\Program Files (x86)\Microsoft SQL Server\150\DTS\Binn\;C:\Program Files\Java\jdk-17.0.1\bin;C:\Program Files\Azure Data Studio\bin;C:\Program Files\dotnet\;C:\Program Files\Git\cmd;C:\Program Files\Git\mingw64\bin;C:\Program Files\Git\usr\bin;G:\selenium\Maven\apache-maven-3.8.4\bin;C:\Program Files\nodejs\;C:\strawberry\c\bin;C:\strawberry\perl\bin;C:\Users\acs\AppData\Local\Microsoft\WindowsApps;G:\Visual_Studio_Code\Microsoft VS Code\bin;C:\Program Files\Azure Data Studio\bin;G:\CodeBlocks\setup\CodeBlocks\MinGW\bin;C:\Users\acs\.dotnet\tools;C:\Users\acs\AppData\Roaming\npm
USERNAME=acs
OS=Windows_NT
PROCESSOR_IDENTIFIER=Intel64 Family 6 Model 142 Stepping 9, GenuineIntel



---------------  S Y S T E M  ---------------

OS:
 Windows 10 , 64 bit Build 19041 (10.0.19041.292)
OS uptime: 1 days 6:17 hours

CPU: total 4 (initial active 4) (2 cores per cpu, 2 threads per core) family 6 model 142 stepping 9 microcode 0xb4, cx8, cmov, fxsr, ht, mmx, 3dnowpref, sse, sse2, sse3, ssse3, sse4.1, sse4.2, popcnt, lzcnt, tsc, tscinvbit, avx, avx2, aes, erms, clmul, bmi1, bmi2, adx, fma, vzeroupper, clflush, clflushopt

Memory: 4k page, system-wide physical 3869M (386M free)
TotalPageFile size 5758M (AvailPageFile size 5M)
current process WorkingSet (physical memory assigned to process): 269M, peak: 287M
current process commit charge ("private bytes"): 392M, peak: 411M

vm_info: Java HotSpot(TM) 64-Bit Server VM (17.0.1+12-LTS-39) for windows-amd64 JRE (17.0.1+12-LTS-39), built on Sep 27 2021 18:41:35 by "mach5one" with MS VC++ 16.8 (VS2019)

END.
